2020-10-21 20:19:47,399 INFO o.a.j.u.JMeterUtils: Setting Locale to en_US
2020-10-21 20:19:47,441 INFO o.a.j.JMeter: Loading user properties from: /home/gabrielkovacs/jmeter/apache-jmeter-5.3/bin/user.properties
2020-10-21 20:19:47,442 INFO o.a.j.JMeter: Loading system properties from: /home/gabrielkovacs/jmeter/apache-jmeter-5.3/bin/system.properties
2020-10-21 20:19:47,448 INFO o.a.j.JMeter: Copyright (c) 1998-2020 The Apache Software Foundation
2020-10-21 20:19:47,449 INFO o.a.j.JMeter: Version 5.3
2020-10-21 20:19:47,449 INFO o.a.j.JMeter: java.version=11.0.8
2020-10-21 20:19:47,449 INFO o.a.j.JMeter: java.vm.name=OpenJDK 64-Bit Server VM
2020-10-21 20:19:47,449 INFO o.a.j.JMeter: os.name=Linux
2020-10-21 20:19:47,449 INFO o.a.j.JMeter: os.arch=amd64
2020-10-21 20:19:47,449 INFO o.a.j.JMeter: os.version=5.3.0-59-generic
2020-10-21 20:19:47,450 INFO o.a.j.JMeter: file.encoding=UTF-8
2020-10-21 20:19:47,450 INFO o.a.j.JMeter: java.awt.headless=true
2020-10-21 20:19:47,450 INFO o.a.j.JMeter: Max memory     =4198498304
2020-10-21 20:19:47,450 INFO o.a.j.JMeter: Available Processors =2
2020-10-21 20:19:47,468 INFO o.a.j.JMeter: Default Locale=English (United States)
2020-10-21 20:19:47,469 INFO o.a.j.JMeter: JMeter  Locale=English (United States)
2020-10-21 20:19:47,469 INFO o.a.j.JMeter: JMeterHome=/home/gabrielkovacs/jmeter/apache-jmeter-5.3
2020-10-21 20:19:47,469 INFO o.a.j.JMeter: user.dir  =/home/gabrielkovacs/jmeter/pub_sub_1_to_1_db_distributed
2020-10-21 20:19:47,470 INFO o.a.j.JMeter: PWD       =/home/gabrielkovacs/jmeter/pub_sub_1_to_1_db_distributed
2020-10-21 20:19:47,470 INFO o.a.j.JMeter: IP: 127.0.1.1 Name: swa-gabrielkovacs FullName: swa-gabrielkovacs
2020-10-21 20:19:47,487 INFO o.a.j.s.FileServer: Default base='/home/gabrielkovacs/jmeter/pub_sub_1_to_1_db_distributed'
2020-10-21 20:19:47,490 INFO o.a.j.s.FileServer: Set new base='/home/gabrielkovacs/jmeter/pub_sub_1_to_1_db_distributed'
2020-10-21 20:19:47,833 INFO o.a.j.s.SaveService: Testplan (JMX) version: 2.2. Testlog (JTL) version: 2.2
2020-10-21 20:19:47,883 INFO o.a.j.s.SaveService: Using SaveService properties version 5.0
2020-10-21 20:19:47,897 INFO o.a.j.s.SaveService: Using SaveService properties file encoding UTF-8
2020-10-21 20:19:47,908 INFO o.a.j.s.SaveService: Loading file: SR_OP&ROP_DR_1_0_300_timer_600.jmx
2020-10-21 20:19:48,010 INFO o.a.j.p.h.s.HTTPSamplerBase: Parser for text/html is org.apache.jmeter.protocol.http.parser.LagartoBasedHtmlParser
2020-10-21 20:19:48,010 INFO o.a.j.p.h.s.HTTPSamplerBase: Parser for application/xhtml+xml is org.apache.jmeter.protocol.http.parser.LagartoBasedHtmlParser
2020-10-21 20:19:48,011 INFO o.a.j.p.h.s.HTTPSamplerBase: Parser for application/xml is org.apache.jmeter.protocol.http.parser.LagartoBasedHtmlParser
2020-10-21 20:19:48,011 INFO o.a.j.p.h.s.HTTPSamplerBase: Parser for text/xml is org.apache.jmeter.protocol.http.parser.LagartoBasedHtmlParser
2020-10-21 20:19:48,012 INFO o.a.j.p.h.s.HTTPSamplerBase: Parser for text/vnd.wap.wml is org.apache.jmeter.protocol.http.parser.RegexpHTMLParser
2020-10-21 20:19:48,012 INFO o.a.j.p.h.s.HTTPSamplerBase: Parser for text/css is org.apache.jmeter.protocol.http.parser.CssParser
2020-10-21 20:19:48,095 INFO o.a.j.JMeter: Creating summariser <summary>
2020-10-21 20:19:48,113 INFO o.a.j.e.StandardJMeterEngine: Running the test!
2020-10-21 20:19:48,115 INFO o.a.j.s.SampleEvent: List of sample_variables: [uuid]
2020-10-21 20:19:48,115 INFO o.a.j.s.SampleEvent: List of sample_variables: [uuid]
2020-10-21 20:19:48,135 INFO o.a.j.e.u.CompoundVariable: Note: Function class names must contain the string: '.functions.'
2020-10-21 20:19:48,135 INFO o.a.j.e.u.CompoundVariable: Note: Function class names must not contain the string: '.gui.'
2020-10-21 20:19:48,881 INFO o.a.j.JMeter: Running test (1603304388881)
2020-10-21 20:19:48,944 INFO o.a.j.e.StandardJMeterEngine: Starting ThreadGroup: 1 : UC5
2020-10-21 20:19:48,945 INFO o.a.j.e.StandardJMeterEngine: Starting 1 threads for group UC5.
2020-10-21 20:19:48,945 INFO o.a.j.e.StandardJMeterEngine: Thread will continue on error
2020-10-21 20:19:48,945 INFO o.a.j.t.ThreadGroup: Starting thread group... number=1 threads=1 ramp-up=0 delayedStart=false
2020-10-21 20:19:48,958 INFO o.a.j.t.ThreadGroup: Started thread group number 1
2020-10-21 20:19:48,958 INFO o.a.j.e.StandardJMeterEngine: Starting ThreadGroup: 2 : UC7
2020-10-21 20:19:48,958 INFO o.a.j.e.StandardJMeterEngine: Starting 1 threads for group UC7.
2020-10-21 20:19:48,958 INFO o.a.j.e.StandardJMeterEngine: Thread will continue on error
2020-10-21 20:19:48,959 INFO o.a.j.t.ThreadGroup: Starting thread group... number=2 threads=1 ramp-up=0 delayedStart=false
2020-10-21 20:19:48,964 INFO o.a.j.t.ThreadGroup: Started thread group number 2
2020-10-21 20:19:48,964 INFO o.a.j.e.StandardJMeterEngine: Starting ThreadGroup: 3 : UC3
2020-10-21 20:19:48,964 INFO o.a.j.e.StandardJMeterEngine: Starting 1 threads for group UC3.
2020-10-21 20:19:48,964 INFO o.a.j.e.StandardJMeterEngine: Thread will continue on error
2020-10-21 20:19:48,964 INFO o.a.j.t.ThreadGroup: Starting thread group... number=3 threads=1 ramp-up=0 delayedStart=false
2020-10-21 20:19:48,967 INFO o.a.j.t.ThreadGroup: Started thread group number 3
2020-10-21 20:19:48,967 INFO o.a.j.e.StandardJMeterEngine: Starting ThreadGroup: 4 : UC4
2020-10-21 20:19:48,968 INFO o.a.j.e.StandardJMeterEngine: Starting 1 threads for group UC4.
2020-10-21 20:19:48,968 INFO o.a.j.e.StandardJMeterEngine: Thread will continue on error
2020-10-21 20:19:48,968 INFO o.a.j.t.ThreadGroup: Starting thread group... number=4 threads=1 ramp-up=0 delayedStart=false
2020-10-21 20:19:48,973 INFO o.a.j.t.ThreadGroup: Started thread group number 4
2020-10-21 20:19:48,973 INFO o.a.j.e.StandardJMeterEngine: Starting ThreadGroup: 5 : UC6
2020-10-21 20:19:48,973 INFO o.a.j.e.StandardJMeterEngine: Starting 1 threads for group UC6.
2020-10-21 20:19:48,973 INFO o.a.j.e.StandardJMeterEngine: Thread will continue on error
2020-10-21 20:19:48,973 INFO o.a.j.t.ThreadGroup: Starting thread group... number=5 threads=1 ramp-up=0 delayedStart=false
2020-10-21 20:19:48,976 INFO o.a.j.t.ThreadGroup: Started thread group number 5
2020-10-21 20:19:48,976 INFO o.a.j.e.StandardJMeterEngine: All thread groups have been started
2020-10-21 20:19:48,988 INFO o.a.j.t.JMeterThread: Thread started: UC7 2-1
2020-10-21 20:19:48,993 INFO o.a.j.t.JMeterThread: Thread started: UC4 4-1
2020-10-21 20:19:48,993 INFO o.a.j.t.JMeterThread: Thread started: UC5 1-1
2020-10-21 20:19:48,994 INFO o.a.j.t.JMeterThread: Thread started: UC3 3-1
2020-10-21 20:19:48,994 INFO o.a.j.t.JMeterThread: Thread started: UC6 5-1
2020-10-21 20:19:49,618 INFO o.a.j.p.h.s.HTTPJavaImpl: Maximum connection retries = 0
2020-10-21 20:19:49,620 INFO o.a.j.s.SampleResult: Note: Sample TimeStamps are START times
2020-10-21 20:19:49,621 INFO o.a.j.s.SampleResult: sampleresult.default.encoding is set to ISO-8859-1
2020-10-21 20:19:49,621 INFO o.a.j.s.SampleResult: sampleresult.useNanoTime=true
2020-10-21 20:19:49,621 INFO o.a.j.s.SampleResult: sampleresult.nanoThreadSleep=5000
2020-10-21 20:20:00,228 INFO o.a.j.r.Summariser: summary +     86 in 00:00:11 =    7.6/s Avg:    24 Min:    13 Max:    68 Err:     0 (0.00%) Active: 5 Started: 5 Finished: 0
2020-10-21 20:20:30,121 INFO o.a.j.r.Summariser: summary +    243 in 00:00:30 =    8.1/s Avg:    17 Min:    12 Max:    29 Err:     0 (0.00%) Active: 5 Started: 5 Finished: 0
2020-10-21 20:20:30,123 INFO o.a.j.r.Summariser: summary =    329 in 00:00:41 =    8.0/s Avg:    19 Min:    12 Max:    68 Err:     0 (0.00%)
2020-10-21 20:21:00,076 INFO o.a.j.r.Summariser: summary +    242 in 00:00:30 =    8.1/s Avg:    18 Min:    13 Max:    36 Err:     0 (0.00%) Active: 5 Started: 5 Finished: 0
2020-10-21 20:21:00,077 INFO o.a.j.r.Summariser: summary =    571 in 00:01:11 =    8.0/s Avg:    19 Min:    12 Max:    68 Err:     0 (0.00%)
2020-10-21 20:21:30,009 INFO o.a.j.r.Summariser: summary +    241 in 00:00:30 =    8.1/s Avg:    18 Min:    12 Max:    47 Err:     0 (0.00%) Active: 5 Started: 5 Finished: 0
2020-10-21 20:21:30,010 INFO o.a.j.r.Summariser: summary =    812 in 00:01:41 =    8.0/s Avg:    18 Min:    12 Max:    68 Err:     0 (0.00%)
2020-10-21 20:22:00,097 INFO o.a.j.r.Summariser: summary +    243 in 00:00:30 =    8.1/s Avg:    18 Min:    13 Max:    43 Err:     0 (0.00%) Active: 5 Started: 5 Finished: 0
2020-10-21 20:22:00,098 INFO o.a.j.r.Summariser: summary =   1055 in 00:02:11 =    8.0/s Avg:    18 Min:    12 Max:    68 Err:     0 (0.00%)
2020-10-21 20:22:30,415 INFO o.a.j.r.Summariser: summary +    240 in 00:00:30 =    7.9/s Avg:    28 Min:    12 Max:   464 Err:     0 (0.00%) Active: 5 Started: 5 Finished: 0
2020-10-21 20:22:30,416 INFO o.a.j.r.Summariser: summary =   1295 in 00:02:42 =    8.0/s Avg:    20 Min:    12 Max:   464 Err:     0 (0.00%)
2020-10-21 20:22:54,416 INFO o.a.j.t.JMeterThread: Thread is done: UC3 3-1
2020-10-21 20:22:54,417 INFO o.a.j.t.JMeterThread: Thread finished: UC3 3-1
2020-10-21 20:22:55,170 INFO o.a.j.t.JMeterThread: Thread is done: UC4 4-1
2020-10-21 20:22:55,170 INFO o.a.j.t.JMeterThread: Thread finished: UC4 4-1
2020-10-21 20:22:55,251 INFO o.a.j.t.JMeterThread: Thread is done: UC5 1-1
2020-10-21 20:22:55,252 INFO o.a.j.t.JMeterThread: Thread finished: UC5 1-1
2020-10-21 20:22:55,861 INFO o.a.j.t.JMeterThread: Thread is done: UC7 2-1
2020-10-21 20:22:55,861 INFO o.a.j.t.JMeterThread: Thread finished: UC7 2-1
2020-10-21 20:22:55,867 INFO o.a.j.t.JMeterThread: Thread is done: UC6 5-1
2020-10-21 20:22:55,867 INFO o.a.j.t.JMeterThread: Thread finished: UC6 5-1
2020-10-21 20:22:55,868 INFO o.a.j.e.StandardJMeterEngine: Notifying test listeners of end of test
2020-10-21 20:22:55,869 INFO o.a.j.r.Summariser: summary +    205 in 00:00:25 =    8.1/s Avg:    17 Min:    12 Max:    43 Err:     0 (0.00%) Active: 0 Started: 5 Finished: 5
2020-10-21 20:22:55,869 INFO o.a.j.r.Summariser: summary =   1500 in 00:03:07 =    8.0/s Avg:    20 Min:    12 Max:   464 Err:     0 (0.00%)
