2020-09-26 13:06:05,041 INFO o.a.j.u.JMeterUtils: Setting Locale to en_US
2020-09-26 13:06:05,090 INFO o.a.j.JMeter: Loading user properties from: /home/gabrielkovacs/jmeter/apache-jmeter-5.3/bin/user.properties
2020-09-26 13:06:05,090 INFO o.a.j.JMeter: Loading system properties from: /home/gabrielkovacs/jmeter/apache-jmeter-5.3/bin/system.properties
2020-09-26 13:06:05,092 INFO o.a.j.JMeter: Copyright (c) 1998-2020 The Apache Software Foundation
2020-09-26 13:06:05,092 INFO o.a.j.JMeter: Version 5.3
2020-09-26 13:06:05,092 INFO o.a.j.JMeter: java.version=11.0.8
2020-09-26 13:06:05,093 INFO o.a.j.JMeter: java.vm.name=OpenJDK 64-Bit Server VM
2020-09-26 13:06:05,093 INFO o.a.j.JMeter: os.name=Linux
2020-09-26 13:06:05,093 INFO o.a.j.JMeter: os.arch=amd64
2020-09-26 13:06:05,093 INFO o.a.j.JMeter: os.version=5.3.0-59-generic
2020-09-26 13:06:05,093 INFO o.a.j.JMeter: file.encoding=UTF-8
2020-09-26 13:06:05,093 INFO o.a.j.JMeter: java.awt.headless=true
2020-09-26 13:06:05,093 INFO o.a.j.JMeter: Max memory     =4198498304
2020-09-26 13:06:05,094 INFO o.a.j.JMeter: Available Processors =2
2020-09-26 13:06:05,107 INFO o.a.j.JMeter: Default Locale=English (United States)
2020-09-26 13:06:05,107 INFO o.a.j.JMeter: JMeter  Locale=English (United States)
2020-09-26 13:06:05,107 INFO o.a.j.JMeter: JMeterHome=/home/gabrielkovacs/jmeter/apache-jmeter-5.3
2020-09-26 13:06:05,108 INFO o.a.j.JMeter: user.dir  =/home/gabrielkovacs/jmeter/api_gateway_1_to_1_db_distributed
2020-09-26 13:06:05,108 INFO o.a.j.JMeter: PWD       =/home/gabrielkovacs/jmeter/api_gateway_1_to_1_db_distributed
2020-09-26 13:06:05,108 INFO o.a.j.JMeter: IP: 127.0.1.1 Name: swa-gabrielkovacs FullName: swa-gabrielkovacs
2020-09-26 13:06:05,118 INFO o.a.j.s.FileServer: Default base='/home/gabrielkovacs/jmeter/api_gateway_1_to_1_db_distributed'
2020-09-26 13:06:05,120 INFO o.a.j.s.FileServer: Set new base='/home/gabrielkovacs/jmeter/api_gateway_1_to_1_db_distributed'
2020-09-26 13:06:05,378 INFO o.a.j.s.SaveService: Testplan (JMX) version: 2.2. Testlog (JTL) version: 2.2
2020-09-26 13:06:05,418 INFO o.a.j.s.SaveService: Using SaveService properties version 5.0
2020-09-26 13:06:05,429 INFO o.a.j.s.SaveService: Using SaveService properties file encoding UTF-8
2020-09-26 13:06:05,437 INFO o.a.j.s.SaveService: Loading file: SR_OP&ROP_DR_30_30_30.jmx
2020-09-26 13:06:05,514 INFO o.a.j.p.h.s.HTTPSamplerBase: Parser for text/html is org.apache.jmeter.protocol.http.parser.LagartoBasedHtmlParser
2020-09-26 13:06:05,514 INFO o.a.j.p.h.s.HTTPSamplerBase: Parser for application/xhtml+xml is org.apache.jmeter.protocol.http.parser.LagartoBasedHtmlParser
2020-09-26 13:06:05,514 INFO o.a.j.p.h.s.HTTPSamplerBase: Parser for application/xml is org.apache.jmeter.protocol.http.parser.LagartoBasedHtmlParser
2020-09-26 13:06:05,515 INFO o.a.j.p.h.s.HTTPSamplerBase: Parser for text/xml is org.apache.jmeter.protocol.http.parser.LagartoBasedHtmlParser
2020-09-26 13:06:05,515 INFO o.a.j.p.h.s.HTTPSamplerBase: Parser for text/vnd.wap.wml is org.apache.jmeter.protocol.http.parser.RegexpHTMLParser
2020-09-26 13:06:05,516 INFO o.a.j.p.h.s.HTTPSamplerBase: Parser for text/css is org.apache.jmeter.protocol.http.parser.CssParser
2020-09-26 13:06:05,581 INFO o.a.j.JMeter: Creating summariser <summary>
2020-09-26 13:06:05,596 INFO o.a.j.e.StandardJMeterEngine: Running the test!
2020-09-26 13:06:05,598 INFO o.a.j.s.SampleEvent: List of sample_variables: []
2020-09-26 13:06:05,599 INFO o.a.j.s.SampleEvent: List of sample_variables: []
2020-09-26 13:06:05,617 INFO o.a.j.e.u.CompoundVariable: Note: Function class names must contain the string: '.functions.'
2020-09-26 13:06:05,617 INFO o.a.j.e.u.CompoundVariable: Note: Function class names must not contain the string: '.gui.'
2020-09-26 13:06:06,185 INFO o.a.j.JMeter: Running test (1601118366185)
2020-09-26 13:06:06,236 INFO o.a.j.e.StandardJMeterEngine: Starting ThreadGroup: 1 : UC5
2020-09-26 13:06:06,236 INFO o.a.j.e.StandardJMeterEngine: Starting 30 threads for group UC5.
2020-09-26 13:06:06,236 INFO o.a.j.e.StandardJMeterEngine: Thread will continue on error
2020-09-26 13:06:06,236 INFO o.a.j.t.ThreadGroup: Starting thread group... number=1 threads=30 ramp-up=30 delayedStart=false
2020-09-26 13:06:06,285 INFO o.a.j.t.JMeterThread: Thread started: UC5 1-1
2020-09-26 13:06:06,327 INFO o.a.j.p.h.s.HTTPJavaImpl: Maximum connection retries = 0
2020-09-26 13:06:06,329 INFO o.a.j.s.SampleResult: Note: Sample TimeStamps are START times
2020-09-26 13:06:06,329 INFO o.a.j.s.SampleResult: sampleresult.default.encoding is set to ISO-8859-1
2020-09-26 13:06:06,332 INFO o.a.j.s.SampleResult: sampleresult.useNanoTime=true
2020-09-26 13:06:06,332 INFO o.a.j.s.SampleResult: sampleresult.nanoThreadSleep=5000
2020-09-26 13:06:06,350 INFO o.a.j.t.ThreadGroup: Started thread group number 1
2020-09-26 13:06:06,350 INFO o.a.j.e.StandardJMeterEngine: Starting ThreadGroup: 2 : UC7
2020-09-26 13:06:06,350 INFO o.a.j.e.StandardJMeterEngine: Starting 30 threads for group UC7.
2020-09-26 13:06:06,350 INFO o.a.j.e.StandardJMeterEngine: Thread will continue on error
2020-09-26 13:06:06,351 INFO o.a.j.t.ThreadGroup: Starting thread group... number=2 threads=30 ramp-up=30 delayedStart=false
2020-09-26 13:06:06,352 INFO o.a.j.t.JMeterThread: Thread started: UC7 2-1
2020-09-26 13:06:06,383 INFO o.a.j.t.ThreadGroup: Started thread group number 2
2020-09-26 13:06:06,383 INFO o.a.j.e.StandardJMeterEngine: Starting ThreadGroup: 3 : UC3
2020-09-26 13:06:06,383 INFO o.a.j.e.StandardJMeterEngine: Starting 30 threads for group UC3.
2020-09-26 13:06:06,383 INFO o.a.j.e.StandardJMeterEngine: Thread will continue on error
2020-09-26 13:06:06,383 INFO o.a.j.t.ThreadGroup: Starting thread group... number=3 threads=30 ramp-up=30 delayedStart=false
2020-09-26 13:06:06,384 INFO o.a.j.t.JMeterThread: Thread started: UC3 3-1
2020-09-26 13:06:06,412 INFO o.a.j.t.ThreadGroup: Started thread group number 3
2020-09-26 13:06:06,412 INFO o.a.j.e.StandardJMeterEngine: Starting ThreadGroup: 4 : UC4
2020-09-26 13:06:06,413 INFO o.a.j.e.StandardJMeterEngine: Starting 30 threads for group UC4.
2020-09-26 13:06:06,413 INFO o.a.j.e.StandardJMeterEngine: Thread will continue on error
2020-09-26 13:06:06,413 INFO o.a.j.t.ThreadGroup: Starting thread group... number=4 threads=30 ramp-up=30 delayedStart=false
2020-09-26 13:06:06,414 INFO o.a.j.t.JMeterThread: Thread started: UC4 4-1
2020-09-26 13:06:06,559 INFO o.a.j.t.ThreadGroup: Started thread group number 4
2020-09-26 13:06:06,561 INFO o.a.j.e.StandardJMeterEngine: Starting ThreadGroup: 5 : UC6
2020-09-26 13:06:06,561 INFO o.a.j.e.StandardJMeterEngine: Starting 30 threads for group UC6.
2020-09-26 13:06:06,561 INFO o.a.j.e.StandardJMeterEngine: Thread will continue on error
2020-09-26 13:06:06,561 INFO o.a.j.t.ThreadGroup: Starting thread group... number=5 threads=30 ramp-up=30 delayedStart=false
2020-09-26 13:06:06,564 INFO o.a.j.t.JMeterThread: Thread started: UC6 5-1
2020-09-26 13:06:06,659 INFO o.a.j.t.ThreadGroup: Started thread group number 5
2020-09-26 13:06:06,659 INFO o.a.j.e.StandardJMeterEngine: All thread groups have been started
2020-09-26 13:06:06,673 INFO o.a.j.t.JMeterThread: Thread is done: UC5 1-1
2020-09-26 13:06:06,673 INFO o.a.j.t.JMeterThread: Thread finished: UC5 1-1
2020-09-26 13:06:06,772 INFO o.a.j.t.JMeterThread: Thread is done: UC7 2-1
2020-09-26 13:06:06,772 INFO o.a.j.t.JMeterThread: Thread finished: UC7 2-1
2020-09-26 13:06:06,869 INFO o.a.j.t.JMeterThread: Thread is done: UC3 3-1
2020-09-26 13:06:06,869 INFO o.a.j.t.JMeterThread: Thread finished: UC3 3-1
2020-09-26 13:06:07,018 INFO o.a.j.t.JMeterThread: Thread is done: UC4 4-1
2020-09-26 13:06:07,018 INFO o.a.j.t.JMeterThread: Thread finished: UC4 4-1
2020-09-26 13:06:07,242 INFO o.a.j.t.JMeterThread: Thread is done: UC6 5-1
2020-09-26 13:06:07,242 INFO o.a.j.t.JMeterThread: Thread finished: UC6 5-1
2020-09-26 13:06:07,282 INFO o.a.j.t.JMeterThread: Thread started: UC5 1-2
2020-09-26 13:06:07,352 INFO o.a.j.t.JMeterThread: Thread started: UC7 2-2
2020-09-26 13:06:07,385 INFO o.a.j.t.JMeterThread: Thread started: UC3 3-2
2020-09-26 13:06:07,414 INFO o.a.j.t.JMeterThread: Thread started: UC4 4-2
2020-09-26 13:06:07,458 INFO o.a.j.t.JMeterThread: Thread is done: UC5 1-2
2020-09-26 13:06:07,458 INFO o.a.j.t.JMeterThread: Thread finished: UC5 1-2
2020-09-26 13:06:07,554 INFO o.a.j.t.JMeterThread: Thread is done: UC7 2-2
2020-09-26 13:06:07,554 INFO o.a.j.t.JMeterThread: Thread finished: UC7 2-2
2020-09-26 13:06:07,571 INFO o.a.j.t.JMeterThread: Thread started: UC6 5-2
2020-09-26 13:06:07,718 INFO o.a.j.t.JMeterThread: Thread is done: UC3 3-2
2020-09-26 13:06:07,719 INFO o.a.j.t.JMeterThread: Thread finished: UC3 3-2
2020-09-26 13:06:07,924 INFO o.a.j.t.JMeterThread: Thread is done: UC4 4-2
2020-09-26 13:06:07,925 INFO o.a.j.t.JMeterThread: Thread finished: UC4 4-2
2020-09-26 13:06:08,132 INFO o.a.j.t.JMeterThread: Thread is done: UC6 5-2
2020-09-26 13:06:08,132 INFO o.a.j.t.JMeterThread: Thread finished: UC6 5-2
2020-09-26 13:06:08,270 INFO o.a.j.t.JMeterThread: Thread started: UC5 1-3
2020-09-26 13:06:08,383 INFO o.a.j.t.JMeterThread: Thread started: UC7 2-3
2020-09-26 13:06:08,384 INFO o.a.j.t.JMeterThread: Thread started: UC3 3-3
2020-09-26 13:06:08,414 INFO o.a.j.t.JMeterThread: Thread started: UC4 4-3
2020-09-26 13:06:08,441 INFO o.a.j.t.JMeterThread: Thread is done: UC5 1-3
2020-09-26 13:06:08,441 INFO o.a.j.t.JMeterThread: Thread finished: UC5 1-3
2020-09-26 13:06:08,567 INFO o.a.j.t.JMeterThread: Thread started: UC6 5-3
2020-09-26 13:06:08,568 INFO o.a.j.t.JMeterThread: Thread is done: UC7 2-3
2020-09-26 13:06:08,568 INFO o.a.j.t.JMeterThread: Thread finished: UC7 2-3
2020-09-26 13:06:08,694 INFO o.a.j.t.JMeterThread: Thread is done: UC3 3-3
2020-09-26 13:06:08,694 INFO o.a.j.t.JMeterThread: Thread finished: UC3 3-3
2020-09-26 13:06:08,873 INFO o.a.j.t.JMeterThread: Thread is done: UC4 4-3
2020-09-26 13:06:08,873 INFO o.a.j.t.JMeterThread: Thread finished: UC4 4-3
2020-09-26 13:06:09,073 INFO o.a.j.t.JMeterThread: Thread is done: UC6 5-3
2020-09-26 13:06:09,073 INFO o.a.j.t.JMeterThread: Thread finished: UC6 5-3
2020-09-26 13:06:09,266 INFO o.a.j.t.JMeterThread: Thread started: UC5 1-4
2020-09-26 13:06:09,352 INFO o.a.j.t.JMeterThread: Thread started: UC7 2-4
2020-09-26 13:06:09,384 INFO o.a.j.t.JMeterThread: Thread started: UC3 3-4
2020-09-26 13:06:09,413 INFO o.a.j.t.JMeterThread: Thread started: UC4 4-4
2020-09-26 13:06:09,458 INFO o.a.j.t.JMeterThread: Thread is done: UC5 1-4
2020-09-26 13:06:09,459 INFO o.a.j.t.JMeterThread: Thread finished: UC5 1-4
2020-09-26 13:06:09,550 INFO o.a.j.t.JMeterThread: Thread is done: UC7 2-4
2020-09-26 13:06:09,550 INFO o.a.j.t.JMeterThread: Thread finished: UC7 2-4
2020-09-26 13:06:09,565 INFO o.a.j.t.JMeterThread: Thread started: UC6 5-4
2020-09-26 13:06:09,663 INFO o.a.j.t.JMeterThread: Thread is done: UC3 3-4
2020-09-26 13:06:09,664 INFO o.a.j.t.JMeterThread: Thread finished: UC3 3-4
2020-09-26 13:06:09,869 INFO o.a.j.t.JMeterThread: Thread is done: UC4 4-4
2020-09-26 13:06:09,870 INFO o.a.j.t.JMeterThread: Thread finished: UC4 4-4
2020-09-26 13:06:10,062 INFO o.a.j.t.JMeterThread: Thread is done: UC6 5-4
2020-09-26 13:06:10,063 INFO o.a.j.t.JMeterThread: Thread finished: UC6 5-4
2020-09-26 13:06:10,254 INFO o.a.j.t.JMeterThread: Thread started: UC5 1-5
2020-09-26 13:06:10,351 INFO o.a.j.t.JMeterThread: Thread started: UC7 2-5
2020-09-26 13:06:10,384 INFO o.a.j.t.JMeterThread: Thread started: UC3 3-5
2020-09-26 13:06:10,419 INFO o.a.j.t.JMeterThread: Thread started: UC4 4-5
2020-09-26 13:06:10,430 INFO o.a.j.t.JMeterThread: Thread is done: UC5 1-5
2020-09-26 13:06:10,430 INFO o.a.j.t.JMeterThread: Thread finished: UC5 1-5
2020-09-26 13:06:10,547 INFO o.a.j.t.JMeterThread: Thread is done: UC7 2-5
2020-09-26 13:06:10,547 INFO o.a.j.t.JMeterThread: Thread finished: UC7 2-5
2020-09-26 13:06:10,577 INFO o.a.j.t.JMeterThread: Thread started: UC6 5-5
2020-09-26 13:06:10,683 INFO o.a.j.t.JMeterThread: Thread is done: UC3 3-5
2020-09-26 13:06:10,683 INFO o.a.j.t.JMeterThread: Thread finished: UC3 3-5
2020-09-26 13:06:10,855 INFO o.a.j.t.JMeterThread: Thread is done: UC4 4-5
2020-09-26 13:06:10,855 INFO o.a.j.t.JMeterThread: Thread finished: UC4 4-5
2020-09-26 13:06:11,089 INFO o.a.j.t.JMeterThread: Thread is done: UC6 5-5
2020-09-26 13:06:11,089 INFO o.a.j.t.JMeterThread: Thread finished: UC6 5-5
2020-09-26 13:06:11,265 INFO o.a.j.t.JMeterThread: Thread started: UC5 1-6
2020-09-26 13:06:11,353 INFO o.a.j.t.JMeterThread: Thread started: UC7 2-6
2020-09-26 13:06:11,385 INFO o.a.j.t.JMeterThread: Thread started: UC3 3-6
2020-09-26 13:06:11,424 INFO o.a.j.t.JMeterThread: Thread started: UC4 4-6
2020-09-26 13:06:11,446 INFO o.a.j.t.JMeterThread: Thread is done: UC5 1-6
2020-09-26 13:06:11,446 INFO o.a.j.t.JMeterThread: Thread finished: UC5 1-6
2020-09-26 13:06:11,549 INFO o.a.j.t.JMeterThread: Thread is done: UC7 2-6
2020-09-26 13:06:11,550 INFO o.a.j.t.JMeterThread: Thread finished: UC7 2-6
2020-09-26 13:06:11,563 INFO o.a.j.t.JMeterThread: Thread started: UC6 5-6
2020-09-26 13:06:11,680 INFO o.a.j.t.JMeterThread: Thread is done: UC3 3-6
2020-09-26 13:06:11,681 INFO o.a.j.t.JMeterThread: Thread finished: UC3 3-6
2020-09-26 13:06:11,847 INFO o.a.j.t.JMeterThread: Thread is done: UC4 4-6
2020-09-26 13:06:11,848 INFO o.a.j.t.JMeterThread: Thread finished: UC4 4-6
2020-09-26 13:06:12,013 INFO o.a.j.t.JMeterThread: Thread is done: UC6 5-6
2020-09-26 13:06:12,013 INFO o.a.j.t.JMeterThread: Thread finished: UC6 5-6
2020-09-26 13:06:12,241 INFO o.a.j.t.JMeterThread: Thread started: UC5 1-7
2020-09-26 13:06:12,352 INFO o.a.j.t.JMeterThread: Thread started: UC7 2-7
2020-09-26 13:06:12,384 INFO o.a.j.t.JMeterThread: Thread started: UC3 3-7
2020-09-26 13:06:12,422 INFO o.a.j.t.JMeterThread: Thread started: UC4 4-7
2020-09-26 13:06:12,482 INFO o.a.j.t.JMeterThread: Thread is done: UC5 1-7
2020-09-26 13:06:12,483 INFO o.a.j.t.JMeterThread: Thread finished: UC5 1-7
2020-09-26 13:06:12,563 INFO o.a.j.t.JMeterThread: Thread started: UC6 5-7
2020-09-26 13:06:12,593 INFO o.a.j.t.JMeterThread: Thread is done: UC7 2-7
2020-09-26 13:06:12,593 INFO o.a.j.t.JMeterThread: Thread finished: UC7 2-7
2020-09-26 13:06:12,712 INFO o.a.j.t.JMeterThread: Thread is done: UC3 3-7
2020-09-26 13:06:12,712 INFO o.a.j.t.JMeterThread: Thread finished: UC3 3-7
2020-09-26 13:06:12,892 ERROR o.a.j.p.h.s.HTTPJavaImpl: readResponse: java.net.SocketException: Unexpected end of file from server
2020-09-26 13:06:12,893 ERROR o.a.j.p.h.s.HTTPJavaImpl: Cause: java.net.SocketException: Unexpected end of file from server
2020-09-26 13:06:12,918 INFO o.a.j.t.JMeterThread: Thread is done: UC4 4-7
2020-09-26 13:06:12,918 INFO o.a.j.t.JMeterThread: Thread finished: UC4 4-7
2020-09-26 13:06:13,053 INFO o.a.j.t.JMeterThread: Thread is done: UC6 5-7
2020-09-26 13:06:13,053 INFO o.a.j.t.JMeterThread: Thread finished: UC6 5-7
2020-09-26 13:06:13,239 INFO o.a.j.t.JMeterThread: Thread started: UC5 1-8
2020-09-26 13:06:13,356 INFO o.a.j.t.JMeterThread: Thread started: UC7 2-8
2020-09-26 13:06:13,384 INFO o.a.j.t.JMeterThread: Thread started: UC3 3-8
2020-09-26 13:06:13,418 INFO o.a.j.t.JMeterThread: Thread started: UC4 4-8
2020-09-26 13:06:13,425 INFO o.a.j.t.JMeterThread: Thread is done: UC5 1-8
2020-09-26 13:06:13,425 INFO o.a.j.t.JMeterThread: Thread finished: UC5 1-8
2020-09-26 13:06:13,564 INFO o.a.j.t.JMeterThread: Thread started: UC6 5-8
2020-09-26 13:06:13,574 INFO o.a.j.t.JMeterThread: Thread is done: UC7 2-8
2020-09-26 13:06:13,575 INFO o.a.j.t.JMeterThread: Thread finished: UC7 2-8
2020-09-26 13:06:13,652 INFO o.a.j.t.JMeterThread: Thread is done: UC3 3-8
2020-09-26 13:06:13,652 INFO o.a.j.t.JMeterThread: Thread finished: UC3 3-8
2020-09-26 13:06:13,844 INFO o.a.j.t.JMeterThread: Thread is done: UC4 4-8
2020-09-26 13:06:13,844 INFO o.a.j.t.JMeterThread: Thread finished: UC4 4-8
2020-09-26 13:06:14,037 INFO o.a.j.t.JMeterThread: Thread is done: UC6 5-8
2020-09-26 13:06:14,037 INFO o.a.j.t.JMeterThread: Thread finished: UC6 5-8
2020-09-26 13:06:14,241 INFO o.a.j.t.JMeterThread: Thread started: UC5 1-9
2020-09-26 13:06:14,352 INFO o.a.j.t.JMeterThread: Thread started: UC7 2-9
2020-09-26 13:06:14,384 INFO o.a.j.t.JMeterThread: Thread started: UC3 3-9
2020-09-26 13:06:14,412 INFO o.a.j.t.JMeterThread: Thread is done: UC5 1-9
2020-09-26 13:06:14,412 INFO o.a.j.t.JMeterThread: Thread finished: UC5 1-9
2020-09-26 13:06:14,417 INFO o.a.j.t.JMeterThread: Thread started: UC4 4-9
2020-09-26 13:06:14,557 INFO o.a.j.t.JMeterThread: Thread is done: UC7 2-9
2020-09-26 13:06:14,557 INFO o.a.j.t.JMeterThread: Thread finished: UC7 2-9
2020-09-26 13:06:14,562 INFO o.a.j.t.JMeterThread: Thread started: UC6 5-9
2020-09-26 13:06:14,650 INFO o.a.j.t.JMeterThread: Thread is done: UC3 3-9
2020-09-26 13:06:14,651 INFO o.a.j.t.JMeterThread: Thread finished: UC3 3-9
2020-09-26 13:06:14,815 INFO o.a.j.t.JMeterThread: Thread is done: UC4 4-9
2020-09-26 13:06:14,815 INFO o.a.j.t.JMeterThread: Thread finished: UC4 4-9
2020-09-26 13:06:14,999 INFO o.a.j.t.JMeterThread: Thread is done: UC6 5-9
2020-09-26 13:06:14,999 INFO o.a.j.t.JMeterThread: Thread finished: UC6 5-9
2020-09-26 13:06:15,241 INFO o.a.j.t.JMeterThread: Thread started: UC5 1-10
2020-09-26 13:06:15,354 INFO o.a.j.t.JMeterThread: Thread started: UC7 2-10
2020-09-26 13:06:15,384 INFO o.a.j.t.JMeterThread: Thread started: UC3 3-10
2020-09-26 13:06:15,390 INFO o.a.j.t.JMeterThread: Thread is done: UC5 1-10
2020-09-26 13:06:15,390 INFO o.a.j.t.JMeterThread: Thread finished: UC5 1-10
2020-09-26 13:06:15,418 INFO o.a.j.t.JMeterThread: Thread started: UC4 4-10
2020-09-26 13:06:15,557 INFO o.a.j.t.JMeterThread: Thread is done: UC7 2-10
2020-09-26 13:06:15,558 INFO o.a.j.t.JMeterThread: Thread finished: UC7 2-10
2020-09-26 13:06:15,562 INFO o.a.j.t.JMeterThread: Thread started: UC6 5-10
2020-09-26 13:06:15,658 INFO o.a.j.t.JMeterThread: Thread is done: UC3 3-10
2020-09-26 13:06:15,659 INFO o.a.j.t.JMeterThread: Thread finished: UC3 3-10
2020-09-26 13:06:15,942 INFO o.a.j.t.JMeterThread: Thread is done: UC4 4-10
2020-09-26 13:06:15,942 INFO o.a.j.t.JMeterThread: Thread finished: UC4 4-10
2020-09-26 13:06:16,031 INFO o.a.j.t.JMeterThread: Thread is done: UC6 5-10
2020-09-26 13:06:16,031 INFO o.a.j.t.JMeterThread: Thread finished: UC6 5-10
2020-09-26 13:06:16,237 INFO o.a.j.t.JMeterThread: Thread started: UC5 1-11
2020-09-26 13:06:16,359 INFO o.a.j.t.JMeterThread: Thread started: UC7 2-11
2020-09-26 13:06:16,384 INFO o.a.j.t.JMeterThread: Thread started: UC3 3-11
2020-09-26 13:06:16,414 INFO o.a.j.t.JMeterThread: Thread is done: UC5 1-11
2020-09-26 13:06:16,414 INFO o.a.j.t.JMeterThread: Thread finished: UC5 1-11
2020-09-26 13:06:16,422 INFO o.a.j.t.JMeterThread: Thread started: UC4 4-11
2020-09-26 13:06:16,561 INFO o.a.j.t.JMeterThread: Thread is done: UC7 2-11
2020-09-26 13:06:16,561 INFO o.a.j.t.JMeterThread: Thread finished: UC7 2-11
2020-09-26 13:06:16,562 INFO o.a.j.t.JMeterThread: Thread started: UC6 5-11
2020-09-26 13:06:16,693 INFO o.a.j.t.JMeterThread: Thread is done: UC3 3-11
2020-09-26 13:06:16,694 INFO o.a.j.t.JMeterThread: Thread finished: UC3 3-11
2020-09-26 13:06:16,880 INFO o.a.j.t.JMeterThread: Thread is done: UC4 4-11
2020-09-26 13:06:16,880 INFO o.a.j.t.JMeterThread: Thread finished: UC4 4-11
2020-09-26 13:06:17,044 INFO o.a.j.t.JMeterThread: Thread is done: UC6 5-11
2020-09-26 13:06:17,044 INFO o.a.j.t.JMeterThread: Thread finished: UC6 5-11
2020-09-26 13:06:17,238 INFO o.a.j.t.JMeterThread: Thread started: UC5 1-12
2020-09-26 13:06:17,354 INFO o.a.j.t.JMeterThread: Thread started: UC7 2-12
2020-09-26 13:06:17,384 INFO o.a.j.t.JMeterThread: Thread started: UC3 3-12
2020-09-26 13:06:17,423 INFO o.a.j.t.JMeterThread: Thread started: UC4 4-12
2020-09-26 13:06:17,427 INFO o.a.j.t.JMeterThread: Thread is done: UC5 1-12
2020-09-26 13:06:17,427 INFO o.a.j.t.JMeterThread: Thread finished: UC5 1-12
2020-09-26 13:06:17,548 INFO o.a.j.t.JMeterThread: Thread is done: UC7 2-12
2020-09-26 13:06:17,548 INFO o.a.j.t.JMeterThread: Thread finished: UC7 2-12
2020-09-26 13:06:17,563 INFO o.a.j.t.JMeterThread: Thread started: UC6 5-12
2020-09-26 13:06:17,692 INFO o.a.j.t.JMeterThread: Thread is done: UC3 3-12
2020-09-26 13:06:17,692 INFO o.a.j.t.JMeterThread: Thread finished: UC3 3-12
2020-09-26 13:06:17,864 INFO o.a.j.t.JMeterThread: Thread is done: UC4 4-12
2020-09-26 13:06:17,865 INFO o.a.j.t.JMeterThread: Thread finished: UC4 4-12
2020-09-26 13:06:18,042 INFO o.a.j.t.JMeterThread: Thread is done: UC6 5-12
2020-09-26 13:06:18,042 INFO o.a.j.t.JMeterThread: Thread finished: UC6 5-12
2020-09-26 13:06:18,240 INFO o.a.j.t.JMeterThread: Thread started: UC5 1-13
2020-09-26 13:06:18,354 INFO o.a.j.t.JMeterThread: Thread started: UC7 2-13
2020-09-26 13:06:18,385 INFO o.a.j.t.JMeterThread: Thread started: UC3 3-13
2020-09-26 13:06:18,409 INFO o.a.j.t.JMeterThread: Thread is done: UC5 1-13
2020-09-26 13:06:18,409 INFO o.a.j.t.JMeterThread: Thread finished: UC5 1-13
2020-09-26 13:06:18,429 INFO o.a.j.t.JMeterThread: Thread started: UC4 4-13
2020-09-26 13:06:18,555 INFO o.a.j.t.JMeterThread: Thread is done: UC7 2-13
2020-09-26 13:06:18,555 INFO o.a.j.t.JMeterThread: Thread finished: UC7 2-13
2020-09-26 13:06:18,562 INFO o.a.j.t.JMeterThread: Thread started: UC6 5-13
2020-09-26 13:06:18,658 INFO o.a.j.t.JMeterThread: Thread is done: UC3 3-13
2020-09-26 13:06:18,658 INFO o.a.j.t.JMeterThread: Thread finished: UC3 3-13
2020-09-26 13:06:18,875 INFO o.a.j.t.JMeterThread: Thread is done: UC4 4-13
2020-09-26 13:06:18,875 INFO o.a.j.t.JMeterThread: Thread finished: UC4 4-13
2020-09-26 13:06:19,053 INFO o.a.j.t.JMeterThread: Thread is done: UC6 5-13
2020-09-26 13:06:19,053 INFO o.a.j.t.JMeterThread: Thread finished: UC6 5-13
2020-09-26 13:06:19,238 INFO o.a.j.t.JMeterThread: Thread started: UC5 1-14
2020-09-26 13:06:19,354 INFO o.a.j.t.JMeterThread: Thread started: UC7 2-14
2020-09-26 13:06:19,381 INFO o.a.j.t.JMeterThread: Thread is done: UC5 1-14
2020-09-26 13:06:19,381 INFO o.a.j.t.JMeterThread: Thread finished: UC5 1-14
2020-09-26 13:06:19,384 INFO o.a.j.t.JMeterThread: Thread started: UC3 3-14
2020-09-26 13:06:19,421 INFO o.a.j.t.JMeterThread: Thread started: UC4 4-14
2020-09-26 13:06:19,521 INFO o.a.j.t.JMeterThread: Thread is done: UC7 2-14
2020-09-26 13:06:19,521 INFO o.a.j.t.JMeterThread: Thread finished: UC7 2-14
2020-09-26 13:06:19,562 INFO o.a.j.t.JMeterThread: Thread started: UC6 5-14
2020-09-26 13:06:19,651 INFO o.a.j.t.JMeterThread: Thread is done: UC3 3-14
2020-09-26 13:06:19,651 INFO o.a.j.t.JMeterThread: Thread finished: UC3 3-14
2020-09-26 13:06:19,861 INFO o.a.j.t.JMeterThread: Thread is done: UC4 4-14
2020-09-26 13:06:19,861 INFO o.a.j.t.JMeterThread: Thread finished: UC4 4-14
2020-09-26 13:06:20,024 INFO o.a.j.t.JMeterThread: Thread is done: UC6 5-14
2020-09-26 13:06:20,024 INFO o.a.j.t.JMeterThread: Thread finished: UC6 5-14
2020-09-26 13:06:20,239 INFO o.a.j.t.JMeterThread: Thread started: UC5 1-15
2020-09-26 13:06:20,352 INFO o.a.j.t.JMeterThread: Thread started: UC7 2-15
2020-09-26 13:06:20,383 INFO o.a.j.t.JMeterThread: Thread started: UC3 3-15
2020-09-26 13:06:20,396 INFO o.a.j.t.JMeterThread: Thread is done: UC5 1-15
2020-09-26 13:06:20,396 INFO o.a.j.t.JMeterThread: Thread finished: UC5 1-15
2020-09-26 13:06:20,430 INFO o.a.j.t.JMeterThread: Thread started: UC4 4-15
2020-09-26 13:06:20,537 INFO o.a.j.t.JMeterThread: Thread is done: UC7 2-15
2020-09-26 13:06:20,537 INFO o.a.j.t.JMeterThread: Thread finished: UC7 2-15
2020-09-26 13:06:20,565 INFO o.a.j.t.JMeterThread: Thread started: UC6 5-15
2020-09-26 13:06:20,651 INFO o.a.j.t.JMeterThread: Thread is done: UC3 3-15
2020-09-26 13:06:20,651 INFO o.a.j.t.JMeterThread: Thread finished: UC3 3-15
2020-09-26 13:06:20,878 INFO o.a.j.t.JMeterThread: Thread is done: UC4 4-15
2020-09-26 13:06:20,878 INFO o.a.j.t.JMeterThread: Thread finished: UC4 4-15
2020-09-26 13:06:21,058 INFO o.a.j.t.JMeterThread: Thread is done: UC6 5-15
2020-09-26 13:06:21,058 INFO o.a.j.t.JMeterThread: Thread finished: UC6 5-15
2020-09-26 13:06:21,240 INFO o.a.j.t.JMeterThread: Thread started: UC5 1-16
2020-09-26 13:06:21,353 INFO o.a.j.t.JMeterThread: Thread started: UC7 2-16
2020-09-26 13:06:21,384 INFO o.a.j.t.JMeterThread: Thread started: UC3 3-16
2020-09-26 13:06:21,392 INFO o.a.j.t.JMeterThread: Thread is done: UC5 1-16
2020-09-26 13:06:21,392 INFO o.a.j.t.JMeterThread: Thread finished: UC5 1-16
2020-09-26 13:06:21,417 INFO o.a.j.t.JMeterThread: Thread started: UC4 4-16
2020-09-26 13:06:21,530 INFO o.a.j.t.JMeterThread: Thread is done: UC7 2-16
2020-09-26 13:06:21,530 INFO o.a.j.t.JMeterThread: Thread finished: UC7 2-16
2020-09-26 13:06:21,573 INFO o.a.j.t.JMeterThread: Thread started: UC6 5-16
2020-09-26 13:06:21,641 INFO o.a.j.t.JMeterThread: Thread is done: UC3 3-16
2020-09-26 13:06:21,641 INFO o.a.j.t.JMeterThread: Thread finished: UC3 3-16
2020-09-26 13:06:21,832 INFO o.a.j.t.JMeterThread: Thread is done: UC4 4-16
2020-09-26 13:06:21,832 INFO o.a.j.t.JMeterThread: Thread finished: UC4 4-16
2020-09-26 13:06:21,984 INFO o.a.j.t.JMeterThread: Thread is done: UC6 5-16
2020-09-26 13:06:21,984 INFO o.a.j.t.JMeterThread: Thread finished: UC6 5-16
2020-09-26 13:06:22,239 INFO o.a.j.t.JMeterThread: Thread started: UC5 1-17
2020-09-26 13:06:22,353 INFO o.a.j.t.JMeterThread: Thread started: UC7 2-17
2020-09-26 13:06:22,383 INFO o.a.j.t.JMeterThread: Thread started: UC3 3-17
2020-09-26 13:06:22,414 INFO o.a.j.t.JMeterThread: Thread started: UC4 4-17
2020-09-26 13:06:22,445 INFO o.a.j.t.JMeterThread: Thread is done: UC5 1-17
2020-09-26 13:06:22,445 INFO o.a.j.t.JMeterThread: Thread finished: UC5 1-17
2020-09-26 13:06:22,558 INFO o.a.j.t.JMeterThread: Thread is done: UC7 2-17
2020-09-26 13:06:22,558 INFO o.a.j.t.JMeterThread: Thread finished: UC7 2-17
2020-09-26 13:06:22,564 INFO o.a.j.t.JMeterThread: Thread started: UC6 5-17
2020-09-26 13:06:22,630 INFO o.a.j.t.JMeterThread: Thread is done: UC3 3-17
2020-09-26 13:06:22,631 INFO o.a.j.t.JMeterThread: Thread finished: UC3 3-17
2020-09-26 13:06:22,808 INFO o.a.j.t.JMeterThread: Thread is done: UC4 4-17
2020-09-26 13:06:22,808 INFO o.a.j.t.JMeterThread: Thread finished: UC4 4-17
2020-09-26 13:06:22,997 INFO o.a.j.t.JMeterThread: Thread is done: UC6 5-17
2020-09-26 13:06:22,997 INFO o.a.j.t.JMeterThread: Thread finished: UC6 5-17
2020-09-26 13:06:23,247 INFO o.a.j.t.JMeterThread: Thread started: UC5 1-18
2020-09-26 13:06:23,351 INFO o.a.j.t.JMeterThread: Thread started: UC7 2-18
2020-09-26 13:06:23,385 INFO o.a.j.t.JMeterThread: Thread started: UC3 3-18
2020-09-26 13:06:23,400 INFO o.a.j.t.JMeterThread: Thread is done: UC5 1-18
2020-09-26 13:06:23,400 INFO o.a.j.t.JMeterThread: Thread finished: UC5 1-18
2020-09-26 13:06:23,415 INFO o.a.j.t.JMeterThread: Thread started: UC4 4-18
2020-09-26 13:06:23,551 INFO o.a.j.t.JMeterThread: Thread is done: UC7 2-18
2020-09-26 13:06:23,551 INFO o.a.j.t.JMeterThread: Thread finished: UC7 2-18
2020-09-26 13:06:23,563 INFO o.a.j.t.JMeterThread: Thread started: UC6 5-18
2020-09-26 13:06:23,629 INFO o.a.j.t.JMeterThread: Thread is done: UC3 3-18
2020-09-26 13:06:23,629 INFO o.a.j.t.JMeterThread: Thread finished: UC3 3-18
2020-09-26 13:06:23,810 INFO o.a.j.t.JMeterThread: Thread is done: UC4 4-18
2020-09-26 13:06:23,810 INFO o.a.j.t.JMeterThread: Thread finished: UC4 4-18
2020-09-26 13:06:23,993 INFO o.a.j.t.JMeterThread: Thread is done: UC6 5-18
2020-09-26 13:06:23,993 INFO o.a.j.t.JMeterThread: Thread finished: UC6 5-18
2020-09-26 13:06:24,253 INFO o.a.j.t.JMeterThread: Thread started: UC5 1-19
2020-09-26 13:06:24,353 INFO o.a.j.t.JMeterThread: Thread started: UC7 2-19
2020-09-26 13:06:24,384 INFO o.a.j.t.JMeterThread: Thread started: UC3 3-19
2020-09-26 13:06:24,410 INFO o.a.j.t.JMeterThread: Thread is done: UC5 1-19
2020-09-26 13:06:24,410 INFO o.a.j.t.JMeterThread: Thread finished: UC5 1-19
2020-09-26 13:06:24,417 INFO o.a.j.t.JMeterThread: Thread started: UC4 4-19
2020-09-26 13:06:24,534 INFO o.a.j.t.JMeterThread: Thread is done: UC7 2-19
2020-09-26 13:06:24,534 INFO o.a.j.t.JMeterThread: Thread finished: UC7 2-19
2020-09-26 13:06:24,561 INFO o.a.j.t.JMeterThread: Thread started: UC6 5-19
2020-09-26 13:06:24,643 INFO o.a.j.t.JMeterThread: Thread is done: UC3 3-19
2020-09-26 13:06:24,643 INFO o.a.j.t.JMeterThread: Thread finished: UC3 3-19
2020-09-26 13:06:24,840 INFO o.a.j.t.JMeterThread: Thread is done: UC4 4-19
2020-09-26 13:06:24,840 INFO o.a.j.t.JMeterThread: Thread finished: UC4 4-19
2020-09-26 13:06:25,014 INFO o.a.j.t.JMeterThread: Thread is done: UC6 5-19
2020-09-26 13:06:25,014 INFO o.a.j.t.JMeterThread: Thread finished: UC6 5-19
2020-09-26 13:06:25,237 INFO o.a.j.t.JMeterThread: Thread started: UC5 1-20
2020-09-26 13:06:25,353 INFO o.a.j.t.JMeterThread: Thread started: UC7 2-20
2020-09-26 13:06:25,383 INFO o.a.j.t.JMeterThread: Thread is done: UC5 1-20
2020-09-26 13:06:25,383 INFO o.a.j.t.JMeterThread: Thread finished: UC5 1-20
2020-09-26 13:06:25,390 INFO o.a.j.t.JMeterThread: Thread started: UC3 3-20
2020-09-26 13:06:25,416 INFO o.a.j.t.JMeterThread: Thread started: UC4 4-20
2020-09-26 13:06:25,529 INFO o.a.j.t.JMeterThread: Thread is done: UC7 2-20
2020-09-26 13:06:25,529 INFO o.a.j.t.JMeterThread: Thread finished: UC7 2-20
2020-09-26 13:06:25,562 INFO o.a.j.t.JMeterThread: Thread started: UC6 5-20
2020-09-26 13:06:25,645 INFO o.a.j.t.JMeterThread: Thread is done: UC3 3-20
2020-09-26 13:06:25,645 INFO o.a.j.t.JMeterThread: Thread finished: UC3 3-20
2020-09-26 13:06:25,860 INFO o.a.j.t.JMeterThread: Thread is done: UC4 4-20
2020-09-26 13:06:25,860 INFO o.a.j.t.JMeterThread: Thread finished: UC4 4-20
2020-09-26 13:06:26,026 INFO o.a.j.t.JMeterThread: Thread is done: UC6 5-20
2020-09-26 13:06:26,026 INFO o.a.j.t.JMeterThread: Thread finished: UC6 5-20
2020-09-26 13:06:26,240 INFO o.a.j.t.JMeterThread: Thread started: UC5 1-21
2020-09-26 13:06:26,352 INFO o.a.j.t.JMeterThread: Thread started: UC7 2-21
2020-09-26 13:06:26,383 INFO o.a.j.t.JMeterThread: Thread is done: UC5 1-21
2020-09-26 13:06:26,384 INFO o.a.j.t.JMeterThread: Thread finished: UC5 1-21
2020-09-26 13:06:26,389 INFO o.a.j.t.JMeterThread: Thread started: UC3 3-21
2020-09-26 13:06:26,420 INFO o.a.j.t.JMeterThread: Thread started: UC4 4-21
2020-09-26 13:06:26,537 INFO o.a.j.t.JMeterThread: Thread is done: UC7 2-21
2020-09-26 13:06:26,537 INFO o.a.j.t.JMeterThread: Thread finished: UC7 2-21
2020-09-26 13:06:26,561 INFO o.a.j.t.JMeterThread: Thread started: UC6 5-21
2020-09-26 13:06:26,689 INFO o.a.j.t.JMeterThread: Thread is done: UC3 3-21
2020-09-26 13:06:26,690 INFO o.a.j.t.JMeterThread: Thread finished: UC3 3-21
2020-09-26 13:06:26,892 INFO o.a.j.t.JMeterThread: Thread is done: UC4 4-21
2020-09-26 13:06:26,892 INFO o.a.j.t.JMeterThread: Thread finished: UC4 4-21
2020-09-26 13:06:27,011 INFO o.a.j.t.JMeterThread: Thread is done: UC6 5-21
2020-09-26 13:06:27,011 INFO o.a.j.t.JMeterThread: Thread finished: UC6 5-21
2020-09-26 13:06:27,237 INFO o.a.j.t.JMeterThread: Thread started: UC5 1-22
2020-09-26 13:06:27,354 INFO o.a.j.t.JMeterThread: Thread started: UC7 2-22
2020-09-26 13:06:27,388 INFO o.a.j.t.JMeterThread: Thread started: UC3 3-22
2020-09-26 13:06:27,405 INFO o.a.j.t.JMeterThread: Thread is done: UC5 1-22
2020-09-26 13:06:27,406 INFO o.a.j.t.JMeterThread: Thread finished: UC5 1-22
2020-09-26 13:06:27,420 INFO o.a.j.t.JMeterThread: Thread started: UC4 4-22
2020-09-26 13:06:27,542 INFO o.a.j.t.JMeterThread: Thread is done: UC7 2-22
2020-09-26 13:06:27,542 INFO o.a.j.t.JMeterThread: Thread finished: UC7 2-22
2020-09-26 13:06:27,561 INFO o.a.j.t.JMeterThread: Thread started: UC6 5-22
2020-09-26 13:06:27,679 INFO o.a.j.t.JMeterThread: Thread is done: UC3 3-22
2020-09-26 13:06:27,679 INFO o.a.j.t.JMeterThread: Thread finished: UC3 3-22
2020-09-26 13:06:27,885 INFO o.a.j.t.JMeterThread: Thread is done: UC4 4-22
2020-09-26 13:06:27,885 INFO o.a.j.t.JMeterThread: Thread finished: UC4 4-22
2020-09-26 13:06:28,037 INFO o.a.j.t.JMeterThread: Thread is done: UC6 5-22
2020-09-26 13:06:28,037 INFO o.a.j.t.JMeterThread: Thread finished: UC6 5-22
2020-09-26 13:06:28,237 INFO o.a.j.t.JMeterThread: Thread started: UC5 1-23
2020-09-26 13:06:28,351 INFO o.a.j.t.JMeterThread: Thread started: UC7 2-23
2020-09-26 13:06:28,375 INFO o.a.j.t.JMeterThread: Thread is done: UC5 1-23
2020-09-26 13:06:28,375 INFO o.a.j.t.JMeterThread: Thread finished: UC5 1-23
2020-09-26 13:06:28,385 INFO o.a.j.t.JMeterThread: Thread started: UC3 3-23
2020-09-26 13:06:28,422 INFO o.a.j.t.JMeterThread: Thread started: UC4 4-23
2020-09-26 13:06:28,540 INFO o.a.j.t.JMeterThread: Thread is done: UC7 2-23
2020-09-26 13:06:28,540 INFO o.a.j.t.JMeterThread: Thread finished: UC7 2-23
2020-09-26 13:06:28,566 INFO o.a.j.t.JMeterThread: Thread started: UC6 5-23
2020-09-26 13:06:28,641 INFO o.a.j.t.JMeterThread: Thread is done: UC3 3-23
2020-09-26 13:06:28,641 INFO o.a.j.t.JMeterThread: Thread finished: UC3 3-23
2020-09-26 13:06:28,847 INFO o.a.j.t.JMeterThread: Thread is done: UC4 4-23
2020-09-26 13:06:28,847 INFO o.a.j.t.JMeterThread: Thread finished: UC4 4-23
2020-09-26 13:06:29,003 INFO o.a.j.t.JMeterThread: Thread is done: UC6 5-23
2020-09-26 13:06:29,004 INFO o.a.j.t.JMeterThread: Thread finished: UC6 5-23
2020-09-26 13:06:29,240 INFO o.a.j.t.JMeterThread: Thread started: UC5 1-24
2020-09-26 13:06:29,352 INFO o.a.j.t.JMeterThread: Thread started: UC7 2-24
2020-09-26 13:06:29,372 INFO o.a.j.t.JMeterThread: Thread is done: UC5 1-24
2020-09-26 13:06:29,372 INFO o.a.j.t.JMeterThread: Thread finished: UC5 1-24
2020-09-26 13:06:29,391 INFO o.a.j.t.JMeterThread: Thread started: UC3 3-24
2020-09-26 13:06:29,426 INFO o.a.j.t.JMeterThread: Thread started: UC4 4-24
2020-09-26 13:06:29,539 INFO o.a.j.t.JMeterThread: Thread is done: UC7 2-24
2020-09-26 13:06:29,539 INFO o.a.j.t.JMeterThread: Thread finished: UC7 2-24
2020-09-26 13:06:29,562 INFO o.a.j.t.JMeterThread: Thread started: UC6 5-24
2020-09-26 13:06:29,686 INFO o.a.j.t.JMeterThread: Thread is done: UC3 3-24
2020-09-26 13:06:29,687 INFO o.a.j.t.JMeterThread: Thread finished: UC3 3-24
2020-09-26 13:06:29,893 INFO o.a.j.t.JMeterThread: Thread is done: UC4 4-24
2020-09-26 13:06:29,893 INFO o.a.j.t.JMeterThread: Thread finished: UC4 4-24
2020-09-26 13:06:30,005 INFO o.a.j.r.Summariser: summary +   3597 in 00:00:24 =  151.0/s Avg:    10 Min:     3 Max:   115 Err:     1 (0.03%) Active: 1 Started: 120 Finished: 119
2020-09-26 13:06:30,047 INFO o.a.j.t.JMeterThread: Thread is done: UC6 5-24
2020-09-26 13:06:30,047 INFO o.a.j.t.JMeterThread: Thread finished: UC6 5-24
2020-09-26 13:06:30,239 INFO o.a.j.t.JMeterThread: Thread started: UC5 1-25
2020-09-26 13:06:30,353 INFO o.a.j.t.JMeterThread: Thread started: UC7 2-25
2020-09-26 13:06:30,378 INFO o.a.j.t.JMeterThread: Thread is done: UC5 1-25
2020-09-26 13:06:30,378 INFO o.a.j.t.JMeterThread: Thread finished: UC5 1-25
2020-09-26 13:06:30,391 INFO o.a.j.t.JMeterThread: Thread started: UC3 3-25
2020-09-26 13:06:30,418 INFO o.a.j.t.JMeterThread: Thread started: UC4 4-25
2020-09-26 13:06:30,511 INFO o.a.j.t.JMeterThread: Thread is done: UC7 2-25
2020-09-26 13:06:30,511 INFO o.a.j.t.JMeterThread: Thread finished: UC7 2-25
2020-09-26 13:06:30,562 INFO o.a.j.t.JMeterThread: Thread started: UC6 5-25
2020-09-26 13:06:30,740 INFO o.a.j.t.JMeterThread: Thread is done: UC3 3-25
2020-09-26 13:06:30,740 INFO o.a.j.t.JMeterThread: Thread finished: UC3 3-25
2020-09-26 13:06:30,834 INFO o.a.j.t.JMeterThread: Thread is done: UC4 4-25
2020-09-26 13:06:30,834 INFO o.a.j.t.JMeterThread: Thread finished: UC4 4-25
2020-09-26 13:06:31,010 INFO o.a.j.t.JMeterThread: Thread is done: UC6 5-25
2020-09-26 13:06:31,010 INFO o.a.j.t.JMeterThread: Thread finished: UC6 5-25
2020-09-26 13:06:31,238 INFO o.a.j.t.JMeterThread: Thread started: UC5 1-26
2020-09-26 13:06:31,353 INFO o.a.j.t.JMeterThread: Thread started: UC7 2-26
2020-09-26 13:06:31,378 INFO o.a.j.t.JMeterThread: Thread is done: UC5 1-26
2020-09-26 13:06:31,378 INFO o.a.j.t.JMeterThread: Thread finished: UC5 1-26
2020-09-26 13:06:31,388 INFO o.a.j.t.JMeterThread: Thread started: UC3 3-26
2020-09-26 13:06:31,420 INFO o.a.j.t.JMeterThread: Thread started: UC4 4-26
2020-09-26 13:06:31,549 INFO o.a.j.t.JMeterThread: Thread is done: UC7 2-26
2020-09-26 13:06:31,549 INFO o.a.j.t.JMeterThread: Thread finished: UC7 2-26
2020-09-26 13:06:31,570 INFO o.a.j.t.JMeterThread: Thread started: UC6 5-26
2020-09-26 13:06:31,658 INFO o.a.j.t.JMeterThread: Thread is done: UC3 3-26
2020-09-26 13:06:31,658 INFO o.a.j.t.JMeterThread: Thread finished: UC3 3-26
2020-09-26 13:06:31,850 INFO o.a.j.t.JMeterThread: Thread is done: UC4 4-26
2020-09-26 13:06:31,850 INFO o.a.j.t.JMeterThread: Thread finished: UC4 4-26
2020-09-26 13:06:32,010 INFO o.a.j.t.JMeterThread: Thread is done: UC6 5-26
2020-09-26 13:06:32,010 INFO o.a.j.t.JMeterThread: Thread finished: UC6 5-26
2020-09-26 13:06:32,243 INFO o.a.j.t.JMeterThread: Thread started: UC5 1-27
2020-09-26 13:06:32,353 INFO o.a.j.t.JMeterThread: Thread started: UC7 2-27
2020-09-26 13:06:32,386 INFO o.a.j.t.JMeterThread: Thread started: UC3 3-27
2020-09-26 13:06:32,420 INFO o.a.j.t.JMeterThread: Thread started: UC4 4-27
2020-09-26 13:06:32,431 INFO o.a.j.t.JMeterThread: Thread is done: UC5 1-27
2020-09-26 13:06:32,431 INFO o.a.j.t.JMeterThread: Thread finished: UC5 1-27
2020-09-26 13:06:32,544 INFO o.a.j.t.JMeterThread: Thread is done: UC7 2-27
2020-09-26 13:06:32,544 INFO o.a.j.t.JMeterThread: Thread finished: UC7 2-27
2020-09-26 13:06:32,576 INFO o.a.j.t.JMeterThread: Thread started: UC6 5-27
2020-09-26 13:06:32,687 INFO o.a.j.t.JMeterThread: Thread is done: UC3 3-27
2020-09-26 13:06:32,687 INFO o.a.j.t.JMeterThread: Thread finished: UC3 3-27
2020-09-26 13:06:32,863 INFO o.a.j.t.JMeterThread: Thread is done: UC4 4-27
2020-09-26 13:06:32,863 INFO o.a.j.t.JMeterThread: Thread finished: UC4 4-27
2020-09-26 13:06:33,038 INFO o.a.j.t.JMeterThread: Thread is done: UC6 5-27
2020-09-26 13:06:33,039 INFO o.a.j.t.JMeterThread: Thread finished: UC6 5-27
2020-09-26 13:06:33,242 INFO o.a.j.t.JMeterThread: Thread started: UC5 1-28
2020-09-26 13:06:33,362 INFO o.a.j.t.JMeterThread: Thread started: UC7 2-28
2020-09-26 13:06:33,377 INFO o.a.j.t.JMeterThread: Thread is done: UC5 1-28
2020-09-26 13:06:33,377 INFO o.a.j.t.JMeterThread: Thread finished: UC5 1-28
2020-09-26 13:06:33,384 INFO o.a.j.t.JMeterThread: Thread started: UC3 3-28
2020-09-26 13:06:33,421 INFO o.a.j.t.JMeterThread: Thread started: UC4 4-28
2020-09-26 13:06:33,532 INFO o.a.j.t.JMeterThread: Thread is done: UC7 2-28
2020-09-26 13:06:33,532 INFO o.a.j.t.JMeterThread: Thread finished: UC7 2-28
2020-09-26 13:06:33,574 INFO o.a.j.t.JMeterThread: Thread started: UC6 5-28
2020-09-26 13:06:33,641 INFO o.a.j.t.JMeterThread: Thread is done: UC3 3-28
2020-09-26 13:06:33,641 INFO o.a.j.t.JMeterThread: Thread finished: UC3 3-28
2020-09-26 13:06:33,845 INFO o.a.j.t.JMeterThread: Thread is done: UC4 4-28
2020-09-26 13:06:33,845 INFO o.a.j.t.JMeterThread: Thread finished: UC4 4-28
2020-09-26 13:06:34,011 INFO o.a.j.t.JMeterThread: Thread is done: UC6 5-28
2020-09-26 13:06:34,011 INFO o.a.j.t.JMeterThread: Thread finished: UC6 5-28
2020-09-26 13:06:34,240 INFO o.a.j.t.JMeterThread: Thread started: UC5 1-29
2020-09-26 13:06:34,352 INFO o.a.j.t.JMeterThread: Thread started: UC7 2-29
2020-09-26 13:06:34,370 INFO o.a.j.t.JMeterThread: Thread is done: UC5 1-29
2020-09-26 13:06:34,370 INFO o.a.j.t.JMeterThread: Thread finished: UC5 1-29
2020-09-26 13:06:34,385 INFO o.a.j.t.JMeterThread: Thread started: UC3 3-29
2020-09-26 13:06:34,431 INFO o.a.j.t.JMeterThread: Thread started: UC4 4-29
2020-09-26 13:06:34,516 INFO o.a.j.t.JMeterThread: Thread is done: UC7 2-29
2020-09-26 13:06:34,516 INFO o.a.j.t.JMeterThread: Thread finished: UC7 2-29
2020-09-26 13:06:34,568 INFO o.a.j.t.JMeterThread: Thread started: UC6 5-29
2020-09-26 13:06:34,647 INFO o.a.j.t.JMeterThread: Thread is done: UC3 3-29
2020-09-26 13:06:34,647 INFO o.a.j.t.JMeterThread: Thread finished: UC3 3-29
2020-09-26 13:06:34,834 INFO o.a.j.t.JMeterThread: Thread is done: UC4 4-29
2020-09-26 13:06:34,834 INFO o.a.j.t.JMeterThread: Thread finished: UC4 4-29
2020-09-26 13:06:35,023 INFO o.a.j.t.JMeterThread: Thread is done: UC6 5-29
2020-09-26 13:06:35,023 INFO o.a.j.t.JMeterThread: Thread finished: UC6 5-29
2020-09-26 13:06:35,238 INFO o.a.j.t.JMeterThread: Thread started: UC5 1-30
2020-09-26 13:06:35,352 INFO o.a.j.t.JMeterThread: Thread started: UC7 2-30
2020-09-26 13:06:35,380 INFO o.a.j.t.JMeterThread: Thread is done: UC5 1-30
2020-09-26 13:06:35,381 INFO o.a.j.t.JMeterThread: Thread finished: UC5 1-30
2020-09-26 13:06:35,383 INFO o.a.j.t.JMeterThread: Thread started: UC3 3-30
2020-09-26 13:06:35,423 INFO o.a.j.t.JMeterThread: Thread started: UC4 4-30
2020-09-26 13:06:35,553 INFO o.a.j.t.JMeterThread: Thread is done: UC7 2-30
2020-09-26 13:06:35,553 INFO o.a.j.t.JMeterThread: Thread finished: UC7 2-30
2020-09-26 13:06:35,568 INFO o.a.j.t.JMeterThread: Thread started: UC6 5-30
2020-09-26 13:06:35,645 INFO o.a.j.t.JMeterThread: Thread is done: UC3 3-30
2020-09-26 13:06:35,645 INFO o.a.j.t.JMeterThread: Thread finished: UC3 3-30
2020-09-26 13:06:35,881 INFO o.a.j.t.JMeterThread: Thread is done: UC4 4-30
2020-09-26 13:06:35,881 INFO o.a.j.t.JMeterThread: Thread finished: UC4 4-30
2020-09-26 13:06:35,999 INFO o.a.j.t.JMeterThread: Thread is done: UC6 5-30
2020-09-26 13:06:35,999 INFO o.a.j.t.JMeterThread: Thread finished: UC6 5-30
2020-09-26 13:06:36,000 INFO o.a.j.e.StandardJMeterEngine: Notifying test listeners of end of test
2020-09-26 13:06:36,001 INFO o.a.j.r.Summariser: summary +    903 in 00:00:06 =  150.6/s Avg:     9 Min:     3 Max:    98 Err:     0 (0.00%) Active: 0 Started: 150 Finished: 150
2020-09-26 13:06:36,001 INFO o.a.j.r.Summariser: summary =   4500 in 00:00:30 =  150.9/s Avg:    10 Min:     3 Max:   115 Err:     1 (0.02%)
