2020-06-30 16:23:04,931 INFO o.a.j.u.JMeterUtils: Setting Locale to en_US
2020-06-30 16:23:04,997 INFO o.a.j.JMeter: Loading user properties from: /home/gabrielkovacs/jmeter/apache-jmeter-5.3/bin/user.properties
2020-06-30 16:23:04,997 INFO o.a.j.JMeter: Loading system properties from: /home/gabrielkovacs/jmeter/apache-jmeter-5.3/bin/system.properties
2020-06-30 16:23:04,999 INFO o.a.j.JMeter: Copyright (c) 1998-2020 The Apache Software Foundation
2020-06-30 16:23:05,000 INFO o.a.j.JMeter: Version 5.3
2020-06-30 16:23:05,000 INFO o.a.j.JMeter: java.version=11.0.7
2020-06-30 16:23:05,002 INFO o.a.j.JMeter: java.vm.name=OpenJDK 64-Bit Server VM
2020-06-30 16:23:05,002 INFO o.a.j.JMeter: os.name=Linux
2020-06-30 16:23:05,002 INFO o.a.j.JMeter: os.arch=amd64
2020-06-30 16:23:05,002 INFO o.a.j.JMeter: os.version=5.3.0-59-generic
2020-06-30 16:23:05,003 INFO o.a.j.JMeter: file.encoding=UTF-8
2020-06-30 16:23:05,003 INFO o.a.j.JMeter: java.awt.headless=true
2020-06-30 16:23:05,003 INFO o.a.j.JMeter: Max memory     =4198498304
2020-06-30 16:23:05,003 INFO o.a.j.JMeter: Available Processors =2
2020-06-30 16:23:05,020 INFO o.a.j.JMeter: Default Locale=English (United States)
2020-06-30 16:23:05,020 INFO o.a.j.JMeter: JMeter  Locale=English (United States)
2020-06-30 16:23:05,020 INFO o.a.j.JMeter: JMeterHome=/home/gabrielkovacs/jmeter/apache-jmeter-5.3
2020-06-30 16:23:05,020 INFO o.a.j.JMeter: user.dir  =/home/gabrielkovacs/jmeter/pub_sub_1_to_1_db_distributed
2020-06-30 16:23:05,021 INFO o.a.j.JMeter: PWD       =/home/gabrielkovacs/jmeter/pub_sub_1_to_1_db_distributed
2020-06-30 16:23:05,021 INFO o.a.j.JMeter: IP: 127.0.1.1 Name: swa-gabrielkovacs FullName: swa-gabrielkovacs
2020-06-30 16:23:05,033 INFO o.a.j.s.FileServer: Default base='/home/gabrielkovacs/jmeter/pub_sub_1_to_1_db_distributed'
2020-06-30 16:23:05,036 INFO o.a.j.s.FileServer: Set new base='/home/gabrielkovacs/jmeter/pub_sub_1_to_1_db_distributed'
2020-06-30 16:23:05,297 INFO o.a.j.s.SaveService: Testplan (JMX) version: 2.2. Testlog (JTL) version: 2.2
2020-06-30 16:23:05,328 INFO o.a.j.s.SaveService: Using SaveService properties version 5.0
2020-06-30 16:23:05,333 INFO o.a.j.s.SaveService: Using SaveService properties file encoding UTF-8
2020-06-30 16:23:05,338 INFO o.a.j.s.SaveService: Loading file: SR_OP&ROP_DR_10_10_10.jmx
2020-06-30 16:23:05,415 INFO o.a.j.p.h.s.HTTPSamplerBase: Parser for text/html is org.apache.jmeter.protocol.http.parser.LagartoBasedHtmlParser
2020-06-30 16:23:05,415 INFO o.a.j.p.h.s.HTTPSamplerBase: Parser for application/xhtml+xml is org.apache.jmeter.protocol.http.parser.LagartoBasedHtmlParser
2020-06-30 16:23:05,415 INFO o.a.j.p.h.s.HTTPSamplerBase: Parser for application/xml is org.apache.jmeter.protocol.http.parser.LagartoBasedHtmlParser
2020-06-30 16:23:05,415 INFO o.a.j.p.h.s.HTTPSamplerBase: Parser for text/xml is org.apache.jmeter.protocol.http.parser.LagartoBasedHtmlParser
2020-06-30 16:23:05,415 INFO o.a.j.p.h.s.HTTPSamplerBase: Parser for text/vnd.wap.wml is org.apache.jmeter.protocol.http.parser.RegexpHTMLParser
2020-06-30 16:23:05,416 INFO o.a.j.p.h.s.HTTPSamplerBase: Parser for text/css is org.apache.jmeter.protocol.http.parser.CssParser
2020-06-30 16:23:05,477 INFO o.a.j.JMeter: Creating summariser <summary>
2020-06-30 16:23:05,487 INFO o.a.j.e.StandardJMeterEngine: Running the test!
2020-06-30 16:23:05,489 INFO o.a.j.s.SampleEvent: List of sample_variables: [uuid]
2020-06-30 16:23:05,489 INFO o.a.j.s.SampleEvent: List of sample_variables: [uuid]
2020-06-30 16:23:05,510 INFO o.a.j.e.u.CompoundVariable: Note: Function class names must contain the string: '.functions.'
2020-06-30 16:23:05,510 INFO o.a.j.e.u.CompoundVariable: Note: Function class names must not contain the string: '.gui.'
2020-06-30 16:23:06,081 INFO o.a.j.JMeter: Running test (1593526986081)
2020-06-30 16:23:06,119 INFO o.a.j.e.StandardJMeterEngine: Starting ThreadGroup: 1 : UC5
2020-06-30 16:23:06,119 INFO o.a.j.e.StandardJMeterEngine: Starting 10 threads for group UC5.
2020-06-30 16:23:06,120 INFO o.a.j.e.StandardJMeterEngine: Thread will continue on error
2020-06-30 16:23:06,120 INFO o.a.j.t.ThreadGroup: Starting thread group... number=1 threads=10 ramp-up=10 delayedStart=false
2020-06-30 16:23:06,154 INFO o.a.j.t.ThreadGroup: Started thread group number 1
2020-06-30 16:23:06,154 INFO o.a.j.e.StandardJMeterEngine: Starting ThreadGroup: 2 : UC7
2020-06-30 16:23:06,155 INFO o.a.j.e.StandardJMeterEngine: Starting 10 threads for group UC7.
2020-06-30 16:23:06,155 INFO o.a.j.e.StandardJMeterEngine: Thread will continue on error
2020-06-30 16:23:06,155 INFO o.a.j.t.ThreadGroup: Starting thread group... number=2 threads=10 ramp-up=10 delayedStart=false
2020-06-30 16:23:06,172 INFO o.a.j.t.ThreadGroup: Started thread group number 2
2020-06-30 16:23:06,172 INFO o.a.j.e.StandardJMeterEngine: Starting ThreadGroup: 3 : UC3
2020-06-30 16:23:06,172 INFO o.a.j.e.StandardJMeterEngine: Starting 10 threads for group UC3.
2020-06-30 16:23:06,172 INFO o.a.j.e.StandardJMeterEngine: Thread will continue on error
2020-06-30 16:23:06,172 INFO o.a.j.t.ThreadGroup: Starting thread group... number=3 threads=10 ramp-up=10 delayedStart=false
2020-06-30 16:23:06,183 INFO o.a.j.t.ThreadGroup: Started thread group number 3
2020-06-30 16:23:06,183 INFO o.a.j.e.StandardJMeterEngine: Starting ThreadGroup: 4 : UC4
2020-06-30 16:23:06,183 INFO o.a.j.e.StandardJMeterEngine: Starting 10 threads for group UC4.
2020-06-30 16:23:06,183 INFO o.a.j.e.StandardJMeterEngine: Thread will continue on error
2020-06-30 16:23:06,183 INFO o.a.j.t.ThreadGroup: Starting thread group... number=4 threads=10 ramp-up=10 delayedStart=false
2020-06-30 16:23:06,190 INFO o.a.j.t.ThreadGroup: Started thread group number 4
2020-06-30 16:23:06,190 INFO o.a.j.e.StandardJMeterEngine: Starting ThreadGroup: 5 : UC6
2020-06-30 16:23:06,190 INFO o.a.j.e.StandardJMeterEngine: Starting 10 threads for group UC6.
2020-06-30 16:23:06,190 INFO o.a.j.e.StandardJMeterEngine: Thread will continue on error
2020-06-30 16:23:06,191 INFO o.a.j.t.ThreadGroup: Starting thread group... number=5 threads=10 ramp-up=10 delayedStart=false
2020-06-30 16:23:06,198 INFO o.a.j.t.JMeterThread: Thread started: UC4 4-1
2020-06-30 16:23:06,202 INFO o.a.j.t.JMeterThread: Thread started: UC3 3-1
2020-06-30 16:23:06,203 INFO o.a.j.t.JMeterThread: Thread started: UC7 2-1
2020-06-30 16:23:06,212 INFO o.a.j.t.JMeterThread: Thread started: UC6 5-1
2020-06-30 16:23:06,213 INFO o.a.j.t.JMeterThread: Thread started: UC5 1-1
2020-06-30 16:23:06,232 INFO o.a.j.t.ThreadGroup: Started thread group number 5
2020-06-30 16:23:06,232 INFO o.a.j.e.StandardJMeterEngine: All thread groups have been started
2020-06-30 16:23:06,239 INFO o.a.j.p.h.s.HTTPJavaImpl: Maximum connection retries = 0
2020-06-30 16:23:06,241 INFO o.a.j.s.SampleResult: Note: Sample TimeStamps are START times
2020-06-30 16:23:06,241 INFO o.a.j.s.SampleResult: sampleresult.default.encoding is set to ISO-8859-1
2020-06-30 16:23:06,241 INFO o.a.j.s.SampleResult: sampleresult.useNanoTime=true
2020-06-30 16:23:06,241 INFO o.a.j.s.SampleResult: sampleresult.nanoThreadSleep=5000
2020-06-30 16:23:06,592 INFO o.a.j.t.JMeterThread: Thread is done: UC5 1-1
2020-06-30 16:23:06,593 INFO o.a.j.t.JMeterThread: Thread finished: UC5 1-1
2020-06-30 16:23:06,593 INFO o.a.j.t.JMeterThread: Thread is done: UC6 5-1
2020-06-30 16:23:06,593 INFO o.a.j.t.JMeterThread: Thread finished: UC6 5-1
2020-06-30 16:23:06,610 INFO o.a.j.t.JMeterThread: Thread is done: UC3 3-1
2020-06-30 16:23:06,610 INFO o.a.j.t.JMeterThread: Thread finished: UC3 3-1
2020-06-30 16:23:06,630 INFO o.a.j.t.JMeterThread: Thread is done: UC4 4-1
2020-06-30 16:23:06,630 INFO o.a.j.t.JMeterThread: Thread finished: UC4 4-1
2020-06-30 16:23:06,664 INFO o.a.j.t.JMeterThread: Thread is done: UC7 2-1
2020-06-30 16:23:06,664 INFO o.a.j.t.JMeterThread: Thread finished: UC7 2-1
2020-06-30 16:23:07,186 INFO o.a.j.t.JMeterThread: Thread started: UC5 1-2
2020-06-30 16:23:07,197 INFO o.a.j.t.JMeterThread: Thread started: UC4 4-2
2020-06-30 16:23:07,199 INFO o.a.j.t.JMeterThread: Thread started: UC3 3-2
2020-06-30 16:23:07,201 INFO o.a.j.t.JMeterThread: Thread started: UC7 2-2
2020-06-30 16:23:07,203 INFO o.a.j.t.JMeterThread: Thread started: UC6 5-2
2020-06-30 16:23:07,398 INFO o.a.j.t.JMeterThread: Thread is done: UC5 1-2
2020-06-30 16:23:07,398 INFO o.a.j.t.JMeterThread: Thread finished: UC5 1-2
2020-06-30 16:23:07,479 INFO o.a.j.t.JMeterThread: Thread is done: UC3 3-2
2020-06-30 16:23:07,479 INFO o.a.j.t.JMeterThread: Thread finished: UC3 3-2
2020-06-30 16:23:07,484 INFO o.a.j.t.JMeterThread: Thread is done: UC7 2-2
2020-06-30 16:23:07,484 INFO o.a.j.t.JMeterThread: Thread finished: UC7 2-2
2020-06-30 16:23:07,490 INFO o.a.j.t.JMeterThread: Thread is done: UC4 4-2
2020-06-30 16:23:07,490 INFO o.a.j.t.JMeterThread: Thread finished: UC4 4-2
2020-06-30 16:23:07,494 INFO o.a.j.t.JMeterThread: Thread is done: UC6 5-2
2020-06-30 16:23:07,494 INFO o.a.j.t.JMeterThread: Thread finished: UC6 5-2
2020-06-30 16:23:08,180 INFO o.a.j.t.JMeterThread: Thread started: UC5 1-3
2020-06-30 16:23:08,196 INFO o.a.j.t.JMeterThread: Thread started: UC4 4-3
2020-06-30 16:23:08,197 INFO o.a.j.t.JMeterThread: Thread started: UC3 3-3
2020-06-30 16:23:08,200 INFO o.a.j.t.JMeterThread: Thread started: UC7 2-3
2020-06-30 16:23:08,215 INFO o.a.j.t.JMeterThread: Thread started: UC6 5-3
2020-06-30 16:23:08,398 INFO o.a.j.t.JMeterThread: Thread is done: UC5 1-3
2020-06-30 16:23:08,398 INFO o.a.j.t.JMeterThread: Thread finished: UC5 1-3
2020-06-30 16:23:08,459 INFO o.a.j.t.JMeterThread: Thread is done: UC3 3-3
2020-06-30 16:23:08,459 INFO o.a.j.t.JMeterThread: Thread finished: UC3 3-3
2020-06-30 16:23:08,462 INFO o.a.j.t.JMeterThread: Thread is done: UC6 5-3
2020-06-30 16:23:08,462 INFO o.a.j.t.JMeterThread: Thread finished: UC6 5-3
2020-06-30 16:23:08,467 INFO o.a.j.t.JMeterThread: Thread is done: UC4 4-3
2020-06-30 16:23:08,467 INFO o.a.j.t.JMeterThread: Thread finished: UC4 4-3
2020-06-30 16:23:08,474 INFO o.a.j.t.JMeterThread: Thread is done: UC7 2-3
2020-06-30 16:23:08,474 INFO o.a.j.t.JMeterThread: Thread finished: UC7 2-3
2020-06-30 16:23:09,177 INFO o.a.j.t.JMeterThread: Thread started: UC5 1-4
2020-06-30 16:23:09,197 INFO o.a.j.t.JMeterThread: Thread started: UC7 2-4
2020-06-30 16:23:09,196 INFO o.a.j.t.JMeterThread: Thread started: UC4 4-4
2020-06-30 16:23:09,200 INFO o.a.j.t.JMeterThread: Thread started: UC3 3-4
2020-06-30 16:23:09,213 INFO o.a.j.t.JMeterThread: Thread started: UC6 5-4
2020-06-30 16:23:09,369 INFO o.a.j.t.JMeterThread: Thread is done: UC5 1-4
2020-06-30 16:23:09,370 INFO o.a.j.t.JMeterThread: Thread finished: UC5 1-4
2020-06-30 16:23:09,370 INFO o.a.j.t.JMeterThread: Thread is done: UC3 3-4
2020-06-30 16:23:09,370 INFO o.a.j.t.JMeterThread: Thread finished: UC3 3-4
2020-06-30 16:23:09,401 INFO o.a.j.t.JMeterThread: Thread is done: UC7 2-4
2020-06-30 16:23:09,401 INFO o.a.j.t.JMeterThread: Thread finished: UC7 2-4
2020-06-30 16:23:09,427 INFO o.a.j.t.JMeterThread: Thread is done: UC4 4-4
2020-06-30 16:23:09,427 INFO o.a.j.t.JMeterThread: Thread finished: UC4 4-4
2020-06-30 16:23:09,428 INFO o.a.j.t.JMeterThread: Thread is done: UC6 5-4
2020-06-30 16:23:09,429 INFO o.a.j.t.JMeterThread: Thread finished: UC6 5-4
2020-06-30 16:23:10,172 INFO o.a.j.t.JMeterThread: Thread started: UC5 1-5
2020-06-30 16:23:10,194 INFO o.a.j.t.JMeterThread: Thread started: UC7 2-5
2020-06-30 16:23:10,195 INFO o.a.j.t.JMeterThread: Thread started: UC4 4-5
2020-06-30 16:23:10,197 INFO o.a.j.t.JMeterThread: Thread started: UC3 3-5
2020-06-30 16:23:10,203 INFO o.a.j.t.JMeterThread: Thread started: UC6 5-5
2020-06-30 16:23:10,378 INFO o.a.j.t.JMeterThread: Thread is done: UC5 1-5
2020-06-30 16:23:10,378 INFO o.a.j.t.JMeterThread: Thread finished: UC5 1-5
2020-06-30 16:23:10,408 INFO o.a.j.t.JMeterThread: Thread is done: UC6 5-5
2020-06-30 16:23:10,408 INFO o.a.j.t.JMeterThread: Thread finished: UC6 5-5
2020-06-30 16:23:10,413 INFO o.a.j.t.JMeterThread: Thread is done: UC4 4-5
2020-06-30 16:23:10,414 INFO o.a.j.t.JMeterThread: Thread finished: UC4 4-5
2020-06-30 16:23:10,435 INFO o.a.j.t.JMeterThread: Thread is done: UC7 2-5
2020-06-30 16:23:10,436 INFO o.a.j.t.JMeterThread: Thread finished: UC7 2-5
2020-06-30 16:23:10,436 INFO o.a.j.t.JMeterThread: Thread is done: UC3 3-5
2020-06-30 16:23:10,436 INFO o.a.j.t.JMeterThread: Thread finished: UC3 3-5
2020-06-30 16:23:11,179 INFO o.a.j.t.JMeterThread: Thread started: UC5 1-6
2020-06-30 16:23:11,192 INFO o.a.j.t.JMeterThread: Thread started: UC7 2-6
2020-06-30 16:23:11,194 INFO o.a.j.t.JMeterThread: Thread started: UC4 4-6
2020-06-30 16:23:11,196 INFO o.a.j.t.JMeterThread: Thread started: UC3 3-6
2020-06-30 16:23:11,216 INFO o.a.j.t.JMeterThread: Thread started: UC6 5-6
2020-06-30 16:23:11,389 INFO o.a.j.t.JMeterThread: Thread is done: UC5 1-6
2020-06-30 16:23:11,389 INFO o.a.j.t.JMeterThread: Thread finished: UC5 1-6
2020-06-30 16:23:11,389 INFO o.a.j.t.JMeterThread: Thread is done: UC7 2-6
2020-06-30 16:23:11,389 INFO o.a.j.t.JMeterThread: Thread finished: UC7 2-6
2020-06-30 16:23:11,411 INFO o.a.j.t.JMeterThread: Thread is done: UC3 3-6
2020-06-30 16:23:11,411 INFO o.a.j.t.JMeterThread: Thread finished: UC3 3-6
2020-06-30 16:23:11,428 INFO o.a.j.t.JMeterThread: Thread is done: UC4 4-6
2020-06-30 16:23:11,428 INFO o.a.j.t.JMeterThread: Thread finished: UC4 4-6
2020-06-30 16:23:11,430 INFO o.a.j.t.JMeterThread: Thread is done: UC6 5-6
2020-06-30 16:23:11,430 INFO o.a.j.t.JMeterThread: Thread finished: UC6 5-6
2020-06-30 16:23:12,173 INFO o.a.j.t.JMeterThread: Thread started: UC5 1-7
2020-06-30 16:23:12,191 INFO o.a.j.t.JMeterThread: Thread started: UC7 2-7
2020-06-30 16:23:12,195 INFO o.a.j.t.JMeterThread: Thread started: UC3 3-7
2020-06-30 16:23:12,202 INFO o.a.j.t.JMeterThread: Thread started: UC6 5-7
2020-06-30 16:23:12,212 INFO o.a.j.t.JMeterThread: Thread started: UC4 4-7
2020-06-30 16:23:12,360 INFO o.a.j.t.JMeterThread: Thread is done: UC5 1-7
2020-06-30 16:23:12,360 INFO o.a.j.t.JMeterThread: Thread finished: UC5 1-7
2020-06-30 16:23:12,398 INFO o.a.j.t.JMeterThread: Thread is done: UC7 2-7
2020-06-30 16:23:12,399 INFO o.a.j.t.JMeterThread: Thread finished: UC7 2-7
2020-06-30 16:23:12,408 INFO o.a.j.t.JMeterThread: Thread is done: UC3 3-7
2020-06-30 16:23:12,408 INFO o.a.j.t.JMeterThread: Thread finished: UC3 3-7
2020-06-30 16:23:12,419 INFO o.a.j.t.JMeterThread: Thread is done: UC6 5-7
2020-06-30 16:23:12,420 INFO o.a.j.t.JMeterThread: Thread finished: UC6 5-7
2020-06-30 16:23:12,433 INFO o.a.j.t.JMeterThread: Thread is done: UC4 4-7
2020-06-30 16:23:12,433 INFO o.a.j.t.JMeterThread: Thread finished: UC4 4-7
2020-06-30 16:23:13,171 INFO o.a.j.t.JMeterThread: Thread started: UC5 1-8
2020-06-30 16:23:13,190 INFO o.a.j.t.JMeterThread: Thread started: UC7 2-8
2020-06-30 16:23:13,195 INFO o.a.j.t.JMeterThread: Thread started: UC3 3-8
2020-06-30 16:23:13,211 INFO o.a.j.t.JMeterThread: Thread started: UC4 4-8
2020-06-30 16:23:13,215 INFO o.a.j.t.JMeterThread: Thread started: UC6 5-8
2020-06-30 16:23:13,338 INFO o.a.j.t.JMeterThread: Thread is done: UC5 1-8
2020-06-30 16:23:13,338 INFO o.a.j.t.JMeterThread: Thread finished: UC5 1-8
2020-06-30 16:23:13,391 INFO o.a.j.t.JMeterThread: Thread is done: UC3 3-8
2020-06-30 16:23:13,391 INFO o.a.j.t.JMeterThread: Thread finished: UC3 3-8
2020-06-30 16:23:13,410 INFO o.a.j.t.JMeterThread: Thread is done: UC6 5-8
2020-06-30 16:23:13,410 INFO o.a.j.t.JMeterThread: Thread finished: UC6 5-8
2020-06-30 16:23:13,419 INFO o.a.j.t.JMeterThread: Thread is done: UC7 2-8
2020-06-30 16:23:13,419 INFO o.a.j.t.JMeterThread: Thread finished: UC7 2-8
2020-06-30 16:23:13,420 INFO o.a.j.t.JMeterThread: Thread is done: UC4 4-8
2020-06-30 16:23:13,421 INFO o.a.j.t.JMeterThread: Thread finished: UC4 4-8
2020-06-30 16:23:14,170 INFO o.a.j.t.JMeterThread: Thread started: UC5 1-9
2020-06-30 16:23:14,188 INFO o.a.j.t.JMeterThread: Thread started: UC7 2-9
2020-06-30 16:23:14,194 INFO o.a.j.t.JMeterThread: Thread started: UC3 3-9
2020-06-30 16:23:14,207 INFO o.a.j.t.JMeterThread: Thread started: UC6 5-9
2020-06-30 16:23:14,209 INFO o.a.j.t.JMeterThread: Thread started: UC4 4-9
2020-06-30 16:23:14,396 INFO o.a.j.t.JMeterThread: Thread is done: UC5 1-9
2020-06-30 16:23:14,396 INFO o.a.j.t.JMeterThread: Thread finished: UC5 1-9
2020-06-30 16:23:14,418 INFO o.a.j.t.JMeterThread: Thread is done: UC7 2-9
2020-06-30 16:23:14,418 INFO o.a.j.t.JMeterThread: Thread finished: UC7 2-9
2020-06-30 16:23:14,431 INFO o.a.j.t.JMeterThread: Thread is done: UC3 3-9
2020-06-30 16:23:14,431 INFO o.a.j.t.JMeterThread: Thread finished: UC3 3-9
2020-06-30 16:23:14,431 INFO o.a.j.t.JMeterThread: Thread is done: UC6 5-9
2020-06-30 16:23:14,431 INFO o.a.j.t.JMeterThread: Thread finished: UC6 5-9
2020-06-30 16:23:14,434 INFO o.a.j.t.JMeterThread: Thread is done: UC4 4-9
2020-06-30 16:23:14,434 INFO o.a.j.t.JMeterThread: Thread finished: UC4 4-9
2020-06-30 16:23:15,169 INFO o.a.j.t.JMeterThread: Thread started: UC5 1-10
2020-06-30 16:23:15,187 INFO o.a.j.t.JMeterThread: Thread started: UC7 2-10
2020-06-30 16:23:15,193 INFO o.a.j.t.JMeterThread: Thread started: UC3 3-10
2020-06-30 16:23:15,203 INFO o.a.j.t.JMeterThread: Thread started: UC6 5-10
2020-06-30 16:23:15,207 INFO o.a.j.t.JMeterThread: Thread started: UC4 4-10
2020-06-30 16:23:15,440 INFO o.a.j.t.JMeterThread: Thread is done: UC4 4-10
2020-06-30 16:23:15,440 INFO o.a.j.t.JMeterThread: Thread finished: UC4 4-10
2020-06-30 16:23:15,444 INFO o.a.j.t.JMeterThread: Thread is done: UC3 3-10
2020-06-30 16:23:15,444 INFO o.a.j.t.JMeterThread: Thread finished: UC3 3-10
2020-06-30 16:23:15,450 INFO o.a.j.t.JMeterThread: Thread is done: UC6 5-10
2020-06-30 16:23:15,450 INFO o.a.j.t.JMeterThread: Thread finished: UC6 5-10
2020-06-30 16:23:15,454 INFO o.a.j.t.JMeterThread: Thread is done: UC7 2-10
2020-06-30 16:23:15,454 INFO o.a.j.t.JMeterThread: Thread finished: UC7 2-10
2020-06-30 16:23:15,456 INFO o.a.j.t.JMeterThread: Thread is done: UC5 1-10
2020-06-30 16:23:15,456 INFO o.a.j.t.JMeterThread: Thread finished: UC5 1-10
2020-06-30 16:23:15,458 INFO o.a.j.e.StandardJMeterEngine: Notifying test listeners of end of test
2020-06-30 16:23:15,459 INFO o.a.j.r.Summariser: summary =    500 in 00:00:09 =   53.3/s Avg:    23 Min:     8 Max:    81 Err:     0 (0.00%)
