2020-10-19 21:12:20,213 INFO o.a.j.u.JMeterUtils: Setting Locale to en_US
2020-10-19 21:12:20,248 INFO o.a.j.JMeter: Loading user properties from: /home/gabrielkovacs/jmeter/apache-jmeter-5.3/bin/user.properties
2020-10-19 21:12:20,249 INFO o.a.j.JMeter: Loading system properties from: /home/gabrielkovacs/jmeter/apache-jmeter-5.3/bin/system.properties
2020-10-19 21:12:20,250 INFO o.a.j.JMeter: Copyright (c) 1998-2020 The Apache Software Foundation
2020-10-19 21:12:20,250 INFO o.a.j.JMeter: Version 5.3
2020-10-19 21:12:20,251 INFO o.a.j.JMeter: java.version=11.0.8
2020-10-19 21:12:20,251 INFO o.a.j.JMeter: java.vm.name=OpenJDK 64-Bit Server VM
2020-10-19 21:12:20,251 INFO o.a.j.JMeter: os.name=Linux
2020-10-19 21:12:20,251 INFO o.a.j.JMeter: os.arch=amd64
2020-10-19 21:12:20,251 INFO o.a.j.JMeter: os.version=5.3.0-59-generic
2020-10-19 21:12:20,251 INFO o.a.j.JMeter: file.encoding=UTF-8
2020-10-19 21:12:20,252 INFO o.a.j.JMeter: java.awt.headless=true
2020-10-19 21:12:20,252 INFO o.a.j.JMeter: Max memory     =4198498304
2020-10-19 21:12:20,252 INFO o.a.j.JMeter: Available Processors =2
2020-10-19 21:12:20,264 INFO o.a.j.JMeter: Default Locale=English (United States)
2020-10-19 21:12:20,264 INFO o.a.j.JMeter: JMeter  Locale=English (United States)
2020-10-19 21:12:20,264 INFO o.a.j.JMeter: JMeterHome=/home/gabrielkovacs/jmeter/apache-jmeter-5.3
2020-10-19 21:12:20,265 INFO o.a.j.JMeter: user.dir  =/home/gabrielkovacs/jmeter/pub_sub_1_to_1_db_distributed
2020-10-19 21:12:20,265 INFO o.a.j.JMeter: PWD       =/home/gabrielkovacs/jmeter/pub_sub_1_to_1_db_distributed
2020-10-19 21:12:20,265 INFO o.a.j.JMeter: IP: 127.0.1.1 Name: swa-gabrielkovacs FullName: swa-gabrielkovacs
2020-10-19 21:12:20,274 INFO o.a.j.s.FileServer: Default base='/home/gabrielkovacs/jmeter/pub_sub_1_to_1_db_distributed'
2020-10-19 21:12:20,277 INFO o.a.j.s.FileServer: Set new base='/home/gabrielkovacs/jmeter/pub_sub_1_to_1_db_distributed'
2020-10-19 21:12:20,536 INFO o.a.j.s.SaveService: Testplan (JMX) version: 2.2. Testlog (JTL) version: 2.2
2020-10-19 21:12:20,581 INFO o.a.j.s.SaveService: Using SaveService properties version 5.0
2020-10-19 21:12:20,588 INFO o.a.j.s.SaveService: Using SaveService properties file encoding UTF-8
2020-10-19 21:12:20,600 INFO o.a.j.s.SaveService: Loading file: SR_OP&ROP_DR_1_0_300_timer_300.jmx
2020-10-19 21:12:20,667 INFO o.a.j.p.h.s.HTTPSamplerBase: Parser for text/html is org.apache.jmeter.protocol.http.parser.LagartoBasedHtmlParser
2020-10-19 21:12:20,667 INFO o.a.j.p.h.s.HTTPSamplerBase: Parser for application/xhtml+xml is org.apache.jmeter.protocol.http.parser.LagartoBasedHtmlParser
2020-10-19 21:12:20,667 INFO o.a.j.p.h.s.HTTPSamplerBase: Parser for application/xml is org.apache.jmeter.protocol.http.parser.LagartoBasedHtmlParser
2020-10-19 21:12:20,667 INFO o.a.j.p.h.s.HTTPSamplerBase: Parser for text/xml is org.apache.jmeter.protocol.http.parser.LagartoBasedHtmlParser
2020-10-19 21:12:20,668 INFO o.a.j.p.h.s.HTTPSamplerBase: Parser for text/vnd.wap.wml is org.apache.jmeter.protocol.http.parser.RegexpHTMLParser
2020-10-19 21:12:20,668 INFO o.a.j.p.h.s.HTTPSamplerBase: Parser for text/css is org.apache.jmeter.protocol.http.parser.CssParser
2020-10-19 21:12:20,738 INFO o.a.j.JMeter: Creating summariser <summary>
2020-10-19 21:12:20,754 INFO o.a.j.e.StandardJMeterEngine: Running the test!
2020-10-19 21:12:20,760 INFO o.a.j.s.SampleEvent: List of sample_variables: [uuid]
2020-10-19 21:12:20,761 INFO o.a.j.s.SampleEvent: List of sample_variables: [uuid]
2020-10-19 21:12:20,773 INFO o.a.j.e.u.CompoundVariable: Note: Function class names must contain the string: '.functions.'
2020-10-19 21:12:20,774 INFO o.a.j.e.u.CompoundVariable: Note: Function class names must not contain the string: '.gui.'
2020-10-19 21:12:21,354 INFO o.a.j.JMeter: Running test (1603134741354)
2020-10-19 21:12:21,392 INFO o.a.j.e.StandardJMeterEngine: Starting ThreadGroup: 1 : UC5
2020-10-19 21:12:21,392 INFO o.a.j.e.StandardJMeterEngine: Starting 1 threads for group UC5.
2020-10-19 21:12:21,393 INFO o.a.j.e.StandardJMeterEngine: Thread will continue on error
2020-10-19 21:12:21,393 INFO o.a.j.t.ThreadGroup: Starting thread group... number=1 threads=1 ramp-up=0 delayedStart=false
2020-10-19 21:12:21,404 INFO o.a.j.t.ThreadGroup: Started thread group number 1
2020-10-19 21:12:21,404 INFO o.a.j.e.StandardJMeterEngine: Starting ThreadGroup: 2 : UC7
2020-10-19 21:12:21,405 INFO o.a.j.e.StandardJMeterEngine: Starting 1 threads for group UC7.
2020-10-19 21:12:21,405 INFO o.a.j.e.StandardJMeterEngine: Thread will continue on error
2020-10-19 21:12:21,405 INFO o.a.j.t.ThreadGroup: Starting thread group... number=2 threads=1 ramp-up=0 delayedStart=false
2020-10-19 21:12:21,406 INFO o.a.j.t.ThreadGroup: Started thread group number 2
2020-10-19 21:12:21,407 INFO o.a.j.e.StandardJMeterEngine: Starting ThreadGroup: 3 : UC3
2020-10-19 21:12:21,407 INFO o.a.j.e.StandardJMeterEngine: Starting 1 threads for group UC3.
2020-10-19 21:12:21,407 INFO o.a.j.e.StandardJMeterEngine: Thread will continue on error
2020-10-19 21:12:21,407 INFO o.a.j.t.ThreadGroup: Starting thread group... number=3 threads=1 ramp-up=0 delayedStart=false
2020-10-19 21:12:21,422 INFO o.a.j.t.ThreadGroup: Started thread group number 3
2020-10-19 21:12:21,423 INFO o.a.j.e.StandardJMeterEngine: Starting ThreadGroup: 4 : UC4
2020-10-19 21:12:21,423 INFO o.a.j.e.StandardJMeterEngine: Starting 1 threads for group UC4.
2020-10-19 21:12:21,423 INFO o.a.j.e.StandardJMeterEngine: Thread will continue on error
2020-10-19 21:12:21,424 INFO o.a.j.t.ThreadGroup: Starting thread group... number=4 threads=1 ramp-up=0 delayedStart=false
2020-10-19 21:12:21,426 INFO o.a.j.t.ThreadGroup: Started thread group number 4
2020-10-19 21:12:21,426 INFO o.a.j.e.StandardJMeterEngine: Starting ThreadGroup: 5 : UC6
2020-10-19 21:12:21,426 INFO o.a.j.e.StandardJMeterEngine: Starting 1 threads for group UC6.
2020-10-19 21:12:21,426 INFO o.a.j.e.StandardJMeterEngine: Thread will continue on error
2020-10-19 21:12:21,426 INFO o.a.j.t.ThreadGroup: Starting thread group... number=5 threads=1 ramp-up=0 delayedStart=false
2020-10-19 21:12:21,429 INFO o.a.j.t.ThreadGroup: Started thread group number 5
2020-10-19 21:12:21,429 INFO o.a.j.e.StandardJMeterEngine: All thread groups have been started
2020-10-19 21:12:21,434 INFO o.a.j.t.JMeterThread: Thread started: UC3 3-1
2020-10-19 21:12:21,435 INFO o.a.j.t.JMeterThread: Thread started: UC6 5-1
2020-10-19 21:12:21,434 INFO o.a.j.t.JMeterThread: Thread started: UC5 1-1
2020-10-19 21:12:21,436 INFO o.a.j.t.JMeterThread: Thread started: UC4 4-1
2020-10-19 21:12:21,437 INFO o.a.j.t.JMeterThread: Thread started: UC7 2-1
2020-10-19 21:12:21,761 INFO o.a.j.p.h.s.HTTPJavaImpl: Maximum connection retries = 0
2020-10-19 21:12:21,763 INFO o.a.j.s.SampleResult: Note: Sample TimeStamps are START times
2020-10-19 21:12:21,765 INFO o.a.j.s.SampleResult: sampleresult.default.encoding is set to ISO-8859-1
2020-10-19 21:12:21,765 INFO o.a.j.s.SampleResult: sampleresult.useNanoTime=true
2020-10-19 21:12:21,765 INFO o.a.j.s.SampleResult: sampleresult.nanoThreadSleep=5000
2020-10-19 21:12:30,185 INFO o.a.j.r.Summariser: summary +    131 in 00:00:09 =   14.8/s Avg:    22 Min:    12 Max:    61 Err:     0 (0.00%) Active: 5 Started: 5 Finished: 0
2020-10-19 21:13:00,029 INFO o.a.j.r.Summariser: summary +    472 in 00:00:30 =   15.8/s Avg:    15 Min:    10 Max:   164 Err:     0 (0.00%) Active: 5 Started: 5 Finished: 0
2020-10-19 21:13:00,030 INFO o.a.j.r.Summariser: summary =    603 in 00:00:39 =   15.6/s Avg:    17 Min:    10 Max:   164 Err:     0 (0.00%)
2020-10-19 21:13:30,101 INFO o.a.j.r.Summariser: summary +    476 in 00:00:30 =   15.8/s Avg:    14 Min:    10 Max:    42 Err:     0 (0.00%) Active: 5 Started: 5 Finished: 0
2020-10-19 21:13:30,102 INFO o.a.j.r.Summariser: summary =   1079 in 00:01:09 =   15.7/s Avg:    16 Min:    10 Max:   164 Err:     0 (0.00%)
2020-10-19 21:13:56,156 INFO o.a.j.t.JMeterThread: Thread is done: UC4 4-1
2020-10-19 21:13:56,156 INFO o.a.j.t.JMeterThread: Thread finished: UC4 4-1
2020-10-19 21:13:56,282 INFO o.a.j.t.JMeterThread: Thread is done: UC3 3-1
2020-10-19 21:13:56,282 INFO o.a.j.t.JMeterThread: Thread finished: UC3 3-1
2020-10-19 21:13:56,282 INFO o.a.j.t.JMeterThread: Thread is done: UC6 5-1
2020-10-19 21:13:56,283 INFO o.a.j.t.JMeterThread: Thread finished: UC6 5-1
2020-10-19 21:13:56,654 INFO o.a.j.t.JMeterThread: Thread is done: UC5 1-1
2020-10-19 21:13:56,654 INFO o.a.j.t.JMeterThread: Thread finished: UC5 1-1
2020-10-19 21:13:56,665 INFO o.a.j.t.JMeterThread: Thread is done: UC7 2-1
2020-10-19 21:13:56,666 INFO o.a.j.t.JMeterThread: Thread finished: UC7 2-1
2020-10-19 21:13:56,666 INFO o.a.j.e.StandardJMeterEngine: Notifying test listeners of end of test
2020-10-19 21:13:56,667 INFO o.a.j.r.Summariser: summary +    421 in 00:00:27 =   15.8/s Avg:    14 Min:     9 Max:    33 Err:     0 (0.00%) Active: 0 Started: 5 Finished: 5
2020-10-19 21:13:56,668 INFO o.a.j.r.Summariser: summary =   1500 in 00:01:35 =   15.7/s Avg:    15 Min:     9 Max:   164 Err:     0 (0.00%)
