2020-10-25 20:14:41,718 INFO o.a.j.u.JMeterUtils: Setting Locale to en_US
2020-10-25 20:14:41,777 INFO o.a.j.JMeter: Loading user properties from: /home/gabrielkovacs/jmeter/apache-jmeter-5.3/bin/user.properties
2020-10-25 20:14:41,777 INFO o.a.j.JMeter: Loading system properties from: /home/gabrielkovacs/jmeter/apache-jmeter-5.3/bin/system.properties
2020-10-25 20:14:41,782 INFO o.a.j.JMeter: Copyright (c) 1998-2020 The Apache Software Foundation
2020-10-25 20:14:41,782 INFO o.a.j.JMeter: Version 5.3
2020-10-25 20:14:41,783 INFO o.a.j.JMeter: java.version=11.0.8
2020-10-25 20:14:41,783 INFO o.a.j.JMeter: java.vm.name=OpenJDK 64-Bit Server VM
2020-10-25 20:14:41,784 INFO o.a.j.JMeter: os.name=Linux
2020-10-25 20:14:41,784 INFO o.a.j.JMeter: os.arch=amd64
2020-10-25 20:14:41,784 INFO o.a.j.JMeter: os.version=5.3.0-59-generic
2020-10-25 20:14:41,784 INFO o.a.j.JMeter: file.encoding=UTF-8
2020-10-25 20:14:41,784 INFO o.a.j.JMeter: java.awt.headless=true
2020-10-25 20:14:41,784 INFO o.a.j.JMeter: Max memory     =4198498304
2020-10-25 20:14:41,785 INFO o.a.j.JMeter: Available Processors =2
2020-10-25 20:14:41,802 INFO o.a.j.JMeter: Default Locale=English (United States)
2020-10-25 20:14:41,802 INFO o.a.j.JMeter: JMeter  Locale=English (United States)
2020-10-25 20:14:41,802 INFO o.a.j.JMeter: JMeterHome=/home/gabrielkovacs/jmeter/apache-jmeter-5.3
2020-10-25 20:14:41,802 INFO o.a.j.JMeter: user.dir  =/home/gabrielkovacs/jmeter/orchestrate_pub_sub_1_to_1_db
2020-10-25 20:14:41,803 INFO o.a.j.JMeter: PWD       =/home/gabrielkovacs/jmeter/orchestrate_pub_sub_1_to_1_db
2020-10-25 20:14:41,803 INFO o.a.j.JMeter: IP: 127.0.1.1 Name: swa-gabrielkovacs FullName: swa-gabrielkovacs
2020-10-25 20:14:41,815 INFO o.a.j.s.FileServer: Default base='/home/gabrielkovacs/jmeter/orchestrate_pub_sub_1_to_1_db'
2020-10-25 20:14:41,818 INFO o.a.j.s.FileServer: Set new base='/home/gabrielkovacs/jmeter/orchestrate_pub_sub_1_to_1_db'
2020-10-25 20:14:42,110 INFO o.a.j.s.SaveService: Testplan (JMX) version: 2.2. Testlog (JTL) version: 2.2
2020-10-25 20:14:42,149 INFO o.a.j.s.SaveService: Using SaveService properties version 5.0
2020-10-25 20:14:42,155 INFO o.a.j.s.SaveService: Using SaveService properties file encoding UTF-8
2020-10-25 20:14:42,162 INFO o.a.j.s.SaveService: Loading file: SR_OP&ROP_DR_1_0_300.jmx
2020-10-25 20:14:42,238 INFO o.a.j.p.h.s.HTTPSamplerBase: Parser for text/html is org.apache.jmeter.protocol.http.parser.LagartoBasedHtmlParser
2020-10-25 20:14:42,238 INFO o.a.j.p.h.s.HTTPSamplerBase: Parser for application/xhtml+xml is org.apache.jmeter.protocol.http.parser.LagartoBasedHtmlParser
2020-10-25 20:14:42,238 INFO o.a.j.p.h.s.HTTPSamplerBase: Parser for application/xml is org.apache.jmeter.protocol.http.parser.LagartoBasedHtmlParser
2020-10-25 20:14:42,238 INFO o.a.j.p.h.s.HTTPSamplerBase: Parser for text/xml is org.apache.jmeter.protocol.http.parser.LagartoBasedHtmlParser
2020-10-25 20:14:42,239 INFO o.a.j.p.h.s.HTTPSamplerBase: Parser for text/vnd.wap.wml is org.apache.jmeter.protocol.http.parser.RegexpHTMLParser
2020-10-25 20:14:42,239 INFO o.a.j.p.h.s.HTTPSamplerBase: Parser for text/css is org.apache.jmeter.protocol.http.parser.CssParser
2020-10-25 20:14:42,317 INFO o.a.j.JMeter: Creating summariser <summary>
2020-10-25 20:14:42,335 INFO o.a.j.e.StandardJMeterEngine: Running the test!
2020-10-25 20:14:42,342 INFO o.a.j.s.SampleEvent: List of sample_variables: [uuid]
2020-10-25 20:14:42,344 INFO o.a.j.s.SampleEvent: List of sample_variables: [uuid]
2020-10-25 20:14:42,360 INFO o.a.j.e.u.CompoundVariable: Note: Function class names must contain the string: '.functions.'
2020-10-25 20:14:42,360 INFO o.a.j.e.u.CompoundVariable: Note: Function class names must not contain the string: '.gui.'
2020-10-25 20:14:43,082 INFO o.a.j.JMeter: Running test (1603653283082)
2020-10-25 20:14:43,148 INFO o.a.j.e.StandardJMeterEngine: Starting ThreadGroup: 1 : UC5
2020-10-25 20:14:43,148 INFO o.a.j.e.StandardJMeterEngine: Starting 1 threads for group UC5.
2020-10-25 20:14:43,148 INFO o.a.j.e.StandardJMeterEngine: Thread will continue on error
2020-10-25 20:14:43,148 INFO o.a.j.t.ThreadGroup: Starting thread group... number=1 threads=1 ramp-up=0 delayedStart=false
2020-10-25 20:14:43,160 INFO o.a.j.t.ThreadGroup: Started thread group number 1
2020-10-25 20:14:43,161 INFO o.a.j.e.StandardJMeterEngine: Starting ThreadGroup: 2 : UC7
2020-10-25 20:14:43,161 INFO o.a.j.e.StandardJMeterEngine: Starting 1 threads for group UC7.
2020-10-25 20:14:43,161 INFO o.a.j.e.StandardJMeterEngine: Thread will continue on error
2020-10-25 20:14:43,161 INFO o.a.j.t.ThreadGroup: Starting thread group... number=2 threads=1 ramp-up=0 delayedStart=false
2020-10-25 20:14:43,163 INFO o.a.j.t.ThreadGroup: Started thread group number 2
2020-10-25 20:14:43,163 INFO o.a.j.e.StandardJMeterEngine: Starting ThreadGroup: 3 : UC3
2020-10-25 20:14:43,164 INFO o.a.j.e.StandardJMeterEngine: Starting 1 threads for group UC3.
2020-10-25 20:14:43,164 INFO o.a.j.e.StandardJMeterEngine: Thread will continue on error
2020-10-25 20:14:43,164 INFO o.a.j.t.ThreadGroup: Starting thread group... number=3 threads=1 ramp-up=0 delayedStart=false
2020-10-25 20:14:43,167 INFO o.a.j.t.ThreadGroup: Started thread group number 3
2020-10-25 20:14:43,167 INFO o.a.j.e.StandardJMeterEngine: Starting ThreadGroup: 4 : UC4
2020-10-25 20:14:43,168 INFO o.a.j.e.StandardJMeterEngine: Starting 1 threads for group UC4.
2020-10-25 20:14:43,168 INFO o.a.j.e.StandardJMeterEngine: Thread will continue on error
2020-10-25 20:14:43,168 INFO o.a.j.t.ThreadGroup: Starting thread group... number=4 threads=1 ramp-up=0 delayedStart=false
2020-10-25 20:14:43,179 INFO o.a.j.t.ThreadGroup: Started thread group number 4
2020-10-25 20:14:43,179 INFO o.a.j.e.StandardJMeterEngine: Starting ThreadGroup: 5 : UC6
2020-10-25 20:14:43,179 INFO o.a.j.e.StandardJMeterEngine: Starting 1 threads for group UC6.
2020-10-25 20:14:43,179 INFO o.a.j.e.StandardJMeterEngine: Thread will continue on error
2020-10-25 20:14:43,179 INFO o.a.j.t.ThreadGroup: Starting thread group... number=5 threads=1 ramp-up=0 delayedStart=false
2020-10-25 20:14:43,191 INFO o.a.j.t.ThreadGroup: Started thread group number 5
2020-10-25 20:14:43,193 INFO o.a.j.e.StandardJMeterEngine: All thread groups have been started
2020-10-25 20:14:43,198 INFO o.a.j.t.JMeterThread: Thread started: UC3 3-1
2020-10-25 20:14:43,203 INFO o.a.j.t.JMeterThread: Thread started: UC4 4-1
2020-10-25 20:14:43,204 INFO o.a.j.t.JMeterThread: Thread started: UC7 2-1
2020-10-25 20:14:43,202 INFO o.a.j.t.JMeterThread: Thread started: UC6 5-1
2020-10-25 20:14:43,205 INFO o.a.j.t.JMeterThread: Thread started: UC5 1-1
2020-10-25 20:14:43,532 INFO o.a.j.p.h.s.HTTPJavaImpl: Maximum connection retries = 0
2020-10-25 20:14:43,535 INFO o.a.j.s.SampleResult: Note: Sample TimeStamps are START times
2020-10-25 20:14:43,535 INFO o.a.j.s.SampleResult: sampleresult.default.encoding is set to ISO-8859-1
2020-10-25 20:14:43,535 INFO o.a.j.s.SampleResult: sampleresult.useNanoTime=true
2020-10-25 20:14:43,536 INFO o.a.j.s.SampleResult: sampleresult.nanoThreadSleep=5000
2020-10-25 20:15:00,119 INFO o.a.j.r.Summariser: summary +    257 in 00:00:17 =   15.1/s Avg:    23 Min:    11 Max:   120 Err:     0 (0.00%) Active: 5 Started: 5 Finished: 0
2020-10-25 20:15:30,046 INFO o.a.j.r.Summariser: summary +    467 in 00:00:30 =   15.6/s Avg:    20 Min:    11 Max:   267 Err:     0 (0.00%) Active: 5 Started: 5 Finished: 0
2020-10-25 20:15:30,048 INFO o.a.j.r.Summariser: summary =    724 in 00:00:47 =   15.4/s Avg:    21 Min:    11 Max:   267 Err:     0 (0.00%)
2020-10-25 20:16:00,055 INFO o.a.j.r.Summariser: summary +    467 in 00:00:30 =   15.6/s Avg:    21 Min:    12 Max:   150 Err:     0 (0.00%) Active: 5 Started: 5 Finished: 0
2020-10-25 20:16:00,056 INFO o.a.j.r.Summariser: summary =   1191 in 00:01:17 =   15.5/s Avg:    21 Min:    11 Max:   267 Err:     0 (0.00%)
2020-10-25 20:16:18,960 INFO o.a.j.t.JMeterThread: Thread is done: UC3 3-1
2020-10-25 20:16:18,960 INFO o.a.j.t.JMeterThread: Thread finished: UC3 3-1
2020-10-25 20:16:19,164 INFO o.a.j.t.JMeterThread: Thread is done: UC5 1-1
2020-10-25 20:16:19,165 INFO o.a.j.t.JMeterThread: Thread finished: UC5 1-1
2020-10-25 20:16:19,285 INFO o.a.j.t.JMeterThread: Thread is done: UC7 2-1
2020-10-25 20:16:19,286 INFO o.a.j.t.JMeterThread: Thread finished: UC7 2-1
2020-10-25 20:16:20,894 INFO o.a.j.t.JMeterThread: Thread is done: UC6 5-1
2020-10-25 20:16:20,894 INFO o.a.j.t.JMeterThread: Thread finished: UC6 5-1
2020-10-25 20:16:20,898 INFO o.a.j.t.JMeterThread: Thread is done: UC4 4-1
2020-10-25 20:16:20,899 INFO o.a.j.t.JMeterThread: Thread finished: UC4 4-1
2020-10-25 20:16:20,899 INFO o.a.j.e.StandardJMeterEngine: Notifying test listeners of end of test
2020-10-25 20:16:20,900 INFO o.a.j.r.Summariser: summary +    309 in 00:00:21 =   14.8/s Avg:    21 Min:    11 Max:    57 Err:     0 (0.00%) Active: 0 Started: 5 Finished: 5
2020-10-25 20:16:20,900 INFO o.a.j.r.Summariser: summary =   1500 in 00:01:38 =   15.3/s Avg:    21 Min:    11 Max:   267 Err:     0 (0.00%)
