2020-10-26 13:21:22,484 INFO o.a.j.u.JMeterUtils: Setting Locale to en_US
2020-10-26 13:21:22,525 INFO o.a.j.JMeter: Loading user properties from: /home/gabrielkovacs/jmeter/apache-jmeter-5.3/bin/user.properties
2020-10-26 13:21:22,525 INFO o.a.j.JMeter: Loading system properties from: /home/gabrielkovacs/jmeter/apache-jmeter-5.3/bin/system.properties
2020-10-26 13:21:22,528 INFO o.a.j.JMeter: Copyright (c) 1998-2020 The Apache Software Foundation
2020-10-26 13:21:22,528 INFO o.a.j.JMeter: Version 5.3
2020-10-26 13:21:22,528 INFO o.a.j.JMeter: java.version=11.0.8
2020-10-26 13:21:22,528 INFO o.a.j.JMeter: java.vm.name=OpenJDK 64-Bit Server VM
2020-10-26 13:21:22,528 INFO o.a.j.JMeter: os.name=Linux
2020-10-26 13:21:22,528 INFO o.a.j.JMeter: os.arch=amd64
2020-10-26 13:21:22,529 INFO o.a.j.JMeter: os.version=5.3.0-59-generic
2020-10-26 13:21:22,529 INFO o.a.j.JMeter: file.encoding=UTF-8
2020-10-26 13:21:22,529 INFO o.a.j.JMeter: java.awt.headless=true
2020-10-26 13:21:22,529 INFO o.a.j.JMeter: Max memory     =4198498304
2020-10-26 13:21:22,529 INFO o.a.j.JMeter: Available Processors =2
2020-10-26 13:21:22,544 INFO o.a.j.JMeter: Default Locale=English (United States)
2020-10-26 13:21:22,544 INFO o.a.j.JMeter: JMeter  Locale=English (United States)
2020-10-26 13:21:22,544 INFO o.a.j.JMeter: JMeterHome=/home/gabrielkovacs/jmeter/apache-jmeter-5.3
2020-10-26 13:21:22,545 INFO o.a.j.JMeter: user.dir  =/home/gabrielkovacs/jmeter/master_1_to_1_db_distributed
2020-10-26 13:21:22,545 INFO o.a.j.JMeter: PWD       =/home/gabrielkovacs/jmeter/master_1_to_1_db_distributed
2020-10-26 13:21:22,545 INFO o.a.j.JMeter: IP: 127.0.1.1 Name: swa-gabrielkovacs FullName: swa-gabrielkovacs
2020-10-26 13:21:22,556 INFO o.a.j.s.FileServer: Default base='/home/gabrielkovacs/jmeter/master_1_to_1_db_distributed'
2020-10-26 13:21:22,558 INFO o.a.j.s.FileServer: Set new base='/home/gabrielkovacs/jmeter/master_1_to_1_db_distributed'
2020-10-26 13:21:22,854 INFO o.a.j.s.SaveService: Testplan (JMX) version: 2.2. Testlog (JTL) version: 2.2
2020-10-26 13:21:22,898 INFO o.a.j.s.SaveService: Using SaveService properties version 5.0
2020-10-26 13:21:22,907 INFO o.a.j.s.SaveService: Using SaveService properties file encoding UTF-8
2020-10-26 13:21:22,918 INFO o.a.j.s.SaveService: Loading file: SR_OP&ROP_DR_1_0_300.jmx
2020-10-26 13:21:23,026 INFO o.a.j.p.h.s.HTTPSamplerBase: Parser for text/html is org.apache.jmeter.protocol.http.parser.LagartoBasedHtmlParser
2020-10-26 13:21:23,026 INFO o.a.j.p.h.s.HTTPSamplerBase: Parser for application/xhtml+xml is org.apache.jmeter.protocol.http.parser.LagartoBasedHtmlParser
2020-10-26 13:21:23,026 INFO o.a.j.p.h.s.HTTPSamplerBase: Parser for application/xml is org.apache.jmeter.protocol.http.parser.LagartoBasedHtmlParser
2020-10-26 13:21:23,027 INFO o.a.j.p.h.s.HTTPSamplerBase: Parser for text/xml is org.apache.jmeter.protocol.http.parser.LagartoBasedHtmlParser
2020-10-26 13:21:23,028 INFO o.a.j.p.h.s.HTTPSamplerBase: Parser for text/vnd.wap.wml is org.apache.jmeter.protocol.http.parser.RegexpHTMLParser
2020-10-26 13:21:23,028 INFO o.a.j.p.h.s.HTTPSamplerBase: Parser for text/css is org.apache.jmeter.protocol.http.parser.CssParser
2020-10-26 13:21:23,109 INFO o.a.j.JMeter: Creating summariser <summary>
2020-10-26 13:21:23,128 INFO o.a.j.e.StandardJMeterEngine: Running the test!
2020-10-26 13:21:23,132 INFO o.a.j.s.SampleEvent: List of sample_variables: [uuid]
2020-10-26 13:21:23,132 INFO o.a.j.s.SampleEvent: List of sample_variables: [uuid]
2020-10-26 13:21:23,147 INFO o.a.j.e.u.CompoundVariable: Note: Function class names must contain the string: '.functions.'
2020-10-26 13:21:23,147 INFO o.a.j.e.u.CompoundVariable: Note: Function class names must not contain the string: '.gui.'
2020-10-26 13:21:23,861 INFO o.a.j.JMeter: Running test (1603714883861)
2020-10-26 13:21:23,908 INFO o.a.j.e.StandardJMeterEngine: Starting ThreadGroup: 1 : UC5
2020-10-26 13:21:23,908 INFO o.a.j.e.StandardJMeterEngine: Starting 1 threads for group UC5.
2020-10-26 13:21:23,909 INFO o.a.j.e.StandardJMeterEngine: Thread will continue on error
2020-10-26 13:21:23,909 INFO o.a.j.t.ThreadGroup: Starting thread group... number=1 threads=1 ramp-up=0 delayedStart=false
2020-10-26 13:21:23,917 INFO o.a.j.t.ThreadGroup: Started thread group number 1
2020-10-26 13:21:23,917 INFO o.a.j.e.StandardJMeterEngine: Starting ThreadGroup: 2 : UC7
2020-10-26 13:21:23,918 INFO o.a.j.e.StandardJMeterEngine: Starting 1 threads for group UC7.
2020-10-26 13:21:23,918 INFO o.a.j.e.StandardJMeterEngine: Thread will continue on error
2020-10-26 13:21:23,918 INFO o.a.j.t.ThreadGroup: Starting thread group... number=2 threads=1 ramp-up=0 delayedStart=false
2020-10-26 13:21:23,919 INFO o.a.j.t.ThreadGroup: Started thread group number 2
2020-10-26 13:21:23,919 INFO o.a.j.e.StandardJMeterEngine: Starting ThreadGroup: 3 : UC3
2020-10-26 13:21:23,920 INFO o.a.j.e.StandardJMeterEngine: Starting 1 threads for group UC3.
2020-10-26 13:21:23,920 INFO o.a.j.e.StandardJMeterEngine: Thread will continue on error
2020-10-26 13:21:23,920 INFO o.a.j.t.ThreadGroup: Starting thread group... number=3 threads=1 ramp-up=0 delayedStart=false
2020-10-26 13:21:23,924 INFO o.a.j.t.ThreadGroup: Started thread group number 3
2020-10-26 13:21:23,926 INFO o.a.j.e.StandardJMeterEngine: Starting ThreadGroup: 4 : UC4
2020-10-26 13:21:23,926 INFO o.a.j.e.StandardJMeterEngine: Starting 1 threads for group UC4.
2020-10-26 13:21:23,926 INFO o.a.j.e.StandardJMeterEngine: Thread will continue on error
2020-10-26 13:21:23,926 INFO o.a.j.t.ThreadGroup: Starting thread group... number=4 threads=1 ramp-up=0 delayedStart=false
2020-10-26 13:21:23,928 INFO o.a.j.t.ThreadGroup: Started thread group number 4
2020-10-26 13:21:23,928 INFO o.a.j.e.StandardJMeterEngine: Starting ThreadGroup: 5 : UC6
2020-10-26 13:21:23,928 INFO o.a.j.e.StandardJMeterEngine: Starting 1 threads for group UC6.
2020-10-26 13:21:23,928 INFO o.a.j.e.StandardJMeterEngine: Thread will continue on error
2020-10-26 13:21:23,928 INFO o.a.j.t.ThreadGroup: Starting thread group... number=5 threads=1 ramp-up=0 delayedStart=false
2020-10-26 13:21:23,936 INFO o.a.j.t.ThreadGroup: Started thread group number 5
2020-10-26 13:21:23,937 INFO o.a.j.e.StandardJMeterEngine: All thread groups have been started
2020-10-26 13:21:23,947 INFO o.a.j.t.JMeterThread: Thread started: UC6 5-1
2020-10-26 13:21:23,947 INFO o.a.j.t.JMeterThread: Thread started: UC3 3-1
2020-10-26 13:21:23,948 INFO o.a.j.t.JMeterThread: Thread started: UC7 2-1
2020-10-26 13:21:23,948 INFO o.a.j.t.JMeterThread: Thread started: UC5 1-1
2020-10-26 13:21:23,946 INFO o.a.j.t.JMeterThread: Thread started: UC4 4-1
2020-10-26 13:21:24,272 INFO o.a.j.p.h.s.HTTPJavaImpl: Maximum connection retries = 0
2020-10-26 13:21:24,275 INFO o.a.j.s.SampleResult: Note: Sample TimeStamps are START times
2020-10-26 13:21:24,275 INFO o.a.j.s.SampleResult: sampleresult.default.encoding is set to ISO-8859-1
2020-10-26 13:21:24,275 INFO o.a.j.s.SampleResult: sampleresult.useNanoTime=true
2020-10-26 13:21:24,275 INFO o.a.j.s.SampleResult: sampleresult.nanoThreadSleep=5000
2020-10-26 13:21:30,031 INFO o.a.j.r.Summariser: summary +     95 in 00:00:06 =   15.4/s Avg:    10 Min:     3 Max:    39 Err:     0 (0.00%) Active: 5 Started: 5 Finished: 0
2020-10-26 13:22:00,006 INFO o.a.j.r.Summariser: summary +    485 in 00:00:30 =   16.2/s Avg:     8 Min:     2 Max:    24 Err:     0 (0.00%) Active: 5 Started: 5 Finished: 0
2020-10-26 13:22:00,006 INFO o.a.j.r.Summariser: summary =    580 in 00:00:36 =   16.0/s Avg:     8 Min:     2 Max:    39 Err:     0 (0.00%)
2020-10-26 13:22:30,071 INFO o.a.j.r.Summariser: summary +    487 in 00:00:30 =   16.2/s Avg:     7 Min:     2 Max:    30 Err:     0 (0.00%) Active: 5 Started: 5 Finished: 0
2020-10-26 13:22:30,074 INFO o.a.j.r.Summariser: summary =   1067 in 00:01:06 =   16.1/s Avg:     8 Min:     2 Max:    39 Err:     0 (0.00%)
2020-10-26 13:22:55,378 INFO o.a.j.t.JMeterThread: Thread is done: UC5 1-1
2020-10-26 13:22:55,378 INFO o.a.j.t.JMeterThread: Thread finished: UC5 1-1
2020-10-26 13:22:55,379 INFO o.a.j.t.JMeterThread: Thread is done: UC7 2-1
2020-10-26 13:22:55,380 INFO o.a.j.t.JMeterThread: Thread finished: UC7 2-1
2020-10-26 13:22:55,721 INFO o.a.j.t.JMeterThread: Thread is done: UC3 3-1
2020-10-26 13:22:55,722 INFO o.a.j.t.JMeterThread: Thread finished: UC3 3-1
2020-10-26 13:22:57,736 INFO o.a.j.t.JMeterThread: Thread is done: UC4 4-1
2020-10-26 13:22:57,737 INFO o.a.j.t.JMeterThread: Thread finished: UC4 4-1
2020-10-26 13:22:58,812 INFO o.a.j.t.JMeterThread: Thread is done: UC6 5-1
2020-10-26 13:22:58,812 INFO o.a.j.t.JMeterThread: Thread finished: UC6 5-1
2020-10-26 13:22:58,813 INFO o.a.j.e.StandardJMeterEngine: Notifying test listeners of end of test
2020-10-26 13:22:58,814 INFO o.a.j.r.Summariser: summary +    433 in 00:00:29 =   15.1/s Avg:     8 Min:     2 Max:    38 Err:     0 (0.00%) Active: 0 Started: 5 Finished: 5
2020-10-26 13:22:58,815 INFO o.a.j.r.Summariser: summary =   1500 in 00:01:35 =   15.8/s Avg:     8 Min:     2 Max:    39 Err:     0 (0.00%)
