2020-09-26 14:49:51,478 INFO o.a.j.u.JMeterUtils: Setting Locale to en_US
2020-09-26 14:49:51,531 INFO o.a.j.JMeter: Loading user properties from: /home/gabrielkovacs/jmeter/apache-jmeter-5.3/bin/user.properties
2020-09-26 14:49:51,532 INFO o.a.j.JMeter: Loading system properties from: /home/gabrielkovacs/jmeter/apache-jmeter-5.3/bin/system.properties
2020-09-26 14:49:51,535 INFO o.a.j.JMeter: Copyright (c) 1998-2020 The Apache Software Foundation
2020-09-26 14:49:51,536 INFO o.a.j.JMeter: Version 5.3
2020-09-26 14:49:51,536 INFO o.a.j.JMeter: java.version=11.0.8
2020-09-26 14:49:51,536 INFO o.a.j.JMeter: java.vm.name=OpenJDK 64-Bit Server VM
2020-09-26 14:49:51,537 INFO o.a.j.JMeter: os.name=Linux
2020-09-26 14:49:51,537 INFO o.a.j.JMeter: os.arch=amd64
2020-09-26 14:49:51,537 INFO o.a.j.JMeter: os.version=5.3.0-59-generic
2020-09-26 14:49:51,537 INFO o.a.j.JMeter: file.encoding=UTF-8
2020-09-26 14:49:51,538 INFO o.a.j.JMeter: java.awt.headless=true
2020-09-26 14:49:51,538 INFO o.a.j.JMeter: Max memory     =4198498304
2020-09-26 14:49:51,538 INFO o.a.j.JMeter: Available Processors =2
2020-09-26 14:49:51,564 INFO o.a.j.JMeter: Default Locale=English (United States)
2020-09-26 14:49:51,565 INFO o.a.j.JMeter: JMeter  Locale=English (United States)
2020-09-26 14:49:51,565 INFO o.a.j.JMeter: JMeterHome=/home/gabrielkovacs/jmeter/apache-jmeter-5.3
2020-09-26 14:49:51,565 INFO o.a.j.JMeter: user.dir  =/home/gabrielkovacs/jmeter/api_gateway_one_db_distributed
2020-09-26 14:49:51,566 INFO o.a.j.JMeter: PWD       =/home/gabrielkovacs/jmeter/api_gateway_one_db_distributed
2020-09-26 14:49:51,566 INFO o.a.j.JMeter: IP: 127.0.1.1 Name: swa-gabrielkovacs FullName: swa-gabrielkovacs
2020-09-26 14:49:51,584 INFO o.a.j.s.FileServer: Default base='/home/gabrielkovacs/jmeter/api_gateway_one_db_distributed'
2020-09-26 14:49:51,589 INFO o.a.j.s.FileServer: Set new base='/home/gabrielkovacs/jmeter/api_gateway_one_db_distributed'
2020-09-26 14:49:52,063 INFO o.a.j.s.SaveService: Testplan (JMX) version: 2.2. Testlog (JTL) version: 2.2
2020-09-26 14:49:52,125 INFO o.a.j.s.SaveService: Using SaveService properties version 5.0
2020-09-26 14:49:52,131 INFO o.a.j.s.SaveService: Using SaveService properties file encoding UTF-8
2020-09-26 14:49:52,138 INFO o.a.j.s.SaveService: Loading file: SR_OP&ROP_DR_30_30_30.jmx
2020-09-26 14:49:52,215 INFO o.a.j.p.h.s.HTTPSamplerBase: Parser for text/html is org.apache.jmeter.protocol.http.parser.LagartoBasedHtmlParser
2020-09-26 14:49:52,215 INFO o.a.j.p.h.s.HTTPSamplerBase: Parser for application/xhtml+xml is org.apache.jmeter.protocol.http.parser.LagartoBasedHtmlParser
2020-09-26 14:49:52,215 INFO o.a.j.p.h.s.HTTPSamplerBase: Parser for application/xml is org.apache.jmeter.protocol.http.parser.LagartoBasedHtmlParser
2020-09-26 14:49:52,216 INFO o.a.j.p.h.s.HTTPSamplerBase: Parser for text/xml is org.apache.jmeter.protocol.http.parser.LagartoBasedHtmlParser
2020-09-26 14:49:52,216 INFO o.a.j.p.h.s.HTTPSamplerBase: Parser for text/vnd.wap.wml is org.apache.jmeter.protocol.http.parser.RegexpHTMLParser
2020-09-26 14:49:52,216 INFO o.a.j.p.h.s.HTTPSamplerBase: Parser for text/css is org.apache.jmeter.protocol.http.parser.CssParser
2020-09-26 14:49:52,282 INFO o.a.j.JMeter: Creating summariser <summary>
2020-09-26 14:49:52,300 INFO o.a.j.e.StandardJMeterEngine: Running the test!
2020-09-26 14:49:52,304 INFO o.a.j.s.SampleEvent: List of sample_variables: []
2020-09-26 14:49:52,304 INFO o.a.j.s.SampleEvent: List of sample_variables: []
2020-09-26 14:49:52,325 INFO o.a.j.e.u.CompoundVariable: Note: Function class names must contain the string: '.functions.'
2020-09-26 14:49:52,325 INFO o.a.j.e.u.CompoundVariable: Note: Function class names must not contain the string: '.gui.'
2020-09-26 14:49:53,034 INFO o.a.j.JMeter: Running test (1601124593034)
2020-09-26 14:49:53,084 INFO o.a.j.e.StandardJMeterEngine: Starting ThreadGroup: 1 : UC5
2020-09-26 14:49:53,084 INFO o.a.j.e.StandardJMeterEngine: Starting 30 threads for group UC5.
2020-09-26 14:49:53,084 INFO o.a.j.e.StandardJMeterEngine: Thread will continue on error
2020-09-26 14:49:53,084 INFO o.a.j.t.ThreadGroup: Starting thread group... number=1 threads=30 ramp-up=30 delayedStart=false
2020-09-26 14:49:53,112 INFO o.a.j.t.JMeterThread: Thread started: UC5 1-1
2020-09-26 14:49:53,166 INFO o.a.j.p.h.s.HTTPJavaImpl: Maximum connection retries = 0
2020-09-26 14:49:53,168 INFO o.a.j.s.SampleResult: Note: Sample TimeStamps are START times
2020-09-26 14:49:53,168 INFO o.a.j.s.SampleResult: sampleresult.default.encoding is set to ISO-8859-1
2020-09-26 14:49:53,168 INFO o.a.j.s.SampleResult: sampleresult.useNanoTime=true
2020-09-26 14:49:53,168 INFO o.a.j.s.SampleResult: sampleresult.nanoThreadSleep=5000
2020-09-26 14:49:53,191 INFO o.a.j.t.ThreadGroup: Started thread group number 1
2020-09-26 14:49:53,191 INFO o.a.j.e.StandardJMeterEngine: Starting ThreadGroup: 2 : UC7
2020-09-26 14:49:53,192 INFO o.a.j.e.StandardJMeterEngine: Starting 30 threads for group UC7.
2020-09-26 14:49:53,192 INFO o.a.j.e.StandardJMeterEngine: Thread will continue on error
2020-09-26 14:49:53,192 INFO o.a.j.t.ThreadGroup: Starting thread group... number=2 threads=30 ramp-up=30 delayedStart=false
2020-09-26 14:49:53,196 INFO o.a.j.t.JMeterThread: Thread started: UC7 2-1
2020-09-26 14:49:53,289 INFO o.a.j.t.ThreadGroup: Started thread group number 2
2020-09-26 14:49:53,290 INFO o.a.j.e.StandardJMeterEngine: Starting ThreadGroup: 3 : UC3
2020-09-26 14:49:53,290 INFO o.a.j.e.StandardJMeterEngine: Starting 30 threads for group UC3.
2020-09-26 14:49:53,290 INFO o.a.j.e.StandardJMeterEngine: Thread will continue on error
2020-09-26 14:49:53,290 INFO o.a.j.t.ThreadGroup: Starting thread group... number=3 threads=30 ramp-up=30 delayedStart=false
2020-09-26 14:49:53,297 INFO o.a.j.t.JMeterThread: Thread started: UC3 3-1
2020-09-26 14:49:53,346 INFO o.a.j.t.ThreadGroup: Started thread group number 3
2020-09-26 14:49:53,346 INFO o.a.j.e.StandardJMeterEngine: Starting ThreadGroup: 4 : UC4
2020-09-26 14:49:53,346 INFO o.a.j.e.StandardJMeterEngine: Starting 30 threads for group UC4.
2020-09-26 14:49:53,346 INFO o.a.j.e.StandardJMeterEngine: Thread will continue on error
2020-09-26 14:49:53,346 INFO o.a.j.t.ThreadGroup: Starting thread group... number=4 threads=30 ramp-up=30 delayedStart=false
2020-09-26 14:49:53,352 INFO o.a.j.t.JMeterThread: Thread started: UC4 4-1
2020-09-26 14:49:53,432 INFO o.a.j.t.JMeterThread: Thread is done: UC5 1-1
2020-09-26 14:49:53,432 INFO o.a.j.t.JMeterThread: Thread finished: UC5 1-1
2020-09-26 14:49:53,452 INFO o.a.j.t.ThreadGroup: Started thread group number 4
2020-09-26 14:49:53,453 INFO o.a.j.e.StandardJMeterEngine: Starting ThreadGroup: 5 : UC6
2020-09-26 14:49:53,453 INFO o.a.j.e.StandardJMeterEngine: Starting 30 threads for group UC6.
2020-09-26 14:49:53,453 INFO o.a.j.e.StandardJMeterEngine: Thread will continue on error
2020-09-26 14:49:53,453 INFO o.a.j.t.ThreadGroup: Starting thread group... number=5 threads=30 ramp-up=30 delayedStart=false
2020-09-26 14:49:53,455 INFO o.a.j.t.JMeterThread: Thread started: UC6 5-1
2020-09-26 14:49:53,506 INFO o.a.j.t.ThreadGroup: Started thread group number 5
2020-09-26 14:49:53,506 INFO o.a.j.e.StandardJMeterEngine: All thread groups have been started
2020-09-26 14:49:53,538 INFO o.a.j.t.JMeterThread: Thread is done: UC7 2-1
2020-09-26 14:49:53,538 INFO o.a.j.t.JMeterThread: Thread finished: UC7 2-1
2020-09-26 14:49:53,609 INFO o.a.j.t.JMeterThread: Thread is done: UC3 3-1
2020-09-26 14:49:53,609 INFO o.a.j.t.JMeterThread: Thread finished: UC3 3-1
2020-09-26 14:49:53,673 INFO o.a.j.t.JMeterThread: Thread is done: UC4 4-1
2020-09-26 14:49:53,674 INFO o.a.j.t.JMeterThread: Thread finished: UC4 4-1
2020-09-26 14:49:53,812 INFO o.a.j.t.JMeterThread: Thread is done: UC6 5-1
2020-09-26 14:49:53,813 INFO o.a.j.t.JMeterThread: Thread finished: UC6 5-1
2020-09-26 14:49:54,148 INFO o.a.j.t.JMeterThread: Thread started: UC5 1-2
2020-09-26 14:49:54,197 INFO o.a.j.t.JMeterThread: Thread started: UC7 2-2
2020-09-26 14:49:54,292 INFO o.a.j.t.JMeterThread: Thread started: UC3 3-2
2020-09-26 14:49:54,321 INFO o.a.j.t.JMeterThread: Thread is done: UC5 1-2
2020-09-26 14:49:54,321 INFO o.a.j.t.JMeterThread: Thread finished: UC5 1-2
2020-09-26 14:49:54,355 INFO o.a.j.t.JMeterThread: Thread started: UC4 4-2
2020-09-26 14:49:54,417 INFO o.a.j.t.JMeterThread: Thread is done: UC7 2-2
2020-09-26 14:49:54,417 INFO o.a.j.t.JMeterThread: Thread finished: UC7 2-2
2020-09-26 14:49:54,460 INFO o.a.j.t.JMeterThread: Thread started: UC6 5-2
2020-09-26 14:49:54,576 INFO o.a.j.t.JMeterThread: Thread is done: UC3 3-2
2020-09-26 14:49:54,576 INFO o.a.j.t.JMeterThread: Thread finished: UC3 3-2
2020-09-26 14:49:54,696 INFO o.a.j.t.JMeterThread: Thread is done: UC4 4-2
2020-09-26 14:49:54,696 INFO o.a.j.t.JMeterThread: Thread finished: UC4 4-2
2020-09-26 14:49:54,773 INFO o.a.j.t.JMeterThread: Thread is done: UC6 5-2
2020-09-26 14:49:54,773 INFO o.a.j.t.JMeterThread: Thread finished: UC6 5-2
2020-09-26 14:49:55,137 INFO o.a.j.t.JMeterThread: Thread started: UC5 1-3
2020-09-26 14:49:55,193 INFO o.a.j.t.JMeterThread: Thread started: UC7 2-3
2020-09-26 14:49:55,292 INFO o.a.j.t.JMeterThread: Thread started: UC3 3-3
2020-09-26 14:49:55,336 INFO o.a.j.t.JMeterThread: Thread is done: UC5 1-3
2020-09-26 14:49:55,336 INFO o.a.j.t.JMeterThread: Thread finished: UC5 1-3
2020-09-26 14:49:55,350 INFO o.a.j.t.JMeterThread: Thread started: UC4 4-3
2020-09-26 14:49:55,403 INFO o.a.j.t.JMeterThread: Thread is done: UC7 2-3
2020-09-26 14:49:55,404 INFO o.a.j.t.JMeterThread: Thread finished: UC7 2-3
2020-09-26 14:49:55,454 INFO o.a.j.t.JMeterThread: Thread started: UC6 5-3
2020-09-26 14:49:55,586 INFO o.a.j.t.JMeterThread: Thread is done: UC3 3-3
2020-09-26 14:49:55,587 INFO o.a.j.t.JMeterThread: Thread finished: UC3 3-3
2020-09-26 14:49:55,692 INFO o.a.j.t.JMeterThread: Thread is done: UC4 4-3
2020-09-26 14:49:55,692 INFO o.a.j.t.JMeterThread: Thread finished: UC4 4-3
2020-09-26 14:49:55,798 INFO o.a.j.t.JMeterThread: Thread is done: UC6 5-3
2020-09-26 14:49:55,798 INFO o.a.j.t.JMeterThread: Thread finished: UC6 5-3
2020-09-26 14:49:56,134 INFO o.a.j.t.JMeterThread: Thread started: UC5 1-4
2020-09-26 14:49:56,192 INFO o.a.j.t.JMeterThread: Thread started: UC7 2-4
2020-09-26 14:49:56,292 INFO o.a.j.t.JMeterThread: Thread started: UC3 3-4
2020-09-26 14:49:56,319 INFO o.a.j.t.JMeterThread: Thread is done: UC5 1-4
2020-09-26 14:49:56,319 INFO o.a.j.t.JMeterThread: Thread finished: UC5 1-4
2020-09-26 14:49:56,347 INFO o.a.j.t.JMeterThread: Thread started: UC4 4-4
2020-09-26 14:49:56,432 INFO o.a.j.t.JMeterThread: Thread is done: UC7 2-4
2020-09-26 14:49:56,432 INFO o.a.j.t.JMeterThread: Thread finished: UC7 2-4
2020-09-26 14:49:56,454 INFO o.a.j.t.JMeterThread: Thread started: UC6 5-4
2020-09-26 14:49:56,593 INFO o.a.j.t.JMeterThread: Thread is done: UC3 3-4
2020-09-26 14:49:56,594 INFO o.a.j.t.JMeterThread: Thread finished: UC3 3-4
2020-09-26 14:49:56,634 INFO o.a.j.t.JMeterThread: Thread is done: UC4 4-4
2020-09-26 14:49:56,635 INFO o.a.j.t.JMeterThread: Thread finished: UC4 4-4
2020-09-26 14:49:56,750 INFO o.a.j.t.JMeterThread: Thread is done: UC6 5-4
2020-09-26 14:49:56,750 INFO o.a.j.t.JMeterThread: Thread finished: UC6 5-4
2020-09-26 14:49:57,120 INFO o.a.j.t.JMeterThread: Thread started: UC5 1-5
2020-09-26 14:49:57,195 INFO o.a.j.t.JMeterThread: Thread started: UC7 2-5
2020-09-26 14:49:57,293 INFO o.a.j.t.JMeterThread: Thread started: UC3 3-5
2020-09-26 14:49:57,305 INFO o.a.j.t.JMeterThread: Thread is done: UC5 1-5
2020-09-26 14:49:57,305 INFO o.a.j.t.JMeterThread: Thread finished: UC5 1-5
2020-09-26 14:49:57,356 INFO o.a.j.t.JMeterThread: Thread started: UC4 4-5
2020-09-26 14:49:57,391 INFO o.a.j.t.JMeterThread: Thread is done: UC7 2-5
2020-09-26 14:49:57,391 INFO o.a.j.t.JMeterThread: Thread finished: UC7 2-5
2020-09-26 14:49:57,455 INFO o.a.j.t.JMeterThread: Thread started: UC6 5-5
2020-09-26 14:49:57,552 INFO o.a.j.t.JMeterThread: Thread is done: UC3 3-5
2020-09-26 14:49:57,552 INFO o.a.j.t.JMeterThread: Thread finished: UC3 3-5
2020-09-26 14:49:57,653 INFO o.a.j.t.JMeterThread: Thread is done: UC4 4-5
2020-09-26 14:49:57,653 INFO o.a.j.t.JMeterThread: Thread finished: UC4 4-5
2020-09-26 14:49:57,759 INFO o.a.j.t.JMeterThread: Thread is done: UC6 5-5
2020-09-26 14:49:57,760 INFO o.a.j.t.JMeterThread: Thread finished: UC6 5-5
2020-09-26 14:49:58,117 INFO o.a.j.t.JMeterThread: Thread started: UC5 1-6
2020-09-26 14:49:58,210 INFO o.a.j.t.JMeterThread: Thread started: UC7 2-6
2020-09-26 14:49:58,296 INFO o.a.j.t.JMeterThread: Thread is done: UC5 1-6
2020-09-26 14:49:58,296 INFO o.a.j.t.JMeterThread: Thread finished: UC5 1-6
2020-09-26 14:49:58,296 INFO o.a.j.t.JMeterThread: Thread started: UC3 3-6
2020-09-26 14:49:58,357 INFO o.a.j.t.JMeterThread: Thread started: UC4 4-6
2020-09-26 14:49:58,434 INFO o.a.j.t.JMeterThread: Thread is done: UC7 2-6
2020-09-26 14:49:58,435 INFO o.a.j.t.JMeterThread: Thread finished: UC7 2-6
2020-09-26 14:49:58,454 INFO o.a.j.t.JMeterThread: Thread started: UC6 5-6
2020-09-26 14:49:58,596 INFO o.a.j.t.JMeterThread: Thread is done: UC3 3-6
2020-09-26 14:49:58,596 INFO o.a.j.t.JMeterThread: Thread finished: UC3 3-6
2020-09-26 14:49:58,660 INFO o.a.j.t.JMeterThread: Thread is done: UC4 4-6
2020-09-26 14:49:58,661 INFO o.a.j.t.JMeterThread: Thread finished: UC4 4-6
2020-09-26 14:49:58,794 INFO o.a.j.t.JMeterThread: Thread is done: UC6 5-6
2020-09-26 14:49:58,795 INFO o.a.j.t.JMeterThread: Thread finished: UC6 5-6
2020-09-26 14:49:59,106 INFO o.a.j.t.JMeterThread: Thread started: UC5 1-7
2020-09-26 14:49:59,214 INFO o.a.j.t.JMeterThread: Thread started: UC7 2-7
2020-09-26 14:49:59,273 INFO o.a.j.t.JMeterThread: Thread is done: UC5 1-7
2020-09-26 14:49:59,273 INFO o.a.j.t.JMeterThread: Thread finished: UC5 1-7
2020-09-26 14:49:59,293 INFO o.a.j.t.JMeterThread: Thread started: UC3 3-7
2020-09-26 14:49:59,366 INFO o.a.j.t.JMeterThread: Thread started: UC4 4-7
2020-09-26 14:49:59,412 INFO o.a.j.t.JMeterThread: Thread is done: UC7 2-7
2020-09-26 14:49:59,412 INFO o.a.j.t.JMeterThread: Thread finished: UC7 2-7
2020-09-26 14:49:59,460 INFO o.a.j.t.JMeterThread: Thread started: UC6 5-7
2020-09-26 14:49:59,559 INFO o.a.j.t.JMeterThread: Thread is done: UC3 3-7
2020-09-26 14:49:59,559 INFO o.a.j.t.JMeterThread: Thread finished: UC3 3-7
2020-09-26 14:49:59,661 INFO o.a.j.t.JMeterThread: Thread is done: UC4 4-7
2020-09-26 14:49:59,661 INFO o.a.j.t.JMeterThread: Thread finished: UC4 4-7
2020-09-26 14:49:59,793 INFO o.a.j.t.JMeterThread: Thread is done: UC6 5-7
2020-09-26 14:49:59,794 INFO o.a.j.t.JMeterThread: Thread finished: UC6 5-7
2020-09-26 14:50:00,105 INFO o.a.j.t.JMeterThread: Thread started: UC5 1-8
2020-09-26 14:50:00,117 INFO o.a.j.r.Summariser: summary +   1051 in 00:00:07 =  148.4/s Avg:     8 Min:     4 Max:    76 Err:     0 (0.00%) Active: 1 Started: 36 Finished: 35
2020-09-26 14:50:00,200 INFO o.a.j.t.JMeterThread: Thread started: UC7 2-8
2020-09-26 14:50:00,278 INFO o.a.j.t.JMeterThread: Thread is done: UC5 1-8
2020-09-26 14:50:00,278 INFO o.a.j.t.JMeterThread: Thread finished: UC5 1-8
2020-09-26 14:50:00,291 INFO o.a.j.t.JMeterThread: Thread started: UC3 3-8
2020-09-26 14:50:00,358 INFO o.a.j.t.JMeterThread: Thread started: UC4 4-8
2020-09-26 14:50:00,414 INFO o.a.j.t.JMeterThread: Thread is done: UC7 2-8
2020-09-26 14:50:00,414 INFO o.a.j.t.JMeterThread: Thread finished: UC7 2-8
2020-09-26 14:50:00,460 INFO o.a.j.t.JMeterThread: Thread started: UC6 5-8
2020-09-26 14:50:00,580 INFO o.a.j.t.JMeterThread: Thread is done: UC3 3-8
2020-09-26 14:50:00,580 INFO o.a.j.t.JMeterThread: Thread finished: UC3 3-8
2020-09-26 14:50:00,659 INFO o.a.j.t.JMeterThread: Thread is done: UC4 4-8
2020-09-26 14:50:00,659 INFO o.a.j.t.JMeterThread: Thread finished: UC4 4-8
2020-09-26 14:50:00,752 INFO o.a.j.t.JMeterThread: Thread is done: UC6 5-8
2020-09-26 14:50:00,752 INFO o.a.j.t.JMeterThread: Thread finished: UC6 5-8
2020-09-26 14:50:01,103 INFO o.a.j.t.JMeterThread: Thread started: UC5 1-9
2020-09-26 14:50:01,201 INFO o.a.j.t.JMeterThread: Thread started: UC7 2-9
2020-09-26 14:50:01,263 INFO o.a.j.t.JMeterThread: Thread is done: UC5 1-9
2020-09-26 14:50:01,269 INFO o.a.j.t.JMeterThread: Thread finished: UC5 1-9
2020-09-26 14:50:01,295 INFO o.a.j.t.JMeterThread: Thread started: UC3 3-9
2020-09-26 14:50:01,354 INFO o.a.j.t.JMeterThread: Thread started: UC4 4-9
2020-09-26 14:50:01,419 INFO o.a.j.t.JMeterThread: Thread is done: UC7 2-9
2020-09-26 14:50:01,420 INFO o.a.j.t.JMeterThread: Thread finished: UC7 2-9
2020-09-26 14:50:01,456 INFO o.a.j.t.JMeterThread: Thread started: UC6 5-9
2020-09-26 14:50:01,611 INFO o.a.j.t.JMeterThread: Thread is done: UC3 3-9
2020-09-26 14:50:01,611 INFO o.a.j.t.JMeterThread: Thread finished: UC3 3-9
2020-09-26 14:50:01,671 INFO o.a.j.t.JMeterThread: Thread is done: UC4 4-9
2020-09-26 14:50:01,671 INFO o.a.j.t.JMeterThread: Thread finished: UC4 4-9
2020-09-26 14:50:01,801 INFO o.a.j.t.JMeterThread: Thread is done: UC6 5-9
2020-09-26 14:50:01,801 INFO o.a.j.t.JMeterThread: Thread finished: UC6 5-9
2020-09-26 14:50:02,102 INFO o.a.j.t.JMeterThread: Thread started: UC5 1-10
2020-09-26 14:50:02,196 INFO o.a.j.t.JMeterThread: Thread started: UC7 2-10
2020-09-26 14:50:02,289 INFO o.a.j.t.JMeterThread: Thread is done: UC5 1-10
2020-09-26 14:50:02,290 INFO o.a.j.t.JMeterThread: Thread finished: UC5 1-10
2020-09-26 14:50:02,293 INFO o.a.j.t.JMeterThread: Thread started: UC3 3-10
2020-09-26 14:50:02,350 INFO o.a.j.t.JMeterThread: Thread started: UC4 4-10
2020-09-26 14:50:02,402 INFO o.a.j.t.JMeterThread: Thread is done: UC7 2-10
2020-09-26 14:50:02,402 INFO o.a.j.t.JMeterThread: Thread finished: UC7 2-10
2020-09-26 14:50:02,455 INFO o.a.j.t.JMeterThread: Thread started: UC6 5-10
2020-09-26 14:50:02,566 INFO o.a.j.t.JMeterThread: Thread is done: UC3 3-10
2020-09-26 14:50:02,567 INFO o.a.j.t.JMeterThread: Thread finished: UC3 3-10
2020-09-26 14:50:02,660 INFO o.a.j.t.JMeterThread: Thread is done: UC4 4-10
2020-09-26 14:50:02,660 INFO o.a.j.t.JMeterThread: Thread finished: UC4 4-10
2020-09-26 14:50:02,751 INFO o.a.j.t.JMeterThread: Thread is done: UC6 5-10
2020-09-26 14:50:02,751 INFO o.a.j.t.JMeterThread: Thread finished: UC6 5-10
2020-09-26 14:50:03,103 INFO o.a.j.t.JMeterThread: Thread started: UC5 1-11
2020-09-26 14:50:03,196 INFO o.a.j.t.JMeterThread: Thread started: UC7 2-11
2020-09-26 14:50:03,272 INFO o.a.j.t.JMeterThread: Thread is done: UC5 1-11
2020-09-26 14:50:03,272 INFO o.a.j.t.JMeterThread: Thread finished: UC5 1-11
2020-09-26 14:50:03,291 INFO o.a.j.t.JMeterThread: Thread started: UC3 3-11
2020-09-26 14:50:03,352 INFO o.a.j.t.JMeterThread: Thread started: UC4 4-11
2020-09-26 14:50:03,427 INFO o.a.j.t.JMeterThread: Thread is done: UC7 2-11
2020-09-26 14:50:03,427 INFO o.a.j.t.JMeterThread: Thread finished: UC7 2-11
2020-09-26 14:50:03,453 INFO o.a.j.t.JMeterThread: Thread started: UC6 5-11
2020-09-26 14:50:03,571 INFO o.a.j.t.JMeterThread: Thread is done: UC3 3-11
2020-09-26 14:50:03,573 INFO o.a.j.t.JMeterThread: Thread finished: UC3 3-11
2020-09-26 14:50:03,629 INFO o.a.j.t.JMeterThread: Thread is done: UC4 4-11
2020-09-26 14:50:03,629 INFO o.a.j.t.JMeterThread: Thread finished: UC4 4-11
2020-09-26 14:50:03,749 INFO o.a.j.t.JMeterThread: Thread is done: UC6 5-11
2020-09-26 14:50:03,749 INFO o.a.j.t.JMeterThread: Thread finished: UC6 5-11
2020-09-26 14:50:04,101 INFO o.a.j.t.JMeterThread: Thread started: UC5 1-12
2020-09-26 14:50:04,194 INFO o.a.j.t.JMeterThread: Thread started: UC7 2-12
2020-09-26 14:50:04,253 INFO o.a.j.t.JMeterThread: Thread is done: UC5 1-12
2020-09-26 14:50:04,254 INFO o.a.j.t.JMeterThread: Thread finished: UC5 1-12
2020-09-26 14:50:04,294 INFO o.a.j.t.JMeterThread: Thread started: UC3 3-12
2020-09-26 14:50:04,357 INFO o.a.j.t.JMeterThread: Thread started: UC4 4-12
2020-09-26 14:50:04,392 INFO o.a.j.t.JMeterThread: Thread is done: UC7 2-12
2020-09-26 14:50:04,392 INFO o.a.j.t.JMeterThread: Thread finished: UC7 2-12
2020-09-26 14:50:04,454 INFO o.a.j.t.JMeterThread: Thread started: UC6 5-12
2020-09-26 14:50:04,535 INFO o.a.j.t.JMeterThread: Thread is done: UC3 3-12
2020-09-26 14:50:04,535 INFO o.a.j.t.JMeterThread: Thread finished: UC3 3-12
2020-09-26 14:50:04,654 INFO o.a.j.t.JMeterThread: Thread is done: UC4 4-12
2020-09-26 14:50:04,655 INFO o.a.j.t.JMeterThread: Thread finished: UC4 4-12
2020-09-26 14:50:04,741 INFO o.a.j.t.JMeterThread: Thread is done: UC6 5-12
2020-09-26 14:50:04,741 INFO o.a.j.t.JMeterThread: Thread finished: UC6 5-12
2020-09-26 14:50:05,099 INFO o.a.j.t.JMeterThread: Thread started: UC5 1-13
2020-09-26 14:50:05,194 INFO o.a.j.t.JMeterThread: Thread started: UC7 2-13
2020-09-26 14:50:05,255 INFO o.a.j.t.JMeterThread: Thread is done: UC5 1-13
2020-09-26 14:50:05,257 INFO o.a.j.t.JMeterThread: Thread finished: UC5 1-13
2020-09-26 14:50:05,293 INFO o.a.j.t.JMeterThread: Thread started: UC3 3-13
2020-09-26 14:50:05,348 INFO o.a.j.t.JMeterThread: Thread started: UC4 4-13
2020-09-26 14:50:05,412 INFO o.a.j.t.JMeterThread: Thread is done: UC7 2-13
2020-09-26 14:50:05,412 INFO o.a.j.t.JMeterThread: Thread finished: UC7 2-13
2020-09-26 14:50:05,455 INFO o.a.j.t.JMeterThread: Thread started: UC6 5-13
2020-09-26 14:50:05,594 INFO o.a.j.t.JMeterThread: Thread is done: UC3 3-13
2020-09-26 14:50:05,595 INFO o.a.j.t.JMeterThread: Thread finished: UC3 3-13
2020-09-26 14:50:05,700 INFO o.a.j.t.JMeterThread: Thread is done: UC4 4-13
2020-09-26 14:50:05,700 INFO o.a.j.t.JMeterThread: Thread finished: UC4 4-13
2020-09-26 14:50:05,778 INFO o.a.j.t.JMeterThread: Thread is done: UC6 5-13
2020-09-26 14:50:05,778 INFO o.a.j.t.JMeterThread: Thread finished: UC6 5-13
2020-09-26 14:50:06,098 INFO o.a.j.t.JMeterThread: Thread started: UC5 1-14
2020-09-26 14:50:06,195 INFO o.a.j.t.JMeterThread: Thread started: UC7 2-14
2020-09-26 14:50:06,259 INFO o.a.j.t.JMeterThread: Thread is done: UC5 1-14
2020-09-26 14:50:06,259 INFO o.a.j.t.JMeterThread: Thread finished: UC5 1-14
2020-09-26 14:50:06,293 INFO o.a.j.t.JMeterThread: Thread started: UC3 3-14
2020-09-26 14:50:06,347 INFO o.a.j.t.JMeterThread: Thread started: UC4 4-14
2020-09-26 14:50:06,390 INFO o.a.j.t.JMeterThread: Thread is done: UC7 2-14
2020-09-26 14:50:06,390 INFO o.a.j.t.JMeterThread: Thread finished: UC7 2-14
2020-09-26 14:50:06,458 INFO o.a.j.t.JMeterThread: Thread started: UC6 5-14
2020-09-26 14:50:06,574 INFO o.a.j.t.JMeterThread: Thread is done: UC3 3-14
2020-09-26 14:50:06,574 INFO o.a.j.t.JMeterThread: Thread finished: UC3 3-14
2020-09-26 14:50:06,657 INFO o.a.j.t.JMeterThread: Thread is done: UC4 4-14
2020-09-26 14:50:06,657 INFO o.a.j.t.JMeterThread: Thread finished: UC4 4-14
2020-09-26 14:50:06,762 INFO o.a.j.t.JMeterThread: Thread is done: UC6 5-14
2020-09-26 14:50:06,762 INFO o.a.j.t.JMeterThread: Thread finished: UC6 5-14
2020-09-26 14:50:07,097 INFO o.a.j.t.JMeterThread: Thread started: UC5 1-15
2020-09-26 14:50:07,194 INFO o.a.j.t.JMeterThread: Thread started: UC7 2-15
2020-09-26 14:50:07,247 INFO o.a.j.t.JMeterThread: Thread is done: UC5 1-15
2020-09-26 14:50:07,247 INFO o.a.j.t.JMeterThread: Thread finished: UC5 1-15
2020-09-26 14:50:07,293 INFO o.a.j.t.JMeterThread: Thread started: UC3 3-15
2020-09-26 14:50:07,347 INFO o.a.j.t.JMeterThread: Thread started: UC4 4-15
2020-09-26 14:50:07,379 INFO o.a.j.t.JMeterThread: Thread is done: UC7 2-15
2020-09-26 14:50:07,380 INFO o.a.j.t.JMeterThread: Thread finished: UC7 2-15
2020-09-26 14:50:07,458 INFO o.a.j.t.JMeterThread: Thread started: UC6 5-15
2020-09-26 14:50:07,570 INFO o.a.j.t.JMeterThread: Thread is done: UC3 3-15
2020-09-26 14:50:07,570 INFO o.a.j.t.JMeterThread: Thread finished: UC3 3-15
2020-09-26 14:50:07,638 INFO o.a.j.t.JMeterThread: Thread is done: UC4 4-15
2020-09-26 14:50:07,638 INFO o.a.j.t.JMeterThread: Thread finished: UC4 4-15
2020-09-26 14:50:07,739 INFO o.a.j.t.JMeterThread: Thread is done: UC6 5-15
2020-09-26 14:50:07,739 INFO o.a.j.t.JMeterThread: Thread finished: UC6 5-15
2020-09-26 14:50:08,103 INFO o.a.j.t.JMeterThread: Thread started: UC5 1-16
2020-09-26 14:50:08,194 INFO o.a.j.t.JMeterThread: Thread started: UC7 2-16
2020-09-26 14:50:08,261 INFO o.a.j.t.JMeterThread: Thread is done: UC5 1-16
2020-09-26 14:50:08,261 INFO o.a.j.t.JMeterThread: Thread finished: UC5 1-16
2020-09-26 14:50:08,292 INFO o.a.j.t.JMeterThread: Thread started: UC3 3-16
2020-09-26 14:50:08,347 INFO o.a.j.t.JMeterThread: Thread started: UC4 4-16
2020-09-26 14:50:08,411 INFO o.a.j.t.JMeterThread: Thread is done: UC7 2-16
2020-09-26 14:50:08,411 INFO o.a.j.t.JMeterThread: Thread finished: UC7 2-16
2020-09-26 14:50:08,457 INFO o.a.j.t.JMeterThread: Thread started: UC6 5-16
2020-09-26 14:50:08,551 INFO o.a.j.t.JMeterThread: Thread is done: UC3 3-16
2020-09-26 14:50:08,552 INFO o.a.j.t.JMeterThread: Thread finished: UC3 3-16
2020-09-26 14:50:08,629 INFO o.a.j.t.JMeterThread: Thread is done: UC4 4-16
2020-09-26 14:50:08,629 INFO o.a.j.t.JMeterThread: Thread finished: UC4 4-16
2020-09-26 14:50:08,752 INFO o.a.j.t.JMeterThread: Thread is done: UC6 5-16
2020-09-26 14:50:08,752 INFO o.a.j.t.JMeterThread: Thread finished: UC6 5-16
2020-09-26 14:50:09,094 INFO o.a.j.t.JMeterThread: Thread started: UC5 1-17
2020-09-26 14:50:09,194 INFO o.a.j.t.JMeterThread: Thread started: UC7 2-17
2020-09-26 14:50:09,244 INFO o.a.j.t.JMeterThread: Thread is done: UC5 1-17
2020-09-26 14:50:09,244 INFO o.a.j.t.JMeterThread: Thread finished: UC5 1-17
2020-09-26 14:50:09,291 INFO o.a.j.t.JMeterThread: Thread started: UC3 3-17
2020-09-26 14:50:09,348 INFO o.a.j.t.JMeterThread: Thread started: UC4 4-17
2020-09-26 14:50:09,377 INFO o.a.j.t.JMeterThread: Thread is done: UC7 2-17
2020-09-26 14:50:09,378 INFO o.a.j.t.JMeterThread: Thread finished: UC7 2-17
2020-09-26 14:50:09,458 INFO o.a.j.t.JMeterThread: Thread started: UC6 5-17
2020-09-26 14:50:09,565 INFO o.a.j.t.JMeterThread: Thread is done: UC3 3-17
2020-09-26 14:50:09,565 INFO o.a.j.t.JMeterThread: Thread finished: UC3 3-17
2020-09-26 14:50:09,633 INFO o.a.j.t.JMeterThread: Thread is done: UC4 4-17
2020-09-26 14:50:09,634 INFO o.a.j.t.JMeterThread: Thread finished: UC4 4-17
2020-09-26 14:50:09,756 INFO o.a.j.t.JMeterThread: Thread is done: UC6 5-17
2020-09-26 14:50:09,756 INFO o.a.j.t.JMeterThread: Thread finished: UC6 5-17
2020-09-26 14:50:10,107 INFO o.a.j.t.JMeterThread: Thread started: UC5 1-18
2020-09-26 14:50:10,193 INFO o.a.j.t.JMeterThread: Thread started: UC7 2-18
2020-09-26 14:50:10,250 INFO o.a.j.t.JMeterThread: Thread is done: UC5 1-18
2020-09-26 14:50:10,250 INFO o.a.j.t.JMeterThread: Thread finished: UC5 1-18
2020-09-26 14:50:10,291 INFO o.a.j.t.JMeterThread: Thread started: UC3 3-18
2020-09-26 14:50:10,347 INFO o.a.j.t.JMeterThread: Thread started: UC4 4-18
2020-09-26 14:50:10,384 INFO o.a.j.t.JMeterThread: Thread is done: UC7 2-18
2020-09-26 14:50:10,385 INFO o.a.j.t.JMeterThread: Thread finished: UC7 2-18
2020-09-26 14:50:10,455 INFO o.a.j.t.JMeterThread: Thread started: UC6 5-18
2020-09-26 14:50:10,554 INFO o.a.j.t.JMeterThread: Thread is done: UC3 3-18
2020-09-26 14:50:10,554 INFO o.a.j.t.JMeterThread: Thread finished: UC3 3-18
2020-09-26 14:50:10,638 INFO o.a.j.t.JMeterThread: Thread is done: UC4 4-18
2020-09-26 14:50:10,638 INFO o.a.j.t.JMeterThread: Thread finished: UC4 4-18
2020-09-26 14:50:10,760 INFO o.a.j.t.JMeterThread: Thread is done: UC6 5-18
2020-09-26 14:50:10,760 INFO o.a.j.t.JMeterThread: Thread finished: UC6 5-18
2020-09-26 14:50:11,089 INFO o.a.j.t.JMeterThread: Thread started: UC5 1-19
2020-09-26 14:50:11,193 INFO o.a.j.t.JMeterThread: Thread started: UC7 2-19
2020-09-26 14:50:11,268 INFO o.a.j.t.JMeterThread: Thread is done: UC5 1-19
2020-09-26 14:50:11,268 INFO o.a.j.t.JMeterThread: Thread finished: UC5 1-19
2020-09-26 14:50:11,298 INFO o.a.j.t.JMeterThread: Thread started: UC3 3-19
2020-09-26 14:50:11,354 INFO o.a.j.t.JMeterThread: Thread started: UC4 4-19
2020-09-26 14:50:11,393 INFO o.a.j.t.JMeterThread: Thread is done: UC7 2-19
2020-09-26 14:50:11,393 INFO o.a.j.t.JMeterThread: Thread finished: UC7 2-19
2020-09-26 14:50:11,455 INFO o.a.j.t.JMeterThread: Thread started: UC6 5-19
2020-09-26 14:50:11,585 INFO o.a.j.t.JMeterThread: Thread is done: UC3 3-19
2020-09-26 14:50:11,585 INFO o.a.j.t.JMeterThread: Thread finished: UC3 3-19
2020-09-26 14:50:11,656 INFO o.a.j.t.JMeterThread: Thread is done: UC4 4-19
2020-09-26 14:50:11,656 INFO o.a.j.t.JMeterThread: Thread finished: UC4 4-19
2020-09-26 14:50:11,772 INFO o.a.j.t.JMeterThread: Thread is done: UC6 5-19
2020-09-26 14:50:11,772 INFO o.a.j.t.JMeterThread: Thread finished: UC6 5-19
2020-09-26 14:50:12,092 INFO o.a.j.t.JMeterThread: Thread started: UC5 1-20
2020-09-26 14:50:12,193 INFO o.a.j.t.JMeterThread: Thread started: UC7 2-20
2020-09-26 14:50:12,246 INFO o.a.j.t.JMeterThread: Thread is done: UC5 1-20
2020-09-26 14:50:12,246 INFO o.a.j.t.JMeterThread: Thread finished: UC5 1-20
2020-09-26 14:50:12,298 INFO o.a.j.t.JMeterThread: Thread started: UC3 3-20
2020-09-26 14:50:12,354 INFO o.a.j.t.JMeterThread: Thread started: UC4 4-20
2020-09-26 14:50:12,412 INFO o.a.j.t.JMeterThread: Thread is done: UC7 2-20
2020-09-26 14:50:12,412 INFO o.a.j.t.JMeterThread: Thread finished: UC7 2-20
2020-09-26 14:50:12,461 INFO o.a.j.t.JMeterThread: Thread started: UC6 5-20
2020-09-26 14:50:12,609 INFO o.a.j.t.JMeterThread: Thread is done: UC3 3-20
2020-09-26 14:50:12,609 INFO o.a.j.t.JMeterThread: Thread finished: UC3 3-20
2020-09-26 14:50:12,655 INFO o.a.j.t.JMeterThread: Thread is done: UC4 4-20
2020-09-26 14:50:12,655 INFO o.a.j.t.JMeterThread: Thread finished: UC4 4-20
2020-09-26 14:50:12,780 INFO o.a.j.t.JMeterThread: Thread is done: UC6 5-20
2020-09-26 14:50:12,780 INFO o.a.j.t.JMeterThread: Thread finished: UC6 5-20
2020-09-26 14:50:13,087 INFO o.a.j.t.JMeterThread: Thread started: UC5 1-21
2020-09-26 14:50:13,193 INFO o.a.j.t.JMeterThread: Thread started: UC7 2-21
2020-09-26 14:50:13,229 INFO o.a.j.t.JMeterThread: Thread is done: UC5 1-21
2020-09-26 14:50:13,229 INFO o.a.j.t.JMeterThread: Thread finished: UC5 1-21
2020-09-26 14:50:13,297 INFO o.a.j.t.JMeterThread: Thread started: UC3 3-21
2020-09-26 14:50:13,351 INFO o.a.j.t.JMeterThread: Thread started: UC4 4-21
2020-09-26 14:50:13,380 INFO o.a.j.t.JMeterThread: Thread is done: UC7 2-21
2020-09-26 14:50:13,380 INFO o.a.j.t.JMeterThread: Thread finished: UC7 2-21
2020-09-26 14:50:13,461 INFO o.a.j.t.JMeterThread: Thread started: UC6 5-21
2020-09-26 14:50:13,535 INFO o.a.j.t.JMeterThread: Thread is done: UC3 3-21
2020-09-26 14:50:13,535 INFO o.a.j.t.JMeterThread: Thread finished: UC3 3-21
2020-09-26 14:50:13,619 INFO o.a.j.t.JMeterThread: Thread is done: UC4 4-21
2020-09-26 14:50:13,620 INFO o.a.j.t.JMeterThread: Thread finished: UC4 4-21
2020-09-26 14:50:13,738 INFO o.a.j.t.JMeterThread: Thread is done: UC6 5-21
2020-09-26 14:50:13,739 INFO o.a.j.t.JMeterThread: Thread finished: UC6 5-21
2020-09-26 14:50:14,085 INFO o.a.j.t.JMeterThread: Thread started: UC5 1-22
2020-09-26 14:50:14,194 INFO o.a.j.t.JMeterThread: Thread started: UC7 2-22
2020-09-26 14:50:14,228 INFO o.a.j.t.JMeterThread: Thread is done: UC5 1-22
2020-09-26 14:50:14,228 INFO o.a.j.t.JMeterThread: Thread finished: UC5 1-22
2020-09-26 14:50:14,296 INFO o.a.j.t.JMeterThread: Thread started: UC3 3-22
2020-09-26 14:50:14,351 INFO o.a.j.t.JMeterThread: Thread started: UC4 4-22
2020-09-26 14:50:14,374 INFO o.a.j.t.JMeterThread: Thread is done: UC7 2-22
2020-09-26 14:50:14,374 INFO o.a.j.t.JMeterThread: Thread finished: UC7 2-22
2020-09-26 14:50:14,453 INFO o.a.j.t.JMeterThread: Thread started: UC6 5-22
2020-09-26 14:50:14,573 INFO o.a.j.t.JMeterThread: Thread is done: UC3 3-22
2020-09-26 14:50:14,573 INFO o.a.j.t.JMeterThread: Thread finished: UC3 3-22
2020-09-26 14:50:14,657 INFO o.a.j.t.JMeterThread: Thread is done: UC4 4-22
2020-09-26 14:50:14,657 INFO o.a.j.t.JMeterThread: Thread finished: UC4 4-22
2020-09-26 14:50:14,759 INFO o.a.j.t.JMeterThread: Thread is done: UC6 5-22
2020-09-26 14:50:14,760 INFO o.a.j.t.JMeterThread: Thread finished: UC6 5-22
2020-09-26 14:50:15,086 INFO o.a.j.t.JMeterThread: Thread started: UC5 1-23
2020-09-26 14:50:15,195 INFO o.a.j.t.JMeterThread: Thread started: UC7 2-23
2020-09-26 14:50:15,246 INFO o.a.j.t.JMeterThread: Thread is done: UC5 1-23
2020-09-26 14:50:15,247 INFO o.a.j.t.JMeterThread: Thread finished: UC5 1-23
2020-09-26 14:50:15,296 INFO o.a.j.t.JMeterThread: Thread started: UC3 3-23
2020-09-26 14:50:15,350 INFO o.a.j.t.JMeterThread: Thread started: UC4 4-23
2020-09-26 14:50:15,385 INFO o.a.j.t.JMeterThread: Thread is done: UC7 2-23
2020-09-26 14:50:15,386 INFO o.a.j.t.JMeterThread: Thread finished: UC7 2-23
2020-09-26 14:50:15,454 INFO o.a.j.t.JMeterThread: Thread started: UC6 5-23
2020-09-26 14:50:15,564 INFO o.a.j.t.JMeterThread: Thread is done: UC3 3-23
2020-09-26 14:50:15,564 INFO o.a.j.t.JMeterThread: Thread finished: UC3 3-23
2020-09-26 14:50:15,635 INFO o.a.j.t.JMeterThread: Thread is done: UC4 4-23
2020-09-26 14:50:15,635 INFO o.a.j.t.JMeterThread: Thread finished: UC4 4-23
2020-09-26 14:50:15,744 INFO o.a.j.t.JMeterThread: Thread is done: UC6 5-23
2020-09-26 14:50:15,744 INFO o.a.j.t.JMeterThread: Thread finished: UC6 5-23
2020-09-26 14:50:16,086 INFO o.a.j.t.JMeterThread: Thread started: UC5 1-24
2020-09-26 14:50:16,194 INFO o.a.j.t.JMeterThread: Thread started: UC7 2-24
2020-09-26 14:50:16,238 INFO o.a.j.t.JMeterThread: Thread is done: UC5 1-24
2020-09-26 14:50:16,239 INFO o.a.j.t.JMeterThread: Thread finished: UC5 1-24
2020-09-26 14:50:16,295 INFO o.a.j.t.JMeterThread: Thread started: UC3 3-24
2020-09-26 14:50:16,354 INFO o.a.j.t.JMeterThread: Thread started: UC4 4-24
2020-09-26 14:50:16,379 INFO o.a.j.t.JMeterThread: Thread is done: UC7 2-24
2020-09-26 14:50:16,380 INFO o.a.j.t.JMeterThread: Thread finished: UC7 2-24
2020-09-26 14:50:16,453 INFO o.a.j.t.JMeterThread: Thread started: UC6 5-24
2020-09-26 14:50:16,558 INFO o.a.j.t.JMeterThread: Thread is done: UC3 3-24
2020-09-26 14:50:16,558 INFO o.a.j.t.JMeterThread: Thread finished: UC3 3-24
2020-09-26 14:50:16,641 INFO o.a.j.t.JMeterThread: Thread is done: UC4 4-24
2020-09-26 14:50:16,641 INFO o.a.j.t.JMeterThread: Thread finished: UC4 4-24
2020-09-26 14:50:16,757 INFO o.a.j.t.JMeterThread: Thread is done: UC6 5-24
2020-09-26 14:50:16,757 INFO o.a.j.t.JMeterThread: Thread finished: UC6 5-24
2020-09-26 14:50:17,085 INFO o.a.j.t.JMeterThread: Thread started: UC5 1-25
2020-09-26 14:50:17,197 INFO o.a.j.t.JMeterThread: Thread started: UC7 2-25
2020-09-26 14:50:17,236 INFO o.a.j.t.JMeterThread: Thread is done: UC5 1-25
2020-09-26 14:50:17,236 INFO o.a.j.t.JMeterThread: Thread finished: UC5 1-25
2020-09-26 14:50:17,294 INFO o.a.j.t.JMeterThread: Thread started: UC3 3-25
2020-09-26 14:50:17,348 INFO o.a.j.t.JMeterThread: Thread started: UC4 4-25
2020-09-26 14:50:17,368 INFO o.a.j.t.JMeterThread: Thread is done: UC7 2-25
2020-09-26 14:50:17,368 INFO o.a.j.t.JMeterThread: Thread finished: UC7 2-25
2020-09-26 14:50:17,454 INFO o.a.j.t.JMeterThread: Thread started: UC6 5-25
2020-09-26 14:50:17,538 INFO o.a.j.t.JMeterThread: Thread is done: UC3 3-25
2020-09-26 14:50:17,538 INFO o.a.j.t.JMeterThread: Thread finished: UC3 3-25
2020-09-26 14:50:17,628 INFO o.a.j.t.JMeterThread: Thread is done: UC4 4-25
2020-09-26 14:50:17,629 INFO o.a.j.t.JMeterThread: Thread finished: UC4 4-25
2020-09-26 14:50:17,745 INFO o.a.j.t.JMeterThread: Thread is done: UC6 5-25
2020-09-26 14:50:17,745 INFO o.a.j.t.JMeterThread: Thread finished: UC6 5-25
2020-09-26 14:50:18,098 INFO o.a.j.t.JMeterThread: Thread started: UC5 1-26
2020-09-26 14:50:18,201 INFO o.a.j.t.JMeterThread: Thread started: UC7 2-26
2020-09-26 14:50:18,241 INFO o.a.j.t.JMeterThread: Thread is done: UC5 1-26
2020-09-26 14:50:18,241 INFO o.a.j.t.JMeterThread: Thread finished: UC5 1-26
2020-09-26 14:50:18,295 INFO o.a.j.t.JMeterThread: Thread started: UC3 3-26
2020-09-26 14:50:18,355 INFO o.a.j.t.JMeterThread: Thread started: UC4 4-26
2020-09-26 14:50:18,377 INFO o.a.j.t.JMeterThread: Thread is done: UC7 2-26
2020-09-26 14:50:18,377 INFO o.a.j.t.JMeterThread: Thread finished: UC7 2-26
2020-09-26 14:50:18,454 INFO o.a.j.t.JMeterThread: Thread started: UC6 5-26
2020-09-26 14:50:18,538 INFO o.a.j.t.JMeterThread: Thread is done: UC3 3-26
2020-09-26 14:50:18,538 INFO o.a.j.t.JMeterThread: Thread finished: UC3 3-26
2020-09-26 14:50:18,637 INFO o.a.j.t.JMeterThread: Thread is done: UC4 4-26
2020-09-26 14:50:18,637 INFO o.a.j.t.JMeterThread: Thread finished: UC4 4-26
2020-09-26 14:50:18,738 INFO o.a.j.t.JMeterThread: Thread is done: UC6 5-26
2020-09-26 14:50:18,738 INFO o.a.j.t.JMeterThread: Thread finished: UC6 5-26
2020-09-26 14:50:19,089 INFO o.a.j.t.JMeterThread: Thread started: UC5 1-27
2020-09-26 14:50:19,205 INFO o.a.j.t.JMeterThread: Thread started: UC7 2-27
2020-09-26 14:50:19,246 INFO o.a.j.t.JMeterThread: Thread is done: UC5 1-27
2020-09-26 14:50:19,246 INFO o.a.j.t.JMeterThread: Thread finished: UC5 1-27
2020-09-26 14:50:19,292 INFO o.a.j.t.JMeterThread: Thread started: UC3 3-27
2020-09-26 14:50:19,347 INFO o.a.j.t.JMeterThread: Thread started: UC4 4-27
2020-09-26 14:50:19,398 INFO o.a.j.t.JMeterThread: Thread is done: UC7 2-27
2020-09-26 14:50:19,398 INFO o.a.j.t.JMeterThread: Thread finished: UC7 2-27
2020-09-26 14:50:19,460 INFO o.a.j.t.JMeterThread: Thread started: UC6 5-27
2020-09-26 14:50:19,548 INFO o.a.j.t.JMeterThread: Thread is done: UC3 3-27
2020-09-26 14:50:19,548 INFO o.a.j.t.JMeterThread: Thread finished: UC3 3-27
2020-09-26 14:50:19,630 INFO o.a.j.t.JMeterThread: Thread is done: UC4 4-27
2020-09-26 14:50:19,630 INFO o.a.j.t.JMeterThread: Thread finished: UC4 4-27
2020-09-26 14:50:19,763 INFO o.a.j.t.JMeterThread: Thread is done: UC6 5-27
2020-09-26 14:50:19,763 INFO o.a.j.t.JMeterThread: Thread finished: UC6 5-27
2020-09-26 14:50:20,088 INFO o.a.j.t.JMeterThread: Thread started: UC5 1-28
2020-09-26 14:50:20,202 INFO o.a.j.t.JMeterThread: Thread started: UC7 2-28
2020-09-26 14:50:20,238 INFO o.a.j.t.JMeterThread: Thread is done: UC5 1-28
2020-09-26 14:50:20,238 INFO o.a.j.t.JMeterThread: Thread finished: UC5 1-28
2020-09-26 14:50:20,291 INFO o.a.j.t.JMeterThread: Thread started: UC3 3-28
2020-09-26 14:50:20,350 INFO o.a.j.t.JMeterThread: Thread started: UC4 4-28
2020-09-26 14:50:20,392 INFO o.a.j.t.JMeterThread: Thread is done: UC7 2-28
2020-09-26 14:50:20,392 INFO o.a.j.t.JMeterThread: Thread finished: UC7 2-28
2020-09-26 14:50:20,454 INFO o.a.j.t.JMeterThread: Thread started: UC6 5-28
2020-09-26 14:50:20,529 INFO o.a.j.t.JMeterThread: Thread is done: UC3 3-28
2020-09-26 14:50:20,529 INFO o.a.j.t.JMeterThread: Thread finished: UC3 3-28
2020-09-26 14:50:20,631 INFO o.a.j.t.JMeterThread: Thread is done: UC4 4-28
2020-09-26 14:50:20,631 INFO o.a.j.t.JMeterThread: Thread finished: UC4 4-28
2020-09-26 14:50:20,728 INFO o.a.j.t.JMeterThread: Thread is done: UC6 5-28
2020-09-26 14:50:20,729 INFO o.a.j.t.JMeterThread: Thread finished: UC6 5-28
2020-09-26 14:50:21,086 INFO o.a.j.t.JMeterThread: Thread started: UC5 1-29
2020-09-26 14:50:21,198 INFO o.a.j.t.JMeterThread: Thread started: UC7 2-29
2020-09-26 14:50:21,226 INFO o.a.j.t.JMeterThread: Thread is done: UC5 1-29
2020-09-26 14:50:21,227 INFO o.a.j.t.JMeterThread: Thread finished: UC5 1-29
2020-09-26 14:50:21,292 INFO o.a.j.t.JMeterThread: Thread started: UC3 3-29
2020-09-26 14:50:21,348 INFO o.a.j.t.JMeterThread: Thread started: UC4 4-29
2020-09-26 14:50:21,372 INFO o.a.j.t.JMeterThread: Thread is done: UC7 2-29
2020-09-26 14:50:21,372 INFO o.a.j.t.JMeterThread: Thread finished: UC7 2-29
2020-09-26 14:50:21,453 INFO o.a.j.t.JMeterThread: Thread started: UC6 5-29
2020-09-26 14:50:21,538 INFO o.a.j.t.JMeterThread: Thread is done: UC3 3-29
2020-09-26 14:50:21,538 INFO o.a.j.t.JMeterThread: Thread finished: UC3 3-29
2020-09-26 14:50:21,613 INFO o.a.j.t.JMeterThread: Thread is done: UC4 4-29
2020-09-26 14:50:21,613 INFO o.a.j.t.JMeterThread: Thread finished: UC4 4-29
2020-09-26 14:50:21,747 INFO o.a.j.t.JMeterThread: Thread is done: UC6 5-29
2020-09-26 14:50:21,747 INFO o.a.j.t.JMeterThread: Thread finished: UC6 5-29
2020-09-26 14:50:22,091 INFO o.a.j.t.JMeterThread: Thread started: UC5 1-30
2020-09-26 14:50:22,193 INFO o.a.j.t.JMeterThread: Thread started: UC7 2-30
2020-09-26 14:50:22,240 INFO o.a.j.t.JMeterThread: Thread is done: UC5 1-30
2020-09-26 14:50:22,241 INFO o.a.j.t.JMeterThread: Thread finished: UC5 1-30
2020-09-26 14:50:22,297 INFO o.a.j.t.JMeterThread: Thread started: UC3 3-30
2020-09-26 14:50:22,348 INFO o.a.j.t.JMeterThread: Thread started: UC4 4-30
2020-09-26 14:50:22,368 INFO o.a.j.t.JMeterThread: Thread is done: UC7 2-30
2020-09-26 14:50:22,368 INFO o.a.j.t.JMeterThread: Thread finished: UC7 2-30
2020-09-26 14:50:22,454 INFO o.a.j.t.JMeterThread: Thread started: UC6 5-30
2020-09-26 14:50:22,568 INFO o.a.j.t.JMeterThread: Thread is done: UC3 3-30
2020-09-26 14:50:22,568 INFO o.a.j.t.JMeterThread: Thread finished: UC3 3-30
2020-09-26 14:50:22,645 INFO o.a.j.t.JMeterThread: Thread is done: UC4 4-30
2020-09-26 14:50:22,645 INFO o.a.j.t.JMeterThread: Thread finished: UC4 4-30
2020-09-26 14:50:22,757 INFO o.a.j.t.JMeterThread: Thread is done: UC6 5-30
2020-09-26 14:50:22,757 INFO o.a.j.t.JMeterThread: Thread finished: UC6 5-30
2020-09-26 14:50:22,757 INFO o.a.j.e.StandardJMeterEngine: Notifying test listeners of end of test
2020-09-26 14:50:22,758 INFO o.a.j.r.Summariser: summary +   3449 in 00:00:23 =  152.3/s Avg:     7 Min:     3 Max:    37 Err:     0 (0.00%) Active: 0 Started: 150 Finished: 150
2020-09-26 14:50:22,759 INFO o.a.j.r.Summariser: summary =   4500 in 00:00:30 =  151.4/s Avg:     8 Min:     3 Max:    76 Err:     0 (0.00%)
