2020-10-26 12:37:33,523 INFO o.a.j.u.JMeterUtils: Setting Locale to en_US
2020-10-26 12:37:33,569 INFO o.a.j.JMeter: Loading user properties from: /home/gabrielkovacs/jmeter/apache-jmeter-5.3/bin/user.properties
2020-10-26 12:37:33,570 INFO o.a.j.JMeter: Loading system properties from: /home/gabrielkovacs/jmeter/apache-jmeter-5.3/bin/system.properties
2020-10-26 12:37:33,572 INFO o.a.j.JMeter: Copyright (c) 1998-2020 The Apache Software Foundation
2020-10-26 12:37:33,572 INFO o.a.j.JMeter: Version 5.3
2020-10-26 12:37:33,573 INFO o.a.j.JMeter: java.version=11.0.8
2020-10-26 12:37:33,573 INFO o.a.j.JMeter: java.vm.name=OpenJDK 64-Bit Server VM
2020-10-26 12:37:33,573 INFO o.a.j.JMeter: os.name=Linux
2020-10-26 12:37:33,574 INFO o.a.j.JMeter: os.arch=amd64
2020-10-26 12:37:33,574 INFO o.a.j.JMeter: os.version=5.3.0-59-generic
2020-10-26 12:37:33,574 INFO o.a.j.JMeter: file.encoding=UTF-8
2020-10-26 12:37:33,574 INFO o.a.j.JMeter: java.awt.headless=true
2020-10-26 12:37:33,574 INFO o.a.j.JMeter: Max memory     =4198498304
2020-10-26 12:37:33,575 INFO o.a.j.JMeter: Available Processors =2
2020-10-26 12:37:33,592 INFO o.a.j.JMeter: Default Locale=English (United States)
2020-10-26 12:37:33,592 INFO o.a.j.JMeter: JMeter  Locale=English (United States)
2020-10-26 12:37:33,592 INFO o.a.j.JMeter: JMeterHome=/home/gabrielkovacs/jmeter/apache-jmeter-5.3
2020-10-26 12:37:33,592 INFO o.a.j.JMeter: user.dir  =/home/gabrielkovacs/jmeter/orchestrate_api_gateway_1_to_1_db_distributed
2020-10-26 12:37:33,593 INFO o.a.j.JMeter: PWD       =/home/gabrielkovacs/jmeter/orchestrate_api_gateway_1_to_1_db_distributed
2020-10-26 12:37:33,594 INFO o.a.j.JMeter: IP: 127.0.1.1 Name: swa-gabrielkovacs FullName: swa-gabrielkovacs
2020-10-26 12:37:33,606 INFO o.a.j.s.FileServer: Default base='/home/gabrielkovacs/jmeter/orchestrate_api_gateway_1_to_1_db_distributed'
2020-10-26 12:37:33,609 INFO o.a.j.s.FileServer: Set new base='/home/gabrielkovacs/jmeter/orchestrate_api_gateway_1_to_1_db_distributed'
2020-10-26 12:37:33,933 INFO o.a.j.s.SaveService: Testplan (JMX) version: 2.2. Testlog (JTL) version: 2.2
2020-10-26 12:37:33,987 INFO o.a.j.s.SaveService: Using SaveService properties version 5.0
2020-10-26 12:37:33,996 INFO o.a.j.s.SaveService: Using SaveService properties file encoding UTF-8
2020-10-26 12:37:34,003 INFO o.a.j.s.SaveService: Loading file: SR_OP&ROP_DR_1_0_300.jmx
2020-10-26 12:37:34,084 INFO o.a.j.p.h.s.HTTPSamplerBase: Parser for text/html is org.apache.jmeter.protocol.http.parser.LagartoBasedHtmlParser
2020-10-26 12:37:34,085 INFO o.a.j.p.h.s.HTTPSamplerBase: Parser for application/xhtml+xml is org.apache.jmeter.protocol.http.parser.LagartoBasedHtmlParser
2020-10-26 12:37:34,085 INFO o.a.j.p.h.s.HTTPSamplerBase: Parser for application/xml is org.apache.jmeter.protocol.http.parser.LagartoBasedHtmlParser
2020-10-26 12:37:34,086 INFO o.a.j.p.h.s.HTTPSamplerBase: Parser for text/xml is org.apache.jmeter.protocol.http.parser.LagartoBasedHtmlParser
2020-10-26 12:37:34,086 INFO o.a.j.p.h.s.HTTPSamplerBase: Parser for text/vnd.wap.wml is org.apache.jmeter.protocol.http.parser.RegexpHTMLParser
2020-10-26 12:37:34,087 INFO o.a.j.p.h.s.HTTPSamplerBase: Parser for text/css is org.apache.jmeter.protocol.http.parser.CssParser
2020-10-26 12:37:34,162 INFO o.a.j.JMeter: Creating summariser <summary>
2020-10-26 12:37:34,179 INFO o.a.j.e.StandardJMeterEngine: Running the test!
2020-10-26 12:37:34,181 INFO o.a.j.s.SampleEvent: List of sample_variables: [uuid]
2020-10-26 12:37:34,181 INFO o.a.j.s.SampleEvent: List of sample_variables: [uuid]
2020-10-26 12:37:34,203 INFO o.a.j.e.u.CompoundVariable: Note: Function class names must contain the string: '.functions.'
2020-10-26 12:37:34,204 INFO o.a.j.e.u.CompoundVariable: Note: Function class names must not contain the string: '.gui.'
2020-10-26 12:37:34,950 INFO o.a.j.JMeter: Running test (1603712254950)
2020-10-26 12:37:34,994 INFO o.a.j.e.StandardJMeterEngine: Starting ThreadGroup: 1 : UC5
2020-10-26 12:37:34,994 INFO o.a.j.e.StandardJMeterEngine: Starting 1 threads for group UC5.
2020-10-26 12:37:34,994 INFO o.a.j.e.StandardJMeterEngine: Thread will continue on error
2020-10-26 12:37:34,995 INFO o.a.j.t.ThreadGroup: Starting thread group... number=1 threads=1 ramp-up=0 delayedStart=false
2020-10-26 12:37:35,003 INFO o.a.j.t.ThreadGroup: Started thread group number 1
2020-10-26 12:37:35,004 INFO o.a.j.e.StandardJMeterEngine: Starting ThreadGroup: 2 : UC7
2020-10-26 12:37:35,004 INFO o.a.j.e.StandardJMeterEngine: Starting 1 threads for group UC7.
2020-10-26 12:37:35,004 INFO o.a.j.e.StandardJMeterEngine: Thread will continue on error
2020-10-26 12:37:35,004 INFO o.a.j.t.ThreadGroup: Starting thread group... number=2 threads=1 ramp-up=0 delayedStart=false
2020-10-26 12:37:35,005 INFO o.a.j.t.ThreadGroup: Started thread group number 2
2020-10-26 12:37:35,006 INFO o.a.j.e.StandardJMeterEngine: Starting ThreadGroup: 3 : UC3
2020-10-26 12:37:35,006 INFO o.a.j.e.StandardJMeterEngine: Starting 1 threads for group UC3.
2020-10-26 12:37:35,006 INFO o.a.j.e.StandardJMeterEngine: Thread will continue on error
2020-10-26 12:37:35,006 INFO o.a.j.t.ThreadGroup: Starting thread group... number=3 threads=1 ramp-up=0 delayedStart=false
2020-10-26 12:37:35,007 INFO o.a.j.t.ThreadGroup: Started thread group number 3
2020-10-26 12:37:35,007 INFO o.a.j.e.StandardJMeterEngine: Starting ThreadGroup: 4 : UC4
2020-10-26 12:37:35,007 INFO o.a.j.e.StandardJMeterEngine: Starting 1 threads for group UC4.
2020-10-26 12:37:35,008 INFO o.a.j.e.StandardJMeterEngine: Thread will continue on error
2020-10-26 12:37:35,008 INFO o.a.j.t.ThreadGroup: Starting thread group... number=4 threads=1 ramp-up=0 delayedStart=false
2020-10-26 12:37:35,009 INFO o.a.j.t.ThreadGroup: Started thread group number 4
2020-10-26 12:37:35,009 INFO o.a.j.e.StandardJMeterEngine: Starting ThreadGroup: 5 : UC6
2020-10-26 12:37:35,010 INFO o.a.j.e.StandardJMeterEngine: Starting 1 threads for group UC6.
2020-10-26 12:37:35,010 INFO o.a.j.e.StandardJMeterEngine: Thread will continue on error
2020-10-26 12:37:35,010 INFO o.a.j.t.ThreadGroup: Starting thread group... number=5 threads=1 ramp-up=0 delayedStart=false
2020-10-26 12:37:35,011 INFO o.a.j.t.ThreadGroup: Started thread group number 5
2020-10-26 12:37:35,011 INFO o.a.j.e.StandardJMeterEngine: All thread groups have been started
2020-10-26 12:37:35,025 INFO o.a.j.t.JMeterThread: Thread started: UC4 4-1
2020-10-26 12:37:35,024 INFO o.a.j.t.JMeterThread: Thread started: UC7 2-1
2020-10-26 12:37:35,024 INFO o.a.j.t.JMeterThread: Thread started: UC3 3-1
2020-10-26 12:37:35,023 INFO o.a.j.t.JMeterThread: Thread started: UC5 1-1
2020-10-26 12:37:35,025 INFO o.a.j.t.JMeterThread: Thread started: UC6 5-1
2020-10-26 12:37:35,348 INFO o.a.j.p.h.s.HTTPJavaImpl: Maximum connection retries = 0
2020-10-26 12:37:35,351 INFO o.a.j.s.SampleResult: Note: Sample TimeStamps are START times
2020-10-26 12:37:35,351 INFO o.a.j.s.SampleResult: sampleresult.default.encoding is set to ISO-8859-1
2020-10-26 12:37:35,351 INFO o.a.j.s.SampleResult: sampleresult.useNanoTime=true
2020-10-26 12:37:35,351 INFO o.a.j.s.SampleResult: sampleresult.nanoThreadSleep=5000
2020-10-26 12:37:35,402 INFO o.a.j.r.Summariser: summary +      1 in 00:00:00 =    2.2/s Avg:    43 Min:    43 Max:    43 Err:     0 (0.00%) Active: 5 Started: 5 Finished: 0
2020-10-26 12:38:00,092 INFO o.a.j.r.Summariser: summary +    396 in 00:00:25 =   16.0/s Avg:    12 Min:     5 Max:    46 Err:     0 (0.00%) Active: 5 Started: 5 Finished: 0
2020-10-26 12:38:00,093 INFO o.a.j.r.Summariser: summary =    397 in 00:00:25 =   15.8/s Avg:    12 Min:     5 Max:    46 Err:     0 (0.00%)
2020-10-26 12:38:30,034 INFO o.a.j.r.Summariser: summary +    480 in 00:00:30 =   16.0/s Avg:    11 Min:     4 Max:    31 Err:     0 (0.00%) Active: 5 Started: 5 Finished: 0
2020-10-26 12:38:30,035 INFO o.a.j.r.Summariser: summary =    877 in 00:00:55 =   15.9/s Avg:    11 Min:     4 Max:    46 Err:     0 (0.00%)
2020-10-26 12:39:00,111 INFO o.a.j.r.Summariser: summary +    481 in 00:00:30 =   16.0/s Avg:    11 Min:     4 Max:    29 Err:     0 (0.00%) Active: 5 Started: 5 Finished: 0
2020-10-26 12:39:00,112 INFO o.a.j.r.Summariser: summary =   1358 in 00:01:25 =   15.9/s Avg:    11 Min:     4 Max:    46 Err:     0 (0.00%)
2020-10-26 12:39:07,493 INFO o.a.j.t.JMeterThread: Thread is done: UC7 2-1
2020-10-26 12:39:07,493 INFO o.a.j.t.JMeterThread: Thread finished: UC7 2-1
2020-10-26 12:39:07,494 INFO o.a.j.t.JMeterThread: Thread is done: UC5 1-1
2020-10-26 12:39:07,494 INFO o.a.j.t.JMeterThread: Thread finished: UC5 1-1
2020-10-26 12:39:08,271 INFO o.a.j.t.JMeterThread: Thread is done: UC3 3-1
2020-10-26 12:39:08,271 INFO o.a.j.t.JMeterThread: Thread finished: UC3 3-1
2020-10-26 12:39:10,321 INFO o.a.j.t.JMeterThread: Thread is done: UC4 4-1
2020-10-26 12:39:10,322 INFO o.a.j.t.JMeterThread: Thread finished: UC4 4-1
2020-10-26 12:39:10,463 INFO o.a.j.t.JMeterThread: Thread is done: UC6 5-1
2020-10-26 12:39:10,463 INFO o.a.j.t.JMeterThread: Thread finished: UC6 5-1
2020-10-26 12:39:10,464 INFO o.a.j.e.StandardJMeterEngine: Notifying test listeners of end of test
2020-10-26 12:39:10,465 INFO o.a.j.r.Summariser: summary +    142 in 00:00:10 =   13.7/s Avg:    12 Min:     5 Max:    28 Err:     0 (0.00%) Active: 0 Started: 5 Finished: 5
2020-10-26 12:39:10,465 INFO o.a.j.r.Summariser: summary =   1500 in 00:01:36 =   15.7/s Avg:    11 Min:     4 Max:    46 Err:     0 (0.00%)
