2020-09-26 15:32:50,169 INFO o.a.j.u.JMeterUtils: Setting Locale to en_US
2020-09-26 15:32:50,205 INFO o.a.j.JMeter: Loading user properties from: /home/gabrielkovacs/jmeter/apache-jmeter-5.3/bin/user.properties
2020-09-26 15:32:50,205 INFO o.a.j.JMeter: Loading system properties from: /home/gabrielkovacs/jmeter/apache-jmeter-5.3/bin/system.properties
2020-09-26 15:32:50,207 INFO o.a.j.JMeter: Copyright (c) 1998-2020 The Apache Software Foundation
2020-09-26 15:32:50,207 INFO o.a.j.JMeter: Version 5.3
2020-09-26 15:32:50,207 INFO o.a.j.JMeter: java.version=11.0.8
2020-09-26 15:32:50,207 INFO o.a.j.JMeter: java.vm.name=OpenJDK 64-Bit Server VM
2020-09-26 15:32:50,208 INFO o.a.j.JMeter: os.name=Linux
2020-09-26 15:32:50,208 INFO o.a.j.JMeter: os.arch=amd64
2020-09-26 15:32:50,208 INFO o.a.j.JMeter: os.version=5.3.0-59-generic
2020-09-26 15:32:50,208 INFO o.a.j.JMeter: file.encoding=UTF-8
2020-09-26 15:32:50,208 INFO o.a.j.JMeter: java.awt.headless=true
2020-09-26 15:32:50,208 INFO o.a.j.JMeter: Max memory     =4198498304
2020-09-26 15:32:50,209 INFO o.a.j.JMeter: Available Processors =2
2020-09-26 15:32:50,222 INFO o.a.j.JMeter: Default Locale=English (United States)
2020-09-26 15:32:50,222 INFO o.a.j.JMeter: JMeter  Locale=English (United States)
2020-09-26 15:32:50,222 INFO o.a.j.JMeter: JMeterHome=/home/gabrielkovacs/jmeter/apache-jmeter-5.3
2020-09-26 15:32:50,222 INFO o.a.j.JMeter: user.dir  =/home/gabrielkovacs/jmeter/master_1_to_1_db_distributed
2020-09-26 15:32:50,223 INFO o.a.j.JMeter: PWD       =/home/gabrielkovacs/jmeter/master_1_to_1_db_distributed
2020-09-26 15:32:50,223 INFO o.a.j.JMeter: IP: 127.0.1.1 Name: swa-gabrielkovacs FullName: swa-gabrielkovacs
2020-09-26 15:32:50,234 INFO o.a.j.s.FileServer: Default base='/home/gabrielkovacs/jmeter/master_1_to_1_db_distributed'
2020-09-26 15:32:50,237 INFO o.a.j.s.FileServer: Set new base='/home/gabrielkovacs/jmeter/master_1_to_1_db_distributed'
2020-09-26 15:32:50,503 INFO o.a.j.s.SaveService: Testplan (JMX) version: 2.2. Testlog (JTL) version: 2.2
2020-09-26 15:32:50,535 INFO o.a.j.s.SaveService: Using SaveService properties version 5.0
2020-09-26 15:32:50,540 INFO o.a.j.s.SaveService: Using SaveService properties file encoding UTF-8
2020-09-26 15:32:50,546 INFO o.a.j.s.SaveService: Loading file: SR_OP&ROP_DR_30_30_30.jmx
2020-09-26 15:32:50,625 INFO o.a.j.p.h.s.HTTPSamplerBase: Parser for text/html is org.apache.jmeter.protocol.http.parser.LagartoBasedHtmlParser
2020-09-26 15:32:50,625 INFO o.a.j.p.h.s.HTTPSamplerBase: Parser for application/xhtml+xml is org.apache.jmeter.protocol.http.parser.LagartoBasedHtmlParser
2020-09-26 15:32:50,626 INFO o.a.j.p.h.s.HTTPSamplerBase: Parser for application/xml is org.apache.jmeter.protocol.http.parser.LagartoBasedHtmlParser
2020-09-26 15:32:50,627 INFO o.a.j.p.h.s.HTTPSamplerBase: Parser for text/xml is org.apache.jmeter.protocol.http.parser.LagartoBasedHtmlParser
2020-09-26 15:32:50,627 INFO o.a.j.p.h.s.HTTPSamplerBase: Parser for text/vnd.wap.wml is org.apache.jmeter.protocol.http.parser.RegexpHTMLParser
2020-09-26 15:32:50,627 INFO o.a.j.p.h.s.HTTPSamplerBase: Parser for text/css is org.apache.jmeter.protocol.http.parser.CssParser
2020-09-26 15:32:50,701 INFO o.a.j.JMeter: Creating summariser <summary>
2020-09-26 15:32:50,720 INFO o.a.j.e.StandardJMeterEngine: Running the test!
2020-09-26 15:32:50,721 INFO o.a.j.s.SampleEvent: List of sample_variables: []
2020-09-26 15:32:50,721 INFO o.a.j.s.SampleEvent: List of sample_variables: []
2020-09-26 15:32:50,737 INFO o.a.j.e.u.CompoundVariable: Note: Function class names must contain the string: '.functions.'
2020-09-26 15:32:50,738 INFO o.a.j.e.u.CompoundVariable: Note: Function class names must not contain the string: '.gui.'
2020-09-26 15:32:51,336 INFO o.a.j.JMeter: Running test (1601127171336)
2020-09-26 15:32:51,371 INFO o.a.j.e.StandardJMeterEngine: Starting ThreadGroup: 1 : UC5
2020-09-26 15:32:51,372 INFO o.a.j.e.StandardJMeterEngine: Starting 30 threads for group UC5.
2020-09-26 15:32:51,372 INFO o.a.j.e.StandardJMeterEngine: Thread will continue on error
2020-09-26 15:32:51,372 INFO o.a.j.t.ThreadGroup: Starting thread group... number=1 threads=30 ramp-up=30 delayedStart=false
2020-09-26 15:32:51,420 INFO o.a.j.t.ThreadGroup: Started thread group number 1
2020-09-26 15:32:51,420 INFO o.a.j.e.StandardJMeterEngine: Starting ThreadGroup: 2 : UC7
2020-09-26 15:32:51,420 INFO o.a.j.e.StandardJMeterEngine: Starting 30 threads for group UC7.
2020-09-26 15:32:51,420 INFO o.a.j.e.StandardJMeterEngine: Thread will continue on error
2020-09-26 15:32:51,420 INFO o.a.j.t.ThreadGroup: Starting thread group... number=2 threads=30 ramp-up=30 delayedStart=false
2020-09-26 15:32:51,421 INFO o.a.j.t.JMeterThread: Thread started: UC5 1-1
2020-09-26 15:32:51,426 INFO o.a.j.t.JMeterThread: Thread started: UC7 2-1
2020-09-26 15:32:51,460 INFO o.a.j.t.ThreadGroup: Started thread group number 2
2020-09-26 15:32:51,460 INFO o.a.j.e.StandardJMeterEngine: Starting ThreadGroup: 3 : UC3
2020-09-26 15:32:51,460 INFO o.a.j.e.StandardJMeterEngine: Starting 30 threads for group UC3.
2020-09-26 15:32:51,460 INFO o.a.j.e.StandardJMeterEngine: Thread will continue on error
2020-09-26 15:32:51,461 INFO o.a.j.t.ThreadGroup: Starting thread group... number=3 threads=30 ramp-up=30 delayedStart=false
2020-09-26 15:32:51,478 INFO o.a.j.p.h.s.HTTPJavaImpl: Maximum connection retries = 0
2020-09-26 15:32:51,480 INFO o.a.j.s.SampleResult: Note: Sample TimeStamps are START times
2020-09-26 15:32:51,480 INFO o.a.j.s.SampleResult: sampleresult.default.encoding is set to ISO-8859-1
2020-09-26 15:32:51,480 INFO o.a.j.s.SampleResult: sampleresult.useNanoTime=true
2020-09-26 15:32:51,480 INFO o.a.j.s.SampleResult: sampleresult.nanoThreadSleep=5000
2020-09-26 15:32:51,462 INFO o.a.j.t.JMeterThread: Thread started: UC3 3-1
2020-09-26 15:32:51,512 INFO o.a.j.t.ThreadGroup: Started thread group number 3
2020-09-26 15:32:51,512 INFO o.a.j.e.StandardJMeterEngine: Starting ThreadGroup: 4 : UC4
2020-09-26 15:32:51,512 INFO o.a.j.e.StandardJMeterEngine: Starting 30 threads for group UC4.
2020-09-26 15:32:51,512 INFO o.a.j.e.StandardJMeterEngine: Thread will continue on error
2020-09-26 15:32:51,512 INFO o.a.j.t.ThreadGroup: Starting thread group... number=4 threads=30 ramp-up=30 delayedStart=false
2020-09-26 15:32:51,515 INFO o.a.j.t.JMeterThread: Thread started: UC4 4-1
2020-09-26 15:32:51,546 INFO o.a.j.t.ThreadGroup: Started thread group number 4
2020-09-26 15:32:51,546 INFO o.a.j.e.StandardJMeterEngine: Starting ThreadGroup: 5 : UC6
2020-09-26 15:32:51,547 INFO o.a.j.e.StandardJMeterEngine: Starting 30 threads for group UC6.
2020-09-26 15:32:51,547 INFO o.a.j.e.StandardJMeterEngine: Thread will continue on error
2020-09-26 15:32:51,547 INFO o.a.j.t.ThreadGroup: Starting thread group... number=5 threads=30 ramp-up=30 delayedStart=false
2020-09-26 15:32:51,565 INFO o.a.j.t.JMeterThread: Thread started: UC6 5-1
2020-09-26 15:32:51,630 INFO o.a.j.t.ThreadGroup: Started thread group number 5
2020-09-26 15:32:51,630 INFO o.a.j.e.StandardJMeterEngine: All thread groups have been started
2020-09-26 15:32:51,716 INFO o.a.j.t.JMeterThread: Thread is done: UC7 2-1
2020-09-26 15:32:51,716 INFO o.a.j.t.JMeterThread: Thread finished: UC7 2-1
2020-09-26 15:32:51,762 INFO o.a.j.t.JMeterThread: Thread is done: UC5 1-1
2020-09-26 15:32:51,762 INFO o.a.j.t.JMeterThread: Thread finished: UC5 1-1
2020-09-26 15:32:51,775 INFO o.a.j.t.JMeterThread: Thread is done: UC3 3-1
2020-09-26 15:32:51,775 INFO o.a.j.t.JMeterThread: Thread finished: UC3 3-1
2020-09-26 15:32:51,941 INFO o.a.j.t.JMeterThread: Thread is done: UC4 4-1
2020-09-26 15:32:51,941 INFO o.a.j.t.JMeterThread: Thread finished: UC4 4-1
2020-09-26 15:32:52,084 INFO o.a.j.t.JMeterThread: Thread is done: UC6 5-1
2020-09-26 15:32:52,084 INFO o.a.j.t.JMeterThread: Thread finished: UC6 5-1
2020-09-26 15:32:52,413 INFO o.a.j.t.JMeterThread: Thread started: UC5 1-2
2020-09-26 15:32:52,423 INFO o.a.j.t.JMeterThread: Thread started: UC7 2-2
2020-09-26 15:32:52,462 INFO o.a.j.t.JMeterThread: Thread started: UC3 3-2
2020-09-26 15:32:52,517 INFO o.a.j.t.JMeterThread: Thread started: UC4 4-2
2020-09-26 15:32:52,529 INFO o.a.j.t.JMeterThread: Thread is done: UC5 1-2
2020-09-26 15:32:52,530 INFO o.a.j.t.JMeterThread: Thread finished: UC5 1-2
2020-09-26 15:32:52,549 INFO o.a.j.t.JMeterThread: Thread is done: UC7 2-2
2020-09-26 15:32:52,549 INFO o.a.j.t.JMeterThread: Thread finished: UC7 2-2
2020-09-26 15:32:52,584 INFO o.a.j.t.JMeterThread: Thread started: UC6 5-2
2020-09-26 15:32:52,609 INFO o.a.j.t.JMeterThread: Thread is done: UC3 3-2
2020-09-26 15:32:52,609 INFO o.a.j.t.JMeterThread: Thread finished: UC3 3-2
2020-09-26 15:32:52,847 INFO o.a.j.t.JMeterThread: Thread is done: UC4 4-2
2020-09-26 15:32:52,847 INFO o.a.j.t.JMeterThread: Thread finished: UC4 4-2
2020-09-26 15:32:52,996 INFO o.a.j.t.JMeterThread: Thread is done: UC6 5-2
2020-09-26 15:32:52,996 INFO o.a.j.t.JMeterThread: Thread finished: UC6 5-2
2020-09-26 15:32:53,409 INFO o.a.j.t.JMeterThread: Thread started: UC5 1-3
2020-09-26 15:32:53,422 INFO o.a.j.t.JMeterThread: Thread started: UC7 2-3
2020-09-26 15:32:53,482 INFO o.a.j.t.JMeterThread: Thread started: UC3 3-3
2020-09-26 15:32:53,514 INFO o.a.j.t.JMeterThread: Thread started: UC4 4-3
2020-09-26 15:32:53,516 INFO o.a.j.t.JMeterThread: Thread is done: UC5 1-3
2020-09-26 15:32:53,517 INFO o.a.j.t.JMeterThread: Thread finished: UC5 1-3
2020-09-26 15:32:53,519 INFO o.a.j.t.JMeterThread: Thread is done: UC7 2-3
2020-09-26 15:32:53,519 INFO o.a.j.t.JMeterThread: Thread finished: UC7 2-3
2020-09-26 15:32:53,607 INFO o.a.j.t.JMeterThread: Thread started: UC6 5-3
2020-09-26 15:32:53,625 INFO o.a.j.t.JMeterThread: Thread is done: UC3 3-3
2020-09-26 15:32:53,625 INFO o.a.j.t.JMeterThread: Thread finished: UC3 3-3
2020-09-26 15:32:53,868 INFO o.a.j.t.JMeterThread: Thread is done: UC4 4-3
2020-09-26 15:32:53,868 INFO o.a.j.t.JMeterThread: Thread finished: UC4 4-3
2020-09-26 15:32:54,010 INFO o.a.j.t.JMeterThread: Thread is done: UC6 5-3
2020-09-26 15:32:54,011 INFO o.a.j.t.JMeterThread: Thread finished: UC6 5-3
2020-09-26 15:32:54,408 INFO o.a.j.t.JMeterThread: Thread started: UC5 1-4
2020-09-26 15:32:54,420 INFO o.a.j.t.JMeterThread: Thread started: UC7 2-4
2020-09-26 15:32:54,476 INFO o.a.j.t.JMeterThread: Thread started: UC3 3-4
2020-09-26 15:32:54,500 INFO o.a.j.t.JMeterThread: Thread is done: UC5 1-4
2020-09-26 15:32:54,500 INFO o.a.j.t.JMeterThread: Thread finished: UC5 1-4
2020-09-26 15:32:54,513 INFO o.a.j.t.JMeterThread: Thread started: UC4 4-4
2020-09-26 15:32:54,518 INFO o.a.j.t.JMeterThread: Thread is done: UC7 2-4
2020-09-26 15:32:54,518 INFO o.a.j.t.JMeterThread: Thread finished: UC7 2-4
2020-09-26 15:32:54,570 INFO o.a.j.t.JMeterThread: Thread started: UC6 5-4
2020-09-26 15:32:54,609 INFO o.a.j.t.JMeterThread: Thread is done: UC3 3-4
2020-09-26 15:32:54,610 INFO o.a.j.t.JMeterThread: Thread finished: UC3 3-4
2020-09-26 15:32:54,818 INFO o.a.j.t.JMeterThread: Thread is done: UC4 4-4
2020-09-26 15:32:54,820 INFO o.a.j.t.JMeterThread: Thread finished: UC4 4-4
2020-09-26 15:32:54,921 INFO o.a.j.t.JMeterThread: Thread is done: UC6 5-4
2020-09-26 15:32:54,921 INFO o.a.j.t.JMeterThread: Thread finished: UC6 5-4
2020-09-26 15:32:55,407 INFO o.a.j.t.JMeterThread: Thread started: UC5 1-5
2020-09-26 15:32:55,422 INFO o.a.j.t.JMeterThread: Thread started: UC7 2-5
2020-09-26 15:32:55,462 INFO o.a.j.t.JMeterThread: Thread started: UC3 3-5
2020-09-26 15:32:55,513 INFO o.a.j.t.JMeterThread: Thread started: UC4 4-5
2020-09-26 15:32:55,517 INFO o.a.j.t.JMeterThread: Thread is done: UC5 1-5
2020-09-26 15:32:55,518 INFO o.a.j.t.JMeterThread: Thread finished: UC5 1-5
2020-09-26 15:32:55,530 INFO o.a.j.t.JMeterThread: Thread is done: UC7 2-5
2020-09-26 15:32:55,530 INFO o.a.j.t.JMeterThread: Thread finished: UC7 2-5
2020-09-26 15:32:55,557 INFO o.a.j.t.JMeterThread: Thread started: UC6 5-5
2020-09-26 15:32:55,615 INFO o.a.j.t.JMeterThread: Thread is done: UC3 3-5
2020-09-26 15:32:55,615 INFO o.a.j.t.JMeterThread: Thread finished: UC3 3-5
2020-09-26 15:32:55,831 INFO o.a.j.t.JMeterThread: Thread is done: UC4 4-5
2020-09-26 15:32:55,831 INFO o.a.j.t.JMeterThread: Thread finished: UC4 4-5
2020-09-26 15:32:55,930 INFO o.a.j.t.JMeterThread: Thread is done: UC6 5-5
2020-09-26 15:32:55,930 INFO o.a.j.t.JMeterThread: Thread finished: UC6 5-5
2020-09-26 15:32:56,402 INFO o.a.j.t.JMeterThread: Thread started: UC5 1-6
2020-09-26 15:32:56,421 INFO o.a.j.t.JMeterThread: Thread started: UC7 2-6
2020-09-26 15:32:56,463 INFO o.a.j.t.JMeterThread: Thread started: UC3 3-6
2020-09-26 15:32:56,501 INFO o.a.j.t.JMeterThread: Thread is done: UC5 1-6
2020-09-26 15:32:56,501 INFO o.a.j.t.JMeterThread: Thread finished: UC5 1-6
2020-09-26 15:32:56,514 INFO o.a.j.t.JMeterThread: Thread started: UC4 4-6
2020-09-26 15:32:56,517 INFO o.a.j.t.JMeterThread: Thread is done: UC7 2-6
2020-09-26 15:32:56,517 INFO o.a.j.t.JMeterThread: Thread finished: UC7 2-6
2020-09-26 15:32:56,556 INFO o.a.j.t.JMeterThread: Thread started: UC6 5-6
2020-09-26 15:32:56,582 INFO o.a.j.t.JMeterThread: Thread is done: UC3 3-6
2020-09-26 15:32:56,582 INFO o.a.j.t.JMeterThread: Thread finished: UC3 3-6
2020-09-26 15:32:56,863 INFO o.a.j.t.JMeterThread: Thread is done: UC4 4-6
2020-09-26 15:32:56,863 INFO o.a.j.t.JMeterThread: Thread finished: UC4 4-6
2020-09-26 15:32:56,961 INFO o.a.j.t.JMeterThread: Thread is done: UC6 5-6
2020-09-26 15:32:56,961 INFO o.a.j.t.JMeterThread: Thread finished: UC6 5-6
2020-09-26 15:32:57,399 INFO o.a.j.t.JMeterThread: Thread started: UC5 1-7
2020-09-26 15:32:57,424 INFO o.a.j.t.JMeterThread: Thread started: UC7 2-7
2020-09-26 15:32:57,463 INFO o.a.j.t.JMeterThread: Thread started: UC3 3-7
2020-09-26 15:32:57,495 INFO o.a.j.t.JMeterThread: Thread is done: UC5 1-7
2020-09-26 15:32:57,496 INFO o.a.j.t.JMeterThread: Thread finished: UC5 1-7
2020-09-26 15:32:57,513 INFO o.a.j.t.JMeterThread: Thread started: UC4 4-7
2020-09-26 15:32:57,526 INFO o.a.j.t.JMeterThread: Thread is done: UC7 2-7
2020-09-26 15:32:57,526 INFO o.a.j.t.JMeterThread: Thread finished: UC7 2-7
2020-09-26 15:32:57,557 INFO o.a.j.t.JMeterThread: Thread started: UC6 5-7
2020-09-26 15:32:57,589 INFO o.a.j.t.JMeterThread: Thread is done: UC3 3-7
2020-09-26 15:32:57,589 INFO o.a.j.t.JMeterThread: Thread finished: UC3 3-7
2020-09-26 15:32:57,814 INFO o.a.j.t.JMeterThread: Thread is done: UC4 4-7
2020-09-26 15:32:57,814 INFO o.a.j.t.JMeterThread: Thread finished: UC4 4-7
2020-09-26 15:32:57,888 INFO o.a.j.t.JMeterThread: Thread is done: UC6 5-7
2020-09-26 15:32:57,888 INFO o.a.j.t.JMeterThread: Thread finished: UC6 5-7
2020-09-26 15:32:58,398 INFO o.a.j.t.JMeterThread: Thread started: UC5 1-8
2020-09-26 15:32:58,427 INFO o.a.j.t.JMeterThread: Thread started: UC7 2-8
2020-09-26 15:32:58,462 INFO o.a.j.t.JMeterThread: Thread started: UC3 3-8
2020-09-26 15:32:58,495 INFO o.a.j.t.JMeterThread: Thread is done: UC5 1-8
2020-09-26 15:32:58,495 INFO o.a.j.t.JMeterThread: Thread finished: UC5 1-8
2020-09-26 15:32:58,513 INFO o.a.j.t.JMeterThread: Thread started: UC4 4-8
2020-09-26 15:32:58,525 INFO o.a.j.t.JMeterThread: Thread is done: UC7 2-8
2020-09-26 15:32:58,525 INFO o.a.j.t.JMeterThread: Thread finished: UC7 2-8
2020-09-26 15:32:58,556 INFO o.a.j.t.JMeterThread: Thread started: UC6 5-8
2020-09-26 15:32:58,579 INFO o.a.j.t.JMeterThread: Thread is done: UC3 3-8
2020-09-26 15:32:58,579 INFO o.a.j.t.JMeterThread: Thread finished: UC3 3-8
2020-09-26 15:32:58,802 INFO o.a.j.t.JMeterThread: Thread is done: UC4 4-8
2020-09-26 15:32:58,802 INFO o.a.j.t.JMeterThread: Thread finished: UC4 4-8
2020-09-26 15:32:58,922 INFO o.a.j.t.JMeterThread: Thread is done: UC6 5-8
2020-09-26 15:32:58,922 INFO o.a.j.t.JMeterThread: Thread finished: UC6 5-8
2020-09-26 15:32:59,397 INFO o.a.j.t.JMeterThread: Thread started: UC5 1-9
2020-09-26 15:32:59,421 INFO o.a.j.t.JMeterThread: Thread started: UC7 2-9
2020-09-26 15:32:59,464 INFO o.a.j.t.JMeterThread: Thread started: UC3 3-9
2020-09-26 15:32:59,481 INFO o.a.j.t.JMeterThread: Thread is done: UC5 1-9
2020-09-26 15:32:59,481 INFO o.a.j.t.JMeterThread: Thread finished: UC5 1-9
2020-09-26 15:32:59,511 INFO o.a.j.t.JMeterThread: Thread is done: UC7 2-9
2020-09-26 15:32:59,511 INFO o.a.j.t.JMeterThread: Thread finished: UC7 2-9
2020-09-26 15:32:59,513 INFO o.a.j.t.JMeterThread: Thread started: UC4 4-9
2020-09-26 15:32:59,557 INFO o.a.j.t.JMeterThread: Thread started: UC6 5-9
2020-09-26 15:32:59,582 INFO o.a.j.t.JMeterThread: Thread is done: UC3 3-9
2020-09-26 15:32:59,582 INFO o.a.j.t.JMeterThread: Thread finished: UC3 3-9
2020-09-26 15:32:59,823 INFO o.a.j.t.JMeterThread: Thread is done: UC4 4-9
2020-09-26 15:32:59,823 INFO o.a.j.t.JMeterThread: Thread finished: UC4 4-9
2020-09-26 15:32:59,894 INFO o.a.j.t.JMeterThread: Thread is done: UC6 5-9
2020-09-26 15:32:59,894 INFO o.a.j.t.JMeterThread: Thread finished: UC6 5-9
2020-09-26 15:33:00,397 INFO o.a.j.t.JMeterThread: Thread started: UC5 1-10
2020-09-26 15:33:00,404 INFO o.a.j.r.Summariser: summary +   1351 in 00:00:09 =  149.0/s Avg:     7 Min:     1 Max:    79 Err:     0 (0.00%) Active: 1 Started: 46 Finished: 45
2020-09-26 15:33:00,425 INFO o.a.j.t.JMeterThread: Thread started: UC7 2-10
2020-09-26 15:33:00,462 INFO o.a.j.t.JMeterThread: Thread started: UC3 3-10
2020-09-26 15:33:00,495 INFO o.a.j.t.JMeterThread: Thread is done: UC5 1-10
2020-09-26 15:33:00,495 INFO o.a.j.t.JMeterThread: Thread finished: UC5 1-10
2020-09-26 15:33:00,513 INFO o.a.j.t.JMeterThread: Thread started: UC4 4-10
2020-09-26 15:33:00,518 INFO o.a.j.t.JMeterThread: Thread is done: UC7 2-10
2020-09-26 15:33:00,518 INFO o.a.j.t.JMeterThread: Thread finished: UC7 2-10
2020-09-26 15:33:00,557 INFO o.a.j.t.JMeterThread: Thread started: UC6 5-10
2020-09-26 15:33:00,585 INFO o.a.j.t.JMeterThread: Thread is done: UC3 3-10
2020-09-26 15:33:00,585 INFO o.a.j.t.JMeterThread: Thread finished: UC3 3-10
2020-09-26 15:33:00,820 INFO o.a.j.t.JMeterThread: Thread is done: UC4 4-10
2020-09-26 15:33:00,820 INFO o.a.j.t.JMeterThread: Thread finished: UC4 4-10
2020-09-26 15:33:00,890 INFO o.a.j.t.JMeterThread: Thread is done: UC6 5-10
2020-09-26 15:33:00,890 INFO o.a.j.t.JMeterThread: Thread finished: UC6 5-10
2020-09-26 15:33:01,396 INFO o.a.j.t.JMeterThread: Thread started: UC5 1-11
2020-09-26 15:33:01,428 INFO o.a.j.t.JMeterThread: Thread started: UC7 2-11
2020-09-26 15:33:01,463 INFO o.a.j.t.JMeterThread: Thread started: UC3 3-11
2020-09-26 15:33:01,471 INFO o.a.j.t.JMeterThread: Thread is done: UC5 1-11
2020-09-26 15:33:01,471 INFO o.a.j.t.JMeterThread: Thread finished: UC5 1-11
2020-09-26 15:33:01,513 INFO o.a.j.t.JMeterThread: Thread is done: UC7 2-11
2020-09-26 15:33:01,513 INFO o.a.j.t.JMeterThread: Thread started: UC4 4-11
2020-09-26 15:33:01,513 INFO o.a.j.t.JMeterThread: Thread finished: UC7 2-11
2020-09-26 15:33:01,556 INFO o.a.j.t.JMeterThread: Thread started: UC6 5-11
2020-09-26 15:33:01,576 INFO o.a.j.t.JMeterThread: Thread is done: UC3 3-11
2020-09-26 15:33:01,576 INFO o.a.j.t.JMeterThread: Thread finished: UC3 3-11
2020-09-26 15:33:01,790 INFO o.a.j.t.JMeterThread: Thread is done: UC4 4-11
2020-09-26 15:33:01,790 INFO o.a.j.t.JMeterThread: Thread finished: UC4 4-11
2020-09-26 15:33:01,895 INFO o.a.j.t.JMeterThread: Thread is done: UC6 5-11
2020-09-26 15:33:01,895 INFO o.a.j.t.JMeterThread: Thread finished: UC6 5-11
2020-09-26 15:33:02,397 INFO o.a.j.t.JMeterThread: Thread started: UC5 1-12
2020-09-26 15:33:02,420 INFO o.a.j.t.JMeterThread: Thread started: UC7 2-12
2020-09-26 15:33:02,463 INFO o.a.j.t.JMeterThread: Thread started: UC3 3-12
2020-09-26 15:33:02,489 INFO o.a.j.t.JMeterThread: Thread is done: UC5 1-12
2020-09-26 15:33:02,489 INFO o.a.j.t.JMeterThread: Thread finished: UC5 1-12
2020-09-26 15:33:02,513 INFO o.a.j.t.JMeterThread: Thread started: UC4 4-12
2020-09-26 15:33:02,527 INFO o.a.j.t.JMeterThread: Thread is done: UC7 2-12
2020-09-26 15:33:02,527 INFO o.a.j.t.JMeterThread: Thread finished: UC7 2-12
2020-09-26 15:33:02,565 INFO o.a.j.t.JMeterThread: Thread started: UC6 5-12
2020-09-26 15:33:02,573 INFO o.a.j.t.JMeterThread: Thread is done: UC3 3-12
2020-09-26 15:33:02,573 INFO o.a.j.t.JMeterThread: Thread finished: UC3 3-12
2020-09-26 15:33:02,814 INFO o.a.j.t.JMeterThread: Thread is done: UC4 4-12
2020-09-26 15:33:02,814 INFO o.a.j.t.JMeterThread: Thread finished: UC4 4-12
2020-09-26 15:33:02,886 INFO o.a.j.t.JMeterThread: Thread is done: UC6 5-12
2020-09-26 15:33:02,886 INFO o.a.j.t.JMeterThread: Thread finished: UC6 5-12
2020-09-26 15:33:03,394 INFO o.a.j.t.JMeterThread: Thread started: UC5 1-13
2020-09-26 15:33:03,422 INFO o.a.j.t.JMeterThread: Thread started: UC7 2-13
2020-09-26 15:33:03,462 INFO o.a.j.t.JMeterThread: Thread started: UC3 3-13
2020-09-26 15:33:03,483 INFO o.a.j.t.JMeterThread: Thread is done: UC5 1-13
2020-09-26 15:33:03,483 INFO o.a.j.t.JMeterThread: Thread finished: UC5 1-13
2020-09-26 15:33:03,512 INFO o.a.j.t.JMeterThread: Thread is done: UC7 2-13
2020-09-26 15:33:03,512 INFO o.a.j.t.JMeterThread: Thread finished: UC7 2-13
2020-09-26 15:33:03,513 INFO o.a.j.t.JMeterThread: Thread started: UC4 4-13
2020-09-26 15:33:03,557 INFO o.a.j.t.JMeterThread: Thread started: UC6 5-13
2020-09-26 15:33:03,592 INFO o.a.j.t.JMeterThread: Thread is done: UC3 3-13
2020-09-26 15:33:03,592 INFO o.a.j.t.JMeterThread: Thread finished: UC3 3-13
2020-09-26 15:33:03,811 INFO o.a.j.t.JMeterThread: Thread is done: UC4 4-13
2020-09-26 15:33:03,812 INFO o.a.j.t.JMeterThread: Thread finished: UC4 4-13
2020-09-26 15:33:03,890 INFO o.a.j.t.JMeterThread: Thread is done: UC6 5-13
2020-09-26 15:33:03,890 INFO o.a.j.t.JMeterThread: Thread finished: UC6 5-13
2020-09-26 15:33:04,392 INFO o.a.j.t.JMeterThread: Thread started: UC5 1-14
2020-09-26 15:33:04,423 INFO o.a.j.t.JMeterThread: Thread started: UC7 2-14
2020-09-26 15:33:04,462 INFO o.a.j.t.JMeterThread: Thread started: UC3 3-14
2020-09-26 15:33:04,513 INFO o.a.j.t.JMeterThread: Thread is done: UC5 1-14
2020-09-26 15:33:04,513 INFO o.a.j.t.JMeterThread: Thread finished: UC5 1-14
2020-09-26 15:33:04,514 INFO o.a.j.t.JMeterThread: Thread started: UC4 4-14
2020-09-26 15:33:04,557 INFO o.a.j.t.JMeterThread: Thread started: UC6 5-14
2020-09-26 15:33:04,561 INFO o.a.j.t.JMeterThread: Thread is done: UC7 2-14
2020-09-26 15:33:04,561 INFO o.a.j.t.JMeterThread: Thread finished: UC7 2-14
2020-09-26 15:33:04,582 INFO o.a.j.t.JMeterThread: Thread is done: UC3 3-14
2020-09-26 15:33:04,582 INFO o.a.j.t.JMeterThread: Thread finished: UC3 3-14
2020-09-26 15:33:04,821 INFO o.a.j.t.JMeterThread: Thread is done: UC4 4-14
2020-09-26 15:33:04,821 INFO o.a.j.t.JMeterThread: Thread finished: UC4 4-14
2020-09-26 15:33:04,901 INFO o.a.j.t.JMeterThread: Thread is done: UC6 5-14
2020-09-26 15:33:04,902 INFO o.a.j.t.JMeterThread: Thread finished: UC6 5-14
2020-09-26 15:33:05,391 INFO o.a.j.t.JMeterThread: Thread started: UC5 1-15
2020-09-26 15:33:05,421 INFO o.a.j.t.JMeterThread: Thread started: UC7 2-15
2020-09-26 15:33:05,462 INFO o.a.j.t.JMeterThread: Thread started: UC3 3-15
2020-09-26 15:33:05,469 INFO o.a.j.t.JMeterThread: Thread is done: UC5 1-15
2020-09-26 15:33:05,469 INFO o.a.j.t.JMeterThread: Thread finished: UC5 1-15
2020-09-26 15:33:05,504 INFO o.a.j.t.JMeterThread: Thread is done: UC7 2-15
2020-09-26 15:33:05,504 INFO o.a.j.t.JMeterThread: Thread finished: UC7 2-15
2020-09-26 15:33:05,513 INFO o.a.j.t.JMeterThread: Thread started: UC4 4-15
2020-09-26 15:33:05,573 INFO o.a.j.t.JMeterThread: Thread is done: UC3 3-15
2020-09-26 15:33:05,573 INFO o.a.j.t.JMeterThread: Thread finished: UC3 3-15
2020-09-26 15:33:05,579 INFO o.a.j.t.JMeterThread: Thread started: UC6 5-15
2020-09-26 15:33:05,815 INFO o.a.j.t.JMeterThread: Thread is done: UC4 4-15
2020-09-26 15:33:05,816 INFO o.a.j.t.JMeterThread: Thread finished: UC4 4-15
2020-09-26 15:33:05,893 INFO o.a.j.t.JMeterThread: Thread is done: UC6 5-15
2020-09-26 15:33:05,893 INFO o.a.j.t.JMeterThread: Thread finished: UC6 5-15
2020-09-26 15:33:06,386 INFO o.a.j.t.JMeterThread: Thread started: UC5 1-16
2020-09-26 15:33:06,421 INFO o.a.j.t.JMeterThread: Thread started: UC7 2-16
2020-09-26 15:33:06,454 INFO o.a.j.t.JMeterThread: Thread is done: UC5 1-16
2020-09-26 15:33:06,454 INFO o.a.j.t.JMeterThread: Thread finished: UC5 1-16
2020-09-26 15:33:06,463 INFO o.a.j.t.JMeterThread: Thread started: UC3 3-16
2020-09-26 15:33:06,500 INFO o.a.j.t.JMeterThread: Thread is done: UC7 2-16
2020-09-26 15:33:06,500 INFO o.a.j.t.JMeterThread: Thread finished: UC7 2-16
2020-09-26 15:33:06,513 INFO o.a.j.t.JMeterThread: Thread started: UC4 4-16
2020-09-26 15:33:06,575 INFO o.a.j.t.JMeterThread: Thread is done: UC3 3-16
2020-09-26 15:33:06,574 INFO o.a.j.t.JMeterThread: Thread started: UC6 5-16
2020-09-26 15:33:06,575 INFO o.a.j.t.JMeterThread: Thread finished: UC3 3-16
2020-09-26 15:33:06,820 INFO o.a.j.t.JMeterThread: Thread is done: UC4 4-16
2020-09-26 15:33:06,820 INFO o.a.j.t.JMeterThread: Thread finished: UC4 4-16
2020-09-26 15:33:06,898 INFO o.a.j.t.JMeterThread: Thread is done: UC6 5-16
2020-09-26 15:33:06,898 INFO o.a.j.t.JMeterThread: Thread finished: UC6 5-16
2020-09-26 15:33:07,385 INFO o.a.j.t.JMeterThread: Thread started: UC5 1-17
2020-09-26 15:33:07,427 INFO o.a.j.t.JMeterThread: Thread started: UC7 2-17
2020-09-26 15:33:07,463 INFO o.a.j.t.JMeterThread: Thread started: UC3 3-17
2020-09-26 15:33:07,469 INFO o.a.j.t.JMeterThread: Thread is done: UC5 1-17
2020-09-26 15:33:07,469 INFO o.a.j.t.JMeterThread: Thread finished: UC5 1-17
2020-09-26 15:33:07,513 INFO o.a.j.t.JMeterThread: Thread started: UC4 4-17
2020-09-26 15:33:07,515 INFO o.a.j.t.JMeterThread: Thread is done: UC7 2-17
2020-09-26 15:33:07,515 INFO o.a.j.t.JMeterThread: Thread finished: UC7 2-17
2020-09-26 15:33:07,570 INFO o.a.j.t.JMeterThread: Thread started: UC6 5-17
2020-09-26 15:33:07,576 INFO o.a.j.t.JMeterThread: Thread is done: UC3 3-17
2020-09-26 15:33:07,576 INFO o.a.j.t.JMeterThread: Thread finished: UC3 3-17
2020-09-26 15:33:07,835 INFO o.a.j.t.JMeterThread: Thread is done: UC4 4-17
2020-09-26 15:33:07,835 INFO o.a.j.t.JMeterThread: Thread finished: UC4 4-17
2020-09-26 15:33:07,915 INFO o.a.j.t.JMeterThread: Thread is done: UC6 5-17
2020-09-26 15:33:07,915 INFO o.a.j.t.JMeterThread: Thread finished: UC6 5-17
2020-09-26 15:33:08,384 INFO o.a.j.t.JMeterThread: Thread started: UC5 1-18
2020-09-26 15:33:08,421 INFO o.a.j.t.JMeterThread: Thread started: UC7 2-18
2020-09-26 15:33:08,463 INFO o.a.j.t.JMeterThread: Thread started: UC3 3-18
2020-09-26 15:33:08,482 INFO o.a.j.t.JMeterThread: Thread is done: UC5 1-18
2020-09-26 15:33:08,482 INFO o.a.j.t.JMeterThread: Thread finished: UC5 1-18
2020-09-26 15:33:08,513 INFO o.a.j.t.JMeterThread: Thread is done: UC7 2-18
2020-09-26 15:33:08,513 INFO o.a.j.t.JMeterThread: Thread started: UC4 4-18
2020-09-26 15:33:08,514 INFO o.a.j.t.JMeterThread: Thread finished: UC7 2-18
2020-09-26 15:33:08,571 INFO o.a.j.t.JMeterThread: Thread is done: UC3 3-18
2020-09-26 15:33:08,570 INFO o.a.j.t.JMeterThread: Thread started: UC6 5-18
2020-09-26 15:33:08,571 INFO o.a.j.t.JMeterThread: Thread finished: UC3 3-18
2020-09-26 15:33:08,790 INFO o.a.j.t.JMeterThread: Thread is done: UC4 4-18
2020-09-26 15:33:08,790 INFO o.a.j.t.JMeterThread: Thread finished: UC4 4-18
2020-09-26 15:33:08,904 INFO o.a.j.t.JMeterThread: Thread is done: UC6 5-18
2020-09-26 15:33:08,905 INFO o.a.j.t.JMeterThread: Thread finished: UC6 5-18
2020-09-26 15:33:09,384 INFO o.a.j.t.JMeterThread: Thread started: UC5 1-19
2020-09-26 15:33:09,420 INFO o.a.j.t.JMeterThread: Thread started: UC7 2-19
2020-09-26 15:33:09,464 INFO o.a.j.t.JMeterThread: Thread is done: UC5 1-19
2020-09-26 15:33:09,464 INFO o.a.j.t.JMeterThread: Thread finished: UC5 1-19
2020-09-26 15:33:09,468 INFO o.a.j.t.JMeterThread: Thread started: UC3 3-19
2020-09-26 15:33:09,508 INFO o.a.j.t.JMeterThread: Thread is done: UC7 2-19
2020-09-26 15:33:09,508 INFO o.a.j.t.JMeterThread: Thread finished: UC7 2-19
2020-09-26 15:33:09,513 INFO o.a.j.t.JMeterThread: Thread started: UC4 4-19
2020-09-26 15:33:09,566 INFO o.a.j.t.JMeterThread: Thread started: UC6 5-19
2020-09-26 15:33:09,578 INFO o.a.j.t.JMeterThread: Thread is done: UC3 3-19
2020-09-26 15:33:09,578 INFO o.a.j.t.JMeterThread: Thread finished: UC3 3-19
2020-09-26 15:33:09,807 INFO o.a.j.t.JMeterThread: Thread is done: UC4 4-19
2020-09-26 15:33:09,807 INFO o.a.j.t.JMeterThread: Thread finished: UC4 4-19
2020-09-26 15:33:09,892 INFO o.a.j.t.JMeterThread: Thread is done: UC6 5-19
2020-09-26 15:33:09,892 INFO o.a.j.t.JMeterThread: Thread finished: UC6 5-19
2020-09-26 15:33:10,384 INFO o.a.j.t.JMeterThread: Thread started: UC5 1-20
2020-09-26 15:33:10,425 INFO o.a.j.t.JMeterThread: Thread started: UC7 2-20
2020-09-26 15:33:10,456 INFO o.a.j.t.JMeterThread: Thread is done: UC5 1-20
2020-09-26 15:33:10,456 INFO o.a.j.t.JMeterThread: Thread finished: UC5 1-20
2020-09-26 15:33:10,504 INFO o.a.j.t.JMeterThread: Thread started: UC3 3-20
2020-09-26 15:33:10,505 INFO o.a.j.t.JMeterThread: Thread is done: UC7 2-20
2020-09-26 15:33:10,505 INFO o.a.j.t.JMeterThread: Thread finished: UC7 2-20
2020-09-26 15:33:10,513 INFO o.a.j.t.JMeterThread: Thread started: UC4 4-20
2020-09-26 15:33:10,563 INFO o.a.j.t.JMeterThread: Thread started: UC6 5-20
2020-09-26 15:33:10,627 INFO o.a.j.t.JMeterThread: Thread is done: UC3 3-20
2020-09-26 15:33:10,627 INFO o.a.j.t.JMeterThread: Thread finished: UC3 3-20
2020-09-26 15:33:10,803 INFO o.a.j.t.JMeterThread: Thread is done: UC4 4-20
2020-09-26 15:33:10,803 INFO o.a.j.t.JMeterThread: Thread finished: UC4 4-20
2020-09-26 15:33:10,911 INFO o.a.j.t.JMeterThread: Thread is done: UC6 5-20
2020-09-26 15:33:10,912 INFO o.a.j.t.JMeterThread: Thread finished: UC6 5-20
2020-09-26 15:33:11,381 INFO o.a.j.t.JMeterThread: Thread started: UC5 1-21
2020-09-26 15:33:11,422 INFO o.a.j.t.JMeterThread: Thread started: UC7 2-21
2020-09-26 15:33:11,458 INFO o.a.j.t.JMeterThread: Thread is done: UC5 1-21
2020-09-26 15:33:11,459 INFO o.a.j.t.JMeterThread: Thread finished: UC5 1-21
2020-09-26 15:33:11,465 INFO o.a.j.t.JMeterThread: Thread started: UC3 3-21
2020-09-26 15:33:11,508 INFO o.a.j.t.JMeterThread: Thread is done: UC7 2-21
2020-09-26 15:33:11,508 INFO o.a.j.t.JMeterThread: Thread finished: UC7 2-21
2020-09-26 15:33:11,513 INFO o.a.j.t.JMeterThread: Thread started: UC4 4-21
2020-09-26 15:33:11,560 INFO o.a.j.t.JMeterThread: Thread started: UC6 5-21
2020-09-26 15:33:11,574 INFO o.a.j.t.JMeterThread: Thread is done: UC3 3-21
2020-09-26 15:33:11,576 INFO o.a.j.t.JMeterThread: Thread finished: UC3 3-21
2020-09-26 15:33:11,791 INFO o.a.j.t.JMeterThread: Thread is done: UC4 4-21
2020-09-26 15:33:11,792 INFO o.a.j.t.JMeterThread: Thread finished: UC4 4-21
2020-09-26 15:33:11,896 INFO o.a.j.t.JMeterThread: Thread is done: UC6 5-21
2020-09-26 15:33:11,897 INFO o.a.j.t.JMeterThread: Thread finished: UC6 5-21
2020-09-26 15:33:12,380 INFO o.a.j.t.JMeterThread: Thread started: UC5 1-22
2020-09-26 15:33:12,421 INFO o.a.j.t.JMeterThread: Thread started: UC7 2-22
2020-09-26 15:33:12,453 INFO o.a.j.t.JMeterThread: Thread is done: UC5 1-22
2020-09-26 15:33:12,453 INFO o.a.j.t.JMeterThread: Thread finished: UC5 1-22
2020-09-26 15:33:12,465 INFO o.a.j.t.JMeterThread: Thread started: UC3 3-22
2020-09-26 15:33:12,506 INFO o.a.j.t.JMeterThread: Thread is done: UC7 2-22
2020-09-26 15:33:12,506 INFO o.a.j.t.JMeterThread: Thread finished: UC7 2-22
2020-09-26 15:33:12,514 INFO o.a.j.t.JMeterThread: Thread started: UC4 4-22
2020-09-26 15:33:12,567 INFO o.a.j.t.JMeterThread: Thread started: UC6 5-22
2020-09-26 15:33:12,572 INFO o.a.j.t.JMeterThread: Thread is done: UC3 3-22
2020-09-26 15:33:12,572 INFO o.a.j.t.JMeterThread: Thread finished: UC3 3-22
2020-09-26 15:33:12,777 INFO o.a.j.t.JMeterThread: Thread is done: UC4 4-22
2020-09-26 15:33:12,778 INFO o.a.j.t.JMeterThread: Thread finished: UC4 4-22
2020-09-26 15:33:12,886 INFO o.a.j.t.JMeterThread: Thread is done: UC6 5-22
2020-09-26 15:33:12,886 INFO o.a.j.t.JMeterThread: Thread finished: UC6 5-22
2020-09-26 15:33:13,380 INFO o.a.j.t.JMeterThread: Thread started: UC5 1-23
2020-09-26 15:33:13,422 INFO o.a.j.t.JMeterThread: Thread started: UC7 2-23
2020-09-26 15:33:13,445 INFO o.a.j.t.JMeterThread: Thread is done: UC5 1-23
2020-09-26 15:33:13,445 INFO o.a.j.t.JMeterThread: Thread finished: UC5 1-23
2020-09-26 15:33:13,462 INFO o.a.j.t.JMeterThread: Thread started: UC3 3-23
2020-09-26 15:33:13,492 INFO o.a.j.t.JMeterThread: Thread is done: UC7 2-23
2020-09-26 15:33:13,492 INFO o.a.j.t.JMeterThread: Thread finished: UC7 2-23
2020-09-26 15:33:13,513 INFO o.a.j.t.JMeterThread: Thread started: UC4 4-23
2020-09-26 15:33:13,560 INFO o.a.j.t.JMeterThread: Thread started: UC6 5-23
2020-09-26 15:33:13,586 INFO o.a.j.t.JMeterThread: Thread is done: UC3 3-23
2020-09-26 15:33:13,586 INFO o.a.j.t.JMeterThread: Thread finished: UC3 3-23
2020-09-26 15:33:13,799 INFO o.a.j.t.JMeterThread: Thread is done: UC4 4-23
2020-09-26 15:33:13,800 INFO o.a.j.t.JMeterThread: Thread finished: UC4 4-23
2020-09-26 15:33:13,893 INFO o.a.j.t.JMeterThread: Thread is done: UC6 5-23
2020-09-26 15:33:13,893 INFO o.a.j.t.JMeterThread: Thread finished: UC6 5-23
2020-09-26 15:33:14,379 INFO o.a.j.t.JMeterThread: Thread started: UC5 1-24
2020-09-26 15:33:14,421 INFO o.a.j.t.JMeterThread: Thread started: UC7 2-24
2020-09-26 15:33:14,452 INFO o.a.j.t.JMeterThread: Thread is done: UC5 1-24
2020-09-26 15:33:14,452 INFO o.a.j.t.JMeterThread: Thread finished: UC5 1-24
2020-09-26 15:33:14,463 INFO o.a.j.t.JMeterThread: Thread started: UC3 3-24
2020-09-26 15:33:14,506 INFO o.a.j.t.JMeterThread: Thread is done: UC7 2-24
2020-09-26 15:33:14,506 INFO o.a.j.t.JMeterThread: Thread finished: UC7 2-24
2020-09-26 15:33:14,512 INFO o.a.j.t.JMeterThread: Thread started: UC4 4-24
2020-09-26 15:33:14,558 INFO o.a.j.t.JMeterThread: Thread started: UC6 5-24
2020-09-26 15:33:14,572 INFO o.a.j.t.JMeterThread: Thread is done: UC3 3-24
2020-09-26 15:33:14,572 INFO o.a.j.t.JMeterThread: Thread finished: UC3 3-24
2020-09-26 15:33:14,788 INFO o.a.j.t.JMeterThread: Thread is done: UC4 4-24
2020-09-26 15:33:14,789 INFO o.a.j.t.JMeterThread: Thread finished: UC4 4-24
2020-09-26 15:33:14,882 INFO o.a.j.t.JMeterThread: Thread is done: UC6 5-24
2020-09-26 15:33:14,882 INFO o.a.j.t.JMeterThread: Thread finished: UC6 5-24
2020-09-26 15:33:15,379 INFO o.a.j.t.JMeterThread: Thread started: UC5 1-25
2020-09-26 15:33:15,421 INFO o.a.j.t.JMeterThread: Thread started: UC7 2-25
2020-09-26 15:33:15,441 INFO o.a.j.t.JMeterThread: Thread is done: UC5 1-25
2020-09-26 15:33:15,441 INFO o.a.j.t.JMeterThread: Thread finished: UC5 1-25
2020-09-26 15:33:15,468 INFO o.a.j.t.JMeterThread: Thread started: UC3 3-25
2020-09-26 15:33:15,501 INFO o.a.j.t.JMeterThread: Thread is done: UC7 2-25
2020-09-26 15:33:15,502 INFO o.a.j.t.JMeterThread: Thread finished: UC7 2-25
2020-09-26 15:33:15,523 INFO o.a.j.t.JMeterThread: Thread started: UC4 4-25
2020-09-26 15:33:15,557 INFO o.a.j.t.JMeterThread: Thread started: UC6 5-25
2020-09-26 15:33:15,590 INFO o.a.j.t.JMeterThread: Thread is done: UC3 3-25
2020-09-26 15:33:15,590 INFO o.a.j.t.JMeterThread: Thread finished: UC3 3-25
2020-09-26 15:33:15,804 INFO o.a.j.t.JMeterThread: Thread is done: UC4 4-25
2020-09-26 15:33:15,804 INFO o.a.j.t.JMeterThread: Thread finished: UC4 4-25
2020-09-26 15:33:15,891 INFO o.a.j.t.JMeterThread: Thread is done: UC6 5-25
2020-09-26 15:33:15,891 INFO o.a.j.t.JMeterThread: Thread finished: UC6 5-25
2020-09-26 15:33:16,382 INFO o.a.j.t.JMeterThread: Thread started: UC5 1-26
2020-09-26 15:33:16,422 INFO o.a.j.t.JMeterThread: Thread started: UC7 2-26
2020-09-26 15:33:16,463 INFO o.a.j.t.JMeterThread: Thread is done: UC5 1-26
2020-09-26 15:33:16,464 INFO o.a.j.t.JMeterThread: Thread finished: UC5 1-26
2020-09-26 15:33:16,465 INFO o.a.j.t.JMeterThread: Thread started: UC3 3-26
2020-09-26 15:33:16,506 INFO o.a.j.t.JMeterThread: Thread is done: UC7 2-26
2020-09-26 15:33:16,506 INFO o.a.j.t.JMeterThread: Thread finished: UC7 2-26
2020-09-26 15:33:16,516 INFO o.a.j.t.JMeterThread: Thread started: UC4 4-26
2020-09-26 15:33:16,557 INFO o.a.j.t.JMeterThread: Thread started: UC6 5-26
2020-09-26 15:33:16,588 INFO o.a.j.t.JMeterThread: Thread is done: UC3 3-26
2020-09-26 15:33:16,589 INFO o.a.j.t.JMeterThread: Thread finished: UC3 3-26
2020-09-26 15:33:16,809 INFO o.a.j.t.JMeterThread: Thread is done: UC4 4-26
2020-09-26 15:33:16,809 INFO o.a.j.t.JMeterThread: Thread finished: UC4 4-26
2020-09-26 15:33:16,900 INFO o.a.j.t.JMeterThread: Thread is done: UC6 5-26
2020-09-26 15:33:16,900 INFO o.a.j.t.JMeterThread: Thread finished: UC6 5-26
2020-09-26 15:33:17,373 INFO o.a.j.t.JMeterThread: Thread started: UC5 1-27
2020-09-26 15:33:17,422 INFO o.a.j.t.JMeterThread: Thread started: UC7 2-27
2020-09-26 15:33:17,448 INFO o.a.j.t.JMeterThread: Thread is done: UC5 1-27
2020-09-26 15:33:17,448 INFO o.a.j.t.JMeterThread: Thread finished: UC5 1-27
2020-09-26 15:33:17,464 INFO o.a.j.t.JMeterThread: Thread started: UC3 3-27
2020-09-26 15:33:17,501 INFO o.a.j.t.JMeterThread: Thread is done: UC7 2-27
2020-09-26 15:33:17,501 INFO o.a.j.t.JMeterThread: Thread finished: UC7 2-27
2020-09-26 15:33:17,525 INFO o.a.j.t.JMeterThread: Thread started: UC4 4-27
2020-09-26 15:33:17,558 INFO o.a.j.t.JMeterThread: Thread started: UC6 5-27
2020-09-26 15:33:17,579 INFO o.a.j.t.JMeterThread: Thread is done: UC3 3-27
2020-09-26 15:33:17,579 INFO o.a.j.t.JMeterThread: Thread finished: UC3 3-27
2020-09-26 15:33:17,874 INFO o.a.j.t.JMeterThread: Thread is done: UC4 4-27
2020-09-26 15:33:17,875 INFO o.a.j.t.JMeterThread: Thread finished: UC4 4-27
2020-09-26 15:33:17,902 INFO o.a.j.t.JMeterThread: Thread is done: UC6 5-27
2020-09-26 15:33:17,902 INFO o.a.j.t.JMeterThread: Thread finished: UC6 5-27
2020-09-26 15:33:18,373 INFO o.a.j.t.JMeterThread: Thread started: UC5 1-28
2020-09-26 15:33:18,420 INFO o.a.j.t.JMeterThread: Thread started: UC7 2-28
2020-09-26 15:33:18,436 INFO o.a.j.t.JMeterThread: Thread is done: UC5 1-28
2020-09-26 15:33:18,436 INFO o.a.j.t.JMeterThread: Thread finished: UC5 1-28
2020-09-26 15:33:18,464 INFO o.a.j.t.JMeterThread: Thread started: UC3 3-28
2020-09-26 15:33:18,488 INFO o.a.j.t.JMeterThread: Thread is done: UC7 2-28
2020-09-26 15:33:18,488 INFO o.a.j.t.JMeterThread: Thread finished: UC7 2-28
2020-09-26 15:33:18,513 INFO o.a.j.t.JMeterThread: Thread started: UC4 4-28
2020-09-26 15:33:18,558 INFO o.a.j.t.JMeterThread: Thread started: UC6 5-28
2020-09-26 15:33:18,605 INFO o.a.j.t.JMeterThread: Thread is done: UC3 3-28
2020-09-26 15:33:18,605 INFO o.a.j.t.JMeterThread: Thread finished: UC3 3-28
2020-09-26 15:33:18,853 INFO o.a.j.t.JMeterThread: Thread is done: UC4 4-28
2020-09-26 15:33:18,853 INFO o.a.j.t.JMeterThread: Thread finished: UC4 4-28
2020-09-26 15:33:18,915 INFO o.a.j.t.JMeterThread: Thread is done: UC6 5-28
2020-09-26 15:33:18,916 INFO o.a.j.t.JMeterThread: Thread finished: UC6 5-28
2020-09-26 15:33:19,374 INFO o.a.j.t.JMeterThread: Thread started: UC5 1-29
2020-09-26 15:33:19,424 INFO o.a.j.t.JMeterThread: Thread started: UC7 2-29
2020-09-26 15:33:19,445 INFO o.a.j.t.JMeterThread: Thread is done: UC5 1-29
2020-09-26 15:33:19,446 INFO o.a.j.t.JMeterThread: Thread finished: UC5 1-29
2020-09-26 15:33:19,462 INFO o.a.j.t.JMeterThread: Thread started: UC3 3-29
2020-09-26 15:33:19,507 INFO o.a.j.t.JMeterThread: Thread is done: UC7 2-29
2020-09-26 15:33:19,507 INFO o.a.j.t.JMeterThread: Thread finished: UC7 2-29
2020-09-26 15:33:19,513 INFO o.a.j.t.JMeterThread: Thread started: UC4 4-29
2020-09-26 15:33:19,557 INFO o.a.j.t.JMeterThread: Thread started: UC6 5-29
2020-09-26 15:33:19,572 INFO o.a.j.t.JMeterThread: Thread is done: UC3 3-29
2020-09-26 15:33:19,572 INFO o.a.j.t.JMeterThread: Thread finished: UC3 3-29
2020-09-26 15:33:19,808 INFO o.a.j.t.JMeterThread: Thread is done: UC4 4-29
2020-09-26 15:33:19,808 INFO o.a.j.t.JMeterThread: Thread finished: UC4 4-29
2020-09-26 15:33:19,902 INFO o.a.j.t.JMeterThread: Thread is done: UC6 5-29
2020-09-26 15:33:19,902 INFO o.a.j.t.JMeterThread: Thread finished: UC6 5-29
2020-09-26 15:33:20,377 INFO o.a.j.t.JMeterThread: Thread started: UC5 1-30
2020-09-26 15:33:20,422 INFO o.a.j.t.JMeterThread: Thread started: UC7 2-30
2020-09-26 15:33:20,449 INFO o.a.j.t.JMeterThread: Thread is done: UC5 1-30
2020-09-26 15:33:20,450 INFO o.a.j.t.JMeterThread: Thread finished: UC5 1-30
2020-09-26 15:33:20,464 INFO o.a.j.t.JMeterThread: Thread started: UC3 3-30
2020-09-26 15:33:20,507 INFO o.a.j.t.JMeterThread: Thread is done: UC7 2-30
2020-09-26 15:33:20,508 INFO o.a.j.t.JMeterThread: Thread finished: UC7 2-30
2020-09-26 15:33:20,513 INFO o.a.j.t.JMeterThread: Thread started: UC4 4-30
2020-09-26 15:33:20,570 INFO o.a.j.t.JMeterThread: Thread is done: UC3 3-30
2020-09-26 15:33:20,571 INFO o.a.j.t.JMeterThread: Thread finished: UC3 3-30
2020-09-26 15:33:20,573 INFO o.a.j.t.JMeterThread: Thread started: UC6 5-30
2020-09-26 15:33:20,788 INFO o.a.j.t.JMeterThread: Thread is done: UC4 4-30
2020-09-26 15:33:20,788 INFO o.a.j.t.JMeterThread: Thread finished: UC4 4-30
2020-09-26 15:33:20,881 INFO o.a.j.t.JMeterThread: Thread is done: UC6 5-30
2020-09-26 15:33:20,882 INFO o.a.j.t.JMeterThread: Thread finished: UC6 5-30
2020-09-26 15:33:20,882 INFO o.a.j.e.StandardJMeterEngine: Notifying test listeners of end of test
2020-09-26 15:33:20,883 INFO o.a.j.r.Summariser: summary +   3149 in 00:00:20 =  153.8/s Avg:     5 Min:     1 Max:    50 Err:     0 (0.00%) Active: 0 Started: 150 Finished: 150
2020-09-26 15:33:20,884 INFO o.a.j.r.Summariser: summary =   4500 in 00:00:30 =  152.3/s Avg:     6 Min:     1 Max:    79 Err:     0 (0.00%)
