2020-09-26 12:16:34,062 INFO o.a.j.u.JMeterUtils: Setting Locale to en_US
2020-09-26 12:16:34,114 INFO o.a.j.JMeter: Loading user properties from: /home/gabrielkovacs/jmeter/apache-jmeter-5.3/bin/user.properties
2020-09-26 12:16:34,121 INFO o.a.j.JMeter: Loading system properties from: /home/gabrielkovacs/jmeter/apache-jmeter-5.3/bin/system.properties
2020-09-26 12:16:34,125 INFO o.a.j.JMeter: Copyright (c) 1998-2020 The Apache Software Foundation
2020-09-26 12:16:34,125 INFO o.a.j.JMeter: Version 5.3
2020-09-26 12:16:34,125 INFO o.a.j.JMeter: java.version=11.0.8
2020-09-26 12:16:34,126 INFO o.a.j.JMeter: java.vm.name=OpenJDK 64-Bit Server VM
2020-09-26 12:16:34,126 INFO o.a.j.JMeter: os.name=Linux
2020-09-26 12:16:34,126 INFO o.a.j.JMeter: os.arch=amd64
2020-09-26 12:16:34,126 INFO o.a.j.JMeter: os.version=5.3.0-59-generic
2020-09-26 12:16:34,126 INFO o.a.j.JMeter: file.encoding=UTF-8
2020-09-26 12:16:34,126 INFO o.a.j.JMeter: java.awt.headless=true
2020-09-26 12:16:34,127 INFO o.a.j.JMeter: Max memory     =4198498304
2020-09-26 12:16:34,127 INFO o.a.j.JMeter: Available Processors =2
2020-09-26 12:16:34,143 INFO o.a.j.JMeter: Default Locale=English (United States)
2020-09-26 12:16:34,144 INFO o.a.j.JMeter: JMeter  Locale=English (United States)
2020-09-26 12:16:34,144 INFO o.a.j.JMeter: JMeterHome=/home/gabrielkovacs/jmeter/apache-jmeter-5.3
2020-09-26 12:16:34,144 INFO o.a.j.JMeter: user.dir  =/home/gabrielkovacs/jmeter/message_bus_1_to_1_db_distributed
2020-09-26 12:16:34,145 INFO o.a.j.JMeter: PWD       =/home/gabrielkovacs/jmeter/message_bus_1_to_1_db_distributed
2020-09-26 12:16:34,145 INFO o.a.j.JMeter: IP: 127.0.1.1 Name: swa-gabrielkovacs FullName: swa-gabrielkovacs
2020-09-26 12:16:34,161 INFO o.a.j.s.FileServer: Default base='/home/gabrielkovacs/jmeter/message_bus_1_to_1_db_distributed'
2020-09-26 12:16:34,164 INFO o.a.j.s.FileServer: Set new base='/home/gabrielkovacs/jmeter/message_bus_1_to_1_db_distributed'
2020-09-26 12:16:34,475 INFO o.a.j.s.SaveService: Testplan (JMX) version: 2.2. Testlog (JTL) version: 2.2
2020-09-26 12:16:34,515 INFO o.a.j.s.SaveService: Using SaveService properties version 5.0
2020-09-26 12:16:34,523 INFO o.a.j.s.SaveService: Using SaveService properties file encoding UTF-8
2020-09-26 12:16:34,537 INFO o.a.j.s.SaveService: Loading file: SR_OP&ROP_DR_30_30_30.jmx
2020-09-26 12:16:34,627 INFO o.a.j.p.h.s.HTTPSamplerBase: Parser for text/html is org.apache.jmeter.protocol.http.parser.LagartoBasedHtmlParser
2020-09-26 12:16:34,627 INFO o.a.j.p.h.s.HTTPSamplerBase: Parser for application/xhtml+xml is org.apache.jmeter.protocol.http.parser.LagartoBasedHtmlParser
2020-09-26 12:16:34,627 INFO o.a.j.p.h.s.HTTPSamplerBase: Parser for application/xml is org.apache.jmeter.protocol.http.parser.LagartoBasedHtmlParser
2020-09-26 12:16:34,628 INFO o.a.j.p.h.s.HTTPSamplerBase: Parser for text/xml is org.apache.jmeter.protocol.http.parser.LagartoBasedHtmlParser
2020-09-26 12:16:34,629 INFO o.a.j.p.h.s.HTTPSamplerBase: Parser for text/vnd.wap.wml is org.apache.jmeter.protocol.http.parser.RegexpHTMLParser
2020-09-26 12:16:34,629 INFO o.a.j.p.h.s.HTTPSamplerBase: Parser for text/css is org.apache.jmeter.protocol.http.parser.CssParser
2020-09-26 12:16:34,716 INFO o.a.j.JMeter: Creating summariser <summary>
2020-09-26 12:16:34,737 INFO o.a.j.e.StandardJMeterEngine: Running the test!
2020-09-26 12:16:34,741 INFO o.a.j.s.SampleEvent: List of sample_variables: [uuid]
2020-09-26 12:16:34,741 INFO o.a.j.s.SampleEvent: List of sample_variables: [uuid]
2020-09-26 12:16:34,760 INFO o.a.j.e.u.CompoundVariable: Note: Function class names must contain the string: '.functions.'
2020-09-26 12:16:34,760 INFO o.a.j.e.u.CompoundVariable: Note: Function class names must not contain the string: '.gui.'
2020-09-26 12:16:35,494 INFO o.a.j.JMeter: Running test (1601115395494)
2020-09-26 12:16:35,539 INFO o.a.j.e.StandardJMeterEngine: Starting ThreadGroup: 1 : UC5
2020-09-26 12:16:35,539 INFO o.a.j.e.StandardJMeterEngine: Starting 30 threads for group UC5.
2020-09-26 12:16:35,539 INFO o.a.j.e.StandardJMeterEngine: Thread will continue on error
2020-09-26 12:16:35,540 INFO o.a.j.t.ThreadGroup: Starting thread group... number=1 threads=30 ramp-up=30 delayedStart=false
2020-09-26 12:16:35,598 INFO o.a.j.t.ThreadGroup: Started thread group number 1
2020-09-26 12:16:35,598 INFO o.a.j.e.StandardJMeterEngine: Starting ThreadGroup: 2 : UC7
2020-09-26 12:16:35,598 INFO o.a.j.e.StandardJMeterEngine: Starting 30 threads for group UC7.
2020-09-26 12:16:35,598 INFO o.a.j.e.StandardJMeterEngine: Thread will continue on error
2020-09-26 12:16:35,598 INFO o.a.j.t.ThreadGroup: Starting thread group... number=2 threads=30 ramp-up=30 delayedStart=false
2020-09-26 12:16:35,604 INFO o.a.j.t.JMeterThread: Thread started: UC5 1-1
2020-09-26 12:16:35,611 INFO o.a.j.t.JMeterThread: Thread started: UC7 2-1
2020-09-26 12:16:35,654 INFO o.a.j.p.h.s.HTTPJavaImpl: Maximum connection retries = 0
2020-09-26 12:16:35,659 INFO o.a.j.s.SampleResult: Note: Sample TimeStamps are START times
2020-09-26 12:16:35,660 INFO o.a.j.s.SampleResult: sampleresult.default.encoding is set to ISO-8859-1
2020-09-26 12:16:35,660 INFO o.a.j.s.SampleResult: sampleresult.useNanoTime=true
2020-09-26 12:16:35,660 INFO o.a.j.s.SampleResult: sampleresult.nanoThreadSleep=5000
2020-09-26 12:16:35,676 INFO o.a.j.t.ThreadGroup: Started thread group number 2
2020-09-26 12:16:35,677 INFO o.a.j.e.StandardJMeterEngine: Starting ThreadGroup: 3 : UC3
2020-09-26 12:16:35,677 INFO o.a.j.e.StandardJMeterEngine: Starting 30 threads for group UC3.
2020-09-26 12:16:35,677 INFO o.a.j.e.StandardJMeterEngine: Thread will continue on error
2020-09-26 12:16:35,677 INFO o.a.j.t.ThreadGroup: Starting thread group... number=3 threads=30 ramp-up=30 delayedStart=false
2020-09-26 12:16:35,679 INFO o.a.j.t.JMeterThread: Thread started: UC3 3-1
2020-09-26 12:16:35,721 INFO o.a.j.t.ThreadGroup: Started thread group number 3
2020-09-26 12:16:35,721 INFO o.a.j.e.StandardJMeterEngine: Starting ThreadGroup: 4 : UC4
2020-09-26 12:16:35,722 INFO o.a.j.e.StandardJMeterEngine: Starting 30 threads for group UC4.
2020-09-26 12:16:35,722 INFO o.a.j.e.StandardJMeterEngine: Thread will continue on error
2020-09-26 12:16:35,722 INFO o.a.j.t.ThreadGroup: Starting thread group... number=4 threads=30 ramp-up=30 delayedStart=false
2020-09-26 12:16:35,727 INFO o.a.j.t.JMeterThread: Thread started: UC4 4-1
2020-09-26 12:16:35,794 INFO o.a.j.r.Summariser: summary +      1 in 00:00:00 =    3.4/s Avg:   125 Min:   125 Max:   125 Err:     0 (0.00%) Active: 4 Started: 4 Finished: 0
2020-09-26 12:16:35,804 INFO o.a.j.t.ThreadGroup: Started thread group number 4
2020-09-26 12:16:35,804 INFO o.a.j.e.StandardJMeterEngine: Starting ThreadGroup: 5 : UC6
2020-09-26 12:16:35,804 INFO o.a.j.e.StandardJMeterEngine: Starting 30 threads for group UC6.
2020-09-26 12:16:35,804 INFO o.a.j.e.StandardJMeterEngine: Thread will continue on error
2020-09-26 12:16:35,804 INFO o.a.j.t.ThreadGroup: Starting thread group... number=5 threads=30 ramp-up=30 delayedStart=false
2020-09-26 12:16:35,806 INFO o.a.j.t.JMeterThread: Thread started: UC6 5-1
2020-09-26 12:16:35,842 INFO o.a.j.t.ThreadGroup: Started thread group number 5
2020-09-26 12:16:35,842 INFO o.a.j.e.StandardJMeterEngine: All thread groups have been started
2020-09-26 12:16:36,601 INFO o.a.j.t.JMeterThread: Thread started: UC5 1-2
2020-09-26 12:16:36,612 INFO o.a.j.t.JMeterThread: Thread started: UC7 2-2
2020-09-26 12:16:36,683 INFO o.a.j.t.JMeterThread: Thread started: UC3 3-2
2020-09-26 12:16:36,731 INFO o.a.j.t.JMeterThread: Thread started: UC4 4-2
2020-09-26 12:16:36,806 INFO o.a.j.t.JMeterThread: Thread started: UC6 5-2
2020-09-26 12:16:37,593 INFO o.a.j.t.JMeterThread: Thread started: UC5 1-3
2020-09-26 12:16:37,611 INFO o.a.j.t.JMeterThread: Thread started: UC7 2-3
2020-09-26 12:16:37,681 INFO o.a.j.t.JMeterThread: Thread started: UC3 3-3
2020-09-26 12:16:37,725 INFO o.a.j.t.JMeterThread: Thread started: UC4 4-3
2020-09-26 12:16:37,807 INFO o.a.j.t.JMeterThread: Thread started: UC6 5-3
2020-09-26 12:16:38,011 INFO o.a.j.t.JMeterThread: Thread is done: UC5 1-1
2020-09-26 12:16:38,011 INFO o.a.j.t.JMeterThread: Thread finished: UC5 1-1
2020-09-26 12:16:38,183 INFO o.a.j.t.JMeterThread: Thread is done: UC7 2-1
2020-09-26 12:16:38,183 INFO o.a.j.t.JMeterThread: Thread finished: UC7 2-1
2020-09-26 12:16:38,235 INFO o.a.j.t.JMeterThread: Thread is done: UC3 3-1
2020-09-26 12:16:38,236 INFO o.a.j.t.JMeterThread: Thread finished: UC3 3-1
2020-09-26 12:16:38,573 INFO o.a.j.t.JMeterThread: Thread is done: UC6 5-1
2020-09-26 12:16:38,573 INFO o.a.j.t.JMeterThread: Thread finished: UC6 5-1
2020-09-26 12:16:38,600 INFO o.a.j.t.JMeterThread: Thread started: UC5 1-4
2020-09-26 12:16:38,611 INFO o.a.j.t.JMeterThread: Thread started: UC7 2-4
2020-09-26 12:16:38,649 INFO o.a.j.t.JMeterThread: Thread is done: UC4 4-1
2020-09-26 12:16:38,649 INFO o.a.j.t.JMeterThread: Thread finished: UC4 4-1
2020-09-26 12:16:38,681 INFO o.a.j.t.JMeterThread: Thread started: UC3 3-4
2020-09-26 12:16:38,723 INFO o.a.j.t.JMeterThread: Thread started: UC4 4-4
2020-09-26 12:16:38,808 INFO o.a.j.t.JMeterThread: Thread started: UC6 5-4
2020-09-26 12:16:39,594 INFO o.a.j.t.JMeterThread: Thread started: UC5 1-5
2020-09-26 12:16:39,620 INFO o.a.j.t.JMeterThread: Thread started: UC7 2-5
2020-09-26 12:16:39,679 INFO o.a.j.t.JMeterThread: Thread started: UC3 3-5
2020-09-26 12:16:39,723 INFO o.a.j.t.JMeterThread: Thread started: UC4 4-5
2020-09-26 12:16:39,806 INFO o.a.j.t.JMeterThread: Thread started: UC6 5-5
2020-09-26 12:16:40,591 INFO o.a.j.t.JMeterThread: Thread started: UC5 1-6
2020-09-26 12:16:40,606 INFO o.a.j.t.JMeterThread: Thread started: UC7 2-6
2020-09-26 12:16:40,639 INFO o.a.j.t.JMeterThread: Thread is done: UC3 3-2
2020-09-26 12:16:40,639 INFO o.a.j.t.JMeterThread: Thread finished: UC3 3-2
2020-09-26 12:16:40,678 INFO o.a.j.t.JMeterThread: Thread started: UC3 3-6
2020-09-26 12:16:40,723 INFO o.a.j.t.JMeterThread: Thread started: UC4 4-6
2020-09-26 12:16:40,760 INFO o.a.j.t.JMeterThread: Thread is done: UC6 5-2
2020-09-26 12:16:40,761 INFO o.a.j.t.JMeterThread: Thread finished: UC6 5-2
2020-09-26 12:16:40,807 INFO o.a.j.t.JMeterThread: Thread started: UC6 5-6
2020-09-26 12:16:40,819 INFO o.a.j.t.JMeterThread: Thread is done: UC5 1-2
2020-09-26 12:16:40,819 INFO o.a.j.t.JMeterThread: Thread finished: UC5 1-2
2020-09-26 12:16:41,298 INFO o.a.j.t.JMeterThread: Thread is done: UC7 2-2
2020-09-26 12:16:41,298 INFO o.a.j.t.JMeterThread: Thread finished: UC7 2-2
2020-09-26 12:16:41,565 INFO o.a.j.t.JMeterThread: Thread is done: UC4 4-2
2020-09-26 12:16:41,566 INFO o.a.j.t.JMeterThread: Thread finished: UC4 4-2
2020-09-26 12:16:41,586 INFO o.a.j.t.JMeterThread: Thread started: UC5 1-7
2020-09-26 12:16:41,616 INFO o.a.j.t.JMeterThread: Thread started: UC7 2-7
2020-09-26 12:16:41,678 INFO o.a.j.t.JMeterThread: Thread started: UC3 3-7
2020-09-26 12:16:41,724 INFO o.a.j.t.JMeterThread: Thread started: UC4 4-7
2020-09-26 12:16:41,807 INFO o.a.j.t.JMeterThread: Thread started: UC6 5-7
2020-09-26 12:16:42,581 INFO o.a.j.t.JMeterThread: Thread started: UC5 1-8
2020-09-26 12:16:42,608 INFO o.a.j.t.JMeterThread: Thread started: UC7 2-8
2020-09-26 12:16:42,679 INFO o.a.j.t.JMeterThread: Thread started: UC3 3-8
2020-09-26 12:16:42,725 INFO o.a.j.t.JMeterThread: Thread started: UC4 4-8
2020-09-26 12:16:42,810 INFO o.a.j.t.JMeterThread: Thread started: UC6 5-8
2020-09-26 12:16:43,017 INFO o.a.j.t.JMeterThread: Thread is done: UC5 1-3
2020-09-26 12:16:43,017 INFO o.a.j.t.JMeterThread: Thread finished: UC5 1-3
2020-09-26 12:16:43,165 INFO o.a.j.t.JMeterThread: Thread is done: UC3 3-3
2020-09-26 12:16:43,165 INFO o.a.j.t.JMeterThread: Thread finished: UC3 3-3
2020-09-26 12:16:43,234 INFO o.a.j.t.JMeterThread: Thread is done: UC6 5-3
2020-09-26 12:16:43,234 INFO o.a.j.t.JMeterThread: Thread finished: UC6 5-3
2020-09-26 12:16:43,579 INFO o.a.j.t.JMeterThread: Thread started: UC5 1-9
2020-09-26 12:16:43,600 INFO o.a.j.t.JMeterThread: Thread started: UC7 2-9
2020-09-26 12:16:43,652 INFO o.a.j.t.JMeterThread: Thread is done: UC7 2-3
2020-09-26 12:16:43,652 INFO o.a.j.t.JMeterThread: Thread finished: UC7 2-3
2020-09-26 12:16:43,682 INFO o.a.j.t.JMeterThread: Thread started: UC3 3-9
2020-09-26 12:16:43,727 INFO o.a.j.t.JMeterThread: Thread started: UC4 4-9
2020-09-26 12:16:43,811 INFO o.a.j.t.JMeterThread: Thread started: UC6 5-9
2020-09-26 12:16:44,551 INFO o.a.j.t.JMeterThread: Thread is done: UC4 4-3
2020-09-26 12:16:44,551 INFO o.a.j.t.JMeterThread: Thread finished: UC4 4-3
2020-09-26 12:16:44,578 INFO o.a.j.t.JMeterThread: Thread started: UC5 1-10
2020-09-26 12:16:44,600 INFO o.a.j.t.JMeterThread: Thread started: UC7 2-10
2020-09-26 12:16:44,682 INFO o.a.j.t.JMeterThread: Thread started: UC3 3-10
2020-09-26 12:16:44,728 INFO o.a.j.t.JMeterThread: Thread started: UC4 4-10
2020-09-26 12:16:44,808 INFO o.a.j.t.JMeterThread: Thread started: UC6 5-10
2020-09-26 12:16:45,308 INFO o.a.j.t.JMeterThread: Thread is done: UC7 2-4
2020-09-26 12:16:45,309 INFO o.a.j.t.JMeterThread: Thread finished: UC7 2-4
2020-09-26 12:16:45,578 INFO o.a.j.t.JMeterThread: Thread started: UC5 1-11
2020-09-26 12:16:45,605 INFO o.a.j.t.JMeterThread: Thread started: UC7 2-11
2020-09-26 12:16:45,679 INFO o.a.j.t.JMeterThread: Thread started: UC3 3-11
2020-09-26 12:16:45,725 INFO o.a.j.t.JMeterThread: Thread started: UC4 4-11
2020-09-26 12:16:45,807 INFO o.a.j.t.JMeterThread: Thread started: UC6 5-11
2020-09-26 12:16:45,955 INFO o.a.j.t.JMeterThread: Thread is done: UC3 3-4
2020-09-26 12:16:45,955 INFO o.a.j.t.JMeterThread: Thread finished: UC3 3-4
2020-09-26 12:16:45,981 INFO o.a.j.t.JMeterThread: Thread is done: UC4 4-4
2020-09-26 12:16:45,981 INFO o.a.j.t.JMeterThread: Thread finished: UC4 4-4
2020-09-26 12:16:46,018 INFO o.a.j.t.JMeterThread: Thread is done: UC6 5-4
2020-09-26 12:16:46,019 INFO o.a.j.t.JMeterThread: Thread finished: UC6 5-4
2020-09-26 12:16:46,332 INFO o.a.j.t.JMeterThread: Thread is done: UC5 1-4
2020-09-26 12:16:46,332 INFO o.a.j.t.JMeterThread: Thread finished: UC5 1-4
2020-09-26 12:16:46,578 INFO o.a.j.t.JMeterThread: Thread started: UC5 1-12
2020-09-26 12:16:46,611 INFO o.a.j.t.JMeterThread: Thread started: UC7 2-12
2020-09-26 12:16:46,678 INFO o.a.j.t.JMeterThread: Thread started: UC3 3-12
2020-09-26 12:16:46,724 INFO o.a.j.t.JMeterThread: Thread started: UC4 4-12
2020-09-26 12:16:46,807 INFO o.a.j.t.JMeterThread: Thread started: UC6 5-12
2020-09-26 12:16:47,573 INFO o.a.j.t.JMeterThread: Thread started: UC5 1-13
2020-09-26 12:16:47,611 INFO o.a.j.t.JMeterThread: Thread started: UC7 2-13
2020-09-26 12:16:47,678 INFO o.a.j.t.JMeterThread: Thread started: UC3 3-13
2020-09-26 12:16:47,724 INFO o.a.j.t.JMeterThread: Thread started: UC4 4-13
2020-09-26 12:16:47,808 INFO o.a.j.t.JMeterThread: Thread started: UC6 5-13
2020-09-26 12:16:48,229 INFO o.a.j.t.JMeterThread: Thread is done: UC4 4-5
2020-09-26 12:16:48,230 INFO o.a.j.t.JMeterThread: Thread finished: UC4 4-5
2020-09-26 12:16:48,569 INFO o.a.j.t.JMeterThread: Thread started: UC5 1-14
2020-09-26 12:16:48,600 INFO o.a.j.t.JMeterThread: Thread started: UC7 2-14
2020-09-26 12:16:48,649 INFO o.a.j.t.JMeterThread: Thread is done: UC3 3-5
2020-09-26 12:16:48,649 INFO o.a.j.t.JMeterThread: Thread finished: UC3 3-5
2020-09-26 12:16:48,679 INFO o.a.j.t.JMeterThread: Thread started: UC3 3-14
2020-09-26 12:16:48,708 INFO o.a.j.t.JMeterThread: Thread is done: UC5 1-5
2020-09-26 12:16:48,708 INFO o.a.j.t.JMeterThread: Thread finished: UC5 1-5
2020-09-26 12:16:48,724 INFO o.a.j.t.JMeterThread: Thread started: UC4 4-14
2020-09-26 12:16:48,806 INFO o.a.j.t.JMeterThread: Thread started: UC6 5-14
2020-09-26 12:16:48,968 INFO o.a.j.t.JMeterThread: Thread is done: UC7 2-5
2020-09-26 12:16:48,968 INFO o.a.j.t.JMeterThread: Thread finished: UC7 2-5
2020-09-26 12:16:49,568 INFO o.a.j.t.JMeterThread: Thread started: UC5 1-15
2020-09-26 12:16:49,619 INFO o.a.j.t.JMeterThread: Thread started: UC7 2-15
2020-09-26 12:16:49,682 INFO o.a.j.t.JMeterThread: Thread started: UC3 3-15
2020-09-26 12:16:49,726 INFO o.a.j.t.JMeterThread: Thread started: UC4 4-15
2020-09-26 12:16:49,808 INFO o.a.j.t.JMeterThread: Thread started: UC6 5-15
2020-09-26 12:16:50,097 INFO o.a.j.t.JMeterThread: Thread is done: UC6 5-5
2020-09-26 12:16:50,098 INFO o.a.j.t.JMeterThread: Thread finished: UC6 5-5
2020-09-26 12:16:50,398 INFO o.a.j.t.JMeterThread: Thread is done: UC4 4-6
2020-09-26 12:16:50,398 INFO o.a.j.t.JMeterThread: Thread finished: UC4 4-6
2020-09-26 12:16:50,567 INFO o.a.j.t.JMeterThread: Thread started: UC5 1-16
2020-09-26 12:16:50,607 INFO o.a.j.t.JMeterThread: Thread is done: UC5 1-6
2020-09-26 12:16:50,607 INFO o.a.j.t.JMeterThread: Thread finished: UC5 1-6
2020-09-26 12:16:50,607 INFO o.a.j.t.JMeterThread: Thread started: UC7 2-16
2020-09-26 12:16:50,679 INFO o.a.j.t.JMeterThread: Thread started: UC3 3-16
2020-09-26 12:16:50,727 INFO o.a.j.t.JMeterThread: Thread started: UC4 4-16
2020-09-26 12:16:50,806 INFO o.a.j.t.JMeterThread: Thread started: UC6 5-16
2020-09-26 12:16:51,159 INFO o.a.j.t.JMeterThread: Thread is done: UC3 3-6
2020-09-26 12:16:51,160 INFO o.a.j.t.JMeterThread: Thread finished: UC3 3-6
2020-09-26 12:16:51,566 INFO o.a.j.t.JMeterThread: Thread started: UC5 1-17
2020-09-26 12:16:51,600 INFO o.a.j.t.JMeterThread: Thread started: UC7 2-17
2020-09-26 12:16:51,679 INFO o.a.j.t.JMeterThread: Thread started: UC3 3-17
2020-09-26 12:16:51,731 INFO o.a.j.t.JMeterThread: Thread started: UC4 4-17
2020-09-26 12:16:51,806 INFO o.a.j.t.JMeterThread: Thread started: UC6 5-17
2020-09-26 12:16:51,851 INFO o.a.j.t.JMeterThread: Thread is done: UC7 2-6
2020-09-26 12:16:51,851 INFO o.a.j.t.JMeterThread: Thread finished: UC7 2-6
2020-09-26 12:16:52,159 INFO o.a.j.t.JMeterThread: Thread is done: UC6 5-6
2020-09-26 12:16:52,159 INFO o.a.j.t.JMeterThread: Thread finished: UC6 5-6
2020-09-26 12:16:52,571 INFO o.a.j.t.JMeterThread: Thread started: UC5 1-18
2020-09-26 12:16:52,600 INFO o.a.j.t.JMeterThread: Thread started: UC7 2-18
2020-09-26 12:16:52,678 INFO o.a.j.t.JMeterThread: Thread started: UC3 3-18
2020-09-26 12:16:52,727 INFO o.a.j.t.JMeterThread: Thread started: UC4 4-18
2020-09-26 12:16:52,806 INFO o.a.j.t.JMeterThread: Thread started: UC6 5-18
2020-09-26 12:16:53,328 INFO o.a.j.t.JMeterThread: Thread is done: UC5 1-7
2020-09-26 12:16:53,328 INFO o.a.j.t.JMeterThread: Thread finished: UC5 1-7
2020-09-26 12:16:53,545 INFO o.a.j.t.JMeterThread: Thread is done: UC4 4-7
2020-09-26 12:16:53,545 INFO o.a.j.t.JMeterThread: Thread finished: UC4 4-7
2020-09-26 12:16:53,572 INFO o.a.j.t.JMeterThread: Thread started: UC5 1-19
2020-09-26 12:16:53,601 INFO o.a.j.t.JMeterThread: Thread started: UC7 2-19
2020-09-26 12:16:53,678 INFO o.a.j.t.JMeterThread: Thread started: UC3 3-19
2020-09-26 12:16:53,714 INFO o.a.j.t.JMeterThread: Thread is done: UC6 5-7
2020-09-26 12:16:53,714 INFO o.a.j.t.JMeterThread: Thread finished: UC6 5-7
2020-09-26 12:16:53,724 INFO o.a.j.t.JMeterThread: Thread started: UC4 4-19
2020-09-26 12:16:53,805 INFO o.a.j.t.JMeterThread: Thread started: UC6 5-19
2020-09-26 12:16:54,161 INFO o.a.j.t.JMeterThread: Thread is done: UC3 3-7
2020-09-26 12:16:54,161 INFO o.a.j.t.JMeterThread: Thread finished: UC3 3-7
2020-09-26 12:16:54,457 INFO o.a.j.t.JMeterThread: Thread is done: UC7 2-7
2020-09-26 12:16:54,457 INFO o.a.j.t.JMeterThread: Thread finished: UC7 2-7
2020-09-26 12:16:54,573 INFO o.a.j.t.JMeterThread: Thread started: UC5 1-20
2020-09-26 12:16:54,601 INFO o.a.j.t.JMeterThread: Thread started: UC7 2-20
2020-09-26 12:16:54,678 INFO o.a.j.t.JMeterThread: Thread started: UC3 3-20
2020-09-26 12:16:54,724 INFO o.a.j.t.JMeterThread: Thread started: UC4 4-20
2020-09-26 12:16:54,805 INFO o.a.j.t.JMeterThread: Thread started: UC6 5-20
2020-09-26 12:16:55,567 INFO o.a.j.t.JMeterThread: Thread started: UC5 1-21
2020-09-26 12:16:55,606 INFO o.a.j.t.JMeterThread: Thread started: UC7 2-21
2020-09-26 12:16:55,689 INFO o.a.j.t.JMeterThread: Thread started: UC3 3-21
2020-09-26 12:16:55,747 INFO o.a.j.t.JMeterThread: Thread started: UC4 4-21
2020-09-26 12:16:55,805 INFO o.a.j.t.JMeterThread: Thread started: UC6 5-21
2020-09-26 12:16:55,908 INFO o.a.j.t.JMeterThread: Thread is done: UC5 1-8
2020-09-26 12:16:55,908 INFO o.a.j.t.JMeterThread: Thread finished: UC5 1-8
2020-09-26 12:16:56,460 INFO o.a.j.t.JMeterThread: Thread is done: UC3 3-8
2020-09-26 12:16:56,460 INFO o.a.j.t.JMeterThread: Thread finished: UC3 3-8
2020-09-26 12:16:56,566 INFO o.a.j.t.JMeterThread: Thread started: UC5 1-22
2020-09-26 12:16:56,604 INFO o.a.j.t.JMeterThread: Thread started: UC7 2-22
2020-09-26 12:16:56,612 INFO o.a.j.t.JMeterThread: Thread is done: UC6 5-8
2020-09-26 12:16:56,613 INFO o.a.j.t.JMeterThread: Thread finished: UC6 5-8
2020-09-26 12:16:56,690 INFO o.a.j.t.JMeterThread: Thread started: UC3 3-22
2020-09-26 12:16:56,738 INFO o.a.j.t.JMeterThread: Thread started: UC4 4-22
2020-09-26 12:16:56,805 INFO o.a.j.t.JMeterThread: Thread started: UC6 5-22
2020-09-26 12:16:57,493 INFO o.a.j.t.JMeterThread: Thread is done: UC7 2-8
2020-09-26 12:16:57,493 INFO o.a.j.t.JMeterThread: Thread finished: UC7 2-8
2020-09-26 12:16:57,565 INFO o.a.j.t.JMeterThread: Thread started: UC5 1-23
2020-09-26 12:16:57,603 INFO o.a.j.t.JMeterThread: Thread started: UC7 2-23
2020-09-26 12:16:57,655 INFO o.a.j.t.JMeterThread: Thread is done: UC4 4-8
2020-09-26 12:16:57,655 INFO o.a.j.t.JMeterThread: Thread finished: UC4 4-8
2020-09-26 12:16:57,679 INFO o.a.j.t.JMeterThread: Thread started: UC3 3-23
2020-09-26 12:16:57,743 INFO o.a.j.t.JMeterThread: Thread started: UC4 4-23
2020-09-26 12:16:57,809 INFO o.a.j.t.JMeterThread: Thread started: UC6 5-23
2020-09-26 12:16:58,407 INFO o.a.j.t.JMeterThread: Thread is done: UC7 2-9
2020-09-26 12:16:58,408 INFO o.a.j.t.JMeterThread: Thread finished: UC7 2-9
2020-09-26 12:16:58,565 INFO o.a.j.t.JMeterThread: Thread started: UC5 1-24
2020-09-26 12:16:58,601 INFO o.a.j.t.JMeterThread: Thread started: UC7 2-24
2020-09-26 12:16:58,679 INFO o.a.j.t.JMeterThread: Thread started: UC3 3-24
2020-09-26 12:16:58,737 INFO o.a.j.t.JMeterThread: Thread started: UC4 4-24
2020-09-26 12:16:58,748 INFO o.a.j.t.JMeterThread: Thread is done: UC6 5-9
2020-09-26 12:16:58,748 INFO o.a.j.t.JMeterThread: Thread finished: UC6 5-9
2020-09-26 12:16:58,792 INFO o.a.j.t.JMeterThread: Thread is done: UC3 3-9
2020-09-26 12:16:58,792 INFO o.a.j.t.JMeterThread: Thread finished: UC3 3-9
2020-09-26 12:16:58,805 INFO o.a.j.t.JMeterThread: Thread started: UC6 5-24
2020-09-26 12:16:59,563 INFO o.a.j.t.JMeterThread: Thread started: UC5 1-25
2020-09-26 12:16:59,604 INFO o.a.j.t.JMeterThread: Thread started: UC7 2-25
2020-09-26 12:16:59,637 INFO o.a.j.t.JMeterThread: Thread is done: UC5 1-9
2020-09-26 12:16:59,637 INFO o.a.j.t.JMeterThread: Thread finished: UC5 1-9
2020-09-26 12:16:59,678 INFO o.a.j.t.JMeterThread: Thread started: UC3 3-25
2020-09-26 12:16:59,727 INFO o.a.j.t.JMeterThread: Thread started: UC4 4-25
2020-09-26 12:16:59,804 INFO o.a.j.t.JMeterThread: Thread started: UC6 5-25
2020-09-26 12:17:00,006 INFO o.a.j.r.Summariser: summary +   2297 in 00:00:24 =   94.9/s Avg:   435 Min:    17 Max:  1581 Err:     0 (0.00%) Active: 81 Started: 125 Finished: 44
2020-09-26 12:17:00,007 INFO o.a.j.r.Summariser: summary =   2298 in 00:00:25 =   93.8/s Avg:   434 Min:    17 Max:  1581 Err:     0 (0.00%)
2020-09-26 12:17:00,562 INFO o.a.j.t.JMeterThread: Thread started: UC5 1-26
2020-09-26 12:17:00,604 INFO o.a.j.t.JMeterThread: Thread started: UC7 2-26
2020-09-26 12:17:00,678 INFO o.a.j.t.JMeterThread: Thread started: UC3 3-26
2020-09-26 12:17:00,729 INFO o.a.j.t.JMeterThread: Thread started: UC4 4-26
2020-09-26 12:17:00,776 INFO o.a.j.t.JMeterThread: Thread is done: UC4 4-9
2020-09-26 12:17:00,776 INFO o.a.j.t.JMeterThread: Thread finished: UC4 4-9
2020-09-26 12:17:00,805 INFO o.a.j.t.JMeterThread: Thread started: UC6 5-26
2020-09-26 12:17:01,043 INFO o.a.j.t.JMeterThread: Thread is done: UC7 2-10
2020-09-26 12:17:01,043 INFO o.a.j.t.JMeterThread: Thread finished: UC7 2-10
2020-09-26 12:17:01,192 INFO o.a.j.t.JMeterThread: Thread is done: UC5 1-10
2020-09-26 12:17:01,192 INFO o.a.j.t.JMeterThread: Thread finished: UC5 1-10
2020-09-26 12:17:01,562 INFO o.a.j.t.JMeterThread: Thread started: UC5 1-27
2020-09-26 12:17:01,601 INFO o.a.j.t.JMeterThread: Thread started: UC7 2-27
2020-09-26 12:17:01,679 INFO o.a.j.t.JMeterThread: Thread started: UC3 3-27
2020-09-26 12:17:01,724 INFO o.a.j.t.JMeterThread: Thread started: UC4 4-27
2020-09-26 12:17:01,740 INFO o.a.j.t.JMeterThread: Thread is done: UC4 4-10
2020-09-26 12:17:01,740 INFO o.a.j.t.JMeterThread: Thread finished: UC4 4-10
2020-09-26 12:17:01,804 INFO o.a.j.t.JMeterThread: Thread started: UC6 5-27
2020-09-26 12:17:01,827 INFO o.a.j.t.JMeterThread: Thread is done: UC6 5-10
2020-09-26 12:17:01,827 INFO o.a.j.t.JMeterThread: Thread finished: UC6 5-10
2020-09-26 12:17:01,856 INFO o.a.j.t.JMeterThread: Thread is done: UC3 3-10
2020-09-26 12:17:01,856 INFO o.a.j.t.JMeterThread: Thread finished: UC3 3-10
2020-09-26 12:17:02,561 INFO o.a.j.t.JMeterThread: Thread started: UC5 1-28
2020-09-26 12:17:02,601 INFO o.a.j.t.JMeterThread: Thread started: UC7 2-28
2020-09-26 12:17:02,679 INFO o.a.j.t.JMeterThread: Thread started: UC3 3-28
2020-09-26 12:17:02,748 INFO o.a.j.t.JMeterThread: Thread started: UC4 4-28
2020-09-26 12:17:02,804 INFO o.a.j.t.JMeterThread: Thread started: UC6 5-28
2020-09-26 12:17:03,105 INFO o.a.j.t.JMeterThread: Thread is done: UC4 4-11
2020-09-26 12:17:03,106 INFO o.a.j.t.JMeterThread: Thread finished: UC4 4-11
2020-09-26 12:17:03,174 INFO o.a.j.t.JMeterThread: Thread is done: UC3 3-11
2020-09-26 12:17:03,174 INFO o.a.j.t.JMeterThread: Thread finished: UC3 3-11
2020-09-26 12:17:03,301 INFO o.a.j.t.JMeterThread: Thread is done: UC5 1-11
2020-09-26 12:17:03,301 INFO o.a.j.t.JMeterThread: Thread finished: UC5 1-11
2020-09-26 12:17:03,560 INFO o.a.j.t.JMeterThread: Thread started: UC5 1-29
2020-09-26 12:17:03,600 INFO o.a.j.t.JMeterThread: Thread started: UC7 2-29
2020-09-26 12:17:03,679 INFO o.a.j.t.JMeterThread: Thread started: UC3 3-29
2020-09-26 12:17:03,717 INFO o.a.j.t.JMeterThread: Thread is done: UC6 5-11
2020-09-26 12:17:03,717 INFO o.a.j.t.JMeterThread: Thread finished: UC6 5-11
2020-09-26 12:17:03,724 INFO o.a.j.t.JMeterThread: Thread started: UC4 4-29
2020-09-26 12:17:03,805 INFO o.a.j.t.JMeterThread: Thread started: UC6 5-29
2020-09-26 12:17:03,856 INFO o.a.j.t.JMeterThread: Thread is done: UC7 2-11
2020-09-26 12:17:03,857 INFO o.a.j.t.JMeterThread: Thread finished: UC7 2-11
2020-09-26 12:17:04,556 INFO o.a.j.t.JMeterThread: Thread started: UC5 1-30
2020-09-26 12:17:04,607 INFO o.a.j.t.JMeterThread: Thread started: UC7 2-30
2020-09-26 12:17:04,682 INFO o.a.j.t.JMeterThread: Thread started: UC3 3-30
2020-09-26 12:17:04,725 INFO o.a.j.t.JMeterThread: Thread started: UC4 4-30
2020-09-26 12:17:04,810 INFO o.a.j.t.JMeterThread: Thread started: UC6 5-30
2020-09-26 12:17:06,185 INFO o.a.j.t.JMeterThread: Thread is done: UC4 4-12
2020-09-26 12:17:06,185 INFO o.a.j.t.JMeterThread: Thread finished: UC4 4-12
2020-09-26 12:17:06,851 INFO o.a.j.t.JMeterThread: Thread is done: UC5 1-12
2020-09-26 12:17:06,852 INFO o.a.j.t.JMeterThread: Thread finished: UC5 1-12
2020-09-26 12:17:06,875 INFO o.a.j.t.JMeterThread: Thread is done: UC7 2-12
2020-09-26 12:17:06,876 INFO o.a.j.t.JMeterThread: Thread finished: UC7 2-12
2020-09-26 12:17:07,199 INFO o.a.j.t.JMeterThread: Thread is done: UC3 3-12
2020-09-26 12:17:07,199 INFO o.a.j.t.JMeterThread: Thread finished: UC3 3-12
2020-09-26 12:17:08,017 INFO o.a.j.t.JMeterThread: Thread is done: UC6 5-12
2020-09-26 12:17:08,018 INFO o.a.j.t.JMeterThread: Thread finished: UC6 5-12
2020-09-26 12:17:08,771 INFO o.a.j.t.JMeterThread: Thread is done: UC7 2-13
2020-09-26 12:17:08,772 INFO o.a.j.t.JMeterThread: Thread finished: UC7 2-13
2020-09-26 12:17:08,858 INFO o.a.j.t.JMeterThread: Thread is done: UC4 4-13
2020-09-26 12:17:08,858 INFO o.a.j.t.JMeterThread: Thread finished: UC4 4-13
2020-09-26 12:17:08,877 INFO o.a.j.t.JMeterThread: Thread is done: UC5 1-13
2020-09-26 12:17:08,877 INFO o.a.j.t.JMeterThread: Thread finished: UC5 1-13
2020-09-26 12:17:09,368 INFO o.a.j.t.JMeterThread: Thread is done: UC3 3-13
2020-09-26 12:17:09,368 INFO o.a.j.t.JMeterThread: Thread finished: UC3 3-13
2020-09-26 12:17:09,833 INFO o.a.j.t.JMeterThread: Thread is done: UC6 5-13
2020-09-26 12:17:09,834 INFO o.a.j.t.JMeterThread: Thread finished: UC6 5-13
2020-09-26 12:17:10,700 INFO o.a.j.t.JMeterThread: Thread is done: UC6 5-14
2020-09-26 12:17:10,701 INFO o.a.j.t.JMeterThread: Thread finished: UC6 5-14
2020-09-26 12:17:10,766 INFO o.a.j.t.JMeterThread: Thread is done: UC5 1-14
2020-09-26 12:17:10,766 INFO o.a.j.t.JMeterThread: Thread finished: UC5 1-14
2020-09-26 12:17:11,201 INFO o.a.j.t.JMeterThread: Thread is done: UC3 3-14
2020-09-26 12:17:11,201 INFO o.a.j.t.JMeterThread: Thread finished: UC3 3-14
2020-09-26 12:17:11,452 INFO o.a.j.t.JMeterThread: Thread is done: UC4 4-14
2020-09-26 12:17:11,452 INFO o.a.j.t.JMeterThread: Thread finished: UC4 4-14
2020-09-26 12:17:11,930 INFO o.a.j.t.JMeterThread: Thread is done: UC7 2-14
2020-09-26 12:17:11,930 INFO o.a.j.t.JMeterThread: Thread finished: UC7 2-14
2020-09-26 12:17:12,495 INFO o.a.j.t.JMeterThread: Thread is done: UC4 4-15
2020-09-26 12:17:12,495 INFO o.a.j.t.JMeterThread: Thread finished: UC4 4-15
2020-09-26 12:17:12,599 INFO o.a.j.t.JMeterThread: Thread is done: UC6 5-15
2020-09-26 12:17:12,600 INFO o.a.j.t.JMeterThread: Thread finished: UC6 5-15
2020-09-26 12:17:13,276 INFO o.a.j.t.JMeterThread: Thread is done: UC7 2-15
2020-09-26 12:17:13,276 INFO o.a.j.t.JMeterThread: Thread finished: UC7 2-15
2020-09-26 12:17:13,603 INFO o.a.j.t.JMeterThread: Thread is done: UC5 1-15
2020-09-26 12:17:13,603 INFO o.a.j.t.JMeterThread: Thread finished: UC5 1-15
2020-09-26 12:17:14,147 INFO o.a.j.t.JMeterThread: Thread is done: UC3 3-16
2020-09-26 12:17:14,147 INFO o.a.j.t.JMeterThread: Thread finished: UC3 3-16
2020-09-26 12:17:14,192 INFO o.a.j.t.JMeterThread: Thread is done: UC4 4-16
2020-09-26 12:17:14,192 INFO o.a.j.t.JMeterThread: Thread finished: UC4 4-16
2020-09-26 12:17:14,559 INFO o.a.j.t.JMeterThread: Thread is done: UC5 1-16
2020-09-26 12:17:14,559 INFO o.a.j.t.JMeterThread: Thread finished: UC5 1-16
2020-09-26 12:17:14,639 INFO o.a.j.t.JMeterThread: Thread is done: UC3 3-15
2020-09-26 12:17:14,640 INFO o.a.j.t.JMeterThread: Thread finished: UC3 3-15
2020-09-26 12:17:14,694 INFO o.a.j.t.JMeterThread: Thread is done: UC7 2-16
2020-09-26 12:17:14,694 INFO o.a.j.t.JMeterThread: Thread finished: UC7 2-16
2020-09-26 12:17:15,289 INFO o.a.j.t.JMeterThread: Thread is done: UC7 2-17
2020-09-26 12:17:15,290 INFO o.a.j.t.JMeterThread: Thread finished: UC7 2-17
2020-09-26 12:17:15,500 INFO o.a.j.t.JMeterThread: Thread is done: UC6 5-16
2020-09-26 12:17:15,500 INFO o.a.j.t.JMeterThread: Thread finished: UC6 5-16
2020-09-26 12:17:15,816 INFO o.a.j.t.JMeterThread: Thread is done: UC6 5-17
2020-09-26 12:17:15,816 INFO o.a.j.t.JMeterThread: Thread finished: UC6 5-17
2020-09-26 12:17:15,858 INFO o.a.j.t.JMeterThread: Thread is done: UC4 4-17
2020-09-26 12:17:15,858 INFO o.a.j.t.JMeterThread: Thread finished: UC4 4-17
2020-09-26 12:17:15,889 INFO o.a.j.t.JMeterThread: Thread is done: UC5 1-17
2020-09-26 12:17:15,889 INFO o.a.j.t.JMeterThread: Thread finished: UC5 1-17
2020-09-26 12:17:16,382 INFO o.a.j.t.JMeterThread: Thread is done: UC3 3-17
2020-09-26 12:17:16,382 INFO o.a.j.t.JMeterThread: Thread finished: UC3 3-17
2020-09-26 12:17:16,794 INFO o.a.j.t.JMeterThread: Thread is done: UC5 1-18
2020-09-26 12:17:16,794 INFO o.a.j.t.JMeterThread: Thread finished: UC5 1-18
2020-09-26 12:17:17,260 INFO o.a.j.t.JMeterThread: Thread is done: UC7 2-18
2020-09-26 12:17:17,261 INFO o.a.j.t.JMeterThread: Thread finished: UC7 2-18
2020-09-26 12:17:17,353 INFO o.a.j.t.JMeterThread: Thread is done: UC4 4-18
2020-09-26 12:17:17,353 INFO o.a.j.t.JMeterThread: Thread finished: UC4 4-18
2020-09-26 12:17:17,603 INFO o.a.j.t.JMeterThread: Thread is done: UC6 5-18
2020-09-26 12:17:17,603 INFO o.a.j.t.JMeterThread: Thread finished: UC6 5-18
2020-09-26 12:17:17,760 INFO o.a.j.t.JMeterThread: Thread is done: UC5 1-19
2020-09-26 12:17:17,760 INFO o.a.j.t.JMeterThread: Thread finished: UC5 1-19
2020-09-26 12:17:17,817 INFO o.a.j.t.JMeterThread: Thread is done: UC3 3-18
2020-09-26 12:17:17,818 INFO o.a.j.t.JMeterThread: Thread finished: UC3 3-18
2020-09-26 12:17:17,901 INFO o.a.j.t.JMeterThread: Thread is done: UC7 2-19
2020-09-26 12:17:17,902 INFO o.a.j.t.JMeterThread: Thread finished: UC7 2-19
2020-09-26 12:17:18,067 INFO o.a.j.t.JMeterThread: Thread is done: UC6 5-19
2020-09-26 12:17:18,067 INFO o.a.j.t.JMeterThread: Thread finished: UC6 5-19
2020-09-26 12:17:18,503 INFO o.a.j.t.JMeterThread: Thread is done: UC7 2-20
2020-09-26 12:17:18,503 INFO o.a.j.t.JMeterThread: Thread finished: UC7 2-20
2020-09-26 12:17:18,639 INFO o.a.j.t.JMeterThread: Thread is done: UC3 3-19
2020-09-26 12:17:18,639 INFO o.a.j.t.JMeterThread: Thread finished: UC3 3-19
2020-09-26 12:17:18,862 INFO o.a.j.t.JMeterThread: Thread is done: UC3 3-20
2020-09-26 12:17:18,862 INFO o.a.j.t.JMeterThread: Thread finished: UC3 3-20
2020-09-26 12:17:19,154 INFO o.a.j.t.JMeterThread: Thread is done: UC6 5-20
2020-09-26 12:17:19,154 INFO o.a.j.t.JMeterThread: Thread finished: UC6 5-20
2020-09-26 12:17:19,263 INFO o.a.j.t.JMeterThread: Thread is done: UC4 4-19
2020-09-26 12:17:19,263 INFO o.a.j.t.JMeterThread: Thread finished: UC4 4-19
2020-09-26 12:17:19,572 INFO o.a.j.t.JMeterThread: Thread is done: UC4 4-20
2020-09-26 12:17:19,572 INFO o.a.j.t.JMeterThread: Thread finished: UC4 4-20
2020-09-26 12:17:19,647 INFO o.a.j.t.JMeterThread: Thread is done: UC5 1-20
2020-09-26 12:17:19,647 INFO o.a.j.t.JMeterThread: Thread finished: UC5 1-20
2020-09-26 12:17:19,693 INFO o.a.j.t.JMeterThread: Thread is done: UC5 1-21
2020-09-26 12:17:19,693 INFO o.a.j.t.JMeterThread: Thread finished: UC5 1-21
2020-09-26 12:17:20,010 INFO o.a.j.t.JMeterThread: Thread is done: UC3 3-21
2020-09-26 12:17:20,010 INFO o.a.j.t.JMeterThread: Thread finished: UC3 3-21
2020-09-26 12:17:20,195 INFO o.a.j.t.JMeterThread: Thread is done: UC6 5-21
2020-09-26 12:17:20,196 INFO o.a.j.t.JMeterThread: Thread finished: UC6 5-21
2020-09-26 12:17:20,220 INFO o.a.j.t.JMeterThread: Thread is done: UC4 4-21
2020-09-26 12:17:20,220 INFO o.a.j.t.JMeterThread: Thread finished: UC4 4-21
2020-09-26 12:17:20,268 INFO o.a.j.t.JMeterThread: Thread is done: UC6 5-22
2020-09-26 12:17:20,269 INFO o.a.j.t.JMeterThread: Thread finished: UC6 5-22
2020-09-26 12:17:20,437 INFO o.a.j.t.JMeterThread: Thread is done: UC7 2-21
2020-09-26 12:17:20,438 INFO o.a.j.t.JMeterThread: Thread finished: UC7 2-21
2020-09-26 12:17:20,686 INFO o.a.j.t.JMeterThread: Thread is done: UC4 4-22
2020-09-26 12:17:20,686 INFO o.a.j.t.JMeterThread: Thread finished: UC4 4-22
2020-09-26 12:17:20,743 INFO o.a.j.t.JMeterThread: Thread is done: UC5 1-23
2020-09-26 12:17:20,743 INFO o.a.j.t.JMeterThread: Thread finished: UC5 1-23
2020-09-26 12:17:20,763 INFO o.a.j.t.JMeterThread: Thread is done: UC7 2-22
2020-09-26 12:17:20,763 INFO o.a.j.t.JMeterThread: Thread finished: UC7 2-22
2020-09-26 12:17:20,814 INFO o.a.j.t.JMeterThread: Thread is done: UC3 3-22
2020-09-26 12:17:20,814 INFO o.a.j.t.JMeterThread: Thread finished: UC3 3-22
2020-09-26 12:17:20,871 INFO o.a.j.t.JMeterThread: Thread is done: UC5 1-22
2020-09-26 12:17:20,871 INFO o.a.j.t.JMeterThread: Thread finished: UC5 1-22
2020-09-26 12:17:21,088 INFO o.a.j.t.JMeterThread: Thread is done: UC7 2-23
2020-09-26 12:17:21,088 INFO o.a.j.t.JMeterThread: Thread finished: UC7 2-23
2020-09-26 12:17:21,094 INFO o.a.j.t.JMeterThread: Thread is done: UC4 4-23
2020-09-26 12:17:21,094 INFO o.a.j.t.JMeterThread: Thread finished: UC4 4-23
2020-09-26 12:17:21,328 INFO o.a.j.t.JMeterThread: Thread is done: UC3 3-23
2020-09-26 12:17:21,328 INFO o.a.j.t.JMeterThread: Thread finished: UC3 3-23
2020-09-26 12:17:21,466 INFO o.a.j.t.JMeterThread: Thread is done: UC3 3-24
2020-09-26 12:17:21,466 INFO o.a.j.t.JMeterThread: Thread finished: UC3 3-24
2020-09-26 12:17:21,528 INFO o.a.j.t.JMeterThread: Thread is done: UC6 5-23
2020-09-26 12:17:21,528 INFO o.a.j.t.JMeterThread: Thread finished: UC6 5-23
2020-09-26 12:17:21,726 INFO o.a.j.t.JMeterThread: Thread is done: UC7 2-24
2020-09-26 12:17:21,726 INFO o.a.j.t.JMeterThread: Thread finished: UC7 2-24
2020-09-26 12:17:21,767 INFO o.a.j.t.JMeterThread: Thread is done: UC5 1-24
2020-09-26 12:17:21,767 INFO o.a.j.t.JMeterThread: Thread finished: UC5 1-24
2020-09-26 12:17:21,838 INFO o.a.j.t.JMeterThread: Thread is done: UC4 4-25
2020-09-26 12:17:21,838 INFO o.a.j.t.JMeterThread: Thread finished: UC4 4-25
2020-09-26 12:17:21,843 INFO o.a.j.t.JMeterThread: Thread is done: UC7 2-25
2020-09-26 12:17:21,843 INFO o.a.j.t.JMeterThread: Thread finished: UC7 2-25
2020-09-26 12:17:21,989 INFO o.a.j.t.JMeterThread: Thread is done: UC3 3-25
2020-09-26 12:17:21,989 INFO o.a.j.t.JMeterThread: Thread finished: UC3 3-25
2020-09-26 12:17:22,111 INFO o.a.j.t.JMeterThread: Thread is done: UC6 5-25
2020-09-26 12:17:22,111 INFO o.a.j.t.JMeterThread: Thread finished: UC6 5-25
2020-09-26 12:17:22,128 INFO o.a.j.t.JMeterThread: Thread is done: UC4 4-24
2020-09-26 12:17:22,128 INFO o.a.j.t.JMeterThread: Thread finished: UC4 4-24
2020-09-26 12:17:22,209 INFO o.a.j.t.JMeterThread: Thread is done: UC7 2-26
2020-09-26 12:17:22,209 INFO o.a.j.t.JMeterThread: Thread finished: UC7 2-26
2020-09-26 12:17:22,210 INFO o.a.j.t.JMeterThread: Thread is done: UC5 1-25
2020-09-26 12:17:22,210 INFO o.a.j.t.JMeterThread: Thread finished: UC5 1-25
2020-09-26 12:17:22,218 INFO o.a.j.t.JMeterThread: Thread is done: UC3 3-26
2020-09-26 12:17:22,218 INFO o.a.j.t.JMeterThread: Thread finished: UC3 3-26
2020-09-26 12:17:22,297 INFO o.a.j.t.JMeterThread: Thread is done: UC6 5-24
2020-09-26 12:17:22,297 INFO o.a.j.t.JMeterThread: Thread finished: UC6 5-24
2020-09-26 12:17:22,426 INFO o.a.j.t.JMeterThread: Thread is done: UC4 4-26
2020-09-26 12:17:22,427 INFO o.a.j.t.JMeterThread: Thread finished: UC4 4-26
2020-09-26 12:17:22,504 INFO o.a.j.t.JMeterThread: Thread is done: UC5 1-26
2020-09-26 12:17:22,504 INFO o.a.j.t.JMeterThread: Thread finished: UC5 1-26
2020-09-26 12:17:22,509 INFO o.a.j.t.JMeterThread: Thread is done: UC3 3-27
2020-09-26 12:17:22,509 INFO o.a.j.t.JMeterThread: Thread finished: UC3 3-27
2020-09-26 12:17:22,529 INFO o.a.j.t.JMeterThread: Thread is done: UC6 5-28
2020-09-26 12:17:22,529 INFO o.a.j.t.JMeterThread: Thread finished: UC6 5-28
2020-09-26 12:17:22,673 INFO o.a.j.t.JMeterThread: Thread is done: UC7 2-27
2020-09-26 12:17:22,674 INFO o.a.j.t.JMeterThread: Thread finished: UC7 2-27
2020-09-26 12:17:22,705 INFO o.a.j.t.JMeterThread: Thread is done: UC6 5-27
2020-09-26 12:17:22,706 INFO o.a.j.t.JMeterThread: Thread finished: UC6 5-27
2020-09-26 12:17:22,782 INFO o.a.j.t.JMeterThread: Thread is done: UC7 2-28
2020-09-26 12:17:22,782 INFO o.a.j.t.JMeterThread: Thread finished: UC7 2-28
2020-09-26 12:17:22,809 INFO o.a.j.t.JMeterThread: Thread is done: UC5 1-29
2020-09-26 12:17:22,809 INFO o.a.j.t.JMeterThread: Thread finished: UC5 1-29
2020-09-26 12:17:22,827 INFO o.a.j.t.JMeterThread: Thread is done: UC5 1-28
2020-09-26 12:17:22,827 INFO o.a.j.t.JMeterThread: Thread finished: UC5 1-28
2020-09-26 12:17:22,849 INFO o.a.j.t.JMeterThread: Thread is done: UC5 1-27
2020-09-26 12:17:22,849 INFO o.a.j.t.JMeterThread: Thread finished: UC5 1-27
2020-09-26 12:17:22,882 INFO o.a.j.t.JMeterThread: Thread is done: UC4 4-27
2020-09-26 12:17:22,883 INFO o.a.j.t.JMeterThread: Thread finished: UC4 4-27
2020-09-26 12:17:22,938 INFO o.a.j.t.JMeterThread: Thread is done: UC6 5-26
2020-09-26 12:17:22,938 INFO o.a.j.t.JMeterThread: Thread finished: UC6 5-26
2020-09-26 12:17:22,944 INFO o.a.j.t.JMeterThread: Thread is done: UC3 3-28
2020-09-26 12:17:22,944 INFO o.a.j.t.JMeterThread: Thread finished: UC3 3-28
2020-09-26 12:17:23,046 INFO o.a.j.t.JMeterThread: Thread is done: UC4 4-28
2020-09-26 12:17:23,046 INFO o.a.j.t.JMeterThread: Thread finished: UC4 4-28
2020-09-26 12:17:23,089 INFO o.a.j.t.JMeterThread: Thread is done: UC3 3-29
2020-09-26 12:17:23,090 INFO o.a.j.t.JMeterThread: Thread finished: UC3 3-29
2020-09-26 12:17:23,110 INFO o.a.j.t.JMeterThread: Thread is done: UC5 1-30
2020-09-26 12:17:23,110 INFO o.a.j.t.JMeterThread: Thread finished: UC5 1-30
2020-09-26 12:17:23,111 INFO o.a.j.t.JMeterThread: Thread is done: UC7 2-29
2020-09-26 12:17:23,111 INFO o.a.j.t.JMeterThread: Thread finished: UC7 2-29
2020-09-26 12:17:23,146 INFO o.a.j.t.JMeterThread: Thread is done: UC3 3-30
2020-09-26 12:17:23,146 INFO o.a.j.t.JMeterThread: Thread finished: UC3 3-30
2020-09-26 12:17:23,151 INFO o.a.j.t.JMeterThread: Thread is done: UC6 5-29
2020-09-26 12:17:23,152 INFO o.a.j.t.JMeterThread: Thread finished: UC6 5-29
2020-09-26 12:17:23,154 INFO o.a.j.t.JMeterThread: Thread is done: UC7 2-30
2020-09-26 12:17:23,154 INFO o.a.j.t.JMeterThread: Thread finished: UC7 2-30
2020-09-26 12:17:23,157 INFO o.a.j.t.JMeterThread: Thread is done: UC4 4-29
2020-09-26 12:17:23,157 INFO o.a.j.t.JMeterThread: Thread finished: UC4 4-29
2020-09-26 12:17:23,162 INFO o.a.j.t.JMeterThread: Thread is done: UC4 4-30
2020-09-26 12:17:23,162 INFO o.a.j.t.JMeterThread: Thread finished: UC4 4-30
2020-09-26 12:17:23,182 INFO o.a.j.t.JMeterThread: Thread is done: UC6 5-30
2020-09-26 12:17:23,182 INFO o.a.j.t.JMeterThread: Thread finished: UC6 5-30
2020-09-26 12:17:23,182 INFO o.a.j.e.StandardJMeterEngine: Notifying test listeners of end of test
2020-09-26 12:17:23,183 INFO o.a.j.r.Summariser: summary +   2202 in 00:00:23 =   95.0/s Avg:   781 Min:    20 Max:  2318 Err:     0 (0.00%) Active: 0 Started: 150 Finished: 150
2020-09-26 12:17:23,184 INFO o.a.j.r.Summariser: summary =   4500 in 00:00:48 =   94.4/s Avg:   604 Min:    17 Max:  2318 Err:     0 (0.00%)
