2020-09-26 15:12:19,092 INFO o.a.j.u.JMeterUtils: Setting Locale to en_US
2020-09-26 15:12:19,133 INFO o.a.j.JMeter: Loading user properties from: /home/gabrielkovacs/jmeter/apache-jmeter-5.3/bin/user.properties
2020-09-26 15:12:19,134 INFO o.a.j.JMeter: Loading system properties from: /home/gabrielkovacs/jmeter/apache-jmeter-5.3/bin/system.properties
2020-09-26 15:12:19,139 INFO o.a.j.JMeter: Copyright (c) 1998-2020 The Apache Software Foundation
2020-09-26 15:12:19,140 INFO o.a.j.JMeter: Version 5.3
2020-09-26 15:12:19,140 INFO o.a.j.JMeter: java.version=11.0.8
2020-09-26 15:12:19,140 INFO o.a.j.JMeter: java.vm.name=OpenJDK 64-Bit Server VM
2020-09-26 15:12:19,140 INFO o.a.j.JMeter: os.name=Linux
2020-09-26 15:12:19,140 INFO o.a.j.JMeter: os.arch=amd64
2020-09-26 15:12:19,141 INFO o.a.j.JMeter: os.version=5.3.0-59-generic
2020-09-26 15:12:19,141 INFO o.a.j.JMeter: file.encoding=UTF-8
2020-09-26 15:12:19,141 INFO o.a.j.JMeter: java.awt.headless=true
2020-09-26 15:12:19,141 INFO o.a.j.JMeter: Max memory     =4198498304
2020-09-26 15:12:19,141 INFO o.a.j.JMeter: Available Processors =2
2020-09-26 15:12:19,156 INFO o.a.j.JMeter: Default Locale=English (United States)
2020-09-26 15:12:19,157 INFO o.a.j.JMeter: JMeter  Locale=English (United States)
2020-09-26 15:12:19,157 INFO o.a.j.JMeter: JMeterHome=/home/gabrielkovacs/jmeter/apache-jmeter-5.3
2020-09-26 15:12:19,157 INFO o.a.j.JMeter: user.dir  =/home/gabrielkovacs/jmeter/orchestrate_api_gateway_1_to_1_db_distributed
2020-09-26 15:12:19,157 INFO o.a.j.JMeter: PWD       =/home/gabrielkovacs/jmeter/orchestrate_api_gateway_1_to_1_db_distributed
2020-09-26 15:12:19,158 INFO o.a.j.JMeter: IP: 127.0.1.1 Name: swa-gabrielkovacs FullName: swa-gabrielkovacs
2020-09-26 15:12:19,168 INFO o.a.j.s.FileServer: Default base='/home/gabrielkovacs/jmeter/orchestrate_api_gateway_1_to_1_db_distributed'
2020-09-26 15:12:19,171 INFO o.a.j.s.FileServer: Set new base='/home/gabrielkovacs/jmeter/orchestrate_api_gateway_1_to_1_db_distributed'
2020-09-26 15:12:19,469 INFO o.a.j.s.SaveService: Testplan (JMX) version: 2.2. Testlog (JTL) version: 2.2
2020-09-26 15:12:19,508 INFO o.a.j.s.SaveService: Using SaveService properties version 5.0
2020-09-26 15:12:19,514 INFO o.a.j.s.SaveService: Using SaveService properties file encoding UTF-8
2020-09-26 15:12:19,521 INFO o.a.j.s.SaveService: Loading file: SR_OP&ROP_DR_30_30_30.jmx
2020-09-26 15:12:19,608 INFO o.a.j.p.h.s.HTTPSamplerBase: Parser for text/html is org.apache.jmeter.protocol.http.parser.LagartoBasedHtmlParser
2020-09-26 15:12:19,608 INFO o.a.j.p.h.s.HTTPSamplerBase: Parser for application/xhtml+xml is org.apache.jmeter.protocol.http.parser.LagartoBasedHtmlParser
2020-09-26 15:12:19,608 INFO o.a.j.p.h.s.HTTPSamplerBase: Parser for application/xml is org.apache.jmeter.protocol.http.parser.LagartoBasedHtmlParser
2020-09-26 15:12:19,609 INFO o.a.j.p.h.s.HTTPSamplerBase: Parser for text/xml is org.apache.jmeter.protocol.http.parser.LagartoBasedHtmlParser
2020-09-26 15:12:19,610 INFO o.a.j.p.h.s.HTTPSamplerBase: Parser for text/vnd.wap.wml is org.apache.jmeter.protocol.http.parser.RegexpHTMLParser
2020-09-26 15:12:19,610 INFO o.a.j.p.h.s.HTTPSamplerBase: Parser for text/css is org.apache.jmeter.protocol.http.parser.CssParser
2020-09-26 15:12:19,697 INFO o.a.j.JMeter: Creating summariser <summary>
2020-09-26 15:12:19,715 INFO o.a.j.e.StandardJMeterEngine: Running the test!
2020-09-26 15:12:19,724 INFO o.a.j.s.SampleEvent: List of sample_variables: []
2020-09-26 15:12:19,724 INFO o.a.j.s.SampleEvent: List of sample_variables: []
2020-09-26 15:12:19,742 INFO o.a.j.e.u.CompoundVariable: Note: Function class names must contain the string: '.functions.'
2020-09-26 15:12:19,743 INFO o.a.j.e.u.CompoundVariable: Note: Function class names must not contain the string: '.gui.'
2020-09-26 15:12:20,306 INFO o.a.j.JMeter: Running test (1601125940306)
2020-09-26 15:12:20,351 INFO o.a.j.e.StandardJMeterEngine: Starting ThreadGroup: 1 : UC5
2020-09-26 15:12:20,351 INFO o.a.j.e.StandardJMeterEngine: Starting 30 threads for group UC5.
2020-09-26 15:12:20,351 INFO o.a.j.e.StandardJMeterEngine: Thread will continue on error
2020-09-26 15:12:20,351 INFO o.a.j.t.ThreadGroup: Starting thread group... number=1 threads=30 ramp-up=30 delayedStart=false
2020-09-26 15:12:20,413 INFO o.a.j.t.JMeterThread: Thread started: UC5 1-1
2020-09-26 15:12:20,424 INFO o.a.j.t.ThreadGroup: Started thread group number 1
2020-09-26 15:12:20,424 INFO o.a.j.e.StandardJMeterEngine: Starting ThreadGroup: 2 : UC7
2020-09-26 15:12:20,424 INFO o.a.j.e.StandardJMeterEngine: Starting 30 threads for group UC7.
2020-09-26 15:12:20,424 INFO o.a.j.e.StandardJMeterEngine: Thread will continue on error
2020-09-26 15:12:20,424 INFO o.a.j.t.ThreadGroup: Starting thread group... number=2 threads=30 ramp-up=30 delayedStart=false
2020-09-26 15:12:20,427 INFO o.a.j.t.JMeterThread: Thread started: UC7 2-1
2020-09-26 15:12:20,458 INFO o.a.j.t.ThreadGroup: Started thread group number 2
2020-09-26 15:12:20,458 INFO o.a.j.e.StandardJMeterEngine: Starting ThreadGroup: 3 : UC3
2020-09-26 15:12:20,458 INFO o.a.j.e.StandardJMeterEngine: Starting 30 threads for group UC3.
2020-09-26 15:12:20,458 INFO o.a.j.e.StandardJMeterEngine: Thread will continue on error
2020-09-26 15:12:20,459 INFO o.a.j.t.ThreadGroup: Starting thread group... number=3 threads=30 ramp-up=30 delayedStart=false
2020-09-26 15:12:20,469 INFO o.a.j.t.JMeterThread: Thread started: UC3 3-1
2020-09-26 15:12:20,478 INFO o.a.j.p.h.s.HTTPJavaImpl: Maximum connection retries = 0
2020-09-26 15:12:20,480 INFO o.a.j.s.SampleResult: Note: Sample TimeStamps are START times
2020-09-26 15:12:20,480 INFO o.a.j.s.SampleResult: sampleresult.default.encoding is set to ISO-8859-1
2020-09-26 15:12:20,480 INFO o.a.j.s.SampleResult: sampleresult.useNanoTime=true
2020-09-26 15:12:20,480 INFO o.a.j.s.SampleResult: sampleresult.nanoThreadSleep=5000
2020-09-26 15:12:20,511 INFO o.a.j.t.ThreadGroup: Started thread group number 3
2020-09-26 15:12:20,511 INFO o.a.j.e.StandardJMeterEngine: Starting ThreadGroup: 4 : UC4
2020-09-26 15:12:20,511 INFO o.a.j.e.StandardJMeterEngine: Starting 30 threads for group UC4.
2020-09-26 15:12:20,512 INFO o.a.j.e.StandardJMeterEngine: Thread will continue on error
2020-09-26 15:12:20,512 INFO o.a.j.t.ThreadGroup: Starting thread group... number=4 threads=30 ramp-up=30 delayedStart=false
2020-09-26 15:12:20,517 INFO o.a.j.t.JMeterThread: Thread started: UC4 4-1
2020-09-26 15:12:20,544 INFO o.a.j.t.ThreadGroup: Started thread group number 4
2020-09-26 15:12:20,545 INFO o.a.j.e.StandardJMeterEngine: Starting ThreadGroup: 5 : UC6
2020-09-26 15:12:20,545 INFO o.a.j.e.StandardJMeterEngine: Starting 30 threads for group UC6.
2020-09-26 15:12:20,545 INFO o.a.j.e.StandardJMeterEngine: Thread will continue on error
2020-09-26 15:12:20,545 INFO o.a.j.t.ThreadGroup: Starting thread group... number=5 threads=30 ramp-up=30 delayedStart=false
2020-09-26 15:12:20,568 INFO o.a.j.t.JMeterThread: Thread started: UC6 5-1
2020-09-26 15:12:20,610 INFO o.a.j.t.ThreadGroup: Started thread group number 5
2020-09-26 15:12:20,610 INFO o.a.j.e.StandardJMeterEngine: All thread groups have been started
2020-09-26 15:12:20,833 INFO o.a.j.t.JMeterThread: Thread is done: UC5 1-1
2020-09-26 15:12:20,833 INFO o.a.j.t.JMeterThread: Thread finished: UC5 1-1
2020-09-26 15:12:20,861 INFO o.a.j.t.JMeterThread: Thread is done: UC7 2-1
2020-09-26 15:12:20,861 INFO o.a.j.t.JMeterThread: Thread finished: UC7 2-1
2020-09-26 15:12:20,932 INFO o.a.j.t.JMeterThread: Thread is done: UC3 3-1
2020-09-26 15:12:20,932 INFO o.a.j.t.JMeterThread: Thread finished: UC3 3-1
2020-09-26 15:12:21,146 INFO o.a.j.t.JMeterThread: Thread is done: UC4 4-1
2020-09-26 15:12:21,147 INFO o.a.j.t.JMeterThread: Thread finished: UC4 4-1
2020-09-26 15:12:21,209 INFO o.a.j.t.JMeterThread: Thread is done: UC6 5-1
2020-09-26 15:12:21,209 INFO o.a.j.t.JMeterThread: Thread finished: UC6 5-1
2020-09-26 15:12:21,398 INFO o.a.j.t.JMeterThread: Thread started: UC5 1-2
2020-09-26 15:12:21,449 INFO o.a.j.t.JMeterThread: Thread started: UC7 2-2
2020-09-26 15:12:21,492 INFO o.a.j.t.JMeterThread: Thread started: UC3 3-2
2020-09-26 15:12:21,530 INFO o.a.j.t.JMeterThread: Thread started: UC4 4-2
2020-09-26 15:12:21,566 INFO o.a.j.t.JMeterThread: Thread started: UC6 5-2
2020-09-26 15:12:21,594 INFO o.a.j.t.JMeterThread: Thread is done: UC5 1-2
2020-09-26 15:12:21,594 INFO o.a.j.t.JMeterThread: Thread finished: UC5 1-2
2020-09-26 15:12:21,672 INFO o.a.j.t.JMeterThread: Thread is done: UC7 2-2
2020-09-26 15:12:21,672 INFO o.a.j.t.JMeterThread: Thread finished: UC7 2-2
2020-09-26 15:12:21,817 INFO o.a.j.t.JMeterThread: Thread is done: UC3 3-2
2020-09-26 15:12:21,817 INFO o.a.j.t.JMeterThread: Thread finished: UC3 3-2
2020-09-26 15:12:22,062 INFO o.a.j.t.JMeterThread: Thread is done: UC4 4-2
2020-09-26 15:12:22,062 INFO o.a.j.t.JMeterThread: Thread finished: UC4 4-2
2020-09-26 15:12:22,112 INFO o.a.j.t.JMeterThread: Thread is done: UC6 5-2
2020-09-26 15:12:22,112 INFO o.a.j.t.JMeterThread: Thread finished: UC6 5-2
2020-09-26 15:12:22,390 INFO o.a.j.t.JMeterThread: Thread started: UC5 1-3
2020-09-26 15:12:22,430 INFO o.a.j.t.JMeterThread: Thread started: UC7 2-3
2020-09-26 15:12:22,470 INFO o.a.j.t.JMeterThread: Thread started: UC3 3-3
2020-09-26 15:12:22,517 INFO o.a.j.t.JMeterThread: Thread started: UC4 4-3
2020-09-26 15:12:22,565 INFO o.a.j.t.JMeterThread: Thread is done: UC5 1-3
2020-09-26 15:12:22,565 INFO o.a.j.t.JMeterThread: Thread finished: UC5 1-3
2020-09-26 15:12:22,579 INFO o.a.j.t.JMeterThread: Thread started: UC6 5-3
2020-09-26 15:12:22,664 INFO o.a.j.t.JMeterThread: Thread is done: UC7 2-3
2020-09-26 15:12:22,664 INFO o.a.j.t.JMeterThread: Thread finished: UC7 2-3
2020-09-26 15:12:22,787 INFO o.a.j.t.JMeterThread: Thread is done: UC3 3-3
2020-09-26 15:12:22,788 INFO o.a.j.t.JMeterThread: Thread finished: UC3 3-3
2020-09-26 15:12:23,028 INFO o.a.j.t.JMeterThread: Thread is done: UC4 4-3
2020-09-26 15:12:23,029 INFO o.a.j.t.JMeterThread: Thread finished: UC4 4-3
2020-09-26 15:12:23,115 INFO o.a.j.t.JMeterThread: Thread is done: UC6 5-3
2020-09-26 15:12:23,115 INFO o.a.j.t.JMeterThread: Thread finished: UC6 5-3
2020-09-26 15:12:23,391 INFO o.a.j.t.JMeterThread: Thread started: UC5 1-4
2020-09-26 15:12:23,424 INFO o.a.j.t.JMeterThread: Thread started: UC7 2-4
2020-09-26 15:12:23,461 INFO o.a.j.t.JMeterThread: Thread started: UC3 3-4
2020-09-26 15:12:23,516 INFO o.a.j.t.JMeterThread: Thread started: UC4 4-4
2020-09-26 15:12:23,568 INFO o.a.j.t.JMeterThread: Thread started: UC6 5-4
2020-09-26 15:12:23,589 INFO o.a.j.t.JMeterThread: Thread is done: UC5 1-4
2020-09-26 15:12:23,590 INFO o.a.j.t.JMeterThread: Thread finished: UC5 1-4
2020-09-26 15:12:23,640 INFO o.a.j.t.JMeterThread: Thread is done: UC7 2-4
2020-09-26 15:12:23,640 INFO o.a.j.t.JMeterThread: Thread finished: UC7 2-4
2020-09-26 15:12:23,771 INFO o.a.j.t.JMeterThread: Thread is done: UC3 3-4
2020-09-26 15:12:23,771 INFO o.a.j.t.JMeterThread: Thread finished: UC3 3-4
2020-09-26 15:12:24,010 INFO o.a.j.t.JMeterThread: Thread is done: UC4 4-4
2020-09-26 15:12:24,012 INFO o.a.j.t.JMeterThread: Thread finished: UC4 4-4
2020-09-26 15:12:24,098 INFO o.a.j.t.JMeterThread: Thread is done: UC6 5-4
2020-09-26 15:12:24,098 INFO o.a.j.t.JMeterThread: Thread finished: UC6 5-4
2020-09-26 15:12:24,388 INFO o.a.j.t.JMeterThread: Thread started: UC5 1-5
2020-09-26 15:12:24,425 INFO o.a.j.t.JMeterThread: Thread started: UC7 2-5
2020-09-26 15:12:24,460 INFO o.a.j.t.JMeterThread: Thread started: UC3 3-5
2020-09-26 15:12:24,514 INFO o.a.j.t.JMeterThread: Thread started: UC4 4-5
2020-09-26 15:12:24,546 INFO o.a.j.t.JMeterThread: Thread started: UC6 5-5
2020-09-26 15:12:24,566 INFO o.a.j.t.JMeterThread: Thread is done: UC5 1-5
2020-09-26 15:12:24,566 INFO o.a.j.t.JMeterThread: Thread finished: UC5 1-5
2020-09-26 15:12:24,642 INFO o.a.j.t.JMeterThread: Thread is done: UC7 2-5
2020-09-26 15:12:24,642 INFO o.a.j.t.JMeterThread: Thread finished: UC7 2-5
2020-09-26 15:12:24,764 INFO o.a.j.t.JMeterThread: Thread is done: UC3 3-5
2020-09-26 15:12:24,764 INFO o.a.j.t.JMeterThread: Thread finished: UC3 3-5
2020-09-26 15:12:24,998 INFO o.a.j.t.JMeterThread: Thread is done: UC4 4-5
2020-09-26 15:12:24,999 INFO o.a.j.t.JMeterThread: Thread finished: UC4 4-5
2020-09-26 15:12:25,040 INFO o.a.j.t.JMeterThread: Thread is done: UC6 5-5
2020-09-26 15:12:25,040 INFO o.a.j.t.JMeterThread: Thread finished: UC6 5-5
2020-09-26 15:12:25,387 INFO o.a.j.t.JMeterThread: Thread started: UC5 1-6
2020-09-26 15:12:25,424 INFO o.a.j.t.JMeterThread: Thread started: UC7 2-6
2020-09-26 15:12:25,460 INFO o.a.j.t.JMeterThread: Thread started: UC3 3-6
2020-09-26 15:12:25,512 INFO o.a.j.t.JMeterThread: Thread started: UC4 4-6
2020-09-26 15:12:25,547 INFO o.a.j.t.JMeterThread: Thread started: UC6 5-6
2020-09-26 15:12:25,596 INFO o.a.j.t.JMeterThread: Thread is done: UC5 1-6
2020-09-26 15:12:25,596 INFO o.a.j.t.JMeterThread: Thread finished: UC5 1-6
2020-09-26 15:12:25,633 INFO o.a.j.t.JMeterThread: Thread is done: UC7 2-6
2020-09-26 15:12:25,633 INFO o.a.j.t.JMeterThread: Thread finished: UC7 2-6
2020-09-26 15:12:25,761 INFO o.a.j.t.JMeterThread: Thread is done: UC3 3-6
2020-09-26 15:12:25,761 INFO o.a.j.t.JMeterThread: Thread finished: UC3 3-6
2020-09-26 15:12:26,020 INFO o.a.j.t.JMeterThread: Thread is done: UC4 4-6
2020-09-26 15:12:26,020 INFO o.a.j.t.JMeterThread: Thread finished: UC4 4-6
2020-09-26 15:12:26,086 INFO o.a.j.t.JMeterThread: Thread is done: UC6 5-6
2020-09-26 15:12:26,086 INFO o.a.j.t.JMeterThread: Thread finished: UC6 5-6
2020-09-26 15:12:26,380 INFO o.a.j.t.JMeterThread: Thread started: UC5 1-7
2020-09-26 15:12:26,426 INFO o.a.j.t.JMeterThread: Thread started: UC7 2-7
2020-09-26 15:12:26,459 INFO o.a.j.t.JMeterThread: Thread started: UC3 3-7
2020-09-26 15:12:26,513 INFO o.a.j.t.JMeterThread: Thread started: UC4 4-7
2020-09-26 15:12:26,546 INFO o.a.j.t.JMeterThread: Thread started: UC6 5-7
2020-09-26 15:12:26,581 INFO o.a.j.t.JMeterThread: Thread is done: UC5 1-7
2020-09-26 15:12:26,581 INFO o.a.j.t.JMeterThread: Thread finished: UC5 1-7
2020-09-26 15:12:26,647 INFO o.a.j.t.JMeterThread: Thread is done: UC7 2-7
2020-09-26 15:12:26,647 INFO o.a.j.t.JMeterThread: Thread finished: UC7 2-7
2020-09-26 15:12:26,772 INFO o.a.j.t.JMeterThread: Thread is done: UC3 3-7
2020-09-26 15:12:26,773 INFO o.a.j.t.JMeterThread: Thread finished: UC3 3-7
2020-09-26 15:12:26,984 INFO o.a.j.t.JMeterThread: Thread is done: UC4 4-7
2020-09-26 15:12:26,985 INFO o.a.j.t.JMeterThread: Thread finished: UC4 4-7
2020-09-26 15:12:27,069 INFO o.a.j.t.JMeterThread: Thread is done: UC6 5-7
2020-09-26 15:12:27,069 INFO o.a.j.t.JMeterThread: Thread finished: UC6 5-7
2020-09-26 15:12:27,384 INFO o.a.j.t.JMeterThread: Thread started: UC5 1-8
2020-09-26 15:12:27,428 INFO o.a.j.t.JMeterThread: Thread started: UC7 2-8
2020-09-26 15:12:27,460 INFO o.a.j.t.JMeterThread: Thread started: UC3 3-8
2020-09-26 15:12:27,512 INFO o.a.j.t.JMeterThread: Thread started: UC4 4-8
2020-09-26 15:12:27,547 INFO o.a.j.t.JMeterThread: Thread started: UC6 5-8
2020-09-26 15:12:27,568 INFO o.a.j.t.JMeterThread: Thread is done: UC5 1-8
2020-09-26 15:12:27,568 INFO o.a.j.t.JMeterThread: Thread finished: UC5 1-8
2020-09-26 15:12:27,632 INFO o.a.j.t.JMeterThread: Thread is done: UC7 2-8
2020-09-26 15:12:27,632 INFO o.a.j.t.JMeterThread: Thread finished: UC7 2-8
2020-09-26 15:12:27,748 INFO o.a.j.t.JMeterThread: Thread is done: UC3 3-8
2020-09-26 15:12:27,749 INFO o.a.j.t.JMeterThread: Thread finished: UC3 3-8
2020-09-26 15:12:27,967 INFO o.a.j.t.JMeterThread: Thread is done: UC4 4-8
2020-09-26 15:12:27,967 INFO o.a.j.t.JMeterThread: Thread finished: UC4 4-8
2020-09-26 15:12:28,002 INFO o.a.j.t.JMeterThread: Thread is done: UC6 5-8
2020-09-26 15:12:28,003 INFO o.a.j.t.JMeterThread: Thread finished: UC6 5-8
2020-09-26 15:12:28,380 INFO o.a.j.t.JMeterThread: Thread started: UC5 1-9
2020-09-26 15:12:28,426 INFO o.a.j.t.JMeterThread: Thread started: UC7 2-9
2020-09-26 15:12:28,462 INFO o.a.j.t.JMeterThread: Thread started: UC3 3-9
2020-09-26 15:12:28,513 INFO o.a.j.t.JMeterThread: Thread started: UC4 4-9
2020-09-26 15:12:28,546 INFO o.a.j.t.JMeterThread: Thread started: UC6 5-9
2020-09-26 15:12:28,629 INFO o.a.j.t.JMeterThread: Thread is done: UC5 1-9
2020-09-26 15:12:28,630 INFO o.a.j.t.JMeterThread: Thread finished: UC5 1-9
2020-09-26 15:12:28,681 INFO o.a.j.t.JMeterThread: Thread is done: UC7 2-9
2020-09-26 15:12:28,681 INFO o.a.j.t.JMeterThread: Thread finished: UC7 2-9
2020-09-26 15:12:28,805 INFO o.a.j.t.JMeterThread: Thread is done: UC3 3-9
2020-09-26 15:12:28,805 INFO o.a.j.t.JMeterThread: Thread finished: UC3 3-9
2020-09-26 15:12:29,034 INFO o.a.j.t.JMeterThread: Thread is done: UC4 4-9
2020-09-26 15:12:29,034 INFO o.a.j.t.JMeterThread: Thread finished: UC4 4-9
2020-09-26 15:12:29,110 INFO o.a.j.t.JMeterThread: Thread is done: UC6 5-9
2020-09-26 15:12:29,110 INFO o.a.j.t.JMeterThread: Thread finished: UC6 5-9
2020-09-26 15:12:29,379 INFO o.a.j.t.JMeterThread: Thread started: UC5 1-10
2020-09-26 15:12:29,425 INFO o.a.j.t.JMeterThread: Thread started: UC7 2-10
2020-09-26 15:12:29,459 INFO o.a.j.t.JMeterThread: Thread started: UC3 3-10
2020-09-26 15:12:29,514 INFO o.a.j.t.JMeterThread: Thread started: UC4 4-10
2020-09-26 15:12:29,545 INFO o.a.j.t.JMeterThread: Thread is done: UC5 1-10
2020-09-26 15:12:29,545 INFO o.a.j.t.JMeterThread: Thread finished: UC5 1-10
2020-09-26 15:12:29,547 INFO o.a.j.t.JMeterThread: Thread started: UC6 5-10
2020-09-26 15:12:29,645 INFO o.a.j.t.JMeterThread: Thread is done: UC7 2-10
2020-09-26 15:12:29,645 INFO o.a.j.t.JMeterThread: Thread finished: UC7 2-10
2020-09-26 15:12:29,760 INFO o.a.j.t.JMeterThread: Thread is done: UC3 3-10
2020-09-26 15:12:29,760 INFO o.a.j.t.JMeterThread: Thread finished: UC3 3-10
2020-09-26 15:12:29,967 INFO o.a.j.t.JMeterThread: Thread is done: UC4 4-10
2020-09-26 15:12:29,967 INFO o.a.j.t.JMeterThread: Thread finished: UC4 4-10
2020-09-26 15:12:30,009 INFO o.a.j.r.Summariser: summary +   1499 in 00:00:10 =  154.5/s Avg:    11 Min:     3 Max:    95 Err:     0 (0.00%) Active: 1 Started: 50 Finished: 49
2020-09-26 15:12:30,023 INFO o.a.j.t.JMeterThread: Thread is done: UC6 5-10
2020-09-26 15:12:30,023 INFO o.a.j.t.JMeterThread: Thread finished: UC6 5-10
2020-09-26 15:12:30,379 INFO o.a.j.t.JMeterThread: Thread started: UC5 1-11
2020-09-26 15:12:30,427 INFO o.a.j.t.JMeterThread: Thread started: UC7 2-11
2020-09-26 15:12:30,460 INFO o.a.j.t.JMeterThread: Thread started: UC3 3-11
2020-09-26 15:12:30,547 INFO o.a.j.t.JMeterThread: Thread started: UC6 5-11
2020-09-26 15:12:30,550 INFO o.a.j.t.JMeterThread: Thread is done: UC5 1-11
2020-09-26 15:12:30,550 INFO o.a.j.t.JMeterThread: Thread finished: UC5 1-11
2020-09-26 15:12:30,550 INFO o.a.j.t.JMeterThread: Thread started: UC4 4-11
2020-09-26 15:12:30,621 INFO o.a.j.t.JMeterThread: Thread is done: UC7 2-11
2020-09-26 15:12:30,621 INFO o.a.j.t.JMeterThread: Thread finished: UC7 2-11
2020-09-26 15:12:30,751 INFO o.a.j.t.JMeterThread: Thread is done: UC3 3-11
2020-09-26 15:12:30,751 INFO o.a.j.t.JMeterThread: Thread finished: UC3 3-11
2020-09-26 15:12:30,979 INFO o.a.j.t.JMeterThread: Thread is done: UC6 5-11
2020-09-26 15:12:30,979 INFO o.a.j.t.JMeterThread: Thread finished: UC6 5-11
2020-09-26 15:12:31,009 INFO o.a.j.t.JMeterThread: Thread is done: UC4 4-11
2020-09-26 15:12:31,009 INFO o.a.j.t.JMeterThread: Thread finished: UC4 4-11
2020-09-26 15:12:31,375 INFO o.a.j.t.JMeterThread: Thread started: UC5 1-12
2020-09-26 15:12:31,426 INFO o.a.j.t.JMeterThread: Thread started: UC7 2-12
2020-09-26 15:12:31,459 INFO o.a.j.t.JMeterThread: Thread started: UC3 3-12
2020-09-26 15:12:31,513 INFO o.a.j.t.JMeterThread: Thread started: UC4 4-12
2020-09-26 15:12:31,546 INFO o.a.j.t.JMeterThread: Thread started: UC6 5-12
2020-09-26 15:12:31,549 INFO o.a.j.t.JMeterThread: Thread is done: UC5 1-12
2020-09-26 15:12:31,550 INFO o.a.j.t.JMeterThread: Thread finished: UC5 1-12
2020-09-26 15:12:31,642 INFO o.a.j.t.JMeterThread: Thread is done: UC7 2-12
2020-09-26 15:12:31,642 INFO o.a.j.t.JMeterThread: Thread finished: UC7 2-12
2020-09-26 15:12:31,736 INFO o.a.j.t.JMeterThread: Thread is done: UC3 3-12
2020-09-26 15:12:31,736 INFO o.a.j.t.JMeterThread: Thread finished: UC3 3-12
2020-09-26 15:12:31,980 INFO o.a.j.t.JMeterThread: Thread is done: UC4 4-12
2020-09-26 15:12:31,981 INFO o.a.j.t.JMeterThread: Thread finished: UC4 4-12
2020-09-26 15:12:31,985 INFO o.a.j.t.JMeterThread: Thread is done: UC6 5-12
2020-09-26 15:12:31,985 INFO o.a.j.t.JMeterThread: Thread finished: UC6 5-12
2020-09-26 15:12:32,373 INFO o.a.j.t.JMeterThread: Thread started: UC5 1-13
2020-09-26 15:12:32,426 INFO o.a.j.t.JMeterThread: Thread started: UC7 2-13
2020-09-26 15:12:32,461 INFO o.a.j.t.JMeterThread: Thread started: UC3 3-13
2020-09-26 15:12:32,513 INFO o.a.j.t.JMeterThread: Thread started: UC4 4-13
2020-09-26 15:12:32,546 INFO o.a.j.t.JMeterThread: Thread started: UC6 5-13
2020-09-26 15:12:32,586 INFO o.a.j.t.JMeterThread: Thread is done: UC5 1-13
2020-09-26 15:12:32,586 INFO o.a.j.t.JMeterThread: Thread finished: UC5 1-13
2020-09-26 15:12:32,653 INFO o.a.j.t.JMeterThread: Thread is done: UC7 2-13
2020-09-26 15:12:32,653 INFO o.a.j.t.JMeterThread: Thread finished: UC7 2-13
2020-09-26 15:12:32,736 INFO o.a.j.t.JMeterThread: Thread is done: UC3 3-13
2020-09-26 15:12:32,737 INFO o.a.j.t.JMeterThread: Thread finished: UC3 3-13
2020-09-26 15:12:32,987 INFO o.a.j.t.JMeterThread: Thread is done: UC4 4-13
2020-09-26 15:12:32,988 INFO o.a.j.t.JMeterThread: Thread finished: UC4 4-13
2020-09-26 15:12:33,032 INFO o.a.j.t.JMeterThread: Thread is done: UC6 5-13
2020-09-26 15:12:33,033 INFO o.a.j.t.JMeterThread: Thread finished: UC6 5-13
2020-09-26 15:12:33,370 INFO o.a.j.t.JMeterThread: Thread started: UC5 1-14
2020-09-26 15:12:33,425 INFO o.a.j.t.JMeterThread: Thread started: UC7 2-14
2020-09-26 15:12:33,459 INFO o.a.j.t.JMeterThread: Thread started: UC3 3-14
2020-09-26 15:12:33,513 INFO o.a.j.t.JMeterThread: Thread started: UC4 4-14
2020-09-26 15:12:33,546 INFO o.a.j.t.JMeterThread: Thread started: UC6 5-14
2020-09-26 15:12:33,550 INFO o.a.j.t.JMeterThread: Thread is done: UC5 1-14
2020-09-26 15:12:33,550 INFO o.a.j.t.JMeterThread: Thread finished: UC5 1-14
2020-09-26 15:12:33,620 INFO o.a.j.t.JMeterThread: Thread is done: UC7 2-14
2020-09-26 15:12:33,620 INFO o.a.j.t.JMeterThread: Thread finished: UC7 2-14
2020-09-26 15:12:33,760 INFO o.a.j.t.JMeterThread: Thread is done: UC3 3-14
2020-09-26 15:12:33,760 INFO o.a.j.t.JMeterThread: Thread finished: UC3 3-14
2020-09-26 15:12:33,986 INFO o.a.j.t.JMeterThread: Thread is done: UC4 4-14
2020-09-26 15:12:33,986 INFO o.a.j.t.JMeterThread: Thread finished: UC4 4-14
2020-09-26 15:12:34,014 INFO o.a.j.t.JMeterThread: Thread is done: UC6 5-14
2020-09-26 15:12:34,014 INFO o.a.j.t.JMeterThread: Thread finished: UC6 5-14
2020-09-26 15:12:34,369 INFO o.a.j.t.JMeterThread: Thread started: UC5 1-15
2020-09-26 15:12:34,428 INFO o.a.j.t.JMeterThread: Thread started: UC7 2-15
2020-09-26 15:12:34,460 INFO o.a.j.t.JMeterThread: Thread started: UC3 3-15
2020-09-26 15:12:34,515 INFO o.a.j.t.JMeterThread: Thread started: UC4 4-15
2020-09-26 15:12:34,538 INFO o.a.j.t.JMeterThread: Thread is done: UC5 1-15
2020-09-26 15:12:34,538 INFO o.a.j.t.JMeterThread: Thread finished: UC5 1-15
2020-09-26 15:12:34,546 INFO o.a.j.t.JMeterThread: Thread started: UC6 5-15
2020-09-26 15:12:34,611 INFO o.a.j.t.JMeterThread: Thread is done: UC7 2-15
2020-09-26 15:12:34,613 INFO o.a.j.t.JMeterThread: Thread finished: UC7 2-15
2020-09-26 15:12:34,723 INFO o.a.j.t.JMeterThread: Thread is done: UC3 3-15
2020-09-26 15:12:34,724 INFO o.a.j.t.JMeterThread: Thread finished: UC3 3-15
2020-09-26 15:12:34,967 INFO o.a.j.t.JMeterThread: Thread is done: UC4 4-15
2020-09-26 15:12:34,968 INFO o.a.j.t.JMeterThread: Thread finished: UC4 4-15
2020-09-26 15:12:35,023 INFO o.a.j.t.JMeterThread: Thread is done: UC6 5-15
2020-09-26 15:12:35,024 INFO o.a.j.t.JMeterThread: Thread finished: UC6 5-15
2020-09-26 15:12:35,373 INFO o.a.j.t.JMeterThread: Thread started: UC5 1-16
2020-09-26 15:12:35,426 INFO o.a.j.t.JMeterThread: Thread started: UC7 2-16
2020-09-26 15:12:35,461 INFO o.a.j.t.JMeterThread: Thread started: UC3 3-16
2020-09-26 15:12:35,513 INFO o.a.j.t.JMeterThread: Thread started: UC4 4-16
2020-09-26 15:12:35,546 INFO o.a.j.t.JMeterThread: Thread started: UC6 5-16
2020-09-26 15:12:35,566 INFO o.a.j.t.JMeterThread: Thread is done: UC5 1-16
2020-09-26 15:12:35,566 INFO o.a.j.t.JMeterThread: Thread finished: UC5 1-16
2020-09-26 15:12:35,633 INFO o.a.j.t.JMeterThread: Thread is done: UC7 2-16
2020-09-26 15:12:35,633 INFO o.a.j.t.JMeterThread: Thread finished: UC7 2-16
2020-09-26 15:12:35,766 INFO o.a.j.t.JMeterThread: Thread is done: UC3 3-16
2020-09-26 15:12:35,766 INFO o.a.j.t.JMeterThread: Thread finished: UC3 3-16
2020-09-26 15:12:36,001 INFO o.a.j.t.JMeterThread: Thread is done: UC4 4-16
2020-09-26 15:12:36,001 INFO o.a.j.t.JMeterThread: Thread finished: UC4 4-16
2020-09-26 15:12:36,023 INFO o.a.j.t.JMeterThread: Thread is done: UC6 5-16
2020-09-26 15:12:36,023 INFO o.a.j.t.JMeterThread: Thread finished: UC6 5-16
2020-09-26 15:12:36,362 INFO o.a.j.t.JMeterThread: Thread started: UC5 1-17
2020-09-26 15:12:36,424 INFO o.a.j.t.JMeterThread: Thread started: UC7 2-17
2020-09-26 15:12:36,461 INFO o.a.j.t.JMeterThread: Thread started: UC3 3-17
2020-09-26 15:12:36,513 INFO o.a.j.t.JMeterThread: Thread started: UC4 4-17
2020-09-26 15:12:36,516 INFO o.a.j.t.JMeterThread: Thread is done: UC5 1-17
2020-09-26 15:12:36,516 INFO o.a.j.t.JMeterThread: Thread finished: UC5 1-17
2020-09-26 15:12:36,546 INFO o.a.j.t.JMeterThread: Thread started: UC6 5-17
2020-09-26 15:12:36,609 INFO o.a.j.t.JMeterThread: Thread is done: UC7 2-17
2020-09-26 15:12:36,610 INFO o.a.j.t.JMeterThread: Thread finished: UC7 2-17
2020-09-26 15:12:36,716 INFO o.a.j.t.JMeterThread: Thread is done: UC3 3-17
2020-09-26 15:12:36,716 INFO o.a.j.t.JMeterThread: Thread finished: UC3 3-17
2020-09-26 15:12:36,953 INFO o.a.j.t.JMeterThread: Thread is done: UC4 4-17
2020-09-26 15:12:36,953 INFO o.a.j.t.JMeterThread: Thread finished: UC4 4-17
2020-09-26 15:12:36,960 INFO o.a.j.t.JMeterThread: Thread is done: UC6 5-17
2020-09-26 15:12:36,961 INFO o.a.j.t.JMeterThread: Thread finished: UC6 5-17
2020-09-26 15:12:37,361 INFO o.a.j.t.JMeterThread: Thread started: UC5 1-18
2020-09-26 15:12:37,425 INFO o.a.j.t.JMeterThread: Thread started: UC7 2-18
2020-09-26 15:12:37,459 INFO o.a.j.t.JMeterThread: Thread started: UC3 3-18
2020-09-26 15:12:37,513 INFO o.a.j.t.JMeterThread: Thread started: UC4 4-18
2020-09-26 15:12:37,522 INFO o.a.j.t.JMeterThread: Thread is done: UC5 1-18
2020-09-26 15:12:37,522 INFO o.a.j.t.JMeterThread: Thread finished: UC5 1-18
2020-09-26 15:12:37,549 INFO o.a.j.t.JMeterThread: Thread started: UC6 5-18
2020-09-26 15:12:37,615 INFO o.a.j.t.JMeterThread: Thread is done: UC7 2-18
2020-09-26 15:12:37,615 INFO o.a.j.t.JMeterThread: Thread finished: UC7 2-18
2020-09-26 15:12:37,752 INFO o.a.j.t.JMeterThread: Thread is done: UC3 3-18
2020-09-26 15:12:37,752 INFO o.a.j.t.JMeterThread: Thread finished: UC3 3-18
2020-09-26 15:12:37,968 INFO o.a.j.t.JMeterThread: Thread is done: UC4 4-18
2020-09-26 15:12:37,968 INFO o.a.j.t.JMeterThread: Thread finished: UC4 4-18
2020-09-26 15:12:38,006 INFO o.a.j.t.JMeterThread: Thread is done: UC6 5-18
2020-09-26 15:12:38,006 INFO o.a.j.t.JMeterThread: Thread finished: UC6 5-18
2020-09-26 15:12:38,359 INFO o.a.j.t.JMeterThread: Thread started: UC5 1-19
2020-09-26 15:12:38,425 INFO o.a.j.t.JMeterThread: Thread started: UC7 2-19
2020-09-26 15:12:38,461 INFO o.a.j.t.JMeterThread: Thread started: UC3 3-19
2020-09-26 15:12:38,513 INFO o.a.j.t.JMeterThread: Thread started: UC4 4-19
2020-09-26 15:12:38,527 INFO o.a.j.t.JMeterThread: Thread is done: UC5 1-19
2020-09-26 15:12:38,527 INFO o.a.j.t.JMeterThread: Thread finished: UC5 1-19
2020-09-26 15:12:38,555 INFO o.a.j.t.JMeterThread: Thread started: UC6 5-19
2020-09-26 15:12:38,640 INFO o.a.j.t.JMeterThread: Thread is done: UC7 2-19
2020-09-26 15:12:38,640 INFO o.a.j.t.JMeterThread: Thread finished: UC7 2-19
2020-09-26 15:12:38,753 INFO o.a.j.t.JMeterThread: Thread is done: UC3 3-19
2020-09-26 15:12:38,753 INFO o.a.j.t.JMeterThread: Thread finished: UC3 3-19
2020-09-26 15:12:38,930 INFO o.a.j.t.JMeterThread: Thread is done: UC4 4-19
2020-09-26 15:12:38,931 INFO o.a.j.t.JMeterThread: Thread finished: UC4 4-19
2020-09-26 15:12:38,981 INFO o.a.j.t.JMeterThread: Thread is done: UC6 5-19
2020-09-26 15:12:38,981 INFO o.a.j.t.JMeterThread: Thread finished: UC6 5-19
2020-09-26 15:12:39,358 INFO o.a.j.t.JMeterThread: Thread started: UC5 1-20
2020-09-26 15:12:39,425 INFO o.a.j.t.JMeterThread: Thread started: UC7 2-20
2020-09-26 15:12:39,461 INFO o.a.j.t.JMeterThread: Thread started: UC3 3-20
2020-09-26 15:12:39,515 INFO o.a.j.t.JMeterThread: Thread started: UC4 4-20
2020-09-26 15:12:39,523 INFO o.a.j.t.JMeterThread: Thread is done: UC5 1-20
2020-09-26 15:12:39,523 INFO o.a.j.t.JMeterThread: Thread finished: UC5 1-20
2020-09-26 15:12:39,550 INFO o.a.j.t.JMeterThread: Thread started: UC6 5-20
2020-09-26 15:12:39,645 INFO o.a.j.t.JMeterThread: Thread is done: UC7 2-20
2020-09-26 15:12:39,645 INFO o.a.j.t.JMeterThread: Thread finished: UC7 2-20
2020-09-26 15:12:39,750 INFO o.a.j.t.JMeterThread: Thread is done: UC3 3-20
2020-09-26 15:12:39,750 INFO o.a.j.t.JMeterThread: Thread finished: UC3 3-20
2020-09-26 15:12:39,988 INFO o.a.j.t.JMeterThread: Thread is done: UC4 4-20
2020-09-26 15:12:39,988 INFO o.a.j.t.JMeterThread: Thread finished: UC4 4-20
2020-09-26 15:12:40,016 INFO o.a.j.t.JMeterThread: Thread is done: UC6 5-20
2020-09-26 15:12:40,016 INFO o.a.j.t.JMeterThread: Thread finished: UC6 5-20
2020-09-26 15:12:40,357 INFO o.a.j.t.JMeterThread: Thread started: UC5 1-21
2020-09-26 15:12:40,425 INFO o.a.j.t.JMeterThread: Thread started: UC7 2-21
2020-09-26 15:12:40,464 INFO o.a.j.t.JMeterThread: Thread started: UC3 3-21
2020-09-26 15:12:40,513 INFO o.a.j.t.JMeterThread: Thread started: UC4 4-21
2020-09-26 15:12:40,519 INFO o.a.j.t.JMeterThread: Thread is done: UC5 1-21
2020-09-26 15:12:40,519 INFO o.a.j.t.JMeterThread: Thread finished: UC5 1-21
2020-09-26 15:12:40,547 INFO o.a.j.t.JMeterThread: Thread started: UC6 5-21
2020-09-26 15:12:40,614 INFO o.a.j.t.JMeterThread: Thread is done: UC7 2-21
2020-09-26 15:12:40,614 INFO o.a.j.t.JMeterThread: Thread finished: UC7 2-21
2020-09-26 15:12:40,744 INFO o.a.j.t.JMeterThread: Thread is done: UC3 3-21
2020-09-26 15:12:40,745 INFO o.a.j.t.JMeterThread: Thread finished: UC3 3-21
2020-09-26 15:12:40,964 INFO o.a.j.t.JMeterThread: Thread is done: UC4 4-21
2020-09-26 15:12:40,968 INFO o.a.j.t.JMeterThread: Thread finished: UC4 4-21
2020-09-26 15:12:41,020 INFO o.a.j.t.JMeterThread: Thread is done: UC6 5-21
2020-09-26 15:12:41,020 INFO o.a.j.t.JMeterThread: Thread finished: UC6 5-21
2020-09-26 15:12:41,356 INFO o.a.j.t.JMeterThread: Thread started: UC5 1-22
2020-09-26 15:12:41,425 INFO o.a.j.t.JMeterThread: Thread started: UC7 2-22
2020-09-26 15:12:41,464 INFO o.a.j.t.JMeterThread: Thread started: UC3 3-22
2020-09-26 15:12:41,508 INFO o.a.j.t.JMeterThread: Thread is done: UC5 1-22
2020-09-26 15:12:41,509 INFO o.a.j.t.JMeterThread: Thread finished: UC5 1-22
2020-09-26 15:12:41,513 INFO o.a.j.t.JMeterThread: Thread started: UC4 4-22
2020-09-26 15:12:41,546 INFO o.a.j.t.JMeterThread: Thread started: UC6 5-22
2020-09-26 15:12:41,612 INFO o.a.j.t.JMeterThread: Thread is done: UC7 2-22
2020-09-26 15:12:41,612 INFO o.a.j.t.JMeterThread: Thread finished: UC7 2-22
2020-09-26 15:12:41,742 INFO o.a.j.t.JMeterThread: Thread is done: UC3 3-22
2020-09-26 15:12:41,742 INFO o.a.j.t.JMeterThread: Thread finished: UC3 3-22
2020-09-26 15:12:41,995 INFO o.a.j.t.JMeterThread: Thread is done: UC6 5-22
2020-09-26 15:12:41,995 INFO o.a.j.t.JMeterThread: Thread finished: UC6 5-22
2020-09-26 15:12:42,002 INFO o.a.j.t.JMeterThread: Thread is done: UC4 4-22
2020-09-26 15:12:42,002 INFO o.a.j.t.JMeterThread: Thread finished: UC4 4-22
2020-09-26 15:12:42,353 INFO o.a.j.t.JMeterThread: Thread started: UC5 1-23
2020-09-26 15:12:42,425 INFO o.a.j.t.JMeterThread: Thread started: UC7 2-23
2020-09-26 15:12:42,463 INFO o.a.j.t.JMeterThread: Thread started: UC3 3-23
2020-09-26 15:12:42,509 INFO o.a.j.t.JMeterThread: Thread is done: UC5 1-23
2020-09-26 15:12:42,509 INFO o.a.j.t.JMeterThread: Thread finished: UC5 1-23
2020-09-26 15:12:42,514 INFO o.a.j.t.JMeterThread: Thread started: UC4 4-23
2020-09-26 15:12:42,546 INFO o.a.j.t.JMeterThread: Thread started: UC6 5-23
2020-09-26 15:12:42,623 INFO o.a.j.t.JMeterThread: Thread is done: UC7 2-23
2020-09-26 15:12:42,623 INFO o.a.j.t.JMeterThread: Thread finished: UC7 2-23
2020-09-26 15:12:42,774 INFO o.a.j.t.JMeterThread: Thread is done: UC3 3-23
2020-09-26 15:12:42,775 INFO o.a.j.t.JMeterThread: Thread finished: UC3 3-23
2020-09-26 15:12:42,977 INFO o.a.j.t.JMeterThread: Thread is done: UC4 4-23
2020-09-26 15:12:42,977 INFO o.a.j.t.JMeterThread: Thread finished: UC4 4-23
2020-09-26 15:12:43,005 INFO o.a.j.t.JMeterThread: Thread is done: UC6 5-23
2020-09-26 15:12:43,005 INFO o.a.j.t.JMeterThread: Thread finished: UC6 5-23
2020-09-26 15:12:43,353 INFO o.a.j.t.JMeterThread: Thread started: UC5 1-24
2020-09-26 15:12:43,425 INFO o.a.j.t.JMeterThread: Thread started: UC7 2-24
2020-09-26 15:12:43,462 INFO o.a.j.t.JMeterThread: Thread started: UC3 3-24
2020-09-26 15:12:43,502 INFO o.a.j.t.JMeterThread: Thread is done: UC5 1-24
2020-09-26 15:12:43,502 INFO o.a.j.t.JMeterThread: Thread finished: UC5 1-24
2020-09-26 15:12:43,513 INFO o.a.j.t.JMeterThread: Thread started: UC4 4-24
2020-09-26 15:12:43,545 INFO o.a.j.t.JMeterThread: Thread started: UC6 5-24
2020-09-26 15:12:43,622 INFO o.a.j.t.JMeterThread: Thread is done: UC7 2-24
2020-09-26 15:12:43,622 INFO o.a.j.t.JMeterThread: Thread finished: UC7 2-24
2020-09-26 15:12:43,762 INFO o.a.j.t.JMeterThread: Thread is done: UC3 3-24
2020-09-26 15:12:43,762 INFO o.a.j.t.JMeterThread: Thread finished: UC3 3-24
2020-09-26 15:12:43,973 INFO o.a.j.t.JMeterThread: Thread is done: UC4 4-24
2020-09-26 15:12:43,973 INFO o.a.j.t.JMeterThread: Thread finished: UC4 4-24
2020-09-26 15:12:44,007 INFO o.a.j.t.JMeterThread: Thread is done: UC6 5-24
2020-09-26 15:12:44,007 INFO o.a.j.t.JMeterThread: Thread finished: UC6 5-24
2020-09-26 15:12:44,354 INFO o.a.j.t.JMeterThread: Thread started: UC5 1-25
2020-09-26 15:12:44,426 INFO o.a.j.t.JMeterThread: Thread started: UC7 2-25
2020-09-26 15:12:44,461 INFO o.a.j.t.JMeterThread: Thread started: UC3 3-25
2020-09-26 15:12:44,502 INFO o.a.j.t.JMeterThread: Thread is done: UC5 1-25
2020-09-26 15:12:44,503 INFO o.a.j.t.JMeterThread: Thread finished: UC5 1-25
2020-09-26 15:12:44,515 INFO o.a.j.t.JMeterThread: Thread started: UC4 4-25
2020-09-26 15:12:44,546 INFO o.a.j.t.JMeterThread: Thread started: UC6 5-25
2020-09-26 15:12:44,620 INFO o.a.j.t.JMeterThread: Thread is done: UC7 2-25
2020-09-26 15:12:44,620 INFO o.a.j.t.JMeterThread: Thread finished: UC7 2-25
2020-09-26 15:12:44,725 INFO o.a.j.t.JMeterThread: Thread is done: UC3 3-25
2020-09-26 15:12:44,725 INFO o.a.j.t.JMeterThread: Thread finished: UC3 3-25
2020-09-26 15:12:44,966 INFO o.a.j.t.JMeterThread: Thread is done: UC4 4-25
2020-09-26 15:12:44,966 INFO o.a.j.t.JMeterThread: Thread finished: UC4 4-25
2020-09-26 15:12:44,970 INFO o.a.j.t.JMeterThread: Thread is done: UC6 5-25
2020-09-26 15:12:44,970 INFO o.a.j.t.JMeterThread: Thread finished: UC6 5-25
2020-09-26 15:12:45,355 INFO o.a.j.t.JMeterThread: Thread started: UC5 1-26
2020-09-26 15:12:45,431 INFO o.a.j.t.JMeterThread: Thread started: UC7 2-26
2020-09-26 15:12:45,463 INFO o.a.j.t.JMeterThread: Thread started: UC3 3-26
2020-09-26 15:12:45,506 INFO o.a.j.t.JMeterThread: Thread is done: UC5 1-26
2020-09-26 15:12:45,507 INFO o.a.j.t.JMeterThread: Thread finished: UC5 1-26
2020-09-26 15:12:45,513 INFO o.a.j.t.JMeterThread: Thread started: UC4 4-26
2020-09-26 15:12:45,560 INFO o.a.j.t.JMeterThread: Thread started: UC6 5-26
2020-09-26 15:12:45,633 INFO o.a.j.t.JMeterThread: Thread is done: UC7 2-26
2020-09-26 15:12:45,633 INFO o.a.j.t.JMeterThread: Thread finished: UC7 2-26
2020-09-26 15:12:45,786 INFO o.a.j.t.JMeterThread: Thread is done: UC3 3-26
2020-09-26 15:12:45,786 INFO o.a.j.t.JMeterThread: Thread finished: UC3 3-26
2020-09-26 15:12:45,972 INFO o.a.j.t.JMeterThread: Thread is done: UC4 4-26
2020-09-26 15:12:45,972 INFO o.a.j.t.JMeterThread: Thread finished: UC4 4-26
2020-09-26 15:12:46,051 INFO o.a.j.t.JMeterThread: Thread is done: UC6 5-26
2020-09-26 15:12:46,052 INFO o.a.j.t.JMeterThread: Thread finished: UC6 5-26
2020-09-26 15:12:46,360 INFO o.a.j.t.JMeterThread: Thread started: UC5 1-27
2020-09-26 15:12:46,426 INFO o.a.j.t.JMeterThread: Thread started: UC7 2-27
2020-09-26 15:12:46,463 INFO o.a.j.t.JMeterThread: Thread started: UC3 3-27
2020-09-26 15:12:46,510 INFO o.a.j.t.JMeterThread: Thread is done: UC5 1-27
2020-09-26 15:12:46,511 INFO o.a.j.t.JMeterThread: Thread finished: UC5 1-27
2020-09-26 15:12:46,515 INFO o.a.j.t.JMeterThread: Thread started: UC4 4-27
2020-09-26 15:12:46,551 INFO o.a.j.t.JMeterThread: Thread started: UC6 5-27
2020-09-26 15:12:46,614 INFO o.a.j.t.JMeterThread: Thread is done: UC7 2-27
2020-09-26 15:12:46,615 INFO o.a.j.t.JMeterThread: Thread finished: UC7 2-27
2020-09-26 15:12:46,777 INFO o.a.j.t.JMeterThread: Thread is done: UC3 3-27
2020-09-26 15:12:46,777 INFO o.a.j.t.JMeterThread: Thread finished: UC3 3-27
2020-09-26 15:12:46,962 INFO o.a.j.t.JMeterThread: Thread is done: UC4 4-27
2020-09-26 15:12:46,963 INFO o.a.j.t.JMeterThread: Thread finished: UC4 4-27
2020-09-26 15:12:47,016 INFO o.a.j.t.JMeterThread: Thread is done: UC6 5-27
2020-09-26 15:12:47,017 INFO o.a.j.t.JMeterThread: Thread finished: UC6 5-27
2020-09-26 15:12:47,364 INFO o.a.j.t.JMeterThread: Thread started: UC5 1-28
2020-09-26 15:12:47,425 INFO o.a.j.t.JMeterThread: Thread started: UC7 2-28
2020-09-26 15:12:47,465 INFO o.a.j.t.JMeterThread: Thread started: UC3 3-28
2020-09-26 15:12:47,512 INFO o.a.j.t.JMeterThread: Thread started: UC4 4-28
2020-09-26 15:12:47,524 INFO o.a.j.t.JMeterThread: Thread is done: UC5 1-28
2020-09-26 15:12:47,524 INFO o.a.j.t.JMeterThread: Thread finished: UC5 1-28
2020-09-26 15:12:47,548 INFO o.a.j.t.JMeterThread: Thread started: UC6 5-28
2020-09-26 15:12:47,633 INFO o.a.j.t.JMeterThread: Thread is done: UC7 2-28
2020-09-26 15:12:47,633 INFO o.a.j.t.JMeterThread: Thread finished: UC7 2-28
2020-09-26 15:12:47,764 INFO o.a.j.t.JMeterThread: Thread is done: UC3 3-28
2020-09-26 15:12:47,764 INFO o.a.j.t.JMeterThread: Thread finished: UC3 3-28
2020-09-26 15:12:47,992 INFO o.a.j.t.JMeterThread: Thread is done: UC4 4-28
2020-09-26 15:12:47,993 INFO o.a.j.t.JMeterThread: Thread finished: UC4 4-28
2020-09-26 15:12:48,019 INFO o.a.j.t.JMeterThread: Thread is done: UC6 5-28
2020-09-26 15:12:48,019 INFO o.a.j.t.JMeterThread: Thread finished: UC6 5-28
2020-09-26 15:12:48,356 INFO o.a.j.t.JMeterThread: Thread started: UC5 1-29
2020-09-26 15:12:48,428 INFO o.a.j.t.JMeterThread: Thread started: UC7 2-29
2020-09-26 15:12:48,467 INFO o.a.j.t.JMeterThread: Thread started: UC3 3-29
2020-09-26 15:12:48,498 INFO o.a.j.t.JMeterThread: Thread is done: UC5 1-29
2020-09-26 15:12:48,498 INFO o.a.j.t.JMeterThread: Thread finished: UC5 1-29
2020-09-26 15:12:48,516 INFO o.a.j.t.JMeterThread: Thread started: UC4 4-29
2020-09-26 15:12:48,547 INFO o.a.j.t.JMeterThread: Thread started: UC6 5-29
2020-09-26 15:12:48,618 INFO o.a.j.t.JMeterThread: Thread is done: UC7 2-29
2020-09-26 15:12:48,618 INFO o.a.j.t.JMeterThread: Thread finished: UC7 2-29
2020-09-26 15:12:48,741 INFO o.a.j.t.JMeterThread: Thread is done: UC3 3-29
2020-09-26 15:12:48,741 INFO o.a.j.t.JMeterThread: Thread finished: UC3 3-29
2020-09-26 15:12:48,984 INFO o.a.j.t.JMeterThread: Thread is done: UC4 4-29
2020-09-26 15:12:48,984 INFO o.a.j.t.JMeterThread: Thread finished: UC4 4-29
2020-09-26 15:12:49,031 INFO o.a.j.t.JMeterThread: Thread is done: UC6 5-29
2020-09-26 15:12:49,031 INFO o.a.j.t.JMeterThread: Thread finished: UC6 5-29
2020-09-26 15:12:49,362 INFO o.a.j.t.JMeterThread: Thread started: UC5 1-30
2020-09-26 15:12:49,429 INFO o.a.j.t.JMeterThread: Thread started: UC7 2-30
2020-09-26 15:12:49,463 INFO o.a.j.t.JMeterThread: Thread started: UC3 3-30
2020-09-26 15:12:49,513 INFO o.a.j.t.JMeterThread: Thread started: UC4 4-30
2020-09-26 15:12:49,522 INFO o.a.j.t.JMeterThread: Thread is done: UC5 1-30
2020-09-26 15:12:49,522 INFO o.a.j.t.JMeterThread: Thread finished: UC5 1-30
2020-09-26 15:12:49,551 INFO o.a.j.t.JMeterThread: Thread started: UC6 5-30
2020-09-26 15:12:49,621 INFO o.a.j.t.JMeterThread: Thread is done: UC7 2-30
2020-09-26 15:12:49,621 INFO o.a.j.t.JMeterThread: Thread finished: UC7 2-30
2020-09-26 15:12:49,781 INFO o.a.j.t.JMeterThread: Thread is done: UC3 3-30
2020-09-26 15:12:49,782 INFO o.a.j.t.JMeterThread: Thread finished: UC3 3-30
2020-09-26 15:12:50,018 INFO o.a.j.t.JMeterThread: Thread is done: UC4 4-30
2020-09-26 15:12:50,019 INFO o.a.j.t.JMeterThread: Thread finished: UC4 4-30
2020-09-26 15:12:50,025 INFO o.a.j.t.JMeterThread: Thread is done: UC6 5-30
2020-09-26 15:12:50,025 INFO o.a.j.t.JMeterThread: Thread finished: UC6 5-30
2020-09-26 15:12:50,026 INFO o.a.j.e.StandardJMeterEngine: Notifying test listeners of end of test
2020-09-26 15:12:50,027 INFO o.a.j.r.Summariser: summary +   3001 in 00:00:20 =  149.9/s Avg:    10 Min:     3 Max:    48 Err:     0 (0.00%) Active: 0 Started: 150 Finished: 150
2020-09-26 15:12:50,028 INFO o.a.j.r.Summariser: summary =   4500 in 00:00:30 =  151.4/s Avg:    10 Min:     3 Max:    95 Err:     0 (0.00%)
