2020-09-26 15:50:51,967 INFO o.a.j.u.JMeterUtils: Setting Locale to en_US
2020-09-26 15:50:52,021 INFO o.a.j.JMeter: Loading user properties from: /home/gabrielkovacs/jmeter/apache-jmeter-5.3/bin/user.properties
2020-09-26 15:50:52,022 INFO o.a.j.JMeter: Loading system properties from: /home/gabrielkovacs/jmeter/apache-jmeter-5.3/bin/system.properties
2020-09-26 15:50:52,024 INFO o.a.j.JMeter: Copyright (c) 1998-2020 The Apache Software Foundation
2020-09-26 15:50:52,024 INFO o.a.j.JMeter: Version 5.3
2020-09-26 15:50:52,024 INFO o.a.j.JMeter: java.version=11.0.8
2020-09-26 15:50:52,024 INFO o.a.j.JMeter: java.vm.name=OpenJDK 64-Bit Server VM
2020-09-26 15:50:52,024 INFO o.a.j.JMeter: os.name=Linux
2020-09-26 15:50:52,024 INFO o.a.j.JMeter: os.arch=amd64
2020-09-26 15:50:52,024 INFO o.a.j.JMeter: os.version=5.3.0-59-generic
2020-09-26 15:50:52,025 INFO o.a.j.JMeter: file.encoding=UTF-8
2020-09-26 15:50:52,025 INFO o.a.j.JMeter: java.awt.headless=true
2020-09-26 15:50:52,025 INFO o.a.j.JMeter: Max memory     =4198498304
2020-09-26 15:50:52,025 INFO o.a.j.JMeter: Available Processors =2
2020-09-26 15:50:52,042 INFO o.a.j.JMeter: Default Locale=English (United States)
2020-09-26 15:50:52,042 INFO o.a.j.JMeter: JMeter  Locale=English (United States)
2020-09-26 15:50:52,042 INFO o.a.j.JMeter: JMeterHome=/home/gabrielkovacs/jmeter/apache-jmeter-5.3
2020-09-26 15:50:52,042 INFO o.a.j.JMeter: user.dir  =/home/gabrielkovacs/jmeter/master_one_db_distributed
2020-09-26 15:50:52,043 INFO o.a.j.JMeter: PWD       =/home/gabrielkovacs/jmeter/master_one_db_distributed
2020-09-26 15:50:52,043 INFO o.a.j.JMeter: IP: 127.0.1.1 Name: swa-gabrielkovacs FullName: swa-gabrielkovacs
2020-09-26 15:50:52,055 INFO o.a.j.s.FileServer: Default base='/home/gabrielkovacs/jmeter/master_one_db_distributed'
2020-09-26 15:50:52,057 INFO o.a.j.s.FileServer: Set new base='/home/gabrielkovacs/jmeter/master_one_db_distributed'
2020-09-26 15:50:52,350 INFO o.a.j.s.SaveService: Testplan (JMX) version: 2.2. Testlog (JTL) version: 2.2
2020-09-26 15:50:52,394 INFO o.a.j.s.SaveService: Using SaveService properties version 5.0
2020-09-26 15:50:52,401 INFO o.a.j.s.SaveService: Using SaveService properties file encoding UTF-8
2020-09-26 15:50:52,414 INFO o.a.j.s.SaveService: Loading file: SR_OP&ROP_DR_30_30_30.jmx
2020-09-26 15:50:52,488 INFO o.a.j.p.h.s.HTTPSamplerBase: Parser for text/html is org.apache.jmeter.protocol.http.parser.LagartoBasedHtmlParser
2020-09-26 15:50:52,488 INFO o.a.j.p.h.s.HTTPSamplerBase: Parser for application/xhtml+xml is org.apache.jmeter.protocol.http.parser.LagartoBasedHtmlParser
2020-09-26 15:50:52,488 INFO o.a.j.p.h.s.HTTPSamplerBase: Parser for application/xml is org.apache.jmeter.protocol.http.parser.LagartoBasedHtmlParser
2020-09-26 15:50:52,489 INFO o.a.j.p.h.s.HTTPSamplerBase: Parser for text/xml is org.apache.jmeter.protocol.http.parser.LagartoBasedHtmlParser
2020-09-26 15:50:52,489 INFO o.a.j.p.h.s.HTTPSamplerBase: Parser for text/vnd.wap.wml is org.apache.jmeter.protocol.http.parser.RegexpHTMLParser
2020-09-26 15:50:52,490 INFO o.a.j.p.h.s.HTTPSamplerBase: Parser for text/css is org.apache.jmeter.protocol.http.parser.CssParser
2020-09-26 15:50:52,570 INFO o.a.j.JMeter: Creating summariser <summary>
2020-09-26 15:50:52,580 INFO o.a.j.e.StandardJMeterEngine: Running the test!
2020-09-26 15:50:52,582 INFO o.a.j.s.SampleEvent: List of sample_variables: []
2020-09-26 15:50:52,582 INFO o.a.j.s.SampleEvent: List of sample_variables: []
2020-09-26 15:50:52,598 INFO o.a.j.e.u.CompoundVariable: Note: Function class names must contain the string: '.functions.'
2020-09-26 15:50:52,598 INFO o.a.j.e.u.CompoundVariable: Note: Function class names must not contain the string: '.gui.'
2020-09-26 15:50:53,218 INFO o.a.j.JMeter: Running test (1601128253218)
2020-09-26 15:50:53,257 INFO o.a.j.e.StandardJMeterEngine: Starting ThreadGroup: 1 : UC5
2020-09-26 15:50:53,257 INFO o.a.j.e.StandardJMeterEngine: Starting 30 threads for group UC5.
2020-09-26 15:50:53,258 INFO o.a.j.e.StandardJMeterEngine: Thread will continue on error
2020-09-26 15:50:53,258 INFO o.a.j.t.ThreadGroup: Starting thread group... number=1 threads=30 ramp-up=30 delayedStart=false
2020-09-26 15:50:53,300 INFO o.a.j.t.ThreadGroup: Started thread group number 1
2020-09-26 15:50:53,300 INFO o.a.j.e.StandardJMeterEngine: Starting ThreadGroup: 2 : UC7
2020-09-26 15:50:53,300 INFO o.a.j.e.StandardJMeterEngine: Starting 30 threads for group UC7.
2020-09-26 15:50:53,301 INFO o.a.j.e.StandardJMeterEngine: Thread will continue on error
2020-09-26 15:50:53,301 INFO o.a.j.t.ThreadGroup: Starting thread group... number=2 threads=30 ramp-up=30 delayedStart=false
2020-09-26 15:50:53,320 INFO o.a.j.t.JMeterThread: Thread started: UC5 1-1
2020-09-26 15:50:53,325 INFO o.a.j.t.JMeterThread: Thread started: UC7 2-1
2020-09-26 15:50:53,348 INFO o.a.j.t.ThreadGroup: Started thread group number 2
2020-09-26 15:50:53,348 INFO o.a.j.e.StandardJMeterEngine: Starting ThreadGroup: 3 : UC3
2020-09-26 15:50:53,348 INFO o.a.j.e.StandardJMeterEngine: Starting 30 threads for group UC3.
2020-09-26 15:50:53,348 INFO o.a.j.e.StandardJMeterEngine: Thread will continue on error
2020-09-26 15:50:53,348 INFO o.a.j.t.ThreadGroup: Starting thread group... number=3 threads=30 ramp-up=30 delayedStart=false
2020-09-26 15:50:53,350 INFO o.a.j.t.JMeterThread: Thread started: UC3 3-1
2020-09-26 15:50:53,374 INFO o.a.j.p.h.s.HTTPJavaImpl: Maximum connection retries = 0
2020-09-26 15:50:53,382 INFO o.a.j.s.SampleResult: Note: Sample TimeStamps are START times
2020-09-26 15:50:53,382 INFO o.a.j.s.SampleResult: sampleresult.default.encoding is set to ISO-8859-1
2020-09-26 15:50:53,382 INFO o.a.j.s.SampleResult: sampleresult.useNanoTime=true
2020-09-26 15:50:53,382 INFO o.a.j.s.SampleResult: sampleresult.nanoThreadSleep=5000
2020-09-26 15:50:53,386 INFO o.a.j.t.ThreadGroup: Started thread group number 3
2020-09-26 15:50:53,387 INFO o.a.j.e.StandardJMeterEngine: Starting ThreadGroup: 4 : UC4
2020-09-26 15:50:53,387 INFO o.a.j.e.StandardJMeterEngine: Starting 30 threads for group UC4.
2020-09-26 15:50:53,387 INFO o.a.j.e.StandardJMeterEngine: Thread will continue on error
2020-09-26 15:50:53,387 INFO o.a.j.t.ThreadGroup: Starting thread group... number=4 threads=30 ramp-up=30 delayedStart=false
2020-09-26 15:50:53,399 INFO o.a.j.t.JMeterThread: Thread started: UC4 4-1
2020-09-26 15:50:53,452 INFO o.a.j.t.ThreadGroup: Started thread group number 4
2020-09-26 15:50:53,453 INFO o.a.j.e.StandardJMeterEngine: Starting ThreadGroup: 5 : UC6
2020-09-26 15:50:53,453 INFO o.a.j.e.StandardJMeterEngine: Starting 30 threads for group UC6.
2020-09-26 15:50:53,453 INFO o.a.j.e.StandardJMeterEngine: Thread will continue on error
2020-09-26 15:50:53,453 INFO o.a.j.t.ThreadGroup: Starting thread group... number=5 threads=30 ramp-up=30 delayedStart=false
2020-09-26 15:50:53,457 INFO o.a.j.t.JMeterThread: Thread started: UC6 5-1
2020-09-26 15:50:53,507 INFO o.a.j.t.ThreadGroup: Started thread group number 5
2020-09-26 15:50:53,507 INFO o.a.j.e.StandardJMeterEngine: All thread groups have been started
2020-09-26 15:50:53,659 INFO o.a.j.t.JMeterThread: Thread is done: UC7 2-1
2020-09-26 15:50:53,659 INFO o.a.j.t.JMeterThread: Thread finished: UC7 2-1
2020-09-26 15:50:53,664 INFO o.a.j.t.JMeterThread: Thread is done: UC5 1-1
2020-09-26 15:50:53,664 INFO o.a.j.t.JMeterThread: Thread finished: UC5 1-1
2020-09-26 15:50:53,700 INFO o.a.j.t.JMeterThread: Thread is done: UC3 3-1
2020-09-26 15:50:53,700 INFO o.a.j.t.JMeterThread: Thread finished: UC3 3-1
2020-09-26 15:50:53,701 INFO o.a.j.t.JMeterThread: Thread is done: UC6 5-1
2020-09-26 15:50:53,701 INFO o.a.j.t.JMeterThread: Thread finished: UC6 5-1
2020-09-26 15:50:53,725 INFO o.a.j.t.JMeterThread: Thread is done: UC4 4-1
2020-09-26 15:50:53,725 INFO o.a.j.t.JMeterThread: Thread finished: UC4 4-1
2020-09-26 15:50:54,318 INFO o.a.j.t.JMeterThread: Thread started: UC5 1-2
2020-09-26 15:50:54,326 INFO o.a.j.t.JMeterThread: Thread started: UC7 2-2
2020-09-26 15:50:54,350 INFO o.a.j.t.JMeterThread: Thread started: UC3 3-2
2020-09-26 15:50:54,395 INFO o.a.j.t.JMeterThread: Thread started: UC4 4-2
2020-09-26 15:50:54,439 INFO o.a.j.t.JMeterThread: Thread is done: UC5 1-2
2020-09-26 15:50:54,439 INFO o.a.j.t.JMeterThread: Thread finished: UC5 1-2
2020-09-26 15:50:54,464 INFO o.a.j.t.JMeterThread: Thread started: UC6 5-2
2020-09-26 15:50:54,469 INFO o.a.j.t.JMeterThread: Thread is done: UC7 2-2
2020-09-26 15:50:54,469 INFO o.a.j.t.JMeterThread: Thread finished: UC7 2-2
2020-09-26 15:50:54,514 INFO o.a.j.t.JMeterThread: Thread is done: UC3 3-2
2020-09-26 15:50:54,515 INFO o.a.j.t.JMeterThread: Thread finished: UC3 3-2
2020-09-26 15:50:54,576 INFO o.a.j.t.JMeterThread: Thread is done: UC4 4-2
2020-09-26 15:50:54,577 INFO o.a.j.t.JMeterThread: Thread finished: UC4 4-2
2020-09-26 15:50:54,698 INFO o.a.j.t.JMeterThread: Thread is done: UC6 5-2
2020-09-26 15:50:54,698 INFO o.a.j.t.JMeterThread: Thread finished: UC6 5-2
2020-09-26 15:50:55,317 INFO o.a.j.t.JMeterThread: Thread started: UC5 1-3
2020-09-26 15:50:55,324 INFO o.a.j.t.JMeterThread: Thread started: UC7 2-3
2020-09-26 15:50:55,360 INFO o.a.j.t.JMeterThread: Thread started: UC3 3-3
2020-09-26 15:50:55,393 INFO o.a.j.t.JMeterThread: Thread started: UC4 4-3
2020-09-26 15:50:55,420 INFO o.a.j.t.JMeterThread: Thread is done: UC5 1-3
2020-09-26 15:50:55,420 INFO o.a.j.t.JMeterThread: Thread finished: UC5 1-3
2020-09-26 15:50:55,446 INFO o.a.j.t.JMeterThread: Thread is done: UC7 2-3
2020-09-26 15:50:55,446 INFO o.a.j.t.JMeterThread: Thread finished: UC7 2-3
2020-09-26 15:50:55,456 INFO o.a.j.t.JMeterThread: Thread started: UC6 5-3
2020-09-26 15:50:55,509 INFO o.a.j.t.JMeterThread: Thread is done: UC3 3-3
2020-09-26 15:50:55,509 INFO o.a.j.t.JMeterThread: Thread finished: UC3 3-3
2020-09-26 15:50:55,569 INFO o.a.j.t.JMeterThread: Thread is done: UC4 4-3
2020-09-26 15:50:55,569 INFO o.a.j.t.JMeterThread: Thread finished: UC4 4-3
2020-09-26 15:50:55,684 INFO o.a.j.t.JMeterThread: Thread is done: UC6 5-3
2020-09-26 15:50:55,684 INFO o.a.j.t.JMeterThread: Thread finished: UC6 5-3
2020-09-26 15:50:56,317 INFO o.a.j.t.JMeterThread: Thread started: UC5 1-4
2020-09-26 15:50:56,323 INFO o.a.j.t.JMeterThread: Thread started: UC7 2-4
2020-09-26 15:50:56,352 INFO o.a.j.t.JMeterThread: Thread started: UC3 3-4
2020-09-26 15:50:56,391 INFO o.a.j.t.JMeterThread: Thread started: UC4 4-4
2020-09-26 15:50:56,422 INFO o.a.j.t.JMeterThread: Thread is done: UC5 1-4
2020-09-26 15:50:56,422 INFO o.a.j.t.JMeterThread: Thread finished: UC5 1-4
2020-09-26 15:50:56,457 INFO o.a.j.t.JMeterThread: Thread started: UC6 5-4
2020-09-26 15:50:56,459 INFO o.a.j.t.JMeterThread: Thread is done: UC7 2-4
2020-09-26 15:50:56,459 INFO o.a.j.t.JMeterThread: Thread finished: UC7 2-4
2020-09-26 15:50:56,520 INFO o.a.j.t.JMeterThread: Thread is done: UC3 3-4
2020-09-26 15:50:56,520 INFO o.a.j.t.JMeterThread: Thread finished: UC3 3-4
2020-09-26 15:50:56,571 INFO o.a.j.t.JMeterThread: Thread is done: UC4 4-4
2020-09-26 15:50:56,571 INFO o.a.j.t.JMeterThread: Thread finished: UC4 4-4
2020-09-26 15:50:56,688 INFO o.a.j.t.JMeterThread: Thread is done: UC6 5-4
2020-09-26 15:50:56,688 INFO o.a.j.t.JMeterThread: Thread finished: UC6 5-4
2020-09-26 15:50:57,314 INFO o.a.j.t.JMeterThread: Thread started: UC5 1-5
2020-09-26 15:50:57,323 INFO o.a.j.t.JMeterThread: Thread started: UC7 2-5
2020-09-26 15:50:57,351 INFO o.a.j.t.JMeterThread: Thread started: UC3 3-5
2020-09-26 15:50:57,390 INFO o.a.j.t.JMeterThread: Thread started: UC4 4-5
2020-09-26 15:50:57,433 INFO o.a.j.t.JMeterThread: Thread is done: UC5 1-5
2020-09-26 15:50:57,433 INFO o.a.j.t.JMeterThread: Thread finished: UC5 1-5
2020-09-26 15:50:57,454 INFO o.a.j.t.JMeterThread: Thread started: UC6 5-5
2020-09-26 15:50:57,460 INFO o.a.j.t.JMeterThread: Thread is done: UC7 2-5
2020-09-26 15:50:57,460 INFO o.a.j.t.JMeterThread: Thread finished: UC7 2-5
2020-09-26 15:50:57,513 INFO o.a.j.t.JMeterThread: Thread is done: UC3 3-5
2020-09-26 15:50:57,513 INFO o.a.j.t.JMeterThread: Thread finished: UC3 3-5
2020-09-26 15:50:57,561 INFO o.a.j.t.JMeterThread: Thread is done: UC4 4-5
2020-09-26 15:50:57,561 INFO o.a.j.t.JMeterThread: Thread finished: UC4 4-5
2020-09-26 15:50:57,673 INFO o.a.j.t.JMeterThread: Thread is done: UC6 5-5
2020-09-26 15:50:57,673 INFO o.a.j.t.JMeterThread: Thread finished: UC6 5-5
2020-09-26 15:50:58,314 INFO o.a.j.t.JMeterThread: Thread started: UC5 1-6
2020-09-26 15:50:58,322 INFO o.a.j.t.JMeterThread: Thread started: UC7 2-6
2020-09-26 15:50:58,349 INFO o.a.j.t.JMeterThread: Thread started: UC3 3-6
2020-09-26 15:50:58,388 INFO o.a.j.t.JMeterThread: Thread started: UC4 4-6
2020-09-26 15:50:58,404 INFO o.a.j.t.JMeterThread: Thread is done: UC5 1-6
2020-09-26 15:50:58,404 INFO o.a.j.t.JMeterThread: Thread finished: UC5 1-6
2020-09-26 15:50:58,454 INFO o.a.j.t.JMeterThread: Thread is done: UC7 2-6
2020-09-26 15:50:58,454 INFO o.a.j.t.JMeterThread: Thread finished: UC7 2-6
2020-09-26 15:50:58,455 INFO o.a.j.t.JMeterThread: Thread started: UC6 5-6
2020-09-26 15:50:58,498 INFO o.a.j.t.JMeterThread: Thread is done: UC3 3-6
2020-09-26 15:50:58,498 INFO o.a.j.t.JMeterThread: Thread finished: UC3 3-6
2020-09-26 15:50:58,542 INFO o.a.j.t.JMeterThread: Thread is done: UC4 4-6
2020-09-26 15:50:58,542 INFO o.a.j.t.JMeterThread: Thread finished: UC4 4-6
2020-09-26 15:50:58,666 INFO o.a.j.t.JMeterThread: Thread is done: UC6 5-6
2020-09-26 15:50:58,667 INFO o.a.j.t.JMeterThread: Thread finished: UC6 5-6
2020-09-26 15:50:59,308 INFO o.a.j.t.JMeterThread: Thread started: UC5 1-7
2020-09-26 15:50:59,322 INFO o.a.j.t.JMeterThread: Thread started: UC7 2-7
2020-09-26 15:50:59,349 INFO o.a.j.t.JMeterThread: Thread started: UC3 3-7
2020-09-26 15:50:59,388 INFO o.a.j.t.JMeterThread: Thread started: UC4 4-7
2020-09-26 15:50:59,397 INFO o.a.j.t.JMeterThread: Thread is done: UC5 1-7
2020-09-26 15:50:59,397 INFO o.a.j.t.JMeterThread: Thread finished: UC5 1-7
2020-09-26 15:50:59,444 INFO o.a.j.t.JMeterThread: Thread is done: UC7 2-7
2020-09-26 15:50:59,444 INFO o.a.j.t.JMeterThread: Thread finished: UC7 2-7
2020-09-26 15:50:59,459 INFO o.a.j.t.JMeterThread: Thread started: UC6 5-7
2020-09-26 15:50:59,486 INFO o.a.j.t.JMeterThread: Thread is done: UC3 3-7
2020-09-26 15:50:59,486 INFO o.a.j.t.JMeterThread: Thread finished: UC3 3-7
2020-09-26 15:50:59,534 INFO o.a.j.t.JMeterThread: Thread is done: UC4 4-7
2020-09-26 15:50:59,535 INFO o.a.j.t.JMeterThread: Thread finished: UC4 4-7
2020-09-26 15:50:59,661 INFO o.a.j.t.JMeterThread: Thread is done: UC6 5-7
2020-09-26 15:50:59,661 INFO o.a.j.t.JMeterThread: Thread finished: UC6 5-7
2020-09-26 15:51:00,308 INFO o.a.j.t.JMeterThread: Thread started: UC5 1-8
2020-09-26 15:51:00,316 INFO o.a.j.r.Summariser: summary +   1051 in 00:00:07 =  148.1/s Avg:     5 Min:     1 Max:    69 Err:     0 (0.00%) Active: 1 Started: 36 Finished: 35
2020-09-26 15:51:00,321 INFO o.a.j.t.JMeterThread: Thread started: UC7 2-8
2020-09-26 15:51:00,350 INFO o.a.j.t.JMeterThread: Thread started: UC3 3-8
2020-09-26 15:51:00,388 INFO o.a.j.t.JMeterThread: Thread started: UC4 4-8
2020-09-26 15:51:00,397 INFO o.a.j.t.JMeterThread: Thread is done: UC5 1-8
2020-09-26 15:51:00,397 INFO o.a.j.t.JMeterThread: Thread finished: UC5 1-8
2020-09-26 15:51:00,433 INFO o.a.j.t.JMeterThread: Thread is done: UC7 2-8
2020-09-26 15:51:00,433 INFO o.a.j.t.JMeterThread: Thread finished: UC7 2-8
2020-09-26 15:51:00,461 INFO o.a.j.t.JMeterThread: Thread started: UC6 5-8
2020-09-26 15:51:00,519 INFO o.a.j.t.JMeterThread: Thread is done: UC3 3-8
2020-09-26 15:51:00,519 INFO o.a.j.t.JMeterThread: Thread finished: UC3 3-8
2020-09-26 15:51:00,575 INFO o.a.j.t.JMeterThread: Thread is done: UC4 4-8
2020-09-26 15:51:00,575 INFO o.a.j.t.JMeterThread: Thread finished: UC4 4-8
2020-09-26 15:51:00,665 INFO o.a.j.t.JMeterThread: Thread is done: UC6 5-8
2020-09-26 15:51:00,666 INFO o.a.j.t.JMeterThread: Thread finished: UC6 5-8
2020-09-26 15:51:01,307 INFO o.a.j.t.JMeterThread: Thread started: UC5 1-9
2020-09-26 15:51:01,318 INFO o.a.j.t.JMeterThread: Thread started: UC7 2-9
2020-09-26 15:51:01,350 INFO o.a.j.t.JMeterThread: Thread started: UC3 3-9
2020-09-26 15:51:01,388 INFO o.a.j.t.JMeterThread: Thread started: UC4 4-9
2020-09-26 15:51:01,398 INFO o.a.j.t.JMeterThread: Thread is done: UC5 1-9
2020-09-26 15:51:01,398 INFO o.a.j.t.JMeterThread: Thread finished: UC5 1-9
2020-09-26 15:51:01,437 INFO o.a.j.t.JMeterThread: Thread is done: UC7 2-9
2020-09-26 15:51:01,437 INFO o.a.j.t.JMeterThread: Thread finished: UC7 2-9
2020-09-26 15:51:01,465 INFO o.a.j.t.JMeterThread: Thread started: UC6 5-9
2020-09-26 15:51:01,484 INFO o.a.j.t.JMeterThread: Thread is done: UC3 3-9
2020-09-26 15:51:01,484 INFO o.a.j.t.JMeterThread: Thread finished: UC3 3-9
2020-09-26 15:51:01,523 INFO o.a.j.t.JMeterThread: Thread is done: UC4 4-9
2020-09-26 15:51:01,523 INFO o.a.j.t.JMeterThread: Thread finished: UC4 4-9
2020-09-26 15:51:01,654 INFO o.a.j.t.JMeterThread: Thread is done: UC6 5-9
2020-09-26 15:51:01,654 INFO o.a.j.t.JMeterThread: Thread finished: UC6 5-9
2020-09-26 15:51:02,306 INFO o.a.j.t.JMeterThread: Thread started: UC5 1-10
2020-09-26 15:51:02,318 INFO o.a.j.t.JMeterThread: Thread started: UC7 2-10
2020-09-26 15:51:02,349 INFO o.a.j.t.JMeterThread: Thread started: UC3 3-10
2020-09-26 15:51:02,395 INFO o.a.j.t.JMeterThread: Thread started: UC4 4-10
2020-09-26 15:51:02,397 INFO o.a.j.t.JMeterThread: Thread is done: UC5 1-10
2020-09-26 15:51:02,397 INFO o.a.j.t.JMeterThread: Thread finished: UC5 1-10
2020-09-26 15:51:02,432 INFO o.a.j.t.JMeterThread: Thread is done: UC7 2-10
2020-09-26 15:51:02,432 INFO o.a.j.t.JMeterThread: Thread finished: UC7 2-10
2020-09-26 15:51:02,457 INFO o.a.j.t.JMeterThread: Thread started: UC6 5-10
2020-09-26 15:51:02,490 INFO o.a.j.t.JMeterThread: Thread is done: UC3 3-10
2020-09-26 15:51:02,490 INFO o.a.j.t.JMeterThread: Thread finished: UC3 3-10
2020-09-26 15:51:02,537 INFO o.a.j.t.JMeterThread: Thread is done: UC4 4-10
2020-09-26 15:51:02,537 INFO o.a.j.t.JMeterThread: Thread finished: UC4 4-10
2020-09-26 15:51:02,664 INFO o.a.j.t.JMeterThread: Thread is done: UC6 5-10
2020-09-26 15:51:02,664 INFO o.a.j.t.JMeterThread: Thread finished: UC6 5-10
2020-09-26 15:51:03,305 INFO o.a.j.t.JMeterThread: Thread started: UC5 1-11
2020-09-26 15:51:03,317 INFO o.a.j.t.JMeterThread: Thread started: UC7 2-11
2020-09-26 15:51:03,350 INFO o.a.j.t.JMeterThread: Thread started: UC3 3-11
2020-09-26 15:51:03,390 INFO o.a.j.t.JMeterThread: Thread started: UC4 4-11
2020-09-26 15:51:03,396 INFO o.a.j.t.JMeterThread: Thread is done: UC5 1-11
2020-09-26 15:51:03,396 INFO o.a.j.t.JMeterThread: Thread finished: UC5 1-11
2020-09-26 15:51:03,435 INFO o.a.j.t.JMeterThread: Thread is done: UC7 2-11
2020-09-26 15:51:03,435 INFO o.a.j.t.JMeterThread: Thread finished: UC7 2-11
2020-09-26 15:51:03,459 INFO o.a.j.t.JMeterThread: Thread started: UC6 5-11
2020-09-26 15:51:03,465 INFO o.a.j.t.JMeterThread: Thread is done: UC3 3-11
2020-09-26 15:51:03,466 INFO o.a.j.t.JMeterThread: Thread finished: UC3 3-11
2020-09-26 15:51:03,520 INFO o.a.j.t.JMeterThread: Thread is done: UC4 4-11
2020-09-26 15:51:03,521 INFO o.a.j.t.JMeterThread: Thread finished: UC4 4-11
2020-09-26 15:51:03,665 INFO o.a.j.t.JMeterThread: Thread is done: UC6 5-11
2020-09-26 15:51:03,665 INFO o.a.j.t.JMeterThread: Thread finished: UC6 5-11
2020-09-26 15:51:04,302 INFO o.a.j.t.JMeterThread: Thread started: UC5 1-12
2020-09-26 15:51:04,315 INFO o.a.j.t.JMeterThread: Thread started: UC7 2-12
2020-09-26 15:51:04,349 INFO o.a.j.t.JMeterThread: Thread started: UC3 3-12
2020-09-26 15:51:04,388 INFO o.a.j.t.JMeterThread: Thread started: UC4 4-12
2020-09-26 15:51:04,398 INFO o.a.j.t.JMeterThread: Thread is done: UC5 1-12
2020-09-26 15:51:04,398 INFO o.a.j.t.JMeterThread: Thread finished: UC5 1-12
2020-09-26 15:51:04,433 INFO o.a.j.t.JMeterThread: Thread is done: UC7 2-12
2020-09-26 15:51:04,434 INFO o.a.j.t.JMeterThread: Thread finished: UC7 2-12
2020-09-26 15:51:04,456 INFO o.a.j.t.JMeterThread: Thread started: UC6 5-12
2020-09-26 15:51:04,479 INFO o.a.j.t.JMeterThread: Thread is done: UC3 3-12
2020-09-26 15:51:04,479 INFO o.a.j.t.JMeterThread: Thread finished: UC3 3-12
2020-09-26 15:51:04,528 INFO o.a.j.t.JMeterThread: Thread is done: UC4 4-12
2020-09-26 15:51:04,528 INFO o.a.j.t.JMeterThread: Thread finished: UC4 4-12
2020-09-26 15:51:04,657 INFO o.a.j.t.JMeterThread: Thread is done: UC6 5-12
2020-09-26 15:51:04,657 INFO o.a.j.t.JMeterThread: Thread finished: UC6 5-12
2020-09-26 15:51:05,302 INFO o.a.j.t.JMeterThread: Thread started: UC5 1-13
2020-09-26 15:51:05,314 INFO o.a.j.t.JMeterThread: Thread started: UC7 2-13
2020-09-26 15:51:05,349 INFO o.a.j.t.JMeterThread: Thread started: UC3 3-13
2020-09-26 15:51:05,391 INFO o.a.j.t.JMeterThread: Thread started: UC4 4-13
2020-09-26 15:51:05,398 INFO o.a.j.t.JMeterThread: Thread is done: UC5 1-13
2020-09-26 15:51:05,398 INFO o.a.j.t.JMeterThread: Thread finished: UC5 1-13
2020-09-26 15:51:05,438 INFO o.a.j.t.JMeterThread: Thread is done: UC7 2-13
2020-09-26 15:51:05,438 INFO o.a.j.t.JMeterThread: Thread finished: UC7 2-13
2020-09-26 15:51:05,457 INFO o.a.j.t.JMeterThread: Thread started: UC6 5-13
2020-09-26 15:51:05,484 INFO o.a.j.t.JMeterThread: Thread is done: UC3 3-13
2020-09-26 15:51:05,485 INFO o.a.j.t.JMeterThread: Thread finished: UC3 3-13
2020-09-26 15:51:05,559 INFO o.a.j.t.JMeterThread: Thread is done: UC4 4-13
2020-09-26 15:51:05,560 INFO o.a.j.t.JMeterThread: Thread finished: UC4 4-13
2020-09-26 15:51:05,651 INFO o.a.j.t.JMeterThread: Thread is done: UC6 5-13
2020-09-26 15:51:05,651 INFO o.a.j.t.JMeterThread: Thread finished: UC6 5-13
2020-09-26 15:51:06,301 INFO o.a.j.t.JMeterThread: Thread started: UC5 1-14
2020-09-26 15:51:06,307 INFO o.a.j.t.JMeterThread: Thread started: UC7 2-14
2020-09-26 15:51:06,350 INFO o.a.j.t.JMeterThread: Thread started: UC3 3-14
2020-09-26 15:51:06,397 INFO o.a.j.t.JMeterThread: Thread started: UC4 4-14
2020-09-26 15:51:06,422 INFO o.a.j.t.JMeterThread: Thread is done: UC5 1-14
2020-09-26 15:51:06,422 INFO o.a.j.t.JMeterThread: Thread finished: UC5 1-14
2020-09-26 15:51:06,435 INFO o.a.j.t.JMeterThread: Thread is done: UC7 2-14
2020-09-26 15:51:06,435 INFO o.a.j.t.JMeterThread: Thread finished: UC7 2-14
2020-09-26 15:51:06,454 INFO o.a.j.t.JMeterThread: Thread started: UC6 5-14
2020-09-26 15:51:06,481 INFO o.a.j.t.JMeterThread: Thread is done: UC3 3-14
2020-09-26 15:51:06,482 INFO o.a.j.t.JMeterThread: Thread finished: UC3 3-14
2020-09-26 15:51:06,548 INFO o.a.j.t.JMeterThread: Thread is done: UC4 4-14
2020-09-26 15:51:06,549 INFO o.a.j.t.JMeterThread: Thread finished: UC4 4-14
2020-09-26 15:51:06,660 INFO o.a.j.t.JMeterThread: Thread is done: UC6 5-14
2020-09-26 15:51:06,660 INFO o.a.j.t.JMeterThread: Thread finished: UC6 5-14
2020-09-26 15:51:07,300 INFO o.a.j.t.JMeterThread: Thread started: UC5 1-15
2020-09-26 15:51:07,315 INFO o.a.j.t.JMeterThread: Thread started: UC7 2-15
2020-09-26 15:51:07,348 INFO o.a.j.t.JMeterThread: Thread started: UC3 3-15
2020-09-26 15:51:07,388 INFO o.a.j.t.JMeterThread: Thread is done: UC5 1-15
2020-09-26 15:51:07,388 INFO o.a.j.t.JMeterThread: Thread finished: UC5 1-15
2020-09-26 15:51:07,388 INFO o.a.j.t.JMeterThread: Thread started: UC4 4-15
2020-09-26 15:51:07,432 INFO o.a.j.t.JMeterThread: Thread is done: UC7 2-15
2020-09-26 15:51:07,432 INFO o.a.j.t.JMeterThread: Thread finished: UC7 2-15
2020-09-26 15:51:07,459 INFO o.a.j.t.JMeterThread: Thread started: UC6 5-15
2020-09-26 15:51:07,478 INFO o.a.j.t.JMeterThread: Thread is done: UC3 3-15
2020-09-26 15:51:07,478 INFO o.a.j.t.JMeterThread: Thread finished: UC3 3-15
2020-09-26 15:51:07,532 INFO o.a.j.t.JMeterThread: Thread is done: UC4 4-15
2020-09-26 15:51:07,534 INFO o.a.j.t.JMeterThread: Thread finished: UC4 4-15
2020-09-26 15:51:07,649 INFO o.a.j.t.JMeterThread: Thread is done: UC6 5-15
2020-09-26 15:51:07,649 INFO o.a.j.t.JMeterThread: Thread finished: UC6 5-15
2020-09-26 15:51:08,299 INFO o.a.j.t.JMeterThread: Thread started: UC5 1-16
2020-09-26 15:51:08,303 INFO o.a.j.t.JMeterThread: Thread started: UC7 2-16
2020-09-26 15:51:08,350 INFO o.a.j.t.JMeterThread: Thread started: UC3 3-16
2020-09-26 15:51:08,379 INFO o.a.j.t.JMeterThread: Thread is done: UC5 1-16
2020-09-26 15:51:08,380 INFO o.a.j.t.JMeterThread: Thread finished: UC5 1-16
2020-09-26 15:51:08,389 INFO o.a.j.t.JMeterThread: Thread started: UC4 4-16
2020-09-26 15:51:08,416 INFO o.a.j.t.JMeterThread: Thread is done: UC7 2-16
2020-09-26 15:51:08,416 INFO o.a.j.t.JMeterThread: Thread finished: UC7 2-16
2020-09-26 15:51:08,454 INFO o.a.j.t.JMeterThread: Thread started: UC6 5-16
2020-09-26 15:51:08,475 INFO o.a.j.t.JMeterThread: Thread is done: UC3 3-16
2020-09-26 15:51:08,475 INFO o.a.j.t.JMeterThread: Thread finished: UC3 3-16
2020-09-26 15:51:08,536 INFO o.a.j.t.JMeterThread: Thread is done: UC4 4-16
2020-09-26 15:51:08,536 INFO o.a.j.t.JMeterThread: Thread finished: UC4 4-16
2020-09-26 15:51:08,660 INFO o.a.j.t.JMeterThread: Thread is done: UC6 5-16
2020-09-26 15:51:08,660 INFO o.a.j.t.JMeterThread: Thread finished: UC6 5-16
2020-09-26 15:51:09,299 INFO o.a.j.t.JMeterThread: Thread started: UC5 1-17
2020-09-26 15:51:09,309 INFO o.a.j.t.JMeterThread: Thread started: UC7 2-17
2020-09-26 15:51:09,349 INFO o.a.j.t.JMeterThread: Thread started: UC3 3-17
2020-09-26 15:51:09,384 INFO o.a.j.t.JMeterThread: Thread is done: UC5 1-17
2020-09-26 15:51:09,384 INFO o.a.j.t.JMeterThread: Thread finished: UC5 1-17
2020-09-26 15:51:09,388 INFO o.a.j.t.JMeterThread: Thread started: UC4 4-17
2020-09-26 15:51:09,427 INFO o.a.j.t.JMeterThread: Thread is done: UC7 2-17
2020-09-26 15:51:09,427 INFO o.a.j.t.JMeterThread: Thread finished: UC7 2-17
2020-09-26 15:51:09,454 INFO o.a.j.t.JMeterThread: Thread started: UC6 5-17
2020-09-26 15:51:09,469 INFO o.a.j.t.JMeterThread: Thread is done: UC3 3-17
2020-09-26 15:51:09,469 INFO o.a.j.t.JMeterThread: Thread finished: UC3 3-17
2020-09-26 15:51:09,540 INFO o.a.j.t.JMeterThread: Thread is done: UC4 4-17
2020-09-26 15:51:09,540 INFO o.a.j.t.JMeterThread: Thread finished: UC4 4-17
2020-09-26 15:51:09,668 INFO o.a.j.t.JMeterThread: Thread is done: UC6 5-17
2020-09-26 15:51:09,669 INFO o.a.j.t.JMeterThread: Thread finished: UC6 5-17
2020-09-26 15:51:10,295 INFO o.a.j.t.JMeterThread: Thread started: UC5 1-18
2020-09-26 15:51:10,302 INFO o.a.j.t.JMeterThread: Thread started: UC7 2-18
2020-09-26 15:51:10,348 INFO o.a.j.t.JMeterThread: Thread started: UC3 3-18
2020-09-26 15:51:10,370 INFO o.a.j.t.JMeterThread: Thread is done: UC5 1-18
2020-09-26 15:51:10,370 INFO o.a.j.t.JMeterThread: Thread finished: UC5 1-18
2020-09-26 15:51:10,389 INFO o.a.j.t.JMeterThread: Thread started: UC4 4-18
2020-09-26 15:51:10,400 INFO o.a.j.t.JMeterThread: Thread is done: UC7 2-18
2020-09-26 15:51:10,400 INFO o.a.j.t.JMeterThread: Thread finished: UC7 2-18
2020-09-26 15:51:10,454 INFO o.a.j.t.JMeterThread: Thread started: UC6 5-18
2020-09-26 15:51:10,493 INFO o.a.j.t.JMeterThread: Thread is done: UC3 3-18
2020-09-26 15:51:10,493 INFO o.a.j.t.JMeterThread: Thread finished: UC3 3-18
2020-09-26 15:51:10,546 INFO o.a.j.t.JMeterThread: Thread is done: UC4 4-18
2020-09-26 15:51:10,546 INFO o.a.j.t.JMeterThread: Thread finished: UC4 4-18
2020-09-26 15:51:10,662 INFO o.a.j.t.JMeterThread: Thread is done: UC6 5-18
2020-09-26 15:51:10,662 INFO o.a.j.t.JMeterThread: Thread finished: UC6 5-18
2020-09-26 15:51:11,294 INFO o.a.j.t.JMeterThread: Thread started: UC5 1-19
2020-09-26 15:51:11,303 INFO o.a.j.t.JMeterThread: Thread started: UC7 2-19
2020-09-26 15:51:11,350 INFO o.a.j.t.JMeterThread: Thread started: UC3 3-19
2020-09-26 15:51:11,371 INFO o.a.j.t.JMeterThread: Thread is done: UC5 1-19
2020-09-26 15:51:11,371 INFO o.a.j.t.JMeterThread: Thread finished: UC5 1-19
2020-09-26 15:51:11,389 INFO o.a.j.t.JMeterThread: Thread started: UC4 4-19
2020-09-26 15:51:11,429 INFO o.a.j.t.JMeterThread: Thread is done: UC7 2-19
2020-09-26 15:51:11,429 INFO o.a.j.t.JMeterThread: Thread finished: UC7 2-19
2020-09-26 15:51:11,454 INFO o.a.j.t.JMeterThread: Thread started: UC6 5-19
2020-09-26 15:51:11,475 INFO o.a.j.t.JMeterThread: Thread is done: UC3 3-19
2020-09-26 15:51:11,475 INFO o.a.j.t.JMeterThread: Thread finished: UC3 3-19
2020-09-26 15:51:11,535 INFO o.a.j.t.JMeterThread: Thread is done: UC4 4-19
2020-09-26 15:51:11,535 INFO o.a.j.t.JMeterThread: Thread finished: UC4 4-19
2020-09-26 15:51:11,642 INFO o.a.j.t.JMeterThread: Thread is done: UC6 5-19
2020-09-26 15:51:11,642 INFO o.a.j.t.JMeterThread: Thread finished: UC6 5-19
2020-09-26 15:51:12,292 INFO o.a.j.t.JMeterThread: Thread started: UC5 1-20
2020-09-26 15:51:12,302 INFO o.a.j.t.JMeterThread: Thread started: UC7 2-20
2020-09-26 15:51:12,350 INFO o.a.j.t.JMeterThread: Thread started: UC3 3-20
2020-09-26 15:51:12,371 INFO o.a.j.t.JMeterThread: Thread is done: UC5 1-20
2020-09-26 15:51:12,371 INFO o.a.j.t.JMeterThread: Thread finished: UC5 1-20
2020-09-26 15:51:12,389 INFO o.a.j.t.JMeterThread: Thread started: UC4 4-20
2020-09-26 15:51:12,404 INFO o.a.j.t.JMeterThread: Thread is done: UC7 2-20
2020-09-26 15:51:12,404 INFO o.a.j.t.JMeterThread: Thread finished: UC7 2-20
2020-09-26 15:51:12,454 INFO o.a.j.t.JMeterThread: Thread started: UC6 5-20
2020-09-26 15:51:12,496 INFO o.a.j.t.JMeterThread: Thread is done: UC3 3-20
2020-09-26 15:51:12,496 INFO o.a.j.t.JMeterThread: Thread finished: UC3 3-20
2020-09-26 15:51:12,543 INFO o.a.j.t.JMeterThread: Thread is done: UC4 4-20
2020-09-26 15:51:12,543 INFO o.a.j.t.JMeterThread: Thread finished: UC4 4-20
2020-09-26 15:51:12,649 INFO o.a.j.t.JMeterThread: Thread is done: UC6 5-20
2020-09-26 15:51:12,649 INFO o.a.j.t.JMeterThread: Thread finished: UC6 5-20
2020-09-26 15:51:13,291 INFO o.a.j.t.JMeterThread: Thread started: UC5 1-21
2020-09-26 15:51:13,302 INFO o.a.j.t.JMeterThread: Thread started: UC7 2-21
2020-09-26 15:51:13,354 INFO o.a.j.t.JMeterThread: Thread started: UC3 3-21
2020-09-26 15:51:13,377 INFO o.a.j.t.JMeterThread: Thread is done: UC5 1-21
2020-09-26 15:51:13,378 INFO o.a.j.t.JMeterThread: Thread finished: UC5 1-21
2020-09-26 15:51:13,388 INFO o.a.j.t.JMeterThread: Thread started: UC4 4-21
2020-09-26 15:51:13,423 INFO o.a.j.t.JMeterThread: Thread is done: UC7 2-21
2020-09-26 15:51:13,423 INFO o.a.j.t.JMeterThread: Thread finished: UC7 2-21
2020-09-26 15:51:13,454 INFO o.a.j.t.JMeterThread: Thread started: UC6 5-21
2020-09-26 15:51:13,485 INFO o.a.j.t.JMeterThread: Thread is done: UC3 3-21
2020-09-26 15:51:13,486 INFO o.a.j.t.JMeterThread: Thread finished: UC3 3-21
2020-09-26 15:51:13,523 INFO o.a.j.t.JMeterThread: Thread is done: UC4 4-21
2020-09-26 15:51:13,523 INFO o.a.j.t.JMeterThread: Thread finished: UC4 4-21
2020-09-26 15:51:13,650 INFO o.a.j.t.JMeterThread: Thread is done: UC6 5-21
2020-09-26 15:51:13,650 INFO o.a.j.t.JMeterThread: Thread finished: UC6 5-21
2020-09-26 15:51:14,287 INFO o.a.j.t.JMeterThread: Thread started: UC5 1-22
2020-09-26 15:51:14,302 INFO o.a.j.t.JMeterThread: Thread started: UC7 2-22
2020-09-26 15:51:14,349 INFO o.a.j.t.JMeterThread: Thread started: UC3 3-22
2020-09-26 15:51:14,377 INFO o.a.j.t.JMeterThread: Thread is done: UC5 1-22
2020-09-26 15:51:14,377 INFO o.a.j.t.JMeterThread: Thread finished: UC5 1-22
2020-09-26 15:51:14,388 INFO o.a.j.t.JMeterThread: Thread started: UC4 4-22
2020-09-26 15:51:14,421 INFO o.a.j.t.JMeterThread: Thread is done: UC7 2-22
2020-09-26 15:51:14,424 INFO o.a.j.t.JMeterThread: Thread finished: UC7 2-22
2020-09-26 15:51:14,455 INFO o.a.j.t.JMeterThread: Thread started: UC6 5-22
2020-09-26 15:51:14,480 INFO o.a.j.t.JMeterThread: Thread is done: UC3 3-22
2020-09-26 15:51:14,480 INFO o.a.j.t.JMeterThread: Thread finished: UC3 3-22
2020-09-26 15:51:14,524 INFO o.a.j.t.JMeterThread: Thread is done: UC4 4-22
2020-09-26 15:51:14,524 INFO o.a.j.t.JMeterThread: Thread finished: UC4 4-22
2020-09-26 15:51:14,654 INFO o.a.j.t.JMeterThread: Thread is done: UC6 5-22
2020-09-26 15:51:14,654 INFO o.a.j.t.JMeterThread: Thread finished: UC6 5-22
2020-09-26 15:51:15,287 INFO o.a.j.t.JMeterThread: Thread started: UC5 1-23
2020-09-26 15:51:15,304 INFO o.a.j.t.JMeterThread: Thread started: UC7 2-23
2020-09-26 15:51:15,354 INFO o.a.j.t.JMeterThread: Thread started: UC3 3-23
2020-09-26 15:51:15,380 INFO o.a.j.t.JMeterThread: Thread is done: UC5 1-23
2020-09-26 15:51:15,381 INFO o.a.j.t.JMeterThread: Thread finished: UC5 1-23
2020-09-26 15:51:15,404 INFO o.a.j.t.JMeterThread: Thread started: UC4 4-23
2020-09-26 15:51:15,413 INFO o.a.j.t.JMeterThread: Thread is done: UC7 2-23
2020-09-26 15:51:15,413 INFO o.a.j.t.JMeterThread: Thread finished: UC7 2-23
2020-09-26 15:51:15,454 INFO o.a.j.t.JMeterThread: Thread started: UC6 5-23
2020-09-26 15:51:15,480 INFO o.a.j.t.JMeterThread: Thread is done: UC3 3-23
2020-09-26 15:51:15,480 INFO o.a.j.t.JMeterThread: Thread finished: UC3 3-23
2020-09-26 15:51:15,556 INFO o.a.j.t.JMeterThread: Thread is done: UC4 4-23
2020-09-26 15:51:15,556 INFO o.a.j.t.JMeterThread: Thread finished: UC4 4-23
2020-09-26 15:51:15,648 INFO o.a.j.t.JMeterThread: Thread is done: UC6 5-23
2020-09-26 15:51:15,649 INFO o.a.j.t.JMeterThread: Thread finished: UC6 5-23
2020-09-26 15:51:16,287 INFO o.a.j.t.JMeterThread: Thread started: UC5 1-24
2020-09-26 15:51:16,305 INFO o.a.j.t.JMeterThread: Thread started: UC7 2-24
2020-09-26 15:51:16,350 INFO o.a.j.t.JMeterThread: Thread started: UC3 3-24
2020-09-26 15:51:16,372 INFO o.a.j.t.JMeterThread: Thread is done: UC5 1-24
2020-09-26 15:51:16,372 INFO o.a.j.t.JMeterThread: Thread finished: UC5 1-24
2020-09-26 15:51:16,397 INFO o.a.j.t.JMeterThread: Thread started: UC4 4-24
2020-09-26 15:51:16,419 INFO o.a.j.t.JMeterThread: Thread is done: UC7 2-24
2020-09-26 15:51:16,420 INFO o.a.j.t.JMeterThread: Thread finished: UC7 2-24
2020-09-26 15:51:16,454 INFO o.a.j.t.JMeterThread: Thread started: UC6 5-24
2020-09-26 15:51:16,485 INFO o.a.j.t.JMeterThread: Thread is done: UC3 3-24
2020-09-26 15:51:16,485 INFO o.a.j.t.JMeterThread: Thread finished: UC3 3-24
2020-09-26 15:51:16,556 INFO o.a.j.t.JMeterThread: Thread is done: UC4 4-24
2020-09-26 15:51:16,556 INFO o.a.j.t.JMeterThread: Thread finished: UC4 4-24
2020-09-26 15:51:16,654 INFO o.a.j.t.JMeterThread: Thread is done: UC6 5-24
2020-09-26 15:51:16,654 INFO o.a.j.t.JMeterThread: Thread finished: UC6 5-24
2020-09-26 15:51:17,290 INFO o.a.j.t.JMeterThread: Thread started: UC5 1-25
2020-09-26 15:51:17,313 INFO o.a.j.t.JMeterThread: Thread started: UC7 2-25
2020-09-26 15:51:17,357 INFO o.a.j.t.JMeterThread: Thread started: UC3 3-25
2020-09-26 15:51:17,380 INFO o.a.j.t.JMeterThread: Thread is done: UC5 1-25
2020-09-26 15:51:17,381 INFO o.a.j.t.JMeterThread: Thread finished: UC5 1-25
2020-09-26 15:51:17,388 INFO o.a.j.t.JMeterThread: Thread started: UC4 4-25
2020-09-26 15:51:17,426 INFO o.a.j.t.JMeterThread: Thread is done: UC7 2-25
2020-09-26 15:51:17,426 INFO o.a.j.t.JMeterThread: Thread finished: UC7 2-25
2020-09-26 15:51:17,457 INFO o.a.j.t.JMeterThread: Thread started: UC6 5-25
2020-09-26 15:51:17,496 INFO o.a.j.t.JMeterThread: Thread is done: UC3 3-25
2020-09-26 15:51:17,496 INFO o.a.j.t.JMeterThread: Thread finished: UC3 3-25
2020-09-26 15:51:17,536 INFO o.a.j.t.JMeterThread: Thread is done: UC4 4-25
2020-09-26 15:51:17,536 INFO o.a.j.t.JMeterThread: Thread finished: UC4 4-25
2020-09-26 15:51:17,654 INFO o.a.j.t.JMeterThread: Thread is done: UC6 5-25
2020-09-26 15:51:17,654 INFO o.a.j.t.JMeterThread: Thread finished: UC6 5-25
2020-09-26 15:51:18,301 INFO o.a.j.t.JMeterThread: Thread started: UC5 1-26
2020-09-26 15:51:18,310 INFO o.a.j.t.JMeterThread: Thread started: UC7 2-26
2020-09-26 15:51:18,354 INFO o.a.j.t.JMeterThread: Thread started: UC3 3-26
2020-09-26 15:51:18,388 INFO o.a.j.t.JMeterThread: Thread started: UC4 4-26
2020-09-26 15:51:18,390 INFO o.a.j.t.JMeterThread: Thread is done: UC5 1-26
2020-09-26 15:51:18,390 INFO o.a.j.t.JMeterThread: Thread finished: UC5 1-26
2020-09-26 15:51:18,431 INFO o.a.j.t.JMeterThread: Thread is done: UC7 2-26
2020-09-26 15:51:18,431 INFO o.a.j.t.JMeterThread: Thread finished: UC7 2-26
2020-09-26 15:51:18,455 INFO o.a.j.t.JMeterThread: Thread started: UC6 5-26
2020-09-26 15:51:18,480 INFO o.a.j.t.JMeterThread: Thread is done: UC3 3-26
2020-09-26 15:51:18,480 INFO o.a.j.t.JMeterThread: Thread finished: UC3 3-26
2020-09-26 15:51:18,524 INFO o.a.j.t.JMeterThread: Thread is done: UC4 4-26
2020-09-26 15:51:18,524 INFO o.a.j.t.JMeterThread: Thread finished: UC4 4-26
2020-09-26 15:51:18,646 INFO o.a.j.t.JMeterThread: Thread is done: UC6 5-26
2020-09-26 15:51:18,646 INFO o.a.j.t.JMeterThread: Thread finished: UC6 5-26
2020-09-26 15:51:19,285 INFO o.a.j.t.JMeterThread: Thread started: UC5 1-27
2020-09-26 15:51:19,322 INFO o.a.j.t.JMeterThread: Thread started: UC7 2-27
2020-09-26 15:51:19,350 INFO o.a.j.t.JMeterThread: Thread started: UC3 3-27
2020-09-26 15:51:19,367 INFO o.a.j.t.JMeterThread: Thread is done: UC5 1-27
2020-09-26 15:51:19,367 INFO o.a.j.t.JMeterThread: Thread finished: UC5 1-27
2020-09-26 15:51:19,388 INFO o.a.j.t.JMeterThread: Thread started: UC4 4-27
2020-09-26 15:51:19,426 INFO o.a.j.t.JMeterThread: Thread is done: UC7 2-27
2020-09-26 15:51:19,426 INFO o.a.j.t.JMeterThread: Thread finished: UC7 2-27
2020-09-26 15:51:19,453 INFO o.a.j.t.JMeterThread: Thread started: UC6 5-27
2020-09-26 15:51:19,481 INFO o.a.j.t.JMeterThread: Thread is done: UC3 3-27
2020-09-26 15:51:19,481 INFO o.a.j.t.JMeterThread: Thread finished: UC3 3-27
2020-09-26 15:51:19,516 INFO o.a.j.t.JMeterThread: Thread is done: UC4 4-27
2020-09-26 15:51:19,516 INFO o.a.j.t.JMeterThread: Thread finished: UC4 4-27
2020-09-26 15:51:19,648 INFO o.a.j.t.JMeterThread: Thread is done: UC6 5-27
2020-09-26 15:51:19,649 INFO o.a.j.t.JMeterThread: Thread finished: UC6 5-27
2020-09-26 15:51:20,288 INFO o.a.j.t.JMeterThread: Thread started: UC5 1-28
2020-09-26 15:51:20,307 INFO o.a.j.t.JMeterThread: Thread started: UC7 2-28
2020-09-26 15:51:20,350 INFO o.a.j.t.JMeterThread: Thread started: UC3 3-28
2020-09-26 15:51:20,388 INFO o.a.j.t.JMeterThread: Thread is done: UC5 1-28
2020-09-26 15:51:20,389 INFO o.a.j.t.JMeterThread: Thread finished: UC5 1-28
2020-09-26 15:51:20,392 INFO o.a.j.t.JMeterThread: Thread started: UC4 4-28
2020-09-26 15:51:20,424 INFO o.a.j.t.JMeterThread: Thread is done: UC7 2-28
2020-09-26 15:51:20,424 INFO o.a.j.t.JMeterThread: Thread finished: UC7 2-28
2020-09-26 15:51:20,454 INFO o.a.j.t.JMeterThread: Thread started: UC6 5-28
2020-09-26 15:51:20,637 INFO o.a.j.t.JMeterThread: Thread is done: UC3 3-28
2020-09-26 15:51:20,637 INFO o.a.j.t.JMeterThread: Thread finished: UC3 3-28
2020-09-26 15:51:20,651 INFO o.a.j.t.JMeterThread: Thread is done: UC4 4-28
2020-09-26 15:51:20,651 INFO o.a.j.t.JMeterThread: Thread finished: UC4 4-28
2020-09-26 15:51:20,696 INFO o.a.j.t.JMeterThread: Thread is done: UC6 5-28
2020-09-26 15:51:20,696 INFO o.a.j.t.JMeterThread: Thread finished: UC6 5-28
2020-09-26 15:51:21,284 INFO o.a.j.t.JMeterThread: Thread started: UC5 1-29
2020-09-26 15:51:21,302 INFO o.a.j.t.JMeterThread: Thread started: UC7 2-29
2020-09-26 15:51:21,349 INFO o.a.j.t.JMeterThread: Thread started: UC3 3-29
2020-09-26 15:51:21,357 INFO o.a.j.t.JMeterThread: Thread is done: UC5 1-29
2020-09-26 15:51:21,358 INFO o.a.j.t.JMeterThread: Thread finished: UC5 1-29
2020-09-26 15:51:21,387 INFO o.a.j.t.JMeterThread: Thread started: UC4 4-29
2020-09-26 15:51:21,397 INFO o.a.j.t.JMeterThread: Thread is done: UC7 2-29
2020-09-26 15:51:21,397 INFO o.a.j.t.JMeterThread: Thread finished: UC7 2-29
2020-09-26 15:51:21,453 INFO o.a.j.t.JMeterThread: Thread started: UC6 5-29
2020-09-26 15:51:21,476 INFO o.a.j.t.JMeterThread: Thread is done: UC3 3-29
2020-09-26 15:51:21,476 INFO o.a.j.t.JMeterThread: Thread finished: UC3 3-29
2020-09-26 15:51:21,539 INFO o.a.j.t.JMeterThread: Thread is done: UC4 4-29
2020-09-26 15:51:21,539 INFO o.a.j.t.JMeterThread: Thread finished: UC4 4-29
2020-09-26 15:51:21,642 INFO o.a.j.t.JMeterThread: Thread is done: UC6 5-29
2020-09-26 15:51:21,642 INFO o.a.j.t.JMeterThread: Thread finished: UC6 5-29
2020-09-26 15:51:22,284 INFO o.a.j.t.JMeterThread: Thread started: UC5 1-30
2020-09-26 15:51:22,303 INFO o.a.j.t.JMeterThread: Thread started: UC7 2-30
2020-09-26 15:51:22,350 INFO o.a.j.t.JMeterThread: Thread started: UC3 3-30
2020-09-26 15:51:22,364 INFO o.a.j.t.JMeterThread: Thread is done: UC5 1-30
2020-09-26 15:51:22,364 INFO o.a.j.t.JMeterThread: Thread finished: UC5 1-30
2020-09-26 15:51:22,387 INFO o.a.j.t.JMeterThread: Thread started: UC4 4-30
2020-09-26 15:51:22,410 INFO o.a.j.t.JMeterThread: Thread is done: UC7 2-30
2020-09-26 15:51:22,410 INFO o.a.j.t.JMeterThread: Thread finished: UC7 2-30
2020-09-26 15:51:22,459 INFO o.a.j.t.JMeterThread: Thread started: UC6 5-30
2020-09-26 15:51:22,499 INFO o.a.j.t.JMeterThread: Thread is done: UC3 3-30
2020-09-26 15:51:22,499 INFO o.a.j.t.JMeterThread: Thread finished: UC3 3-30
2020-09-26 15:51:22,549 INFO o.a.j.t.JMeterThread: Thread is done: UC4 4-30
2020-09-26 15:51:22,549 INFO o.a.j.t.JMeterThread: Thread finished: UC4 4-30
2020-09-26 15:51:22,663 INFO o.a.j.t.JMeterThread: Thread is done: UC6 5-30
2020-09-26 15:51:22,665 INFO o.a.j.t.JMeterThread: Thread finished: UC6 5-30
2020-09-26 15:51:22,665 INFO o.a.j.e.StandardJMeterEngine: Notifying test listeners of end of test
2020-09-26 15:51:22,666 INFO o.a.j.r.Summariser: summary +   3449 in 00:00:22 =  154.3/s Avg:     4 Min:     1 Max:   147 Err:     0 (0.00%) Active: 0 Started: 150 Finished: 150
2020-09-26 15:51:22,667 INFO o.a.j.r.Summariser: summary =   4500 in 00:00:29 =  152.8/s Avg:     4 Min:     1 Max:   147 Err:     0 (0.00%)
