2020-09-26 11:37:55,482 INFO o.a.j.u.JMeterUtils: Setting Locale to en_US
2020-09-26 11:37:55,547 INFO o.a.j.JMeter: Loading user properties from: /home/gabrielkovacs/jmeter/apache-jmeter-5.3/bin/user.properties
2020-09-26 11:37:55,548 INFO o.a.j.JMeter: Loading system properties from: /home/gabrielkovacs/jmeter/apache-jmeter-5.3/bin/system.properties
2020-09-26 11:37:55,551 INFO o.a.j.JMeter: Copyright (c) 1998-2020 The Apache Software Foundation
2020-09-26 11:37:55,551 INFO o.a.j.JMeter: Version 5.3
2020-09-26 11:37:55,552 INFO o.a.j.JMeter: java.version=11.0.8
2020-09-26 11:37:55,552 INFO o.a.j.JMeter: java.vm.name=OpenJDK 64-Bit Server VM
2020-09-26 11:37:55,552 INFO o.a.j.JMeter: os.name=Linux
2020-09-26 11:37:55,552 INFO o.a.j.JMeter: os.arch=amd64
2020-09-26 11:37:55,553 INFO o.a.j.JMeter: os.version=5.3.0-59-generic
2020-09-26 11:37:55,553 INFO o.a.j.JMeter: file.encoding=UTF-8
2020-09-26 11:37:55,553 INFO o.a.j.JMeter: java.awt.headless=true
2020-09-26 11:37:55,553 INFO o.a.j.JMeter: Max memory     =4198498304
2020-09-26 11:37:55,553 INFO o.a.j.JMeter: Available Processors =2
2020-09-26 11:37:55,570 INFO o.a.j.JMeter: Default Locale=English (United States)
2020-09-26 11:37:55,570 INFO o.a.j.JMeter: JMeter  Locale=English (United States)
2020-09-26 11:37:55,570 INFO o.a.j.JMeter: JMeterHome=/home/gabrielkovacs/jmeter/apache-jmeter-5.3
2020-09-26 11:37:55,570 INFO o.a.j.JMeter: user.dir  =/home/gabrielkovacs/jmeter/pub_sub_one_db_distributed
2020-09-26 11:37:55,571 INFO o.a.j.JMeter: PWD       =/home/gabrielkovacs/jmeter/pub_sub_one_db_distributed
2020-09-26 11:37:55,571 INFO o.a.j.JMeter: IP: 127.0.1.1 Name: swa-gabrielkovacs FullName: swa-gabrielkovacs
2020-09-26 11:37:55,584 INFO o.a.j.s.FileServer: Default base='/home/gabrielkovacs/jmeter/pub_sub_one_db_distributed'
2020-09-26 11:37:55,587 INFO o.a.j.s.FileServer: Set new base='/home/gabrielkovacs/jmeter/pub_sub_one_db_distributed'
2020-09-26 11:37:55,903 INFO o.a.j.s.SaveService: Testplan (JMX) version: 2.2. Testlog (JTL) version: 2.2
2020-09-26 11:37:55,953 INFO o.a.j.s.SaveService: Using SaveService properties version 5.0
2020-09-26 11:37:55,962 INFO o.a.j.s.SaveService: Using SaveService properties file encoding UTF-8
2020-09-26 11:37:55,974 INFO o.a.j.s.SaveService: Loading file: SR_OP&ROP_DR_30_30_30.jmx
2020-09-26 11:37:56,066 INFO o.a.j.p.h.s.HTTPSamplerBase: Parser for text/html is org.apache.jmeter.protocol.http.parser.LagartoBasedHtmlParser
2020-09-26 11:37:56,066 INFO o.a.j.p.h.s.HTTPSamplerBase: Parser for application/xhtml+xml is org.apache.jmeter.protocol.http.parser.LagartoBasedHtmlParser
2020-09-26 11:37:56,066 INFO o.a.j.p.h.s.HTTPSamplerBase: Parser for application/xml is org.apache.jmeter.protocol.http.parser.LagartoBasedHtmlParser
2020-09-26 11:37:56,066 INFO o.a.j.p.h.s.HTTPSamplerBase: Parser for text/xml is org.apache.jmeter.protocol.http.parser.LagartoBasedHtmlParser
2020-09-26 11:37:56,067 INFO o.a.j.p.h.s.HTTPSamplerBase: Parser for text/vnd.wap.wml is org.apache.jmeter.protocol.http.parser.RegexpHTMLParser
2020-09-26 11:37:56,067 INFO o.a.j.p.h.s.HTTPSamplerBase: Parser for text/css is org.apache.jmeter.protocol.http.parser.CssParser
2020-09-26 11:37:56,159 INFO o.a.j.JMeter: Creating summariser <summary>
2020-09-26 11:37:56,173 INFO o.a.j.e.StandardJMeterEngine: Running the test!
2020-09-26 11:37:56,175 INFO o.a.j.s.SampleEvent: List of sample_variables: [uuid]
2020-09-26 11:37:56,175 INFO o.a.j.s.SampleEvent: List of sample_variables: [uuid]
2020-09-26 11:37:56,194 INFO o.a.j.e.u.CompoundVariable: Note: Function class names must contain the string: '.functions.'
2020-09-26 11:37:56,194 INFO o.a.j.e.u.CompoundVariable: Note: Function class names must not contain the string: '.gui.'
2020-09-26 11:37:56,717 INFO o.a.j.JMeter: Running test (1601113076717)
2020-09-26 11:37:56,771 INFO o.a.j.e.StandardJMeterEngine: Starting ThreadGroup: 1 : UC5
2020-09-26 11:37:56,772 INFO o.a.j.e.StandardJMeterEngine: Starting 30 threads for group UC5.
2020-09-26 11:37:56,772 INFO o.a.j.e.StandardJMeterEngine: Thread will continue on error
2020-09-26 11:37:56,772 INFO o.a.j.t.ThreadGroup: Starting thread group... number=1 threads=30 ramp-up=30 delayedStart=false
2020-09-26 11:37:56,799 INFO o.a.j.t.JMeterThread: Thread started: UC5 1-1
2020-09-26 11:37:56,825 INFO o.a.j.t.ThreadGroup: Started thread group number 1
2020-09-26 11:37:56,825 INFO o.a.j.e.StandardJMeterEngine: Starting ThreadGroup: 2 : UC7
2020-09-26 11:37:56,825 INFO o.a.j.e.StandardJMeterEngine: Starting 30 threads for group UC7.
2020-09-26 11:37:56,826 INFO o.a.j.e.StandardJMeterEngine: Thread will continue on error
2020-09-26 11:37:56,826 INFO o.a.j.t.ThreadGroup: Starting thread group... number=2 threads=30 ramp-up=30 delayedStart=false
2020-09-26 11:37:56,840 INFO o.a.j.t.JMeterThread: Thread started: UC7 2-1
2020-09-26 11:37:56,884 INFO o.a.j.t.ThreadGroup: Started thread group number 2
2020-09-26 11:37:56,884 INFO o.a.j.e.StandardJMeterEngine: Starting ThreadGroup: 3 : UC3
2020-09-26 11:37:56,886 INFO o.a.j.e.StandardJMeterEngine: Starting 30 threads for group UC3.
2020-09-26 11:37:56,886 INFO o.a.j.e.StandardJMeterEngine: Thread will continue on error
2020-09-26 11:37:56,886 INFO o.a.j.t.ThreadGroup: Starting thread group... number=3 threads=30 ramp-up=30 delayedStart=false
2020-09-26 11:37:56,890 INFO o.a.j.t.JMeterThread: Thread started: UC3 3-1
2020-09-26 11:37:56,923 INFO o.a.j.p.h.s.HTTPJavaImpl: Maximum connection retries = 0
2020-09-26 11:37:56,925 INFO o.a.j.s.SampleResult: Note: Sample TimeStamps are START times
2020-09-26 11:37:56,925 INFO o.a.j.s.SampleResult: sampleresult.default.encoding is set to ISO-8859-1
2020-09-26 11:37:56,925 INFO o.a.j.s.SampleResult: sampleresult.useNanoTime=true
2020-09-26 11:37:56,925 INFO o.a.j.s.SampleResult: sampleresult.nanoThreadSleep=5000
2020-09-26 11:37:56,954 INFO o.a.j.t.ThreadGroup: Started thread group number 3
2020-09-26 11:37:56,954 INFO o.a.j.e.StandardJMeterEngine: Starting ThreadGroup: 4 : UC4
2020-09-26 11:37:56,954 INFO o.a.j.e.StandardJMeterEngine: Starting 30 threads for group UC4.
2020-09-26 11:37:56,954 INFO o.a.j.e.StandardJMeterEngine: Thread will continue on error
2020-09-26 11:37:56,954 INFO o.a.j.t.ThreadGroup: Starting thread group... number=4 threads=30 ramp-up=30 delayedStart=false
2020-09-26 11:37:56,956 INFO o.a.j.t.JMeterThread: Thread started: UC4 4-1
2020-09-26 11:37:57,000 INFO o.a.j.t.ThreadGroup: Started thread group number 4
2020-09-26 11:37:57,000 INFO o.a.j.e.StandardJMeterEngine: Starting ThreadGroup: 5 : UC6
2020-09-26 11:37:57,000 INFO o.a.j.e.StandardJMeterEngine: Starting 30 threads for group UC6.
2020-09-26 11:37:57,000 INFO o.a.j.e.StandardJMeterEngine: Thread will continue on error
2020-09-26 11:37:57,000 INFO o.a.j.t.ThreadGroup: Starting thread group... number=5 threads=30 ramp-up=30 delayedStart=false
2020-09-26 11:37:57,001 INFO o.a.j.t.JMeterThread: Thread started: UC6 5-1
2020-09-26 11:37:57,051 INFO o.a.j.t.ThreadGroup: Started thread group number 5
2020-09-26 11:37:57,051 INFO o.a.j.e.StandardJMeterEngine: All thread groups have been started
2020-09-26 11:37:57,822 INFO o.a.j.t.JMeterThread: Thread started: UC5 1-2
2020-09-26 11:37:57,850 INFO o.a.j.t.JMeterThread: Thread started: UC7 2-2
2020-09-26 11:37:57,890 INFO o.a.j.t.JMeterThread: Thread started: UC3 3-2
2020-09-26 11:37:57,963 INFO o.a.j.t.JMeterThread: Thread started: UC4 4-2
2020-09-26 11:37:58,002 INFO o.a.j.t.JMeterThread: Thread started: UC6 5-2
2020-09-26 11:37:58,782 INFO o.a.j.t.JMeterThread: Thread is done: UC7 2-1
2020-09-26 11:37:58,782 INFO o.a.j.t.JMeterThread: Thread finished: UC7 2-1
2020-09-26 11:37:58,821 INFO o.a.j.t.JMeterThread: Thread started: UC5 1-3
2020-09-26 11:37:58,842 INFO o.a.j.t.JMeterThread: Thread started: UC7 2-3
2020-09-26 11:37:58,859 INFO o.a.j.t.JMeterThread: Thread is done: UC4 4-1
2020-09-26 11:37:58,859 INFO o.a.j.t.JMeterThread: Thread finished: UC4 4-1
2020-09-26 11:37:58,890 INFO o.a.j.t.JMeterThread: Thread started: UC3 3-3
2020-09-26 11:37:58,956 INFO o.a.j.t.JMeterThread: Thread started: UC4 4-3
2020-09-26 11:37:59,017 INFO o.a.j.t.JMeterThread: Thread started: UC6 5-3
2020-09-26 11:37:59,021 INFO o.a.j.t.JMeterThread: Thread is done: UC5 1-1
2020-09-26 11:37:59,021 INFO o.a.j.t.JMeterThread: Thread finished: UC5 1-1
2020-09-26 11:37:59,358 INFO o.a.j.t.JMeterThread: Thread is done: UC3 3-1
2020-09-26 11:37:59,358 INFO o.a.j.t.JMeterThread: Thread finished: UC3 3-1
2020-09-26 11:37:59,620 INFO o.a.j.t.JMeterThread: Thread is done: UC6 5-1
2020-09-26 11:37:59,620 INFO o.a.j.t.JMeterThread: Thread finished: UC6 5-1
2020-09-26 11:37:59,820 INFO o.a.j.t.JMeterThread: Thread started: UC5 1-4
2020-09-26 11:37:59,831 INFO o.a.j.t.JMeterThread: Thread started: UC7 2-4
2020-09-26 11:37:59,888 INFO o.a.j.t.JMeterThread: Thread started: UC3 3-4
2020-09-26 11:37:59,976 INFO o.a.j.t.JMeterThread: Thread started: UC4 4-4
2020-09-26 11:38:00,016 INFO o.a.j.t.JMeterThread: Thread started: UC6 5-4
2020-09-26 11:38:00,022 INFO o.a.j.r.Summariser: summary +    297 in 00:00:03 =   89.9/s Avg:    88 Min:    20 Max:   253 Err:     0 (0.00%) Active: 15 Started: 20 Finished: 5
2020-09-26 11:38:00,819 INFO o.a.j.t.JMeterThread: Thread started: UC5 1-5
2020-09-26 11:38:00,835 INFO o.a.j.t.JMeterThread: Thread started: UC7 2-5
2020-09-26 11:38:00,889 INFO o.a.j.t.JMeterThread: Thread started: UC3 3-5
2020-09-26 11:38:00,955 INFO o.a.j.t.JMeterThread: Thread started: UC4 4-5
2020-09-26 11:38:01,002 INFO o.a.j.t.JMeterThread: Thread started: UC6 5-5
2020-09-26 11:38:01,746 INFO o.a.j.t.JMeterThread: Thread is done: UC7 2-2
2020-09-26 11:38:01,746 INFO o.a.j.t.JMeterThread: Thread finished: UC7 2-2
2020-09-26 11:38:01,818 INFO o.a.j.t.JMeterThread: Thread started: UC5 1-6
2020-09-26 11:38:01,835 INFO o.a.j.t.JMeterThread: Thread started: UC7 2-6
2020-09-26 11:38:01,890 INFO o.a.j.t.JMeterThread: Thread started: UC3 3-6
2020-09-26 11:38:01,955 INFO o.a.j.t.JMeterThread: Thread started: UC4 4-6
2020-09-26 11:38:02,001 INFO o.a.j.t.JMeterThread: Thread started: UC6 5-6
2020-09-26 11:38:02,594 INFO o.a.j.t.JMeterThread: Thread is done: UC5 1-2
2020-09-26 11:38:02,594 INFO o.a.j.t.JMeterThread: Thread finished: UC5 1-2
2020-09-26 11:38:02,814 INFO o.a.j.t.JMeterThread: Thread started: UC5 1-7
2020-09-26 11:38:02,830 INFO o.a.j.t.JMeterThread: Thread started: UC7 2-7
2020-09-26 11:38:02,842 INFO o.a.j.t.JMeterThread: Thread is done: UC3 3-2
2020-09-26 11:38:02,843 INFO o.a.j.t.JMeterThread: Thread finished: UC3 3-2
2020-09-26 11:38:02,888 INFO o.a.j.t.JMeterThread: Thread started: UC3 3-7
2020-09-26 11:38:02,956 INFO o.a.j.t.JMeterThread: Thread started: UC4 4-7
2020-09-26 11:38:03,002 INFO o.a.j.t.JMeterThread: Thread is done: UC6 5-2
2020-09-26 11:38:03,002 INFO o.a.j.t.JMeterThread: Thread finished: UC6 5-2
2020-09-26 11:38:03,004 INFO o.a.j.t.JMeterThread: Thread started: UC6 5-7
2020-09-26 11:38:03,462 INFO o.a.j.t.JMeterThread: Thread is done: UC4 4-2
2020-09-26 11:38:03,462 INFO o.a.j.t.JMeterThread: Thread finished: UC4 4-2
2020-09-26 11:38:03,815 INFO o.a.j.t.JMeterThread: Thread started: UC5 1-8
2020-09-26 11:38:03,830 INFO o.a.j.t.JMeterThread: Thread started: UC7 2-8
2020-09-26 11:38:03,888 INFO o.a.j.t.JMeterThread: Thread started: UC3 3-8
2020-09-26 11:38:03,955 INFO o.a.j.t.JMeterThread: Thread started: UC4 4-8
2020-09-26 11:38:04,006 INFO o.a.j.t.JMeterThread: Thread started: UC6 5-8
2020-09-26 11:38:04,803 INFO o.a.j.t.JMeterThread: Thread started: UC5 1-9
2020-09-26 11:38:04,829 INFO o.a.j.t.JMeterThread: Thread started: UC7 2-9
2020-09-26 11:38:04,888 INFO o.a.j.t.JMeterThread: Thread started: UC3 3-9
2020-09-26 11:38:04,955 INFO o.a.j.t.JMeterThread: Thread started: UC4 4-9
2020-09-26 11:38:05,003 INFO o.a.j.t.JMeterThread: Thread started: UC6 5-9
2020-09-26 11:38:05,801 INFO o.a.j.t.JMeterThread: Thread started: UC5 1-10
2020-09-26 11:38:05,829 INFO o.a.j.t.JMeterThread: Thread started: UC7 2-10
2020-09-26 11:38:05,888 INFO o.a.j.t.JMeterThread: Thread started: UC3 3-10
2020-09-26 11:38:05,955 INFO o.a.j.t.JMeterThread: Thread started: UC4 4-10
2020-09-26 11:38:06,001 INFO o.a.j.t.JMeterThread: Thread started: UC6 5-10
2020-09-26 11:38:06,302 INFO o.a.j.t.JMeterThread: Thread is done: UC3 3-3
2020-09-26 11:38:06,302 INFO o.a.j.t.JMeterThread: Thread finished: UC3 3-3
2020-09-26 11:38:06,502 INFO o.a.j.t.JMeterThread: Thread is done: UC5 1-3
2020-09-26 11:38:06,502 INFO o.a.j.t.JMeterThread: Thread finished: UC5 1-3
2020-09-26 11:38:06,799 INFO o.a.j.t.JMeterThread: Thread started: UC5 1-11
2020-09-26 11:38:06,828 INFO o.a.j.t.JMeterThread: Thread started: UC7 2-11
2020-09-26 11:38:06,887 INFO o.a.j.t.JMeterThread: Thread started: UC3 3-11
2020-09-26 11:38:06,955 INFO o.a.j.t.JMeterThread: Thread started: UC4 4-11
2020-09-26 11:38:06,999 INFO o.a.j.t.JMeterThread: Thread is done: UC6 5-3
2020-09-26 11:38:06,999 INFO o.a.j.t.JMeterThread: Thread finished: UC6 5-3
2020-09-26 11:38:07,000 INFO o.a.j.t.JMeterThread: Thread started: UC6 5-11
2020-09-26 11:38:07,166 INFO o.a.j.t.JMeterThread: Thread is done: UC7 2-3
2020-09-26 11:38:07,166 INFO o.a.j.t.JMeterThread: Thread finished: UC7 2-3
2020-09-26 11:38:07,797 INFO o.a.j.t.JMeterThread: Thread started: UC5 1-12
2020-09-26 11:38:07,827 INFO o.a.j.t.JMeterThread: Thread started: UC7 2-12
2020-09-26 11:38:07,888 INFO o.a.j.t.JMeterThread: Thread started: UC3 3-12
2020-09-26 11:38:07,955 INFO o.a.j.t.JMeterThread: Thread started: UC4 4-12
2020-09-26 11:38:07,989 INFO o.a.j.t.JMeterThread: Thread is done: UC4 4-3
2020-09-26 11:38:07,989 INFO o.a.j.t.JMeterThread: Thread finished: UC4 4-3
2020-09-26 11:38:08,003 INFO o.a.j.t.JMeterThread: Thread started: UC6 5-12
2020-09-26 11:38:08,797 INFO o.a.j.t.JMeterThread: Thread started: UC5 1-13
2020-09-26 11:38:08,828 INFO o.a.j.t.JMeterThread: Thread started: UC7 2-13
2020-09-26 11:38:08,887 INFO o.a.j.t.JMeterThread: Thread started: UC3 3-13
2020-09-26 11:38:08,955 INFO o.a.j.t.JMeterThread: Thread started: UC4 4-13
2020-09-26 11:38:09,006 INFO o.a.j.t.JMeterThread: Thread started: UC6 5-13
2020-09-26 11:38:09,796 INFO o.a.j.t.JMeterThread: Thread started: UC5 1-14
2020-09-26 11:38:09,829 INFO o.a.j.t.JMeterThread: Thread started: UC7 2-14
2020-09-26 11:38:09,886 INFO o.a.j.t.JMeterThread: Thread started: UC3 3-14
2020-09-26 11:38:09,955 INFO o.a.j.t.JMeterThread: Thread started: UC4 4-14
2020-09-26 11:38:10,003 INFO o.a.j.t.JMeterThread: Thread started: UC6 5-14
2020-09-26 11:38:10,202 INFO o.a.j.t.JMeterThread: Thread is done: UC5 1-4
2020-09-26 11:38:10,202 INFO o.a.j.t.JMeterThread: Thread finished: UC5 1-4
2020-09-26 11:38:10,618 INFO o.a.j.t.JMeterThread: Thread is done: UC4 4-4
2020-09-26 11:38:10,618 INFO o.a.j.t.JMeterThread: Thread finished: UC4 4-4
2020-09-26 11:38:10,658 INFO o.a.j.t.JMeterThread: Thread is done: UC3 3-4
2020-09-26 11:38:10,658 INFO o.a.j.t.JMeterThread: Thread finished: UC3 3-4
2020-09-26 11:38:10,795 INFO o.a.j.t.JMeterThread: Thread started: UC5 1-15
2020-09-26 11:38:10,828 INFO o.a.j.t.JMeterThread: Thread started: UC7 2-15
2020-09-26 11:38:10,886 INFO o.a.j.t.JMeterThread: Thread is done: UC6 5-4
2020-09-26 11:38:10,886 INFO o.a.j.t.JMeterThread: Thread finished: UC6 5-4
2020-09-26 11:38:10,887 INFO o.a.j.t.JMeterThread: Thread started: UC3 3-15
2020-09-26 11:38:10,954 INFO o.a.j.t.JMeterThread: Thread started: UC4 4-15
2020-09-26 11:38:11,005 INFO o.a.j.t.JMeterThread: Thread started: UC6 5-15
2020-09-26 11:38:11,161 INFO o.a.j.t.JMeterThread: Thread is done: UC7 2-4
2020-09-26 11:38:11,161 INFO o.a.j.t.JMeterThread: Thread finished: UC7 2-4
2020-09-26 11:38:11,487 INFO o.a.j.t.JMeterThread: Thread is done: UC6 5-5
2020-09-26 11:38:11,487 INFO o.a.j.t.JMeterThread: Thread finished: UC6 5-5
2020-09-26 11:38:11,794 INFO o.a.j.t.JMeterThread: Thread started: UC5 1-16
2020-09-26 11:38:11,829 INFO o.a.j.t.JMeterThread: Thread started: UC7 2-16
2020-09-26 11:38:11,858 INFO o.a.j.t.JMeterThread: Thread is done: UC3 3-5
2020-09-26 11:38:11,859 INFO o.a.j.t.JMeterThread: Thread finished: UC3 3-5
2020-09-26 11:38:11,888 INFO o.a.j.t.JMeterThread: Thread started: UC3 3-16
2020-09-26 11:38:11,955 INFO o.a.j.t.JMeterThread: Thread started: UC4 4-16
2020-09-26 11:38:12,001 INFO o.a.j.t.JMeterThread: Thread started: UC6 5-16
2020-09-26 11:38:12,768 INFO o.a.j.t.JMeterThread: Thread is done: UC7 2-5
2020-09-26 11:38:12,768 INFO o.a.j.t.JMeterThread: Thread finished: UC7 2-5
2020-09-26 11:38:12,794 INFO o.a.j.t.JMeterThread: Thread started: UC5 1-17
2020-09-26 11:38:12,828 INFO o.a.j.t.JMeterThread: Thread started: UC7 2-17
2020-09-26 11:38:12,888 INFO o.a.j.t.JMeterThread: Thread started: UC3 3-17
2020-09-26 11:38:12,915 INFO o.a.j.t.JMeterThread: Thread is done: UC4 4-5
2020-09-26 11:38:12,915 INFO o.a.j.t.JMeterThread: Thread finished: UC4 4-5
2020-09-26 11:38:12,954 INFO o.a.j.t.JMeterThread: Thread started: UC4 4-17
2020-09-26 11:38:13,001 INFO o.a.j.t.JMeterThread: Thread started: UC6 5-17
2020-09-26 11:38:13,043 INFO o.a.j.t.JMeterThread: Thread is done: UC5 1-5
2020-09-26 11:38:13,043 INFO o.a.j.t.JMeterThread: Thread finished: UC5 1-5
2020-09-26 11:38:13,793 INFO o.a.j.t.JMeterThread: Thread started: UC5 1-18
2020-09-26 11:38:13,831 INFO o.a.j.t.JMeterThread: Thread started: UC7 2-18
2020-09-26 11:38:13,888 INFO o.a.j.t.JMeterThread: Thread started: UC3 3-18
2020-09-26 11:38:13,955 INFO o.a.j.t.JMeterThread: Thread started: UC4 4-18
2020-09-26 11:38:13,960 INFO o.a.j.t.JMeterThread: Thread is done: UC3 3-6
2020-09-26 11:38:13,960 INFO o.a.j.t.JMeterThread: Thread finished: UC3 3-6
2020-09-26 11:38:14,001 INFO o.a.j.t.JMeterThread: Thread started: UC6 5-18
2020-09-26 11:38:14,327 INFO o.a.j.t.JMeterThread: Thread is done: UC5 1-6
2020-09-26 11:38:14,327 INFO o.a.j.t.JMeterThread: Thread finished: UC5 1-6
2020-09-26 11:38:14,793 INFO o.a.j.t.JMeterThread: Thread started: UC5 1-19
2020-09-26 11:38:14,829 INFO o.a.j.t.JMeterThread: Thread started: UC7 2-19
2020-09-26 11:38:14,881 INFO o.a.j.t.JMeterThread: Thread is done: UC6 5-6
2020-09-26 11:38:14,881 INFO o.a.j.t.JMeterThread: Thread finished: UC6 5-6
2020-09-26 11:38:14,887 INFO o.a.j.t.JMeterThread: Thread started: UC3 3-19
2020-09-26 11:38:14,955 INFO o.a.j.t.JMeterThread: Thread started: UC4 4-19
2020-09-26 11:38:15,002 INFO o.a.j.t.JMeterThread: Thread started: UC6 5-19
2020-09-26 11:38:15,089 INFO o.a.j.t.JMeterThread: Thread is done: UC4 4-6
2020-09-26 11:38:15,089 INFO o.a.j.t.JMeterThread: Thread finished: UC4 4-6
2020-09-26 11:38:15,792 INFO o.a.j.t.JMeterThread: Thread started: UC5 1-20
2020-09-26 11:38:15,827 INFO o.a.j.t.JMeterThread: Thread started: UC7 2-20
2020-09-26 11:38:15,887 INFO o.a.j.t.JMeterThread: Thread started: UC3 3-20
2020-09-26 11:38:15,964 INFO o.a.j.t.JMeterThread: Thread started: UC4 4-20
2020-09-26 11:38:16,001 INFO o.a.j.t.JMeterThread: Thread started: UC6 5-20
2020-09-26 11:38:16,281 INFO o.a.j.t.JMeterThread: Thread is done: UC4 4-7
2020-09-26 11:38:16,281 INFO o.a.j.t.JMeterThread: Thread finished: UC4 4-7
2020-09-26 11:38:16,707 INFO o.a.j.t.JMeterThread: Thread is done: UC5 1-7
2020-09-26 11:38:16,707 INFO o.a.j.t.JMeterThread: Thread finished: UC5 1-7
2020-09-26 11:38:16,746 INFO o.a.j.t.JMeterThread: Thread is done: UC7 2-6
2020-09-26 11:38:16,746 INFO o.a.j.t.JMeterThread: Thread finished: UC7 2-6
2020-09-26 11:38:16,794 INFO o.a.j.t.JMeterThread: Thread started: UC5 1-21
2020-09-26 11:38:16,828 INFO o.a.j.t.JMeterThread: Thread started: UC7 2-21
2020-09-26 11:38:16,889 INFO o.a.j.t.JMeterThread: Thread started: UC3 3-21
2020-09-26 11:38:16,964 INFO o.a.j.t.JMeterThread: Thread started: UC4 4-21
2020-09-26 11:38:17,001 INFO o.a.j.t.JMeterThread: Thread started: UC6 5-21
2020-09-26 11:38:17,170 INFO o.a.j.t.JMeterThread: Thread is done: UC7 2-7
2020-09-26 11:38:17,170 INFO o.a.j.t.JMeterThread: Thread finished: UC7 2-7
2020-09-26 11:38:17,566 INFO o.a.j.t.JMeterThread: Thread is done: UC6 5-7
2020-09-26 11:38:17,566 INFO o.a.j.t.JMeterThread: Thread finished: UC6 5-7
2020-09-26 11:38:17,791 INFO o.a.j.t.JMeterThread: Thread started: UC5 1-22
2020-09-26 11:38:17,828 INFO o.a.j.t.JMeterThread: Thread started: UC7 2-22
2020-09-26 11:38:17,881 INFO o.a.j.t.JMeterThread: Thread is done: UC3 3-7
2020-09-26 11:38:17,881 INFO o.a.j.t.JMeterThread: Thread finished: UC3 3-7
2020-09-26 11:38:17,889 INFO o.a.j.t.JMeterThread: Thread started: UC3 3-22
2020-09-26 11:38:17,963 INFO o.a.j.t.JMeterThread: Thread started: UC4 4-22
2020-09-26 11:38:18,001 INFO o.a.j.t.JMeterThread: Thread started: UC6 5-22
2020-09-26 11:38:18,253 INFO o.a.j.t.JMeterThread: Thread is done: UC6 5-8
2020-09-26 11:38:18,253 INFO o.a.j.t.JMeterThread: Thread finished: UC6 5-8
2020-09-26 11:38:18,563 INFO o.a.j.t.JMeterThread: Thread is done: UC7 2-8
2020-09-26 11:38:18,563 INFO o.a.j.t.JMeterThread: Thread finished: UC7 2-8
2020-09-26 11:38:18,790 INFO o.a.j.t.JMeterThread: Thread started: UC5 1-23
2020-09-26 11:38:18,817 INFO o.a.j.t.JMeterThread: Thread is done: UC4 4-8
2020-09-26 11:38:18,818 INFO o.a.j.t.JMeterThread: Thread finished: UC4 4-8
2020-09-26 11:38:18,828 INFO o.a.j.t.JMeterThread: Thread started: UC7 2-23
2020-09-26 11:38:18,905 INFO o.a.j.t.JMeterThread: Thread started: UC3 3-23
2020-09-26 11:38:18,961 INFO o.a.j.t.JMeterThread: Thread is done: UC3 3-8
2020-09-26 11:38:18,961 INFO o.a.j.t.JMeterThread: Thread finished: UC3 3-8
2020-09-26 11:38:18,966 INFO o.a.j.t.JMeterThread: Thread started: UC4 4-23
2020-09-26 11:38:19,001 INFO o.a.j.t.JMeterThread: Thread started: UC6 5-23
2020-09-26 11:38:19,092 INFO o.a.j.t.JMeterThread: Thread is done: UC5 1-8
2020-09-26 11:38:19,092 INFO o.a.j.t.JMeterThread: Thread finished: UC5 1-8
2020-09-26 11:38:19,790 INFO o.a.j.t.JMeterThread: Thread started: UC5 1-24
2020-09-26 11:38:19,827 INFO o.a.j.t.JMeterThread: Thread started: UC7 2-24
2020-09-26 11:38:19,904 INFO o.a.j.t.JMeterThread: Thread started: UC3 3-24
2020-09-26 11:38:19,960 INFO o.a.j.t.JMeterThread: Thread started: UC4 4-24
2020-09-26 11:38:20,001 INFO o.a.j.t.JMeterThread: Thread started: UC6 5-24
2020-09-26 11:38:20,400 INFO o.a.j.t.JMeterThread: Thread is done: UC7 2-9
2020-09-26 11:38:20,400 INFO o.a.j.t.JMeterThread: Thread finished: UC7 2-9
2020-09-26 11:38:20,790 INFO o.a.j.t.JMeterThread: Thread started: UC5 1-25
2020-09-26 11:38:20,827 INFO o.a.j.t.JMeterThread: Thread started: UC7 2-25
2020-09-26 11:38:20,895 INFO o.a.j.t.JMeterThread: Thread started: UC3 3-25
2020-09-26 11:38:20,915 INFO o.a.j.t.JMeterThread: Thread is done: UC5 1-9
2020-09-26 11:38:20,915 INFO o.a.j.t.JMeterThread: Thread finished: UC5 1-9
2020-09-26 11:38:20,955 INFO o.a.j.t.JMeterThread: Thread started: UC4 4-25
2020-09-26 11:38:21,001 INFO o.a.j.t.JMeterThread: Thread started: UC6 5-25
2020-09-26 11:38:21,234 INFO o.a.j.t.JMeterThread: Thread is done: UC6 5-9
2020-09-26 11:38:21,235 INFO o.a.j.t.JMeterThread: Thread finished: UC6 5-9
2020-09-26 11:38:21,515 INFO o.a.j.t.JMeterThread: Thread is done: UC3 3-9
2020-09-26 11:38:21,515 INFO o.a.j.t.JMeterThread: Thread finished: UC3 3-9
2020-09-26 11:38:21,759 INFO o.a.j.t.JMeterThread: Thread is done: UC4 4-9
2020-09-26 11:38:21,759 INFO o.a.j.t.JMeterThread: Thread finished: UC4 4-9
2020-09-26 11:38:21,789 INFO o.a.j.t.JMeterThread: Thread started: UC5 1-26
2020-09-26 11:38:21,828 INFO o.a.j.t.JMeterThread: Thread started: UC7 2-26
2020-09-26 11:38:21,887 INFO o.a.j.t.JMeterThread: Thread started: UC3 3-26
2020-09-26 11:38:21,955 INFO o.a.j.t.JMeterThread: Thread started: UC4 4-26
2020-09-26 11:38:22,001 INFO o.a.j.t.JMeterThread: Thread started: UC6 5-26
2020-09-26 11:38:22,067 INFO o.a.j.t.JMeterThread: Thread is done: UC7 2-10
2020-09-26 11:38:22,067 INFO o.a.j.t.JMeterThread: Thread finished: UC7 2-10
2020-09-26 11:38:22,087 INFO o.a.j.t.JMeterThread: Thread is done: UC5 1-10
2020-09-26 11:38:22,087 INFO o.a.j.t.JMeterThread: Thread finished: UC5 1-10
2020-09-26 11:38:22,227 INFO o.a.j.t.JMeterThread: Thread is done: UC4 4-10
2020-09-26 11:38:22,227 INFO o.a.j.t.JMeterThread: Thread finished: UC4 4-10
2020-09-26 11:38:22,602 INFO o.a.j.t.JMeterThread: Thread is done: UC3 3-10
2020-09-26 11:38:22,602 INFO o.a.j.t.JMeterThread: Thread finished: UC3 3-10
2020-09-26 11:38:22,789 INFO o.a.j.t.JMeterThread: Thread started: UC5 1-27
2020-09-26 11:38:22,828 INFO o.a.j.t.JMeterThread: Thread started: UC7 2-27
2020-09-26 11:38:22,918 INFO o.a.j.t.JMeterThread: Thread started: UC3 3-27
2020-09-26 11:38:22,955 INFO o.a.j.t.JMeterThread: Thread started: UC4 4-27
2020-09-26 11:38:22,993 INFO o.a.j.t.JMeterThread: Thread is done: UC6 5-10
2020-09-26 11:38:22,993 INFO o.a.j.t.JMeterThread: Thread finished: UC6 5-10
2020-09-26 11:38:23,002 INFO o.a.j.t.JMeterThread: Thread started: UC6 5-27
2020-09-26 11:38:23,222 INFO o.a.j.t.JMeterThread: Thread is done: UC4 4-11
2020-09-26 11:38:23,222 INFO o.a.j.t.JMeterThread: Thread finished: UC4 4-11
2020-09-26 11:38:23,338 INFO o.a.j.t.JMeterThread: Thread is done: UC5 1-11
2020-09-26 11:38:23,338 INFO o.a.j.t.JMeterThread: Thread finished: UC5 1-11
2020-09-26 11:38:23,789 INFO o.a.j.t.JMeterThread: Thread started: UC5 1-28
2020-09-26 11:38:23,828 INFO o.a.j.t.JMeterThread: Thread started: UC7 2-28
2020-09-26 11:38:23,891 INFO o.a.j.t.JMeterThread: Thread started: UC3 3-28
2020-09-26 11:38:23,960 INFO o.a.j.t.JMeterThread: Thread started: UC4 4-28
2020-09-26 11:38:24,001 INFO o.a.j.t.JMeterThread: Thread started: UC6 5-28
2020-09-26 11:38:24,200 INFO o.a.j.t.JMeterThread: Thread is done: UC7 2-11
2020-09-26 11:38:24,200 INFO o.a.j.t.JMeterThread: Thread finished: UC7 2-11
2020-09-26 11:38:24,278 INFO o.a.j.t.JMeterThread: Thread is done: UC6 5-11
2020-09-26 11:38:24,278 INFO o.a.j.t.JMeterThread: Thread finished: UC6 5-11
2020-09-26 11:38:24,788 INFO o.a.j.t.JMeterThread: Thread started: UC5 1-29
2020-09-26 11:38:24,836 INFO o.a.j.t.JMeterThread: Thread started: UC7 2-29
2020-09-26 11:38:24,889 INFO o.a.j.t.JMeterThread: Thread started: UC3 3-29
2020-09-26 11:38:24,957 INFO o.a.j.t.JMeterThread: Thread started: UC4 4-29
2020-09-26 11:38:24,968 INFO o.a.j.t.JMeterThread: Thread is done: UC3 3-11
2020-09-26 11:38:24,968 INFO o.a.j.t.JMeterThread: Thread finished: UC3 3-11
2020-09-26 11:38:25,000 INFO o.a.j.t.JMeterThread: Thread started: UC6 5-29
2020-09-26 11:38:25,789 INFO o.a.j.t.JMeterThread: Thread started: UC5 1-30
2020-09-26 11:38:25,835 INFO o.a.j.t.JMeterThread: Thread started: UC7 2-30
2020-09-26 11:38:25,890 INFO o.a.j.t.JMeterThread: Thread started: UC3 3-30
2020-09-26 11:38:25,956 INFO o.a.j.t.JMeterThread: Thread started: UC4 4-30
2020-09-26 11:38:26,002 INFO o.a.j.t.JMeterThread: Thread started: UC6 5-30
2020-09-26 11:38:26,120 INFO o.a.j.t.JMeterThread: Thread is done: UC4 4-12
2020-09-26 11:38:26,120 INFO o.a.j.t.JMeterThread: Thread finished: UC4 4-12
2020-09-26 11:38:26,264 INFO o.a.j.t.JMeterThread: Thread is done: UC5 1-12
2020-09-26 11:38:26,265 INFO o.a.j.t.JMeterThread: Thread finished: UC5 1-12
2020-09-26 11:38:26,750 INFO o.a.j.t.JMeterThread: Thread is done: UC7 2-12
2020-09-26 11:38:26,750 INFO o.a.j.t.JMeterThread: Thread finished: UC7 2-12
2020-09-26 11:38:27,413 INFO o.a.j.t.JMeterThread: Thread is done: UC3 3-12
2020-09-26 11:38:27,413 INFO o.a.j.t.JMeterThread: Thread finished: UC3 3-12
2020-09-26 11:38:28,015 INFO o.a.j.t.JMeterThread: Thread is done: UC6 5-12
2020-09-26 11:38:28,015 INFO o.a.j.t.JMeterThread: Thread finished: UC6 5-12
2020-09-26 11:38:28,301 INFO o.a.j.t.JMeterThread: Thread is done: UC5 1-13
2020-09-26 11:38:28,301 INFO o.a.j.t.JMeterThread: Thread finished: UC5 1-13
2020-09-26 11:38:28,639 INFO o.a.j.t.JMeterThread: Thread is done: UC3 3-13
2020-09-26 11:38:28,640 INFO o.a.j.t.JMeterThread: Thread finished: UC3 3-13
2020-09-26 11:38:28,668 INFO o.a.j.t.JMeterThread: Thread is done: UC7 2-13
2020-09-26 11:38:28,668 INFO o.a.j.t.JMeterThread: Thread finished: UC7 2-13
2020-09-26 11:38:29,305 INFO o.a.j.t.JMeterThread: Thread is done: UC4 4-13
2020-09-26 11:38:29,305 INFO o.a.j.t.JMeterThread: Thread finished: UC4 4-13
2020-09-26 11:38:29,308 INFO o.a.j.t.JMeterThread: Thread is done: UC6 5-13
2020-09-26 11:38:29,308 INFO o.a.j.t.JMeterThread: Thread finished: UC6 5-13
2020-09-26 11:38:29,756 INFO o.a.j.t.JMeterThread: Thread is done: UC3 3-14
2020-09-26 11:38:29,756 INFO o.a.j.t.JMeterThread: Thread finished: UC3 3-14
2020-09-26 11:38:30,013 INFO o.a.j.r.Summariser: summary +   2961 in 00:00:30 =   98.7/s Avg:   611 Min:    42 Max:  1781 Err:     0 (0.00%) Active: 84 Started: 150 Finished: 66
2020-09-26 11:38:30,014 INFO o.a.j.r.Summariser: summary =   3258 in 00:00:33 =   97.8/s Avg:   563 Min:    20 Max:  1781 Err:     0 (0.00%)
2020-09-26 11:38:30,095 INFO o.a.j.t.JMeterThread: Thread is done: UC5 1-14
2020-09-26 11:38:30,095 INFO o.a.j.t.JMeterThread: Thread finished: UC5 1-14
2020-09-26 11:38:30,482 INFO o.a.j.t.JMeterThread: Thread is done: UC4 4-14
2020-09-26 11:38:30,482 INFO o.a.j.t.JMeterThread: Thread finished: UC4 4-14
2020-09-26 11:38:30,708 INFO o.a.j.t.JMeterThread: Thread is done: UC7 2-14
2020-09-26 11:38:30,708 INFO o.a.j.t.JMeterThread: Thread finished: UC7 2-14
2020-09-26 11:38:31,764 INFO o.a.j.t.JMeterThread: Thread is done: UC3 3-15
2020-09-26 11:38:31,765 INFO o.a.j.t.JMeterThread: Thread finished: UC3 3-15
2020-09-26 11:38:31,900 INFO o.a.j.t.JMeterThread: Thread is done: UC4 4-15
2020-09-26 11:38:31,900 INFO o.a.j.t.JMeterThread: Thread finished: UC4 4-15
2020-09-26 11:38:32,189 INFO o.a.j.t.JMeterThread: Thread is done: UC6 5-14
2020-09-26 11:38:32,189 INFO o.a.j.t.JMeterThread: Thread finished: UC6 5-14
2020-09-26 11:38:32,273 INFO o.a.j.t.JMeterThread: Thread is done: UC5 1-15
2020-09-26 11:38:32,273 INFO o.a.j.t.JMeterThread: Thread finished: UC5 1-15
2020-09-26 11:38:32,410 INFO o.a.j.t.JMeterThread: Thread is done: UC7 2-15
2020-09-26 11:38:32,411 INFO o.a.j.t.JMeterThread: Thread finished: UC7 2-15
2020-09-26 11:38:32,633 INFO o.a.j.t.JMeterThread: Thread is done: UC6 5-15
2020-09-26 11:38:32,634 INFO o.a.j.t.JMeterThread: Thread finished: UC6 5-15
2020-09-26 11:38:33,204 INFO o.a.j.t.JMeterThread: Thread is done: UC5 1-16
2020-09-26 11:38:33,204 INFO o.a.j.t.JMeterThread: Thread finished: UC5 1-16
2020-09-26 11:38:33,406 INFO o.a.j.t.JMeterThread: Thread is done: UC4 4-16
2020-09-26 11:38:33,406 INFO o.a.j.t.JMeterThread: Thread finished: UC4 4-16
2020-09-26 11:38:33,471 INFO o.a.j.t.JMeterThread: Thread is done: UC3 3-16
2020-09-26 11:38:33,471 INFO o.a.j.t.JMeterThread: Thread finished: UC3 3-16
2020-09-26 11:38:33,881 INFO o.a.j.t.JMeterThread: Thread is done: UC6 5-16
2020-09-26 11:38:33,881 INFO o.a.j.t.JMeterThread: Thread finished: UC6 5-16
2020-09-26 11:38:33,928 INFO o.a.j.t.JMeterThread: Thread is done: UC7 2-16
2020-09-26 11:38:33,928 INFO o.a.j.t.JMeterThread: Thread finished: UC7 2-16
2020-09-26 11:38:34,017 INFO o.a.j.t.JMeterThread: Thread is done: UC4 4-17
2020-09-26 11:38:34,017 INFO o.a.j.t.JMeterThread: Thread finished: UC4 4-17
2020-09-26 11:38:34,530 INFO o.a.j.t.JMeterThread: Thread is done: UC3 3-18
2020-09-26 11:38:34,531 INFO o.a.j.t.JMeterThread: Thread finished: UC3 3-18
2020-09-26 11:38:34,540 INFO o.a.j.t.JMeterThread: Thread is done: UC7 2-17
2020-09-26 11:38:34,540 INFO o.a.j.t.JMeterThread: Thread finished: UC7 2-17
2020-09-26 11:38:34,954 INFO o.a.j.t.JMeterThread: Thread is done: UC5 1-17
2020-09-26 11:38:34,955 INFO o.a.j.t.JMeterThread: Thread finished: UC5 1-17
2020-09-26 11:38:34,972 INFO o.a.j.t.JMeterThread: Thread is done: UC3 3-17
2020-09-26 11:38:34,973 INFO o.a.j.t.JMeterThread: Thread finished: UC3 3-17
2020-09-26 11:38:35,334 INFO o.a.j.t.JMeterThread: Thread is done: UC7 2-18
2020-09-26 11:38:35,335 INFO o.a.j.t.JMeterThread: Thread finished: UC7 2-18
2020-09-26 11:38:35,354 INFO o.a.j.t.JMeterThread: Thread is done: UC6 5-17
2020-09-26 11:38:35,354 INFO o.a.j.t.JMeterThread: Thread finished: UC6 5-17
2020-09-26 11:38:36,105 INFO o.a.j.t.JMeterThread: Thread is done: UC4 4-18
2020-09-26 11:38:36,105 INFO o.a.j.t.JMeterThread: Thread finished: UC4 4-18
2020-09-26 11:38:36,112 INFO o.a.j.t.JMeterThread: Thread is done: UC3 3-19
2020-09-26 11:38:36,112 INFO o.a.j.t.JMeterThread: Thread finished: UC3 3-19
2020-09-26 11:38:36,169 INFO o.a.j.t.JMeterThread: Thread is done: UC5 1-18
2020-09-26 11:38:36,170 INFO o.a.j.t.JMeterThread: Thread finished: UC5 1-18
2020-09-26 11:38:36,291 INFO o.a.j.t.JMeterThread: Thread is done: UC6 5-18
2020-09-26 11:38:36,292 INFO o.a.j.t.JMeterThread: Thread finished: UC6 5-18
2020-09-26 11:38:36,479 INFO o.a.j.t.JMeterThread: Thread is done: UC7 2-20
2020-09-26 11:38:36,479 INFO o.a.j.t.JMeterThread: Thread finished: UC7 2-20
2020-09-26 11:38:36,564 INFO o.a.j.t.JMeterThread: Thread is done: UC4 4-19
2020-09-26 11:38:36,564 INFO o.a.j.t.JMeterThread: Thread finished: UC4 4-19
2020-09-26 11:38:36,820 INFO o.a.j.t.JMeterThread: Thread is done: UC3 3-20
2020-09-26 11:38:36,820 INFO o.a.j.t.JMeterThread: Thread finished: UC3 3-20
2020-09-26 11:38:36,896 INFO o.a.j.t.JMeterThread: Thread is done: UC5 1-19
2020-09-26 11:38:36,896 INFO o.a.j.t.JMeterThread: Thread finished: UC5 1-19
2020-09-26 11:38:36,957 INFO o.a.j.t.JMeterThread: Thread is done: UC7 2-19
2020-09-26 11:38:36,958 INFO o.a.j.t.JMeterThread: Thread finished: UC7 2-19
2020-09-26 11:38:37,124 INFO o.a.j.t.JMeterThread: Thread is done: UC6 5-20
2020-09-26 11:38:37,124 INFO o.a.j.t.JMeterThread: Thread finished: UC6 5-20
2020-09-26 11:38:37,291 INFO o.a.j.t.JMeterThread: Thread is done: UC4 4-20
2020-09-26 11:38:37,291 INFO o.a.j.t.JMeterThread: Thread finished: UC4 4-20
2020-09-26 11:38:37,808 INFO o.a.j.t.JMeterThread: Thread is done: UC6 5-19
2020-09-26 11:38:37,808 INFO o.a.j.t.JMeterThread: Thread finished: UC6 5-19
2020-09-26 11:38:37,809 INFO o.a.j.t.JMeterThread: Thread is done: UC5 1-20
2020-09-26 11:38:37,809 INFO o.a.j.t.JMeterThread: Thread finished: UC5 1-20
2020-09-26 11:38:37,991 INFO o.a.j.t.JMeterThread: Thread is done: UC7 2-21
2020-09-26 11:38:37,991 INFO o.a.j.t.JMeterThread: Thread finished: UC7 2-21
2020-09-26 11:38:38,100 INFO o.a.j.t.JMeterThread: Thread is done: UC5 1-21
2020-09-26 11:38:38,101 INFO o.a.j.t.JMeterThread: Thread finished: UC5 1-21
2020-09-26 11:38:38,181 INFO o.a.j.t.JMeterThread: Thread is done: UC3 3-21
2020-09-26 11:38:38,181 INFO o.a.j.t.JMeterThread: Thread finished: UC3 3-21
2020-09-26 11:38:38,274 INFO o.a.j.t.JMeterThread: Thread is done: UC6 5-21
2020-09-26 11:38:38,275 INFO o.a.j.t.JMeterThread: Thread finished: UC6 5-21
2020-09-26 11:38:38,695 INFO o.a.j.t.JMeterThread: Thread is done: UC4 4-22
2020-09-26 11:38:38,695 INFO o.a.j.t.JMeterThread: Thread finished: UC4 4-22
2020-09-26 11:38:38,779 INFO o.a.j.t.JMeterThread: Thread is done: UC7 2-22
2020-09-26 11:38:38,779 INFO o.a.j.t.JMeterThread: Thread finished: UC7 2-22
2020-09-26 11:38:38,828 INFO o.a.j.t.JMeterThread: Thread is done: UC4 4-21
2020-09-26 11:38:38,828 INFO o.a.j.t.JMeterThread: Thread finished: UC4 4-21
2020-09-26 11:38:38,924 INFO o.a.j.t.JMeterThread: Thread is done: UC6 5-22
2020-09-26 11:38:38,924 INFO o.a.j.t.JMeterThread: Thread finished: UC6 5-22
2020-09-26 11:38:38,945 INFO o.a.j.t.JMeterThread: Thread is done: UC5 1-22
2020-09-26 11:38:38,945 INFO o.a.j.t.JMeterThread: Thread finished: UC5 1-22
2020-09-26 11:38:38,971 INFO o.a.j.t.JMeterThread: Thread is done: UC3 3-23
2020-09-26 11:38:38,971 INFO o.a.j.t.JMeterThread: Thread finished: UC3 3-23
2020-09-26 11:38:39,284 INFO o.a.j.t.JMeterThread: Thread is done: UC3 3-22
2020-09-26 11:38:39,284 INFO o.a.j.t.JMeterThread: Thread finished: UC3 3-22
2020-09-26 11:38:39,463 INFO o.a.j.t.JMeterThread: Thread is done: UC7 2-23
2020-09-26 11:38:39,463 INFO o.a.j.t.JMeterThread: Thread finished: UC7 2-23
2020-09-26 11:38:39,515 INFO o.a.j.t.JMeterThread: Thread is done: UC4 4-23
2020-09-26 11:38:39,515 INFO o.a.j.t.JMeterThread: Thread finished: UC4 4-23
2020-09-26 11:38:39,626 INFO o.a.j.t.JMeterThread: Thread is done: UC7 2-24
2020-09-26 11:38:39,626 INFO o.a.j.t.JMeterThread: Thread finished: UC7 2-24
2020-09-26 11:38:39,676 INFO o.a.j.t.JMeterThread: Thread is done: UC5 1-23
2020-09-26 11:38:39,676 INFO o.a.j.t.JMeterThread: Thread finished: UC5 1-23
2020-09-26 11:38:39,707 INFO o.a.j.t.JMeterThread: Thread is done: UC4 4-25
2020-09-26 11:38:39,707 INFO o.a.j.t.JMeterThread: Thread finished: UC4 4-25
2020-09-26 11:38:39,924 INFO o.a.j.t.JMeterThread: Thread is done: UC4 4-24
2020-09-26 11:38:39,924 INFO o.a.j.t.JMeterThread: Thread finished: UC4 4-24
2020-09-26 11:38:39,932 INFO o.a.j.t.JMeterThread: Thread is done: UC5 1-25
2020-09-26 11:38:39,932 INFO o.a.j.t.JMeterThread: Thread finished: UC5 1-25
2020-09-26 11:38:39,960 INFO o.a.j.t.JMeterThread: Thread is done: UC6 5-24
2020-09-26 11:38:39,960 INFO o.a.j.t.JMeterThread: Thread finished: UC6 5-24
2020-09-26 11:38:39,993 INFO o.a.j.t.JMeterThread: Thread is done: UC3 3-24
2020-09-26 11:38:39,993 INFO o.a.j.t.JMeterThread: Thread finished: UC3 3-24
2020-09-26 11:38:40,021 INFO o.a.j.t.JMeterThread: Thread is done: UC6 5-23
2020-09-26 11:38:40,021 INFO o.a.j.t.JMeterThread: Thread finished: UC6 5-23
2020-09-26 11:38:40,222 INFO o.a.j.t.JMeterThread: Thread is done: UC3 3-25
2020-09-26 11:38:40,222 INFO o.a.j.t.JMeterThread: Thread finished: UC3 3-25
2020-09-26 11:38:40,347 INFO o.a.j.t.JMeterThread: Thread is done: UC5 1-24
2020-09-26 11:38:40,347 INFO o.a.j.t.JMeterThread: Thread finished: UC5 1-24
2020-09-26 11:38:40,358 INFO o.a.j.t.JMeterThread: Thread is done: UC7 2-25
2020-09-26 11:38:40,359 INFO o.a.j.t.JMeterThread: Thread finished: UC7 2-25
2020-09-26 11:38:40,483 INFO o.a.j.t.JMeterThread: Thread is done: UC6 5-25
2020-09-26 11:38:40,483 INFO o.a.j.t.JMeterThread: Thread finished: UC6 5-25
2020-09-26 11:38:40,553 INFO o.a.j.t.JMeterThread: Thread is done: UC3 3-26
2020-09-26 11:38:40,553 INFO o.a.j.t.JMeterThread: Thread finished: UC3 3-26
2020-09-26 11:38:40,733 INFO o.a.j.t.JMeterThread: Thread is done: UC6 5-26
2020-09-26 11:38:40,733 INFO o.a.j.t.JMeterThread: Thread finished: UC6 5-26
2020-09-26 11:38:40,798 INFO o.a.j.t.JMeterThread: Thread is done: UC4 4-27
2020-09-26 11:38:40,799 INFO o.a.j.t.JMeterThread: Thread finished: UC4 4-27
2020-09-26 11:38:40,821 INFO o.a.j.t.JMeterThread: Thread is done: UC4 4-26
2020-09-26 11:38:40,821 INFO o.a.j.t.JMeterThread: Thread finished: UC4 4-26
2020-09-26 11:38:40,834 INFO o.a.j.t.JMeterThread: Thread is done: UC5 1-27
2020-09-26 11:38:40,834 INFO o.a.j.t.JMeterThread: Thread finished: UC5 1-27
2020-09-26 11:38:40,979 INFO o.a.j.t.JMeterThread: Thread is done: UC5 1-26
2020-09-26 11:38:40,979 INFO o.a.j.t.JMeterThread: Thread finished: UC5 1-26
2020-09-26 11:38:40,984 INFO o.a.j.t.JMeterThread: Thread is done: UC7 2-26
2020-09-26 11:38:40,984 INFO o.a.j.t.JMeterThread: Thread finished: UC7 2-26
2020-09-26 11:38:41,111 INFO o.a.j.t.JMeterThread: Thread is done: UC3 3-27
2020-09-26 11:38:41,111 INFO o.a.j.t.JMeterThread: Thread finished: UC3 3-27
2020-09-26 11:38:41,113 INFO o.a.j.t.JMeterThread: Thread is done: UC6 5-27
2020-09-26 11:38:41,114 INFO o.a.j.t.JMeterThread: Thread finished: UC6 5-27
2020-09-26 11:38:41,140 INFO o.a.j.t.JMeterThread: Thread is done: UC7 2-27
2020-09-26 11:38:41,141 INFO o.a.j.t.JMeterThread: Thread finished: UC7 2-27
2020-09-26 11:38:41,212 INFO o.a.j.t.JMeterThread: Thread is done: UC5 1-28
2020-09-26 11:38:41,212 INFO o.a.j.t.JMeterThread: Thread finished: UC5 1-28
2020-09-26 11:38:41,293 INFO o.a.j.t.JMeterThread: Thread is done: UC3 3-28
2020-09-26 11:38:41,294 INFO o.a.j.t.JMeterThread: Thread finished: UC3 3-28
2020-09-26 11:38:41,325 INFO o.a.j.t.JMeterThread: Thread is done: UC7 2-29
2020-09-26 11:38:41,325 INFO o.a.j.t.JMeterThread: Thread finished: UC7 2-29
2020-09-26 11:38:41,346 INFO o.a.j.t.JMeterThread: Thread is done: UC7 2-28
2020-09-26 11:38:41,346 INFO o.a.j.t.JMeterThread: Thread finished: UC7 2-28
2020-09-26 11:38:41,358 INFO o.a.j.t.JMeterThread: Thread is done: UC4 4-28
2020-09-26 11:38:41,358 INFO o.a.j.t.JMeterThread: Thread finished: UC4 4-28
2020-09-26 11:38:41,358 INFO o.a.j.t.JMeterThread: Thread is done: UC5 1-29
2020-09-26 11:38:41,359 INFO o.a.j.t.JMeterThread: Thread finished: UC5 1-29
2020-09-26 11:38:41,374 INFO o.a.j.t.JMeterThread: Thread is done: UC3 3-29
2020-09-26 11:38:41,374 INFO o.a.j.t.JMeterThread: Thread finished: UC3 3-29
2020-09-26 11:38:41,411 INFO o.a.j.t.JMeterThread: Thread is done: UC6 5-28
2020-09-26 11:38:41,411 INFO o.a.j.t.JMeterThread: Thread finished: UC6 5-28
2020-09-26 11:38:41,420 INFO o.a.j.t.JMeterThread: Thread is done: UC7 2-30
2020-09-26 11:38:41,420 INFO o.a.j.t.JMeterThread: Thread finished: UC7 2-30
2020-09-26 11:38:41,430 INFO o.a.j.t.JMeterThread: Thread is done: UC4 4-29
2020-09-26 11:38:41,430 INFO o.a.j.t.JMeterThread: Thread finished: UC4 4-29
2020-09-26 11:38:41,436 INFO o.a.j.t.JMeterThread: Thread is done: UC6 5-30
2020-09-26 11:38:41,436 INFO o.a.j.t.JMeterThread: Thread finished: UC6 5-30
2020-09-26 11:38:41,445 INFO o.a.j.t.JMeterThread: Thread is done: UC4 4-30
2020-09-26 11:38:41,445 INFO o.a.j.t.JMeterThread: Thread finished: UC4 4-30
2020-09-26 11:38:41,452 INFO o.a.j.t.JMeterThread: Thread is done: UC5 1-30
2020-09-26 11:38:41,453 INFO o.a.j.t.JMeterThread: Thread finished: UC5 1-30
2020-09-26 11:38:41,462 INFO o.a.j.t.JMeterThread: Thread is done: UC6 5-29
2020-09-26 11:38:41,462 INFO o.a.j.t.JMeterThread: Thread finished: UC6 5-29
2020-09-26 11:38:41,466 INFO o.a.j.t.JMeterThread: Thread is done: UC3 3-30
2020-09-26 11:38:41,466 INFO o.a.j.t.JMeterThread: Thread finished: UC3 3-30
2020-09-26 11:38:41,467 INFO o.a.j.e.StandardJMeterEngine: Notifying test listeners of end of test
2020-09-26 11:38:41,468 INFO o.a.j.r.Summariser: summary +   1242 in 00:00:11 =  108.4/s Avg:   564 Min:    24 Max:  1394 Err:     0 (0.00%) Active: 0 Started: 150 Finished: 150
2020-09-26 11:38:41,468 INFO o.a.j.r.Summariser: summary =   4500 in 00:00:45 =  100.6/s Avg:   564 Min:    20 Max:  1781 Err:     0 (0.00%)
