2020-10-19 19:57:25,098 INFO o.a.j.u.JMeterUtils: Setting Locale to en_US
2020-10-19 19:57:25,156 INFO o.a.j.JMeter: Loading user properties from: /home/gabrielkovacs/jmeter/apache-jmeter-5.3/bin/user.properties
2020-10-19 19:57:25,157 INFO o.a.j.JMeter: Loading system properties from: /home/gabrielkovacs/jmeter/apache-jmeter-5.3/bin/system.properties
2020-10-19 19:57:25,159 INFO o.a.j.JMeter: Copyright (c) 1998-2020 The Apache Software Foundation
2020-10-19 19:57:25,161 INFO o.a.j.JMeter: Version 5.3
2020-10-19 19:57:25,162 INFO o.a.j.JMeter: java.version=11.0.8
2020-10-19 19:57:25,162 INFO o.a.j.JMeter: java.vm.name=OpenJDK 64-Bit Server VM
2020-10-19 19:57:25,162 INFO o.a.j.JMeter: os.name=Linux
2020-10-19 19:57:25,162 INFO o.a.j.JMeter: os.arch=amd64
2020-10-19 19:57:25,162 INFO o.a.j.JMeter: os.version=5.3.0-59-generic
2020-10-19 19:57:25,162 INFO o.a.j.JMeter: file.encoding=UTF-8
2020-10-19 19:57:25,163 INFO o.a.j.JMeter: java.awt.headless=true
2020-10-19 19:57:25,163 INFO o.a.j.JMeter: Max memory     =4198498304
2020-10-19 19:57:25,163 INFO o.a.j.JMeter: Available Processors =2
2020-10-19 19:57:25,178 INFO o.a.j.JMeter: Default Locale=English (United States)
2020-10-19 19:57:25,182 INFO o.a.j.JMeter: JMeter  Locale=English (United States)
2020-10-19 19:57:25,182 INFO o.a.j.JMeter: JMeterHome=/home/gabrielkovacs/jmeter/apache-jmeter-5.3
2020-10-19 19:57:25,182 INFO o.a.j.JMeter: user.dir  =/home/gabrielkovacs/jmeter/pub_sub_1_to_1_db_distributed
2020-10-19 19:57:25,183 INFO o.a.j.JMeter: PWD       =/home/gabrielkovacs/jmeter/pub_sub_1_to_1_db_distributed
2020-10-19 19:57:25,184 INFO o.a.j.JMeter: IP: 127.0.1.1 Name: swa-gabrielkovacs FullName: swa-gabrielkovacs
2020-10-19 19:57:25,197 INFO o.a.j.s.FileServer: Default base='/home/gabrielkovacs/jmeter/pub_sub_1_to_1_db_distributed'
2020-10-19 19:57:25,200 INFO o.a.j.s.FileServer: Set new base='/home/gabrielkovacs/jmeter/pub_sub_1_to_1_db_distributed'
2020-10-19 19:57:25,517 INFO o.a.j.s.SaveService: Testplan (JMX) version: 2.2. Testlog (JTL) version: 2.2
2020-10-19 19:57:25,592 INFO o.a.j.s.SaveService: Using SaveService properties version 5.0
2020-10-19 19:57:25,601 INFO o.a.j.s.SaveService: Using SaveService properties file encoding UTF-8
2020-10-19 19:57:25,614 INFO o.a.j.s.SaveService: Loading file: SR_OP&ROP_DR_1_0_300.jmx
2020-10-19 19:57:25,705 INFO o.a.j.p.h.s.HTTPSamplerBase: Parser for text/html is org.apache.jmeter.protocol.http.parser.LagartoBasedHtmlParser
2020-10-19 19:57:25,705 INFO o.a.j.p.h.s.HTTPSamplerBase: Parser for application/xhtml+xml is org.apache.jmeter.protocol.http.parser.LagartoBasedHtmlParser
2020-10-19 19:57:25,705 INFO o.a.j.p.h.s.HTTPSamplerBase: Parser for application/xml is org.apache.jmeter.protocol.http.parser.LagartoBasedHtmlParser
2020-10-19 19:57:25,706 INFO o.a.j.p.h.s.HTTPSamplerBase: Parser for text/xml is org.apache.jmeter.protocol.http.parser.LagartoBasedHtmlParser
2020-10-19 19:57:25,707 INFO o.a.j.p.h.s.HTTPSamplerBase: Parser for text/vnd.wap.wml is org.apache.jmeter.protocol.http.parser.RegexpHTMLParser
2020-10-19 19:57:25,707 INFO o.a.j.p.h.s.HTTPSamplerBase: Parser for text/css is org.apache.jmeter.protocol.http.parser.CssParser
2020-10-19 19:57:25,805 INFO o.a.j.JMeter: Creating summariser <summary>
2020-10-19 19:57:25,818 INFO o.a.j.e.StandardJMeterEngine: Running the test!
2020-10-19 19:57:25,819 INFO o.a.j.s.SampleEvent: List of sample_variables: [uuid]
2020-10-19 19:57:25,820 INFO o.a.j.s.SampleEvent: List of sample_variables: [uuid]
2020-10-19 19:57:25,842 INFO o.a.j.e.u.CompoundVariable: Note: Function class names must contain the string: '.functions.'
2020-10-19 19:57:25,842 INFO o.a.j.e.u.CompoundVariable: Note: Function class names must not contain the string: '.gui.'
2020-10-19 19:57:26,476 INFO o.a.j.JMeter: Running test (1603130246476)
2020-10-19 19:57:26,541 INFO o.a.j.e.StandardJMeterEngine: Starting ThreadGroup: 1 : UC5
2020-10-19 19:57:26,542 INFO o.a.j.e.StandardJMeterEngine: Starting 1 threads for group UC5.
2020-10-19 19:57:26,542 INFO o.a.j.e.StandardJMeterEngine: Thread will continue on error
2020-10-19 19:57:26,542 INFO o.a.j.t.ThreadGroup: Starting thread group... number=1 threads=1 ramp-up=0 delayedStart=false
2020-10-19 19:57:26,555 INFO o.a.j.t.ThreadGroup: Started thread group number 1
2020-10-19 19:57:26,556 INFO o.a.j.e.StandardJMeterEngine: Starting ThreadGroup: 2 : UC7
2020-10-19 19:57:26,558 INFO o.a.j.e.StandardJMeterEngine: Starting 1 threads for group UC7.
2020-10-19 19:57:26,559 INFO o.a.j.e.StandardJMeterEngine: Thread will continue on error
2020-10-19 19:57:26,560 INFO o.a.j.t.ThreadGroup: Starting thread group... number=2 threads=1 ramp-up=0 delayedStart=false
2020-10-19 19:57:26,564 INFO o.a.j.t.ThreadGroup: Started thread group number 2
2020-10-19 19:57:26,565 INFO o.a.j.e.StandardJMeterEngine: Starting ThreadGroup: 3 : UC3
2020-10-19 19:57:26,565 INFO o.a.j.e.StandardJMeterEngine: Starting 1 threads for group UC3.
2020-10-19 19:57:26,565 INFO o.a.j.e.StandardJMeterEngine: Thread will continue on error
2020-10-19 19:57:26,565 INFO o.a.j.t.ThreadGroup: Starting thread group... number=3 threads=1 ramp-up=0 delayedStart=false
2020-10-19 19:57:26,567 INFO o.a.j.t.ThreadGroup: Started thread group number 3
2020-10-19 19:57:26,567 INFO o.a.j.e.StandardJMeterEngine: Starting ThreadGroup: 4 : UC4
2020-10-19 19:57:26,568 INFO o.a.j.e.StandardJMeterEngine: Starting 1 threads for group UC4.
2020-10-19 19:57:26,568 INFO o.a.j.e.StandardJMeterEngine: Thread will continue on error
2020-10-19 19:57:26,568 INFO o.a.j.t.ThreadGroup: Starting thread group... number=4 threads=1 ramp-up=0 delayedStart=false
2020-10-19 19:57:26,569 INFO o.a.j.t.ThreadGroup: Started thread group number 4
2020-10-19 19:57:26,570 INFO o.a.j.e.StandardJMeterEngine: Starting ThreadGroup: 5 : UC6
2020-10-19 19:57:26,570 INFO o.a.j.e.StandardJMeterEngine: Starting 1 threads for group UC6.
2020-10-19 19:57:26,570 INFO o.a.j.e.StandardJMeterEngine: Thread will continue on error
2020-10-19 19:57:26,570 INFO o.a.j.t.ThreadGroup: Starting thread group... number=5 threads=1 ramp-up=0 delayedStart=false
2020-10-19 19:57:26,571 INFO o.a.j.t.ThreadGroup: Started thread group number 5
2020-10-19 19:57:26,571 INFO o.a.j.e.StandardJMeterEngine: All thread groups have been started
2020-10-19 19:57:26,579 INFO o.a.j.t.JMeterThread: Thread started: UC4 4-1
2020-10-19 19:57:26,583 INFO o.a.j.t.JMeterThread: Thread started: UC5 1-1
2020-10-19 19:57:26,585 INFO o.a.j.t.JMeterThread: Thread started: UC3 3-1
2020-10-19 19:57:26,586 INFO o.a.j.t.JMeterThread: Thread started: UC6 5-1
2020-10-19 19:57:26,588 INFO o.a.j.t.JMeterThread: Thread started: UC7 2-1
2020-10-19 19:57:26,607 INFO o.a.j.p.h.s.HTTPJavaImpl: Maximum connection retries = 0
2020-10-19 19:57:26,609 INFO o.a.j.s.SampleResult: Note: Sample TimeStamps are START times
2020-10-19 19:57:26,609 INFO o.a.j.s.SampleResult: sampleresult.default.encoding is set to ISO-8859-1
2020-10-19 19:57:26,610 INFO o.a.j.s.SampleResult: sampleresult.useNanoTime=true
2020-10-19 19:57:26,610 INFO o.a.j.s.SampleResult: sampleresult.nanoThreadSleep=5000
2020-10-19 19:57:30,002 INFO o.a.j.r.Summariser: summary +    351 in 00:00:04 =   99.6/s Avg:    46 Min:    16 Max:   108 Err:     0 (0.00%) Active: 5 Started: 5 Finished: 0
2020-10-19 19:57:39,386 INFO o.a.j.t.JMeterThread: Thread is done: UC4 4-1
2020-10-19 19:57:39,386 INFO o.a.j.t.JMeterThread: Thread finished: UC4 4-1
2020-10-19 19:57:39,565 INFO o.a.j.t.JMeterThread: Thread is done: UC3 3-1
2020-10-19 19:57:39,565 INFO o.a.j.t.JMeterThread: Thread finished: UC3 3-1
2020-10-19 19:57:39,575 INFO o.a.j.t.JMeterThread: Thread is done: UC6 5-1
2020-10-19 19:57:39,575 INFO o.a.j.t.JMeterThread: Thread finished: UC6 5-1
2020-10-19 19:57:39,637 INFO o.a.j.t.JMeterThread: Thread is done: UC7 2-1
2020-10-19 19:57:39,637 INFO o.a.j.t.JMeterThread: Thread finished: UC7 2-1
2020-10-19 19:57:39,753 INFO o.a.j.t.JMeterThread: Thread is done: UC5 1-1
2020-10-19 19:57:39,753 INFO o.a.j.t.JMeterThread: Thread finished: UC5 1-1
2020-10-19 19:57:39,755 INFO o.a.j.e.StandardJMeterEngine: Notifying test listeners of end of test
2020-10-19 19:57:39,757 INFO o.a.j.r.Summariser: summary +   1149 in 00:00:10 =  117.8/s Avg:    41 Min:    11 Max:   747 Err:     0 (0.00%) Active: 0 Started: 5 Finished: 5
2020-10-19 19:57:39,758 INFO o.a.j.r.Summariser: summary =   1500 in 00:00:13 =  112.9/s Avg:    42 Min:    11 Max:   747 Err:     0 (0.00%)
