2020-10-17 14:13:04,839 INFO o.a.j.u.JMeterUtils: Setting Locale to en_US
2020-10-17 14:13:04,873 INFO o.a.j.JMeter: Loading user properties from: /home/gabrielkovacs/jmeter/apache-jmeter-5.3/bin/user.properties
2020-10-17 14:13:04,874 INFO o.a.j.JMeter: Loading system properties from: /home/gabrielkovacs/jmeter/apache-jmeter-5.3/bin/system.properties
2020-10-17 14:13:04,876 INFO o.a.j.JMeter: Copyright (c) 1998-2020 The Apache Software Foundation
2020-10-17 14:13:04,877 INFO o.a.j.JMeter: Version 5.3
2020-10-17 14:13:04,877 INFO o.a.j.JMeter: java.version=11.0.8
2020-10-17 14:13:04,877 INFO o.a.j.JMeter: java.vm.name=OpenJDK 64-Bit Server VM
2020-10-17 14:13:04,877 INFO o.a.j.JMeter: os.name=Linux
2020-10-17 14:13:04,877 INFO o.a.j.JMeter: os.arch=amd64
2020-10-17 14:13:04,877 INFO o.a.j.JMeter: os.version=5.3.0-59-generic
2020-10-17 14:13:04,878 INFO o.a.j.JMeter: file.encoding=UTF-8
2020-10-17 14:13:04,878 INFO o.a.j.JMeter: java.awt.headless=true
2020-10-17 14:13:04,878 INFO o.a.j.JMeter: Max memory     =4198498304
2020-10-17 14:13:04,878 INFO o.a.j.JMeter: Available Processors =2
2020-10-17 14:13:04,890 INFO o.a.j.JMeter: Default Locale=English (United States)
2020-10-17 14:13:04,890 INFO o.a.j.JMeter: JMeter  Locale=English (United States)
2020-10-17 14:13:04,890 INFO o.a.j.JMeter: JMeterHome=/home/gabrielkovacs/jmeter/apache-jmeter-5.3
2020-10-17 14:13:04,891 INFO o.a.j.JMeter: user.dir  =/home/gabrielkovacs/jmeter/pub_sub_1_to_1_db_distributed
2020-10-17 14:13:04,891 INFO o.a.j.JMeter: PWD       =/home/gabrielkovacs/jmeter/pub_sub_1_to_1_db_distributed
2020-10-17 14:13:04,891 INFO o.a.j.JMeter: IP: 127.0.1.1 Name: swa-gabrielkovacs FullName: swa-gabrielkovacs
2020-10-17 14:13:04,900 INFO o.a.j.s.FileServer: Default base='/home/gabrielkovacs/jmeter/pub_sub_1_to_1_db_distributed'
2020-10-17 14:13:04,903 INFO o.a.j.s.FileServer: Set new base='/home/gabrielkovacs/jmeter/pub_sub_1_to_1_db_distributed'
2020-10-17 14:13:05,143 INFO o.a.j.s.SaveService: Testplan (JMX) version: 2.2. Testlog (JTL) version: 2.2
2020-10-17 14:13:05,194 INFO o.a.j.s.SaveService: Using SaveService properties version 5.0
2020-10-17 14:13:05,200 INFO o.a.j.s.SaveService: Using SaveService properties file encoding UTF-8
2020-10-17 14:13:05,206 INFO o.a.j.s.SaveService: Loading file: SR_OP&ROP_DR_2_20_300.jmx
2020-10-17 14:13:05,268 INFO o.a.j.p.h.s.HTTPSamplerBase: Parser for text/html is org.apache.jmeter.protocol.http.parser.LagartoBasedHtmlParser
2020-10-17 14:13:05,268 INFO o.a.j.p.h.s.HTTPSamplerBase: Parser for application/xhtml+xml is org.apache.jmeter.protocol.http.parser.LagartoBasedHtmlParser
2020-10-17 14:13:05,268 INFO o.a.j.p.h.s.HTTPSamplerBase: Parser for application/xml is org.apache.jmeter.protocol.http.parser.LagartoBasedHtmlParser
2020-10-17 14:13:05,269 INFO o.a.j.p.h.s.HTTPSamplerBase: Parser for text/xml is org.apache.jmeter.protocol.http.parser.LagartoBasedHtmlParser
2020-10-17 14:13:05,269 INFO o.a.j.p.h.s.HTTPSamplerBase: Parser for text/vnd.wap.wml is org.apache.jmeter.protocol.http.parser.RegexpHTMLParser
2020-10-17 14:13:05,269 INFO o.a.j.p.h.s.HTTPSamplerBase: Parser for text/css is org.apache.jmeter.protocol.http.parser.CssParser
2020-10-17 14:13:05,332 INFO o.a.j.JMeter: Creating summariser <summary>
2020-10-17 14:13:05,343 INFO o.a.j.e.StandardJMeterEngine: Running the test!
2020-10-17 14:13:05,348 INFO o.a.j.s.SampleEvent: List of sample_variables: []
2020-10-17 14:13:05,348 INFO o.a.j.s.SampleEvent: List of sample_variables: []
2020-10-17 14:13:05,364 INFO o.a.j.e.u.CompoundVariable: Note: Function class names must contain the string: '.functions.'
2020-10-17 14:13:05,364 INFO o.a.j.e.u.CompoundVariable: Note: Function class names must not contain the string: '.gui.'
2020-10-17 14:13:05,885 INFO o.a.j.JMeter: Running test (1602936785885)
2020-10-17 14:13:05,922 INFO o.a.j.e.StandardJMeterEngine: Starting ThreadGroup: 1 : UC5
2020-10-17 14:13:05,922 INFO o.a.j.e.StandardJMeterEngine: Starting 2 threads for group UC5.
2020-10-17 14:13:05,922 INFO o.a.j.e.StandardJMeterEngine: Thread will continue on error
2020-10-17 14:13:05,922 INFO o.a.j.t.ThreadGroup: Starting thread group... number=1 threads=2 ramp-up=20 delayedStart=false
2020-10-17 14:13:05,939 INFO o.a.j.t.ThreadGroup: Started thread group number 1
2020-10-17 14:13:05,939 INFO o.a.j.e.StandardJMeterEngine: Starting ThreadGroup: 2 : UC7
2020-10-17 14:13:05,940 INFO o.a.j.e.StandardJMeterEngine: Starting 2 threads for group UC7.
2020-10-17 14:13:05,940 INFO o.a.j.e.StandardJMeterEngine: Thread will continue on error
2020-10-17 14:13:05,940 INFO o.a.j.t.ThreadGroup: Starting thread group... number=2 threads=2 ramp-up=20 delayedStart=false
2020-10-17 14:13:05,943 INFO o.a.j.t.ThreadGroup: Started thread group number 2
2020-10-17 14:13:05,943 INFO o.a.j.e.StandardJMeterEngine: Starting ThreadGroup: 3 : UC3
2020-10-17 14:13:05,944 INFO o.a.j.e.StandardJMeterEngine: Starting 2 threads for group UC3.
2020-10-17 14:13:05,944 INFO o.a.j.e.StandardJMeterEngine: Thread will continue on error
2020-10-17 14:13:05,944 INFO o.a.j.t.ThreadGroup: Starting thread group... number=3 threads=2 ramp-up=20 delayedStart=false
2020-10-17 14:13:05,952 INFO o.a.j.t.JMeterThread: Thread started: UC5 1-1
2020-10-17 14:13:05,963 INFO o.a.j.t.ThreadGroup: Started thread group number 3
2020-10-17 14:13:05,963 INFO o.a.j.e.StandardJMeterEngine: Starting ThreadGroup: 4 : UC4
2020-10-17 14:13:05,964 INFO o.a.j.e.StandardJMeterEngine: Starting 2 threads for group UC4.
2020-10-17 14:13:05,964 INFO o.a.j.e.StandardJMeterEngine: Thread will continue on error
2020-10-17 14:13:05,964 INFO o.a.j.t.ThreadGroup: Starting thread group... number=4 threads=2 ramp-up=20 delayedStart=false
2020-10-17 14:13:05,966 INFO o.a.j.t.ThreadGroup: Started thread group number 4
2020-10-17 14:13:05,966 INFO o.a.j.e.StandardJMeterEngine: Starting ThreadGroup: 5 : UC6
2020-10-17 14:13:05,966 INFO o.a.j.e.StandardJMeterEngine: Starting 2 threads for group UC6.
2020-10-17 14:13:05,967 INFO o.a.j.e.StandardJMeterEngine: Thread will continue on error
2020-10-17 14:13:05,967 INFO o.a.j.t.ThreadGroup: Starting thread group... number=5 threads=2 ramp-up=20 delayedStart=false
2020-10-17 14:13:05,985 INFO o.a.j.t.JMeterThread: Thread started: UC7 2-1
2020-10-17 14:13:05,986 INFO o.a.j.t.JMeterThread: Thread started: UC3 3-1
2020-10-17 14:13:05,983 INFO o.a.j.t.JMeterThread: Thread started: UC4 4-1
2020-10-17 14:13:05,987 INFO o.a.j.t.JMeterThread: Thread started: UC6 5-1
2020-10-17 14:13:05,990 INFO o.a.j.t.ThreadGroup: Started thread group number 5
2020-10-17 14:13:05,990 INFO o.a.j.e.StandardJMeterEngine: All thread groups have been started
2020-10-17 14:13:06,010 INFO o.a.j.p.h.s.HTTPJavaImpl: Maximum connection retries = 0
2020-10-17 14:13:06,012 INFO o.a.j.s.SampleResult: Note: Sample TimeStamps are START times
2020-10-17 14:13:06,012 INFO o.a.j.s.SampleResult: sampleresult.default.encoding is set to ISO-8859-1
2020-10-17 14:13:06,012 INFO o.a.j.s.SampleResult: sampleresult.useNanoTime=true
2020-10-17 14:13:06,013 INFO o.a.j.s.SampleResult: sampleresult.nanoThreadSleep=5000
2020-10-17 14:13:15,972 INFO o.a.j.t.JMeterThread: Thread started: UC3 3-2
2020-10-17 14:13:15,972 INFO o.a.j.t.JMeterThread: Thread started: UC5 1-2
2020-10-17 14:13:15,982 INFO o.a.j.t.JMeterThread: Thread started: UC7 2-2
2020-10-17 14:13:15,983 INFO o.a.j.t.JMeterThread: Thread started: UC6 5-2
2020-10-17 14:13:15,986 INFO o.a.j.t.JMeterThread: Thread started: UC4 4-2
2020-10-17 14:13:23,004 INFO o.a.j.t.JMeterThread: Thread is done: UC4 4-1
2020-10-17 14:13:23,005 INFO o.a.j.t.JMeterThread: Thread finished: UC4 4-1
2020-10-17 14:13:23,392 INFO o.a.j.t.JMeterThread: Thread is done: UC6 5-1
2020-10-17 14:13:23,392 INFO o.a.j.t.JMeterThread: Thread finished: UC6 5-1
2020-10-17 14:13:23,633 INFO o.a.j.t.JMeterThread: Thread is done: UC5 1-1
2020-10-17 14:13:23,633 INFO o.a.j.t.JMeterThread: Thread finished: UC5 1-1
2020-10-17 14:13:23,823 INFO o.a.j.t.JMeterThread: Thread is done: UC3 3-1
2020-10-17 14:13:23,823 INFO o.a.j.t.JMeterThread: Thread finished: UC3 3-1
2020-10-17 14:13:24,149 INFO o.a.j.t.JMeterThread: Thread is done: UC7 2-1
2020-10-17 14:13:24,150 INFO o.a.j.t.JMeterThread: Thread finished: UC7 2-1
2020-10-17 14:13:30,004 INFO o.a.j.r.Summariser: summary +   2775 in 00:00:24 =  115.1/s Avg:    56 Min:    13 Max:   200 Err:     0 (0.00%) Active: 5 Started: 10 Finished: 5
2020-10-17 14:13:31,600 INFO o.a.j.t.JMeterThread: Thread is done: UC7 2-2
2020-10-17 14:13:31,600 INFO o.a.j.t.JMeterThread: Thread finished: UC7 2-2
2020-10-17 14:13:31,683 INFO o.a.j.t.JMeterThread: Thread is done: UC5 1-2
2020-10-17 14:13:31,683 INFO o.a.j.t.JMeterThread: Thread finished: UC5 1-2
2020-10-17 14:13:31,789 INFO o.a.j.t.JMeterThread: Thread is done: UC3 3-2
2020-10-17 14:13:31,789 INFO o.a.j.t.JMeterThread: Thread finished: UC3 3-2
2020-10-17 14:13:31,898 INFO o.a.j.t.JMeterThread: Thread is done: UC6 5-2
2020-10-17 14:13:31,898 INFO o.a.j.t.JMeterThread: Thread finished: UC6 5-2
2020-10-17 14:13:31,922 INFO o.a.j.t.JMeterThread: Thread is done: UC4 4-2
2020-10-17 14:13:31,923 INFO o.a.j.t.JMeterThread: Thread finished: UC4 4-2
2020-10-17 14:13:31,923 INFO o.a.j.e.StandardJMeterEngine: Notifying test listeners of end of test
2020-10-17 14:13:31,924 INFO o.a.j.r.Summariser: summary +    225 in 00:00:02 =  117.1/s Avg:    39 Min:    12 Max:    92 Err:     0 (0.00%) Active: 0 Started: 10 Finished: 10
2020-10-17 14:13:31,925 INFO o.a.j.r.Summariser: summary =   3000 in 00:00:26 =  115.2/s Avg:    55 Min:    12 Max:   200 Err:     0 (0.00%)
