2020-10-19 20:31:24,829 INFO o.a.j.u.JMeterUtils: Setting Locale to en_US
2020-10-19 20:31:24,863 INFO o.a.j.JMeter: Loading user properties from: /home/gabrielkovacs/jmeter/apache-jmeter-5.3/bin/user.properties
2020-10-19 20:31:24,864 INFO o.a.j.JMeter: Loading system properties from: /home/gabrielkovacs/jmeter/apache-jmeter-5.3/bin/system.properties
2020-10-19 20:31:24,866 INFO o.a.j.JMeter: Copyright (c) 1998-2020 The Apache Software Foundation
2020-10-19 20:31:24,866 INFO o.a.j.JMeter: Version 5.3
2020-10-19 20:31:24,866 INFO o.a.j.JMeter: java.version=11.0.8
2020-10-19 20:31:24,866 INFO o.a.j.JMeter: java.vm.name=OpenJDK 64-Bit Server VM
2020-10-19 20:31:24,866 INFO o.a.j.JMeter: os.name=Linux
2020-10-19 20:31:24,867 INFO o.a.j.JMeter: os.arch=amd64
2020-10-19 20:31:24,867 INFO o.a.j.JMeter: os.version=5.3.0-59-generic
2020-10-19 20:31:24,867 INFO o.a.j.JMeter: file.encoding=UTF-8
2020-10-19 20:31:24,867 INFO o.a.j.JMeter: java.awt.headless=true
2020-10-19 20:31:24,867 INFO o.a.j.JMeter: Max memory     =4198498304
2020-10-19 20:31:24,867 INFO o.a.j.JMeter: Available Processors =2
2020-10-19 20:31:24,879 INFO o.a.j.JMeter: Default Locale=English (United States)
2020-10-19 20:31:24,880 INFO o.a.j.JMeter: JMeter  Locale=English (United States)
2020-10-19 20:31:24,880 INFO o.a.j.JMeter: JMeterHome=/home/gabrielkovacs/jmeter/apache-jmeter-5.3
2020-10-19 20:31:24,880 INFO o.a.j.JMeter: user.dir  =/home/gabrielkovacs/jmeter/pub_sub_1_to_1_db_distributed
2020-10-19 20:31:24,880 INFO o.a.j.JMeter: PWD       =/home/gabrielkovacs/jmeter/pub_sub_1_to_1_db_distributed
2020-10-19 20:31:24,880 INFO o.a.j.JMeter: IP: 127.0.1.1 Name: swa-gabrielkovacs FullName: swa-gabrielkovacs
2020-10-19 20:31:24,889 INFO o.a.j.s.FileServer: Default base='/home/gabrielkovacs/jmeter/pub_sub_1_to_1_db_distributed'
2020-10-19 20:31:24,892 INFO o.a.j.s.FileServer: Set new base='/home/gabrielkovacs/jmeter/pub_sub_1_to_1_db_distributed'
2020-10-19 20:31:25,130 INFO o.a.j.s.SaveService: Testplan (JMX) version: 2.2. Testlog (JTL) version: 2.2
2020-10-19 20:31:25,161 INFO o.a.j.s.SaveService: Using SaveService properties version 5.0
2020-10-19 20:31:25,176 INFO o.a.j.s.SaveService: Using SaveService properties file encoding UTF-8
2020-10-19 20:31:25,181 INFO o.a.j.s.SaveService: Loading file: SR_OP&ROP_DR_1_0_300_timer_100.jmx
2020-10-19 20:31:25,255 INFO o.a.j.p.h.s.HTTPSamplerBase: Parser for text/html is org.apache.jmeter.protocol.http.parser.LagartoBasedHtmlParser
2020-10-19 20:31:25,255 INFO o.a.j.p.h.s.HTTPSamplerBase: Parser for application/xhtml+xml is org.apache.jmeter.protocol.http.parser.LagartoBasedHtmlParser
2020-10-19 20:31:25,255 INFO o.a.j.p.h.s.HTTPSamplerBase: Parser for application/xml is org.apache.jmeter.protocol.http.parser.LagartoBasedHtmlParser
2020-10-19 20:31:25,256 INFO o.a.j.p.h.s.HTTPSamplerBase: Parser for text/xml is org.apache.jmeter.protocol.http.parser.LagartoBasedHtmlParser
2020-10-19 20:31:25,256 INFO o.a.j.p.h.s.HTTPSamplerBase: Parser for text/vnd.wap.wml is org.apache.jmeter.protocol.http.parser.RegexpHTMLParser
2020-10-19 20:31:25,257 INFO o.a.j.p.h.s.HTTPSamplerBase: Parser for text/css is org.apache.jmeter.protocol.http.parser.CssParser
2020-10-19 20:31:25,325 INFO o.a.j.JMeter: Creating summariser <summary>
2020-10-19 20:31:25,336 INFO o.a.j.e.StandardJMeterEngine: Running the test!
2020-10-19 20:31:25,338 INFO o.a.j.s.SampleEvent: List of sample_variables: [uuid]
2020-10-19 20:31:25,338 INFO o.a.j.s.SampleEvent: List of sample_variables: [uuid]
2020-10-19 20:31:25,352 INFO o.a.j.e.u.CompoundVariable: Note: Function class names must contain the string: '.functions.'
2020-10-19 20:31:25,352 INFO o.a.j.e.u.CompoundVariable: Note: Function class names must not contain the string: '.gui.'
2020-10-19 20:31:25,991 INFO o.a.j.JMeter: Running test (1603132285991)
2020-10-19 20:31:26,032 INFO o.a.j.e.StandardJMeterEngine: Starting ThreadGroup: 1 : UC5
2020-10-19 20:31:26,032 INFO o.a.j.e.StandardJMeterEngine: Starting 1 threads for group UC5.
2020-10-19 20:31:26,032 INFO o.a.j.e.StandardJMeterEngine: Thread will continue on error
2020-10-19 20:31:26,033 INFO o.a.j.t.ThreadGroup: Starting thread group... number=1 threads=1 ramp-up=0 delayedStart=false
2020-10-19 20:31:26,040 INFO o.a.j.t.ThreadGroup: Started thread group number 1
2020-10-19 20:31:26,040 INFO o.a.j.e.StandardJMeterEngine: Starting ThreadGroup: 2 : UC7
2020-10-19 20:31:26,040 INFO o.a.j.e.StandardJMeterEngine: Starting 1 threads for group UC7.
2020-10-19 20:31:26,040 INFO o.a.j.e.StandardJMeterEngine: Thread will continue on error
2020-10-19 20:31:26,040 INFO o.a.j.t.ThreadGroup: Starting thread group... number=2 threads=1 ramp-up=0 delayedStart=false
2020-10-19 20:31:26,041 INFO o.a.j.t.ThreadGroup: Started thread group number 2
2020-10-19 20:31:26,042 INFO o.a.j.e.StandardJMeterEngine: Starting ThreadGroup: 3 : UC3
2020-10-19 20:31:26,042 INFO o.a.j.e.StandardJMeterEngine: Starting 1 threads for group UC3.
2020-10-19 20:31:26,042 INFO o.a.j.e.StandardJMeterEngine: Thread will continue on error
2020-10-19 20:31:26,042 INFO o.a.j.t.ThreadGroup: Starting thread group... number=3 threads=1 ramp-up=0 delayedStart=false
2020-10-19 20:31:26,045 INFO o.a.j.t.ThreadGroup: Started thread group number 3
2020-10-19 20:31:26,045 INFO o.a.j.e.StandardJMeterEngine: Starting ThreadGroup: 4 : UC4
2020-10-19 20:31:26,045 INFO o.a.j.e.StandardJMeterEngine: Starting 1 threads for group UC4.
2020-10-19 20:31:26,045 INFO o.a.j.e.StandardJMeterEngine: Thread will continue on error
2020-10-19 20:31:26,046 INFO o.a.j.t.ThreadGroup: Starting thread group... number=4 threads=1 ramp-up=0 delayedStart=false
2020-10-19 20:31:26,047 INFO o.a.j.t.ThreadGroup: Started thread group number 4
2020-10-19 20:31:26,047 INFO o.a.j.e.StandardJMeterEngine: Starting ThreadGroup: 5 : UC6
2020-10-19 20:31:26,047 INFO o.a.j.e.StandardJMeterEngine: Starting 1 threads for group UC6.
2020-10-19 20:31:26,047 INFO o.a.j.e.StandardJMeterEngine: Thread will continue on error
2020-10-19 20:31:26,048 INFO o.a.j.t.ThreadGroup: Starting thread group... number=5 threads=1 ramp-up=0 delayedStart=false
2020-10-19 20:31:26,051 INFO o.a.j.t.ThreadGroup: Started thread group number 5
2020-10-19 20:31:26,052 INFO o.a.j.e.StandardJMeterEngine: All thread groups have been started
2020-10-19 20:31:26,068 INFO o.a.j.t.JMeterThread: Thread started: UC5 1-1
2020-10-19 20:31:26,068 INFO o.a.j.t.JMeterThread: Thread started: UC4 4-1
2020-10-19 20:31:26,069 INFO o.a.j.t.JMeterThread: Thread started: UC7 2-1
2020-10-19 20:31:26,071 INFO o.a.j.t.JMeterThread: Thread started: UC6 5-1
2020-10-19 20:31:26,071 INFO o.a.j.t.JMeterThread: Thread started: UC3 3-1
2020-10-19 20:31:26,189 INFO o.a.j.p.h.s.HTTPJavaImpl: Maximum connection retries = 0
2020-10-19 20:31:26,191 INFO o.a.j.s.SampleResult: Note: Sample TimeStamps are START times
2020-10-19 20:31:26,192 INFO o.a.j.s.SampleResult: sampleresult.default.encoding is set to ISO-8859-1
2020-10-19 20:31:26,192 INFO o.a.j.s.SampleResult: sampleresult.useNanoTime=true
2020-10-19 20:31:26,193 INFO o.a.j.s.SampleResult: sampleresult.nanoThreadSleep=5000
2020-10-19 20:31:30,043 INFO o.a.j.r.Summariser: summary +    160 in 00:00:04 =   39.5/s Avg:    20 Min:    13 Max:    93 Err:     0 (0.00%) Active: 5 Started: 5 Finished: 0
2020-10-19 20:32:00,024 INFO o.a.j.r.Summariser: summary +   1294 in 00:00:30 =   43.2/s Avg:    15 Min:     9 Max:    78 Err:     0 (0.00%) Active: 5 Started: 5 Finished: 0
2020-10-19 20:32:00,025 INFO o.a.j.r.Summariser: summary =   1454 in 00:00:34 =   42.7/s Avg:    15 Min:     9 Max:    93 Err:     0 (0.00%)
2020-10-19 20:32:00,844 INFO o.a.j.t.JMeterThread: Thread is done: UC3 3-1
2020-10-19 20:32:00,844 INFO o.a.j.t.JMeterThread: Thread finished: UC3 3-1
2020-10-19 20:32:01,017 INFO o.a.j.t.JMeterThread: Thread is done: UC5 1-1
2020-10-19 20:32:01,017 INFO o.a.j.t.JMeterThread: Thread finished: UC5 1-1
2020-10-19 20:32:01,018 INFO o.a.j.t.JMeterThread: Thread is done: UC4 4-1
2020-10-19 20:32:01,018 INFO o.a.j.t.JMeterThread: Thread finished: UC4 4-1
2020-10-19 20:32:01,043 INFO o.a.j.t.JMeterThread: Thread is done: UC7 2-1
2020-10-19 20:32:01,044 INFO o.a.j.t.JMeterThread: Thread finished: UC7 2-1
2020-10-19 20:32:01,243 INFO o.a.j.t.JMeterThread: Thread is done: UC6 5-1
2020-10-19 20:32:01,244 INFO o.a.j.t.JMeterThread: Thread finished: UC6 5-1
2020-10-19 20:32:01,244 INFO o.a.j.e.StandardJMeterEngine: Notifying test listeners of end of test
2020-10-19 20:32:01,245 INFO o.a.j.r.Summariser: summary +     46 in 00:00:01 =   37.7/s Avg:    14 Min:    11 Max:    30 Err:     0 (0.00%) Active: 0 Started: 5 Finished: 5
2020-10-19 20:32:01,245 INFO o.a.j.r.Summariser: summary =   1500 in 00:00:35 =   42.5/s Avg:    15 Min:     9 Max:    93 Err:     0 (0.00%)
