2020-09-18 19:37:46,325 INFO o.a.j.u.JMeterUtils: Setting Locale to en_US
2020-09-18 19:37:46,382 INFO o.a.j.JMeter: Loading user properties from: /home/gabrielkovacs/jmeter/apache-jmeter-5.3/bin/user.properties
2020-09-18 19:37:46,383 INFO o.a.j.JMeter: Loading system properties from: /home/gabrielkovacs/jmeter/apache-jmeter-5.3/bin/system.properties
2020-09-18 19:37:46,385 INFO o.a.j.JMeter: Copyright (c) 1998-2020 The Apache Software Foundation
2020-09-18 19:37:46,385 INFO o.a.j.JMeter: Version 5.3
2020-09-18 19:37:46,385 INFO o.a.j.JMeter: java.version=11.0.8
2020-09-18 19:37:46,385 INFO o.a.j.JMeter: java.vm.name=OpenJDK 64-Bit Server VM
2020-09-18 19:37:46,385 INFO o.a.j.JMeter: os.name=Linux
2020-09-18 19:37:46,386 INFO o.a.j.JMeter: os.arch=amd64
2020-09-18 19:37:46,386 INFO o.a.j.JMeter: os.version=5.3.0-59-generic
2020-09-18 19:37:46,386 INFO o.a.j.JMeter: file.encoding=UTF-8
2020-09-18 19:37:46,386 INFO o.a.j.JMeter: java.awt.headless=true
2020-09-18 19:37:46,386 INFO o.a.j.JMeter: Max memory     =4198498304
2020-09-18 19:37:46,387 INFO o.a.j.JMeter: Available Processors =2
2020-09-18 19:37:46,405 INFO o.a.j.JMeter: Default Locale=English (United States)
2020-09-18 19:37:46,406 INFO o.a.j.JMeter: JMeter  Locale=English (United States)
2020-09-18 19:37:46,406 INFO o.a.j.JMeter: JMeterHome=/home/gabrielkovacs/jmeter/apache-jmeter-5.3
2020-09-18 19:37:46,406 INFO o.a.j.JMeter: user.dir  =/home/gabrielkovacs/jmeter/pub_sub_one_db_distributed
2020-09-18 19:37:46,406 INFO o.a.j.JMeter: PWD       =/home/gabrielkovacs/jmeter/pub_sub_one_db_distributed
2020-09-18 19:37:46,407 INFO o.a.j.JMeter: IP: 127.0.1.1 Name: swa-gabrielkovacs FullName: swa-gabrielkovacs
2020-09-18 19:37:46,420 INFO o.a.j.s.FileServer: Default base='/home/gabrielkovacs/jmeter/pub_sub_one_db_distributed'
2020-09-18 19:37:46,423 INFO o.a.j.s.FileServer: Set new base='/home/gabrielkovacs/jmeter/pub_sub_one_db_distributed'
2020-09-18 19:37:46,741 INFO o.a.j.s.SaveService: Testplan (JMX) version: 2.2. Testlog (JTL) version: 2.2
2020-09-18 19:37:46,789 INFO o.a.j.s.SaveService: Using SaveService properties version 5.0
2020-09-18 19:37:46,798 INFO o.a.j.s.SaveService: Using SaveService properties file encoding UTF-8
2020-09-18 19:37:46,805 INFO o.a.j.s.SaveService: Loading file: SR_OP&ROP_DR_30_30_30.jmx
2020-09-18 19:37:46,888 INFO o.a.j.p.h.s.HTTPSamplerBase: Parser for text/html is org.apache.jmeter.protocol.http.parser.LagartoBasedHtmlParser
2020-09-18 19:37:46,888 INFO o.a.j.p.h.s.HTTPSamplerBase: Parser for application/xhtml+xml is org.apache.jmeter.protocol.http.parser.LagartoBasedHtmlParser
2020-09-18 19:37:46,888 INFO o.a.j.p.h.s.HTTPSamplerBase: Parser for application/xml is org.apache.jmeter.protocol.http.parser.LagartoBasedHtmlParser
2020-09-18 19:37:46,889 INFO o.a.j.p.h.s.HTTPSamplerBase: Parser for text/xml is org.apache.jmeter.protocol.http.parser.LagartoBasedHtmlParser
2020-09-18 19:37:46,889 INFO o.a.j.p.h.s.HTTPSamplerBase: Parser for text/vnd.wap.wml is org.apache.jmeter.protocol.http.parser.RegexpHTMLParser
2020-09-18 19:37:46,890 INFO o.a.j.p.h.s.HTTPSamplerBase: Parser for text/css is org.apache.jmeter.protocol.http.parser.CssParser
2020-09-18 19:37:47,009 INFO o.a.j.JMeter: Creating summariser <summary>
2020-09-18 19:37:47,023 INFO o.a.j.e.StandardJMeterEngine: Running the test!
2020-09-18 19:37:47,026 INFO o.a.j.s.SampleEvent: List of sample_variables: [uuid]
2020-09-18 19:37:47,026 INFO o.a.j.s.SampleEvent: List of sample_variables: [uuid]
2020-09-18 19:37:47,044 INFO o.a.j.e.u.CompoundVariable: Note: Function class names must contain the string: '.functions.'
2020-09-18 19:37:47,044 INFO o.a.j.e.u.CompoundVariable: Note: Function class names must not contain the string: '.gui.'
2020-09-18 19:37:47,619 INFO o.a.j.JMeter: Running test (1600450667619)
2020-09-18 19:37:47,666 INFO o.a.j.e.StandardJMeterEngine: Starting ThreadGroup: 1 : UC5
2020-09-18 19:37:47,666 INFO o.a.j.e.StandardJMeterEngine: Starting 30 threads for group UC5.
2020-09-18 19:37:47,666 INFO o.a.j.e.StandardJMeterEngine: Thread will continue on error
2020-09-18 19:37:47,667 INFO o.a.j.t.ThreadGroup: Starting thread group... number=1 threads=30 ramp-up=30 delayedStart=false
2020-09-18 19:37:47,692 INFO o.a.j.t.JMeterThread: Thread started: UC5 1-1
2020-09-18 19:37:47,735 INFO o.a.j.t.ThreadGroup: Started thread group number 1
2020-09-18 19:37:47,735 INFO o.a.j.e.StandardJMeterEngine: Starting ThreadGroup: 2 : UC7
2020-09-18 19:37:47,735 INFO o.a.j.e.StandardJMeterEngine: Starting 30 threads for group UC7.
2020-09-18 19:37:47,736 INFO o.a.j.e.StandardJMeterEngine: Thread will continue on error
2020-09-18 19:37:47,736 INFO o.a.j.t.ThreadGroup: Starting thread group... number=2 threads=30 ramp-up=30 delayedStart=false
2020-09-18 19:37:47,742 INFO o.a.j.t.JMeterThread: Thread started: UC7 2-1
2020-09-18 19:37:47,747 INFO o.a.j.p.h.s.HTTPJavaImpl: Maximum connection retries = 0
2020-09-18 19:37:47,759 INFO o.a.j.s.SampleResult: Note: Sample TimeStamps are START times
2020-09-18 19:37:47,759 INFO o.a.j.s.SampleResult: sampleresult.default.encoding is set to ISO-8859-1
2020-09-18 19:37:47,760 INFO o.a.j.s.SampleResult: sampleresult.useNanoTime=true
2020-09-18 19:37:47,760 INFO o.a.j.s.SampleResult: sampleresult.nanoThreadSleep=5000
2020-09-18 19:37:47,815 INFO o.a.j.t.ThreadGroup: Started thread group number 2
2020-09-18 19:37:47,815 INFO o.a.j.e.StandardJMeterEngine: Starting ThreadGroup: 3 : UC3
2020-09-18 19:37:47,816 INFO o.a.j.e.StandardJMeterEngine: Starting 30 threads for group UC3.
2020-09-18 19:37:47,816 INFO o.a.j.e.StandardJMeterEngine: Thread will continue on error
2020-09-18 19:37:47,816 INFO o.a.j.t.ThreadGroup: Starting thread group... number=3 threads=30 ramp-up=30 delayedStart=false
2020-09-18 19:37:47,817 INFO o.a.j.t.JMeterThread: Thread started: UC3 3-1
2020-09-18 19:37:47,892 INFO o.a.j.t.ThreadGroup: Started thread group number 3
2020-09-18 19:37:47,892 INFO o.a.j.e.StandardJMeterEngine: Starting ThreadGroup: 4 : UC4
2020-09-18 19:37:47,892 INFO o.a.j.e.StandardJMeterEngine: Starting 30 threads for group UC4.
2020-09-18 19:37:47,893 INFO o.a.j.e.StandardJMeterEngine: Thread will continue on error
2020-09-18 19:37:47,893 INFO o.a.j.t.ThreadGroup: Starting thread group... number=4 threads=30 ramp-up=30 delayedStart=false
2020-09-18 19:37:47,895 INFO o.a.j.t.JMeterThread: Thread started: UC4 4-1
2020-09-18 19:37:47,950 INFO o.a.j.t.ThreadGroup: Started thread group number 4
2020-09-18 19:37:47,950 INFO o.a.j.e.StandardJMeterEngine: Starting ThreadGroup: 5 : UC6
2020-09-18 19:37:47,950 INFO o.a.j.e.StandardJMeterEngine: Starting 30 threads for group UC6.
2020-09-18 19:37:47,950 INFO o.a.j.e.StandardJMeterEngine: Thread will continue on error
2020-09-18 19:37:47,951 INFO o.a.j.t.ThreadGroup: Starting thread group... number=5 threads=30 ramp-up=30 delayedStart=false
2020-09-18 19:37:47,952 INFO o.a.j.t.JMeterThread: Thread started: UC6 5-1
2020-09-18 19:37:47,984 INFO o.a.j.t.ThreadGroup: Started thread group number 5
2020-09-18 19:37:47,985 INFO o.a.j.e.StandardJMeterEngine: All thread groups have been started
2020-09-18 19:37:48,681 INFO o.a.j.t.JMeterThread: Thread started: UC5 1-2
2020-09-18 19:37:48,740 INFO o.a.j.t.JMeterThread: Thread started: UC7 2-2
2020-09-18 19:37:48,823 INFO o.a.j.t.JMeterThread: Thread started: UC3 3-2
2020-09-18 19:37:48,899 INFO o.a.j.t.JMeterThread: Thread started: UC4 4-2
2020-09-18 19:37:48,955 INFO o.a.j.t.JMeterThread: Thread started: UC6 5-2
2020-09-18 19:37:49,188 INFO o.a.j.t.JMeterThread: Thread is done: UC7 2-1
2020-09-18 19:37:49,189 INFO o.a.j.t.JMeterThread: Thread finished: UC7 2-1
2020-09-18 19:37:49,650 INFO o.a.j.t.JMeterThread: Thread is done: UC4 4-1
2020-09-18 19:37:49,650 INFO o.a.j.t.JMeterThread: Thread finished: UC4 4-1
2020-09-18 19:37:49,674 INFO o.a.j.t.JMeterThread: Thread is done: UC3 3-1
2020-09-18 19:37:49,675 INFO o.a.j.t.JMeterThread: Thread finished: UC3 3-1
2020-09-18 19:37:49,706 INFO o.a.j.t.JMeterThread: Thread started: UC5 1-3
2020-09-18 19:37:49,741 INFO o.a.j.t.JMeterThread: Thread started: UC7 2-3
2020-09-18 19:37:49,779 INFO o.a.j.t.JMeterThread: Thread is done: UC5 1-1
2020-09-18 19:37:49,779 INFO o.a.j.t.JMeterThread: Thread finished: UC5 1-1
2020-09-18 19:37:49,818 INFO o.a.j.t.JMeterThread: Thread started: UC3 3-3
2020-09-18 19:37:49,895 INFO o.a.j.t.JMeterThread: Thread started: UC4 4-3
2020-09-18 19:37:49,953 INFO o.a.j.t.JMeterThread: Thread started: UC6 5-3
2020-09-18 19:37:49,974 INFO o.a.j.t.JMeterThread: Thread is done: UC6 5-1
2020-09-18 19:37:49,974 INFO o.a.j.t.JMeterThread: Thread finished: UC6 5-1
2020-09-18 19:37:50,704 INFO o.a.j.t.JMeterThread: Thread started: UC5 1-4
2020-09-18 19:37:50,741 INFO o.a.j.t.JMeterThread: Thread started: UC7 2-4
2020-09-18 19:37:50,844 INFO o.a.j.t.JMeterThread: Thread started: UC3 3-4
2020-09-18 19:37:50,894 INFO o.a.j.t.JMeterThread: Thread started: UC4 4-4
2020-09-18 19:37:50,952 INFO o.a.j.t.JMeterThread: Thread started: UC6 5-4
2020-09-18 19:37:51,216 INFO o.a.j.t.JMeterThread: Thread is done: UC3 3-2
2020-09-18 19:37:51,216 INFO o.a.j.t.JMeterThread: Thread finished: UC3 3-2
2020-09-18 19:37:51,255 INFO o.a.j.t.JMeterThread: Thread is done: UC5 1-2
2020-09-18 19:37:51,255 INFO o.a.j.t.JMeterThread: Thread finished: UC5 1-2
2020-09-18 19:37:51,342 INFO o.a.j.t.JMeterThread: Thread is done: UC6 5-2
2020-09-18 19:37:51,342 INFO o.a.j.t.JMeterThread: Thread finished: UC6 5-2
2020-09-18 19:37:51,358 INFO o.a.j.t.JMeterThread: Thread is done: UC7 2-2
2020-09-18 19:37:51,359 INFO o.a.j.t.JMeterThread: Thread finished: UC7 2-2
2020-09-18 19:37:51,703 INFO o.a.j.t.JMeterThread: Thread started: UC5 1-5
2020-09-18 19:37:51,740 INFO o.a.j.t.JMeterThread: Thread started: UC7 2-5
2020-09-18 19:37:51,818 INFO o.a.j.t.JMeterThread: Thread started: UC3 3-5
2020-09-18 19:37:51,894 INFO o.a.j.t.JMeterThread: Thread started: UC4 4-5
2020-09-18 19:37:51,952 INFO o.a.j.t.JMeterThread: Thread started: UC6 5-5
2020-09-18 19:37:52,000 INFO o.a.j.t.JMeterThread: Thread is done: UC4 4-2
2020-09-18 19:37:52,001 INFO o.a.j.t.JMeterThread: Thread finished: UC4 4-2
2020-09-18 19:37:52,665 INFO o.a.j.t.JMeterThread: Thread is done: UC7 2-3
2020-09-18 19:37:52,665 INFO o.a.j.t.JMeterThread: Thread finished: UC7 2-3
2020-09-18 19:37:52,693 INFO o.a.j.t.JMeterThread: Thread started: UC5 1-6
2020-09-18 19:37:52,746 INFO o.a.j.t.JMeterThread: Thread started: UC7 2-6
2020-09-18 19:37:52,770 INFO o.a.j.t.JMeterThread: Thread is done: UC3 3-3
2020-09-18 19:37:52,770 INFO o.a.j.t.JMeterThread: Thread finished: UC3 3-3
2020-09-18 19:37:52,819 INFO o.a.j.t.JMeterThread: Thread started: UC3 3-6
2020-09-18 19:37:52,856 INFO o.a.j.t.JMeterThread: Thread is done: UC5 1-3
2020-09-18 19:37:52,856 INFO o.a.j.t.JMeterThread: Thread finished: UC5 1-3
2020-09-18 19:37:52,894 INFO o.a.j.t.JMeterThread: Thread started: UC4 4-6
2020-09-18 19:37:52,954 INFO o.a.j.t.JMeterThread: Thread started: UC6 5-6
2020-09-18 19:37:53,151 INFO o.a.j.t.JMeterThread: Thread is done: UC6 5-3
2020-09-18 19:37:53,152 INFO o.a.j.t.JMeterThread: Thread finished: UC6 5-3
2020-09-18 19:37:53,212 INFO o.a.j.t.JMeterThread: Thread is done: UC4 4-3
2020-09-18 19:37:53,213 INFO o.a.j.t.JMeterThread: Thread finished: UC4 4-3
2020-09-18 19:37:53,690 INFO o.a.j.t.JMeterThread: Thread started: UC5 1-7
2020-09-18 19:37:53,752 INFO o.a.j.t.JMeterThread: Thread started: UC7 2-7
2020-09-18 19:37:53,818 INFO o.a.j.t.JMeterThread: Thread started: UC3 3-7
2020-09-18 19:37:53,894 INFO o.a.j.t.JMeterThread: Thread started: UC4 4-7
2020-09-18 19:37:53,961 INFO o.a.j.t.JMeterThread: Thread started: UC6 5-7
2020-09-18 19:37:54,487 INFO o.a.j.t.JMeterThread: Thread is done: UC4 4-4
2020-09-18 19:37:54,487 INFO o.a.j.t.JMeterThread: Thread finished: UC4 4-4
2020-09-18 19:37:54,618 INFO o.a.j.t.JMeterThread: Thread is done: UC7 2-4
2020-09-18 19:37:54,618 INFO o.a.j.t.JMeterThread: Thread finished: UC7 2-4
2020-09-18 19:37:54,660 INFO o.a.j.t.JMeterThread: Thread is done: UC5 1-4
2020-09-18 19:37:54,660 INFO o.a.j.t.JMeterThread: Thread finished: UC5 1-4
2020-09-18 19:37:54,667 INFO o.a.j.t.JMeterThread: Thread is done: UC3 3-4
2020-09-18 19:37:54,667 INFO o.a.j.t.JMeterThread: Thread finished: UC3 3-4
2020-09-18 19:37:54,684 INFO o.a.j.t.JMeterThread: Thread started: UC5 1-8
2020-09-18 19:37:54,776 INFO o.a.j.t.JMeterThread: Thread started: UC7 2-8
2020-09-18 19:37:54,818 INFO o.a.j.t.JMeterThread: Thread started: UC3 3-8
2020-09-18 19:37:54,829 INFO o.a.j.t.JMeterThread: Thread is done: UC6 5-4
2020-09-18 19:37:54,829 INFO o.a.j.t.JMeterThread: Thread finished: UC6 5-4
2020-09-18 19:37:54,895 INFO o.a.j.t.JMeterThread: Thread started: UC4 4-8
2020-09-18 19:37:54,958 INFO o.a.j.t.JMeterThread: Thread started: UC6 5-8
2020-09-18 19:37:55,680 INFO o.a.j.t.JMeterThread: Thread started: UC5 1-9
2020-09-18 19:37:55,693 INFO o.a.j.t.JMeterThread: Thread is done: UC5 1-5
2020-09-18 19:37:55,693 INFO o.a.j.t.JMeterThread: Thread finished: UC5 1-5
2020-09-18 19:37:55,740 INFO o.a.j.t.JMeterThread: Thread started: UC7 2-9
2020-09-18 19:37:55,819 INFO o.a.j.t.JMeterThread: Thread started: UC3 3-9
2020-09-18 19:37:55,899 INFO o.a.j.t.JMeterThread: Thread started: UC4 4-9
2020-09-18 19:37:55,953 INFO o.a.j.t.JMeterThread: Thread started: UC6 5-9
2020-09-18 19:37:56,474 INFO o.a.j.t.JMeterThread: Thread is done: UC7 2-5
2020-09-18 19:37:56,474 INFO o.a.j.t.JMeterThread: Thread finished: UC7 2-5
2020-09-18 19:37:56,529 INFO o.a.j.t.JMeterThread: Thread is done: UC6 5-5
2020-09-18 19:37:56,529 INFO o.a.j.t.JMeterThread: Thread finished: UC6 5-5
2020-09-18 19:37:56,621 INFO o.a.j.t.JMeterThread: Thread is done: UC3 3-5
2020-09-18 19:37:56,621 INFO o.a.j.t.JMeterThread: Thread finished: UC3 3-5
2020-09-18 19:37:56,681 INFO o.a.j.t.JMeterThread: Thread started: UC5 1-10
2020-09-18 19:37:56,737 INFO o.a.j.t.JMeterThread: Thread started: UC7 2-10
2020-09-18 19:37:56,819 INFO o.a.j.t.JMeterThread: Thread started: UC3 3-10
2020-09-18 19:37:56,894 INFO o.a.j.t.JMeterThread: Thread started: UC4 4-10
2020-09-18 19:37:56,953 INFO o.a.j.t.JMeterThread: Thread started: UC6 5-10
2020-09-18 19:37:57,117 INFO o.a.j.t.JMeterThread: Thread is done: UC4 4-5
2020-09-18 19:37:57,117 INFO o.a.j.t.JMeterThread: Thread finished: UC4 4-5
2020-09-18 19:37:57,679 INFO o.a.j.t.JMeterThread: Thread started: UC5 1-11
2020-09-18 19:37:57,739 INFO o.a.j.t.JMeterThread: Thread started: UC7 2-11
2020-09-18 19:37:57,818 INFO o.a.j.t.JMeterThread: Thread started: UC3 3-11
2020-09-18 19:37:57,895 INFO o.a.j.t.JMeterThread: Thread started: UC4 4-11
2020-09-18 19:37:57,954 INFO o.a.j.t.JMeterThread: Thread started: UC6 5-11
2020-09-18 19:37:58,186 INFO o.a.j.t.JMeterThread: Thread is done: UC5 1-6
2020-09-18 19:37:58,186 INFO o.a.j.t.JMeterThread: Thread finished: UC5 1-6
2020-09-18 19:37:58,438 INFO o.a.j.t.JMeterThread: Thread is done: UC3 3-6
2020-09-18 19:37:58,438 INFO o.a.j.t.JMeterThread: Thread finished: UC3 3-6
2020-09-18 19:37:58,592 INFO o.a.j.t.JMeterThread: Thread is done: UC4 4-6
2020-09-18 19:37:58,592 INFO o.a.j.t.JMeterThread: Thread finished: UC4 4-6
2020-09-18 19:37:58,681 INFO o.a.j.t.JMeterThread: Thread started: UC5 1-12
2020-09-18 19:37:58,689 INFO o.a.j.t.JMeterThread: Thread is done: UC6 5-6
2020-09-18 19:37:58,689 INFO o.a.j.t.JMeterThread: Thread finished: UC6 5-6
2020-09-18 19:37:58,757 INFO o.a.j.t.JMeterThread: Thread started: UC7 2-12
2020-09-18 19:37:58,779 INFO o.a.j.t.JMeterThread: Thread is done: UC7 2-6
2020-09-18 19:37:58,779 INFO o.a.j.t.JMeterThread: Thread finished: UC7 2-6
2020-09-18 19:37:58,817 INFO o.a.j.t.JMeterThread: Thread started: UC3 3-12
2020-09-18 19:37:58,894 INFO o.a.j.t.JMeterThread: Thread started: UC4 4-12
2020-09-18 19:37:58,952 INFO o.a.j.t.JMeterThread: Thread started: UC6 5-12
2020-09-18 19:37:59,410 INFO o.a.j.t.JMeterThread: Thread is done: UC4 4-7
2020-09-18 19:37:59,410 INFO o.a.j.t.JMeterThread: Thread finished: UC4 4-7
2020-09-18 19:37:59,679 INFO o.a.j.t.JMeterThread: Thread started: UC5 1-13
2020-09-18 19:37:59,738 INFO o.a.j.t.JMeterThread: Thread started: UC7 2-13
2020-09-18 19:37:59,817 INFO o.a.j.t.JMeterThread: Thread started: UC3 3-13
2020-09-18 19:37:59,832 INFO o.a.j.t.JMeterThread: Thread is done: UC5 1-7
2020-09-18 19:37:59,832 INFO o.a.j.t.JMeterThread: Thread finished: UC5 1-7
2020-09-18 19:37:59,894 INFO o.a.j.t.JMeterThread: Thread started: UC4 4-13
2020-09-18 19:37:59,955 INFO o.a.j.t.JMeterThread: Thread started: UC6 5-13
2020-09-18 19:38:00,011 INFO o.a.j.r.Summariser: summary +   1389 in 00:00:12 =  112.1/s Avg:   154 Min:    14 Max:   572 Err:     0 (0.00%) Active: 33 Started: 65 Finished: 32
2020-09-18 19:38:00,084 INFO o.a.j.t.JMeterThread: Thread is done: UC7 2-7
2020-09-18 19:38:00,084 INFO o.a.j.t.JMeterThread: Thread finished: UC7 2-7
2020-09-18 19:38:00,115 INFO o.a.j.t.JMeterThread: Thread is done: UC3 3-7
2020-09-18 19:38:00,115 INFO o.a.j.t.JMeterThread: Thread finished: UC3 3-7
2020-09-18 19:38:00,366 INFO o.a.j.t.JMeterThread: Thread is done: UC6 5-7
2020-09-18 19:38:00,367 INFO o.a.j.t.JMeterThread: Thread finished: UC6 5-7
2020-09-18 19:38:00,678 INFO o.a.j.t.JMeterThread: Thread started: UC5 1-14
2020-09-18 19:38:00,739 INFO o.a.j.t.JMeterThread: Thread started: UC7 2-14
2020-09-18 19:38:00,831 INFO o.a.j.t.JMeterThread: Thread started: UC3 3-14
2020-09-18 19:38:00,891 INFO o.a.j.t.JMeterThread: Thread is done: UC5 1-8
2020-09-18 19:38:00,891 INFO o.a.j.t.JMeterThread: Thread finished: UC5 1-8
2020-09-18 19:38:00,894 INFO o.a.j.t.JMeterThread: Thread started: UC4 4-14
2020-09-18 19:38:00,952 INFO o.a.j.t.JMeterThread: Thread started: UC6 5-14
2020-09-18 19:38:01,362 INFO o.a.j.t.JMeterThread: Thread is done: UC3 3-8
2020-09-18 19:38:01,362 INFO o.a.j.t.JMeterThread: Thread finished: UC3 3-8
2020-09-18 19:38:01,477 INFO o.a.j.t.JMeterThread: Thread is done: UC6 5-8
2020-09-18 19:38:01,478 INFO o.a.j.t.JMeterThread: Thread finished: UC6 5-8
2020-09-18 19:38:01,655 INFO o.a.j.t.JMeterThread: Thread is done: UC7 2-8
2020-09-18 19:38:01,655 INFO o.a.j.t.JMeterThread: Thread finished: UC7 2-8
2020-09-18 19:38:01,678 INFO o.a.j.t.JMeterThread: Thread started: UC5 1-15
2020-09-18 19:38:01,709 INFO o.a.j.t.JMeterThread: Thread is done: UC4 4-8
2020-09-18 19:38:01,710 INFO o.a.j.t.JMeterThread: Thread finished: UC4 4-8
2020-09-18 19:38:01,740 INFO o.a.j.t.JMeterThread: Thread started: UC7 2-15
2020-09-18 19:38:01,841 INFO o.a.j.t.JMeterThread: Thread started: UC3 3-15
2020-09-18 19:38:01,895 INFO o.a.j.t.JMeterThread: Thread started: UC4 4-15
2020-09-18 19:38:01,953 INFO o.a.j.t.JMeterThread: Thread started: UC6 5-15
2020-09-18 19:38:02,679 INFO o.a.j.t.JMeterThread: Thread started: UC5 1-16
2020-09-18 19:38:02,739 INFO o.a.j.t.JMeterThread: Thread started: UC7 2-16
2020-09-18 19:38:02,791 INFO o.a.j.t.JMeterThread: Thread is done: UC5 1-9
2020-09-18 19:38:02,792 INFO o.a.j.t.JMeterThread: Thread finished: UC5 1-9
2020-09-18 19:38:02,825 INFO o.a.j.t.JMeterThread: Thread started: UC3 3-16
2020-09-18 19:38:02,896 INFO o.a.j.t.JMeterThread: Thread started: UC4 4-16
2020-09-18 19:38:02,952 INFO o.a.j.t.JMeterThread: Thread started: UC6 5-16
2020-09-18 19:38:03,045 INFO o.a.j.t.JMeterThread: Thread is done: UC3 3-9
2020-09-18 19:38:03,046 INFO o.a.j.t.JMeterThread: Thread finished: UC3 3-9
2020-09-18 19:38:03,119 INFO o.a.j.t.JMeterThread: Thread is done: UC7 2-9
2020-09-18 19:38:03,119 INFO o.a.j.t.JMeterThread: Thread finished: UC7 2-9
2020-09-18 19:38:03,489 INFO o.a.j.t.JMeterThread: Thread is done: UC6 5-9
2020-09-18 19:38:03,489 INFO o.a.j.t.JMeterThread: Thread finished: UC6 5-9
2020-09-18 19:38:03,680 INFO o.a.j.t.JMeterThread: Thread started: UC5 1-17
2020-09-18 19:38:03,738 INFO o.a.j.t.JMeterThread: Thread started: UC7 2-17
2020-09-18 19:38:03,819 INFO o.a.j.t.JMeterThread: Thread started: UC3 3-17
2020-09-18 19:38:03,873 INFO o.a.j.t.JMeterThread: Thread is done: UC4 4-9
2020-09-18 19:38:03,873 INFO o.a.j.t.JMeterThread: Thread finished: UC4 4-9
2020-09-18 19:38:03,908 INFO o.a.j.t.JMeterThread: Thread started: UC4 4-17
2020-09-18 19:38:03,953 INFO o.a.j.t.JMeterThread: Thread started: UC6 5-17
2020-09-18 19:38:04,125 INFO o.a.j.t.JMeterThread: Thread is done: UC5 1-10
2020-09-18 19:38:04,125 INFO o.a.j.t.JMeterThread: Thread finished: UC5 1-10
2020-09-18 19:38:04,270 INFO o.a.j.t.JMeterThread: Thread is done: UC7 2-10
2020-09-18 19:38:04,271 INFO o.a.j.t.JMeterThread: Thread finished: UC7 2-10
2020-09-18 19:38:04,457 INFO o.a.j.t.JMeterThread: Thread is done: UC3 3-10
2020-09-18 19:38:04,457 INFO o.a.j.t.JMeterThread: Thread finished: UC3 3-10
2020-09-18 19:38:04,679 INFO o.a.j.t.JMeterThread: Thread started: UC5 1-18
2020-09-18 19:38:04,695 INFO o.a.j.t.JMeterThread: Thread is done: UC4 4-10
2020-09-18 19:38:04,695 INFO o.a.j.t.JMeterThread: Thread finished: UC4 4-10
2020-09-18 19:38:04,738 INFO o.a.j.t.JMeterThread: Thread started: UC7 2-18
2020-09-18 19:38:04,818 INFO o.a.j.t.JMeterThread: Thread started: UC3 3-18
2020-09-18 19:38:04,875 INFO o.a.j.t.JMeterThread: Thread is done: UC6 5-10
2020-09-18 19:38:04,875 INFO o.a.j.t.JMeterThread: Thread finished: UC6 5-10
2020-09-18 19:38:04,898 INFO o.a.j.t.JMeterThread: Thread started: UC4 4-18
2020-09-18 19:38:04,952 INFO o.a.j.t.JMeterThread: Thread started: UC6 5-18
2020-09-18 19:38:05,596 INFO o.a.j.t.JMeterThread: Thread is done: UC5 1-11
2020-09-18 19:38:05,597 INFO o.a.j.t.JMeterThread: Thread finished: UC5 1-11
2020-09-18 19:38:05,683 INFO o.a.j.t.JMeterThread: Thread started: UC5 1-19
2020-09-18 19:38:05,741 INFO o.a.j.t.JMeterThread: Thread started: UC7 2-19
2020-09-18 19:38:05,753 INFO o.a.j.t.JMeterThread: Thread is done: UC6 5-11
2020-09-18 19:38:05,753 INFO o.a.j.t.JMeterThread: Thread finished: UC6 5-11
2020-09-18 19:38:05,817 INFO o.a.j.t.JMeterThread: Thread started: UC3 3-19
2020-09-18 19:38:05,915 INFO o.a.j.t.JMeterThread: Thread started: UC4 4-19
2020-09-18 19:38:05,954 INFO o.a.j.t.JMeterThread: Thread started: UC6 5-19
2020-09-18 19:38:06,166 INFO o.a.j.t.JMeterThread: Thread is done: UC7 2-11
2020-09-18 19:38:06,166 INFO o.a.j.t.JMeterThread: Thread finished: UC7 2-11
2020-09-18 19:38:06,220 INFO o.a.j.t.JMeterThread: Thread is done: UC4 4-11
2020-09-18 19:38:06,221 INFO o.a.j.t.JMeterThread: Thread finished: UC4 4-11
2020-09-18 19:38:06,230 INFO o.a.j.t.JMeterThread: Thread is done: UC3 3-11
2020-09-18 19:38:06,230 INFO o.a.j.t.JMeterThread: Thread finished: UC3 3-11
2020-09-18 19:38:06,673 INFO o.a.j.t.JMeterThread: Thread started: UC5 1-20
2020-09-18 19:38:06,742 INFO o.a.j.t.JMeterThread: Thread is done: UC3 3-12
2020-09-18 19:38:06,742 INFO o.a.j.t.JMeterThread: Thread finished: UC3 3-12
2020-09-18 19:38:06,742 INFO o.a.j.t.JMeterThread: Thread started: UC7 2-20
2020-09-18 19:38:06,818 INFO o.a.j.t.JMeterThread: Thread started: UC3 3-20
2020-09-18 19:38:06,898 INFO o.a.j.t.JMeterThread: Thread started: UC4 4-20
2020-09-18 19:38:06,952 INFO o.a.j.t.JMeterThread: Thread started: UC6 5-20
2020-09-18 19:38:07,389 INFO o.a.j.t.JMeterThread: Thread is done: UC7 2-12
2020-09-18 19:38:07,390 INFO o.a.j.t.JMeterThread: Thread finished: UC7 2-12
2020-09-18 19:38:07,511 INFO o.a.j.t.JMeterThread: Thread is done: UC5 1-12
2020-09-18 19:38:07,512 INFO o.a.j.t.JMeterThread: Thread finished: UC5 1-12
2020-09-18 19:38:07,669 INFO o.a.j.t.JMeterThread: Thread started: UC5 1-21
2020-09-18 19:38:07,738 INFO o.a.j.t.JMeterThread: Thread started: UC7 2-21
2020-09-18 19:38:07,825 INFO o.a.j.t.JMeterThread: Thread started: UC3 3-21
2020-09-18 19:38:07,841 INFO o.a.j.t.JMeterThread: Thread is done: UC6 5-12
2020-09-18 19:38:07,841 INFO o.a.j.t.JMeterThread: Thread finished: UC6 5-12
2020-09-18 19:38:07,893 INFO o.a.j.t.JMeterThread: Thread started: UC4 4-21
2020-09-18 19:38:07,952 INFO o.a.j.t.JMeterThread: Thread started: UC6 5-21
2020-09-18 19:38:08,153 INFO o.a.j.t.JMeterThread: Thread is done: UC4 4-12
2020-09-18 19:38:08,153 INFO o.a.j.t.JMeterThread: Thread finished: UC4 4-12
2020-09-18 19:38:08,226 INFO o.a.j.t.JMeterThread: Thread is done: UC5 1-13
2020-09-18 19:38:08,226 INFO o.a.j.t.JMeterThread: Thread finished: UC5 1-13
2020-09-18 19:38:08,361 INFO o.a.j.t.JMeterThread: Thread is done: UC3 3-13
2020-09-18 19:38:08,361 INFO o.a.j.t.JMeterThread: Thread finished: UC3 3-13
2020-09-18 19:38:08,571 INFO o.a.j.t.JMeterThread: Thread is done: UC7 2-13
2020-09-18 19:38:08,571 INFO o.a.j.t.JMeterThread: Thread finished: UC7 2-13
2020-09-18 19:38:08,669 INFO o.a.j.t.JMeterThread: Thread started: UC5 1-22
2020-09-18 19:38:08,737 INFO o.a.j.t.JMeterThread: Thread started: UC7 2-22
2020-09-18 19:38:08,829 INFO o.a.j.t.JMeterThread: Thread started: UC3 3-22
2020-09-18 19:38:08,894 INFO o.a.j.t.JMeterThread: Thread started: UC4 4-22
2020-09-18 19:38:08,953 INFO o.a.j.t.JMeterThread: Thread started: UC6 5-22
2020-09-18 19:38:08,989 INFO o.a.j.t.JMeterThread: Thread is done: UC6 5-13
2020-09-18 19:38:08,990 INFO o.a.j.t.JMeterThread: Thread finished: UC6 5-13
2020-09-18 19:38:09,031 INFO o.a.j.t.JMeterThread: Thread is done: UC4 4-13
2020-09-18 19:38:09,031 INFO o.a.j.t.JMeterThread: Thread finished: UC4 4-13
2020-09-18 19:38:09,499 INFO o.a.j.t.JMeterThread: Thread is done: UC5 1-14
2020-09-18 19:38:09,499 INFO o.a.j.t.JMeterThread: Thread finished: UC5 1-14
2020-09-18 19:38:09,670 INFO o.a.j.t.JMeterThread: Thread started: UC5 1-23
2020-09-18 19:38:09,738 INFO o.a.j.t.JMeterThread: Thread started: UC7 2-23
2020-09-18 19:38:09,820 INFO o.a.j.t.JMeterThread: Thread started: UC3 3-23
2020-09-18 19:38:09,850 INFO o.a.j.t.JMeterThread: Thread is done: UC4 4-14
2020-09-18 19:38:09,851 INFO o.a.j.t.JMeterThread: Thread finished: UC4 4-14
2020-09-18 19:38:09,893 INFO o.a.j.t.JMeterThread: Thread started: UC4 4-23
2020-09-18 19:38:09,952 INFO o.a.j.t.JMeterThread: Thread started: UC6 5-23
2020-09-18 19:38:09,960 INFO o.a.j.t.JMeterThread: Thread is done: UC6 5-14
2020-09-18 19:38:09,960 INFO o.a.j.t.JMeterThread: Thread finished: UC6 5-14
2020-09-18 19:38:09,962 INFO o.a.j.t.JMeterThread: Thread is done: UC7 2-14
2020-09-18 19:38:09,962 INFO o.a.j.t.JMeterThread: Thread finished: UC7 2-14
2020-09-18 19:38:10,092 INFO o.a.j.t.JMeterThread: Thread is done: UC3 3-14
2020-09-18 19:38:10,092 INFO o.a.j.t.JMeterThread: Thread finished: UC3 3-14
2020-09-18 19:38:10,608 INFO o.a.j.t.JMeterThread: Thread is done: UC3 3-15
2020-09-18 19:38:10,608 INFO o.a.j.t.JMeterThread: Thread finished: UC3 3-15
2020-09-18 19:38:10,669 INFO o.a.j.t.JMeterThread: Thread started: UC5 1-24
2020-09-18 19:38:10,738 INFO o.a.j.t.JMeterThread: Thread started: UC7 2-24
2020-09-18 19:38:10,820 INFO o.a.j.t.JMeterThread: Thread started: UC3 3-24
2020-09-18 19:38:10,910 INFO o.a.j.t.JMeterThread: Thread started: UC4 4-24
2020-09-18 19:38:10,952 INFO o.a.j.t.JMeterThread: Thread started: UC6 5-24
2020-09-18 19:38:11,163 INFO o.a.j.t.JMeterThread: Thread is done: UC5 1-15
2020-09-18 19:38:11,163 INFO o.a.j.t.JMeterThread: Thread finished: UC5 1-15
2020-09-18 19:38:11,342 INFO o.a.j.t.JMeterThread: Thread is done: UC6 5-15
2020-09-18 19:38:11,342 INFO o.a.j.t.JMeterThread: Thread finished: UC6 5-15
2020-09-18 19:38:11,664 INFO o.a.j.t.JMeterThread: Thread is done: UC4 4-15
2020-09-18 19:38:11,664 INFO o.a.j.t.JMeterThread: Thread finished: UC4 4-15
2020-09-18 19:38:11,669 INFO o.a.j.t.JMeterThread: Thread started: UC5 1-25
2020-09-18 19:38:11,738 INFO o.a.j.t.JMeterThread: Thread started: UC7 2-25
2020-09-18 19:38:11,744 INFO o.a.j.t.JMeterThread: Thread is done: UC7 2-15
2020-09-18 19:38:11,744 INFO o.a.j.t.JMeterThread: Thread finished: UC7 2-15
2020-09-18 19:38:11,822 INFO o.a.j.t.JMeterThread: Thread started: UC3 3-25
2020-09-18 19:38:11,884 INFO o.a.j.t.JMeterThread: Thread is done: UC5 1-16
2020-09-18 19:38:11,884 INFO o.a.j.t.JMeterThread: Thread finished: UC5 1-16
2020-09-18 19:38:11,913 INFO o.a.j.t.JMeterThread: Thread started: UC4 4-25
2020-09-18 19:38:11,927 INFO o.a.j.t.JMeterThread: Thread is done: UC7 2-16
2020-09-18 19:38:11,927 INFO o.a.j.t.JMeterThread: Thread finished: UC7 2-16
2020-09-18 19:38:11,954 INFO o.a.j.t.JMeterThread: Thread started: UC6 5-25
2020-09-18 19:38:12,669 INFO o.a.j.t.JMeterThread: Thread started: UC5 1-26
2020-09-18 19:38:12,737 INFO o.a.j.t.JMeterThread: Thread started: UC7 2-26
2020-09-18 19:38:12,754 INFO o.a.j.t.JMeterThread: Thread is done: UC4 4-16
2020-09-18 19:38:12,754 INFO o.a.j.t.JMeterThread: Thread finished: UC4 4-16
2020-09-18 19:38:12,762 INFO o.a.j.t.JMeterThread: Thread is done: UC6 5-16
2020-09-18 19:38:12,762 INFO o.a.j.t.JMeterThread: Thread finished: UC6 5-16
2020-09-18 19:38:12,821 INFO o.a.j.t.JMeterThread: Thread started: UC3 3-26
2020-09-18 19:38:12,898 INFO o.a.j.t.JMeterThread: Thread started: UC4 4-26
2020-09-18 19:38:12,952 INFO o.a.j.t.JMeterThread: Thread started: UC6 5-26
2020-09-18 19:38:13,007 INFO o.a.j.t.JMeterThread: Thread is done: UC3 3-16
2020-09-18 19:38:13,007 INFO o.a.j.t.JMeterThread: Thread finished: UC3 3-16
2020-09-18 19:38:13,668 INFO o.a.j.t.JMeterThread: Thread started: UC5 1-27
2020-09-18 19:38:13,740 INFO o.a.j.t.JMeterThread: Thread started: UC7 2-27
2020-09-18 19:38:13,820 INFO o.a.j.t.JMeterThread: Thread started: UC3 3-27
2020-09-18 19:38:13,895 INFO o.a.j.t.JMeterThread: Thread started: UC4 4-27
2020-09-18 19:38:13,952 INFO o.a.j.t.JMeterThread: Thread started: UC6 5-27
2020-09-18 19:38:14,140 INFO o.a.j.t.JMeterThread: Thread is done: UC5 1-17
2020-09-18 19:38:14,140 INFO o.a.j.t.JMeterThread: Thread finished: UC5 1-17
2020-09-18 19:38:14,264 INFO o.a.j.t.JMeterThread: Thread is done: UC7 2-17
2020-09-18 19:38:14,264 INFO o.a.j.t.JMeterThread: Thread finished: UC7 2-17
2020-09-18 19:38:14,335 INFO o.a.j.t.JMeterThread: Thread is done: UC4 4-17
2020-09-18 19:38:14,335 INFO o.a.j.t.JMeterThread: Thread finished: UC4 4-17
2020-09-18 19:38:14,341 INFO o.a.j.t.JMeterThread: Thread is done: UC6 5-17
2020-09-18 19:38:14,341 INFO o.a.j.t.JMeterThread: Thread finished: UC6 5-17
2020-09-18 19:38:14,357 INFO o.a.j.t.JMeterThread: Thread is done: UC3 3-17
2020-09-18 19:38:14,357 INFO o.a.j.t.JMeterThread: Thread finished: UC3 3-17
2020-09-18 19:38:14,668 INFO o.a.j.t.JMeterThread: Thread started: UC5 1-28
2020-09-18 19:38:14,739 INFO o.a.j.t.JMeterThread: Thread started: UC7 2-28
2020-09-18 19:38:14,845 INFO o.a.j.t.JMeterThread: Thread started: UC3 3-28
2020-09-18 19:38:14,894 INFO o.a.j.t.JMeterThread: Thread started: UC4 4-28
2020-09-18 19:38:14,952 INFO o.a.j.t.JMeterThread: Thread started: UC6 5-28
2020-09-18 19:38:15,669 INFO o.a.j.t.JMeterThread: Thread started: UC5 1-29
2020-09-18 19:38:15,732 INFO o.a.j.t.JMeterThread: Thread is done: UC5 1-18
2020-09-18 19:38:15,732 INFO o.a.j.t.JMeterThread: Thread finished: UC5 1-18
2020-09-18 19:38:15,737 INFO o.a.j.t.JMeterThread: Thread started: UC7 2-29
2020-09-18 19:38:15,774 INFO o.a.j.t.JMeterThread: Thread is done: UC3 3-18
2020-09-18 19:38:15,774 INFO o.a.j.t.JMeterThread: Thread finished: UC3 3-18
2020-09-18 19:38:15,823 INFO o.a.j.t.JMeterThread: Thread started: UC3 3-29
2020-09-18 19:38:15,874 INFO o.a.j.t.JMeterThread: Thread is done: UC7 2-18
2020-09-18 19:38:15,874 INFO o.a.j.t.JMeterThread: Thread finished: UC7 2-18
2020-09-18 19:38:15,895 INFO o.a.j.t.JMeterThread: Thread started: UC4 4-29
2020-09-18 19:38:15,954 INFO o.a.j.t.JMeterThread: Thread started: UC6 5-29
2020-09-18 19:38:16,196 INFO o.a.j.t.JMeterThread: Thread is done: UC6 5-18
2020-09-18 19:38:16,196 INFO o.a.j.t.JMeterThread: Thread finished: UC6 5-18
2020-09-18 19:38:16,361 INFO o.a.j.t.JMeterThread: Thread is done: UC4 4-18
2020-09-18 19:38:16,361 INFO o.a.j.t.JMeterThread: Thread finished: UC4 4-18
2020-09-18 19:38:16,670 INFO o.a.j.t.JMeterThread: Thread started: UC5 1-30
2020-09-18 19:38:16,738 INFO o.a.j.t.JMeterThread: Thread started: UC7 2-30
2020-09-18 19:38:16,820 INFO o.a.j.t.JMeterThread: Thread started: UC3 3-30
2020-09-18 19:38:16,896 INFO o.a.j.t.JMeterThread: Thread started: UC4 4-30
2020-09-18 19:38:16,961 INFO o.a.j.t.JMeterThread: Thread started: UC6 5-30
2020-09-18 19:38:17,109 INFO o.a.j.t.JMeterThread: Thread is done: UC5 1-19
2020-09-18 19:38:17,110 INFO o.a.j.t.JMeterThread: Thread finished: UC5 1-19
2020-09-18 19:38:17,642 INFO o.a.j.t.JMeterThread: Thread is done: UC4 4-19
2020-09-18 19:38:17,642 INFO o.a.j.t.JMeterThread: Thread finished: UC4 4-19
2020-09-18 19:38:17,820 INFO o.a.j.t.JMeterThread: Thread is done: UC3 3-19
2020-09-18 19:38:17,820 INFO o.a.j.t.JMeterThread: Thread finished: UC3 3-19
2020-09-18 19:38:17,845 INFO o.a.j.t.JMeterThread: Thread is done: UC7 2-19
2020-09-18 19:38:17,845 INFO o.a.j.t.JMeterThread: Thread finished: UC7 2-19
2020-09-18 19:38:17,986 INFO o.a.j.t.JMeterThread: Thread is done: UC6 5-19
2020-09-18 19:38:17,986 INFO o.a.j.t.JMeterThread: Thread finished: UC6 5-19
2020-09-18 19:38:18,056 INFO o.a.j.t.JMeterThread: Thread is done: UC5 1-20
2020-09-18 19:38:18,056 INFO o.a.j.t.JMeterThread: Thread finished: UC5 1-20
2020-09-18 19:38:18,432 INFO o.a.j.t.JMeterThread: Thread is done: UC7 2-20
2020-09-18 19:38:18,432 INFO o.a.j.t.JMeterThread: Thread finished: UC7 2-20
2020-09-18 19:38:18,701 INFO o.a.j.t.JMeterThread: Thread is done: UC4 4-20
2020-09-18 19:38:18,701 INFO o.a.j.t.JMeterThread: Thread finished: UC4 4-20
2020-09-18 19:38:18,891 INFO o.a.j.t.JMeterThread: Thread is done: UC6 5-20
2020-09-18 19:38:18,891 INFO o.a.j.t.JMeterThread: Thread finished: UC6 5-20
2020-09-18 19:38:19,353 INFO o.a.j.t.JMeterThread: Thread is done: UC3 3-20
2020-09-18 19:38:19,353 INFO o.a.j.t.JMeterThread: Thread finished: UC3 3-20
2020-09-18 19:38:19,812 INFO o.a.j.t.JMeterThread: Thread is done: UC3 3-21
2020-09-18 19:38:19,813 INFO o.a.j.t.JMeterThread: Thread finished: UC3 3-21
2020-09-18 19:38:20,099 INFO o.a.j.t.JMeterThread: Thread is done: UC7 2-21
2020-09-18 19:38:20,099 INFO o.a.j.t.JMeterThread: Thread finished: UC7 2-21
2020-09-18 19:38:20,230 INFO o.a.j.t.JMeterThread: Thread is done: UC5 1-21
2020-09-18 19:38:20,230 INFO o.a.j.t.JMeterThread: Thread finished: UC5 1-21
2020-09-18 19:38:20,318 INFO o.a.j.t.JMeterThread: Thread is done: UC4 4-21
2020-09-18 19:38:20,318 INFO o.a.j.t.JMeterThread: Thread finished: UC4 4-21
2020-09-18 19:38:20,375 INFO o.a.j.t.JMeterThread: Thread is done: UC6 5-21
2020-09-18 19:38:20,375 INFO o.a.j.t.JMeterThread: Thread finished: UC6 5-21
2020-09-18 19:38:20,617 INFO o.a.j.t.JMeterThread: Thread is done: UC7 2-22
2020-09-18 19:38:20,617 INFO o.a.j.t.JMeterThread: Thread finished: UC7 2-22
2020-09-18 19:38:21,036 INFO o.a.j.t.JMeterThread: Thread is done: UC3 3-22
2020-09-18 19:38:21,036 INFO o.a.j.t.JMeterThread: Thread finished: UC3 3-22
2020-09-18 19:38:21,082 INFO o.a.j.t.JMeterThread: Thread is done: UC5 1-22
2020-09-18 19:38:21,082 INFO o.a.j.t.JMeterThread: Thread finished: UC5 1-22
2020-09-18 19:38:21,173 INFO o.a.j.t.JMeterThread: Thread is done: UC6 5-22
2020-09-18 19:38:21,173 INFO o.a.j.t.JMeterThread: Thread finished: UC6 5-22
2020-09-18 19:38:21,238 INFO o.a.j.t.JMeterThread: Thread is done: UC4 4-22
2020-09-18 19:38:21,238 INFO o.a.j.t.JMeterThread: Thread finished: UC4 4-22
2020-09-18 19:38:21,543 INFO o.a.j.t.JMeterThread: Thread is done: UC6 5-23
2020-09-18 19:38:21,543 INFO o.a.j.t.JMeterThread: Thread finished: UC6 5-23
2020-09-18 19:38:22,398 INFO o.a.j.t.JMeterThread: Thread is done: UC5 1-23
2020-09-18 19:38:22,398 INFO o.a.j.t.JMeterThread: Thread finished: UC5 1-23
2020-09-18 19:38:22,481 INFO o.a.j.t.JMeterThread: Thread is done: UC7 2-23
2020-09-18 19:38:22,481 INFO o.a.j.t.JMeterThread: Thread finished: UC7 2-23
2020-09-18 19:38:22,545 INFO o.a.j.t.JMeterThread: Thread is done: UC4 4-23
2020-09-18 19:38:22,545 INFO o.a.j.t.JMeterThread: Thread finished: UC4 4-23
2020-09-18 19:38:22,800 INFO o.a.j.t.JMeterThread: Thread is done: UC5 1-24
2020-09-18 19:38:22,800 INFO o.a.j.t.JMeterThread: Thread finished: UC5 1-24
2020-09-18 19:38:22,884 INFO o.a.j.t.JMeterThread: Thread is done: UC3 3-24
2020-09-18 19:38:22,885 INFO o.a.j.t.JMeterThread: Thread finished: UC3 3-24
2020-09-18 19:38:22,912 INFO o.a.j.t.JMeterThread: Thread is done: UC3 3-23
2020-09-18 19:38:22,912 INFO o.a.j.t.JMeterThread: Thread finished: UC3 3-23
2020-09-18 19:38:23,036 INFO o.a.j.t.JMeterThread: Thread is done: UC7 2-24
2020-09-18 19:38:23,036 INFO o.a.j.t.JMeterThread: Thread finished: UC7 2-24
2020-09-18 19:38:23,102 INFO o.a.j.t.JMeterThread: Thread is done: UC6 5-24
2020-09-18 19:38:23,103 INFO o.a.j.t.JMeterThread: Thread finished: UC6 5-24
2020-09-18 19:38:23,637 INFO o.a.j.t.JMeterThread: Thread is done: UC4 4-25
2020-09-18 19:38:23,637 INFO o.a.j.t.JMeterThread: Thread finished: UC4 4-25
2020-09-18 19:38:23,708 INFO o.a.j.t.JMeterThread: Thread is done: UC4 4-24
2020-09-18 19:38:23,708 INFO o.a.j.t.JMeterThread: Thread finished: UC4 4-24
2020-09-18 19:38:23,721 INFO o.a.j.t.JMeterThread: Thread is done: UC7 2-25
2020-09-18 19:38:23,722 INFO o.a.j.t.JMeterThread: Thread finished: UC7 2-25
2020-09-18 19:38:23,767 INFO o.a.j.t.JMeterThread: Thread is done: UC5 1-25
2020-09-18 19:38:23,767 INFO o.a.j.t.JMeterThread: Thread finished: UC5 1-25
2020-09-18 19:38:23,908 INFO o.a.j.t.JMeterThread: Thread is done: UC3 3-26
2020-09-18 19:38:23,908 INFO o.a.j.t.JMeterThread: Thread finished: UC3 3-26
2020-09-18 19:38:23,936 INFO o.a.j.t.JMeterThread: Thread is done: UC3 3-25
2020-09-18 19:38:23,936 INFO o.a.j.t.JMeterThread: Thread finished: UC3 3-25
2020-09-18 19:38:24,042 INFO o.a.j.t.JMeterThread: Thread is done: UC6 5-26
2020-09-18 19:38:24,042 INFO o.a.j.t.JMeterThread: Thread finished: UC6 5-26
2020-09-18 19:38:24,053 INFO o.a.j.t.JMeterThread: Thread is done: UC5 1-26
2020-09-18 19:38:24,054 INFO o.a.j.t.JMeterThread: Thread finished: UC5 1-26
2020-09-18 19:38:24,130 INFO o.a.j.t.JMeterThread: Thread is done: UC6 5-25
2020-09-18 19:38:24,130 INFO o.a.j.t.JMeterThread: Thread finished: UC6 5-25
2020-09-18 19:38:24,183 INFO o.a.j.t.JMeterThread: Thread is done: UC7 2-26
2020-09-18 19:38:24,183 INFO o.a.j.t.JMeterThread: Thread finished: UC7 2-26
2020-09-18 19:38:24,318 INFO o.a.j.t.JMeterThread: Thread is done: UC4 4-26
2020-09-18 19:38:24,318 INFO o.a.j.t.JMeterThread: Thread finished: UC4 4-26
2020-09-18 19:38:24,343 INFO o.a.j.t.JMeterThread: Thread is done: UC7 2-27
2020-09-18 19:38:24,343 INFO o.a.j.t.JMeterThread: Thread finished: UC7 2-27
2020-09-18 19:38:24,504 INFO o.a.j.t.JMeterThread: Thread is done: UC3 3-27
2020-09-18 19:38:24,504 INFO o.a.j.t.JMeterThread: Thread finished: UC3 3-27
2020-09-18 19:38:24,536 INFO o.a.j.t.JMeterThread: Thread is done: UC4 4-27
2020-09-18 19:38:24,536 INFO o.a.j.t.JMeterThread: Thread finished: UC4 4-27
2020-09-18 19:38:24,558 INFO o.a.j.t.JMeterThread: Thread is done: UC5 1-27
2020-09-18 19:38:24,558 INFO o.a.j.t.JMeterThread: Thread finished: UC5 1-27
2020-09-18 19:38:24,700 INFO o.a.j.t.JMeterThread: Thread is done: UC6 5-27
2020-09-18 19:38:24,700 INFO o.a.j.t.JMeterThread: Thread finished: UC6 5-27
2020-09-18 19:38:24,920 INFO o.a.j.t.JMeterThread: Thread is done: UC7 2-29
2020-09-18 19:38:24,920 INFO o.a.j.t.JMeterThread: Thread finished: UC7 2-29
2020-09-18 19:38:24,932 INFO o.a.j.t.JMeterThread: Thread is done: UC3 3-28
2020-09-18 19:38:24,932 INFO o.a.j.t.JMeterThread: Thread finished: UC3 3-28
2020-09-18 19:38:24,964 INFO o.a.j.t.JMeterThread: Thread is done: UC6 5-28
2020-09-18 19:38:24,965 INFO o.a.j.t.JMeterThread: Thread finished: UC6 5-28
2020-09-18 19:38:24,994 INFO o.a.j.t.JMeterThread: Thread is done: UC5 1-28
2020-09-18 19:38:24,994 INFO o.a.j.t.JMeterThread: Thread finished: UC5 1-28
2020-09-18 19:38:25,068 INFO o.a.j.t.JMeterThread: Thread is done: UC7 2-28
2020-09-18 19:38:25,068 INFO o.a.j.t.JMeterThread: Thread finished: UC7 2-28
2020-09-18 19:38:25,080 INFO o.a.j.t.JMeterThread: Thread is done: UC4 4-30
2020-09-18 19:38:25,081 INFO o.a.j.t.JMeterThread: Thread finished: UC4 4-30
2020-09-18 19:38:25,106 INFO o.a.j.t.JMeterThread: Thread is done: UC6 5-29
2020-09-18 19:38:25,106 INFO o.a.j.t.JMeterThread: Thread finished: UC6 5-29
2020-09-18 19:38:25,111 INFO o.a.j.t.JMeterThread: Thread is done: UC4 4-28
2020-09-18 19:38:25,111 INFO o.a.j.t.JMeterThread: Thread finished: UC4 4-28
2020-09-18 19:38:25,129 INFO o.a.j.t.JMeterThread: Thread is done: UC6 5-30
2020-09-18 19:38:25,129 INFO o.a.j.t.JMeterThread: Thread finished: UC6 5-30
2020-09-18 19:38:25,153 INFO o.a.j.t.JMeterThread: Thread is done: UC4 4-29
2020-09-18 19:38:25,153 INFO o.a.j.t.JMeterThread: Thread finished: UC4 4-29
2020-09-18 19:38:25,164 INFO o.a.j.t.JMeterThread: Thread is done: UC5 1-30
2020-09-18 19:38:25,164 INFO o.a.j.t.JMeterThread: Thread finished: UC5 1-30
2020-09-18 19:38:25,166 INFO o.a.j.t.JMeterThread: Thread is done: UC3 3-29
2020-09-18 19:38:25,167 INFO o.a.j.t.JMeterThread: Thread finished: UC3 3-29
2020-09-18 19:38:25,185 INFO o.a.j.t.JMeterThread: Thread is done: UC5 1-29
2020-09-18 19:38:25,186 INFO o.a.j.t.JMeterThread: Thread finished: UC5 1-29
2020-09-18 19:38:25,187 INFO o.a.j.t.JMeterThread: Thread is done: UC3 3-30
2020-09-18 19:38:25,187 INFO o.a.j.t.JMeterThread: Thread finished: UC3 3-30
2020-09-18 19:38:25,188 INFO o.a.j.t.JMeterThread: Thread is done: UC7 2-30
2020-09-18 19:38:25,188 INFO o.a.j.t.JMeterThread: Thread finished: UC7 2-30
2020-09-18 19:38:25,189 INFO o.a.j.e.StandardJMeterEngine: Notifying test listeners of end of test
2020-09-18 19:38:25,190 INFO o.a.j.r.Summariser: summary +   3111 in 00:00:25 =  123.5/s Avg:   348 Min:    19 Max:  1078 Err:     0 (0.00%) Active: 0 Started: 150 Finished: 150
2020-09-18 19:38:25,191 INFO o.a.j.r.Summariser: summary =   4500 in 00:00:38 =  119.8/s Avg:   288 Min:    14 Max:  1078 Err:     0 (0.00%)
