2020-10-25 22:05:15,450 INFO o.a.j.u.JMeterUtils: Setting Locale to en_US
2020-10-25 22:05:15,506 INFO o.a.j.JMeter: Loading user properties from: /home/gabrielkovacs/jmeter/apache-jmeter-5.3/bin/user.properties
2020-10-25 22:05:15,507 INFO o.a.j.JMeter: Loading system properties from: /home/gabrielkovacs/jmeter/apache-jmeter-5.3/bin/system.properties
2020-10-25 22:05:15,509 INFO o.a.j.JMeter: Copyright (c) 1998-2020 The Apache Software Foundation
2020-10-25 22:05:15,509 INFO o.a.j.JMeter: Version 5.3
2020-10-25 22:05:15,509 INFO o.a.j.JMeter: java.version=11.0.8
2020-10-25 22:05:15,509 INFO o.a.j.JMeter: java.vm.name=OpenJDK 64-Bit Server VM
2020-10-25 22:05:15,509 INFO o.a.j.JMeter: os.name=Linux
2020-10-25 22:05:15,509 INFO o.a.j.JMeter: os.arch=amd64
2020-10-25 22:05:15,509 INFO o.a.j.JMeter: os.version=5.3.0-59-generic
2020-10-25 22:05:15,510 INFO o.a.j.JMeter: file.encoding=UTF-8
2020-10-25 22:05:15,510 INFO o.a.j.JMeter: java.awt.headless=true
2020-10-25 22:05:15,510 INFO o.a.j.JMeter: Max memory     =4198498304
2020-10-25 22:05:15,510 INFO o.a.j.JMeter: Available Processors =2
2020-10-25 22:05:15,524 INFO o.a.j.JMeter: Default Locale=English (United States)
2020-10-25 22:05:15,525 INFO o.a.j.JMeter: JMeter  Locale=English (United States)
2020-10-25 22:05:15,525 INFO o.a.j.JMeter: JMeterHome=/home/gabrielkovacs/jmeter/apache-jmeter-5.3
2020-10-25 22:05:15,525 INFO o.a.j.JMeter: user.dir  =/home/gabrielkovacs/jmeter/api_gateway_1_to_1_db_distributed
2020-10-25 22:05:15,525 INFO o.a.j.JMeter: PWD       =/home/gabrielkovacs/jmeter/api_gateway_1_to_1_db_distributed
2020-10-25 22:05:15,526 INFO o.a.j.JMeter: IP: 127.0.1.1 Name: swa-gabrielkovacs FullName: swa-gabrielkovacs
2020-10-25 22:05:15,537 INFO o.a.j.s.FileServer: Default base='/home/gabrielkovacs/jmeter/api_gateway_1_to_1_db_distributed'
2020-10-25 22:05:15,540 INFO o.a.j.s.FileServer: Set new base='/home/gabrielkovacs/jmeter/api_gateway_1_to_1_db_distributed'
2020-10-25 22:05:15,814 INFO o.a.j.s.SaveService: Testplan (JMX) version: 2.2. Testlog (JTL) version: 2.2
2020-10-25 22:05:15,845 INFO o.a.j.s.SaveService: Using SaveService properties version 5.0
2020-10-25 22:05:15,851 INFO o.a.j.s.SaveService: Using SaveService properties file encoding UTF-8
2020-10-25 22:05:15,860 INFO o.a.j.s.SaveService: Loading file: SR_OP&ROP_DR_1_0_300.jmx
2020-10-25 22:05:15,932 INFO o.a.j.p.h.s.HTTPSamplerBase: Parser for text/html is org.apache.jmeter.protocol.http.parser.LagartoBasedHtmlParser
2020-10-25 22:05:15,932 INFO o.a.j.p.h.s.HTTPSamplerBase: Parser for application/xhtml+xml is org.apache.jmeter.protocol.http.parser.LagartoBasedHtmlParser
2020-10-25 22:05:15,933 INFO o.a.j.p.h.s.HTTPSamplerBase: Parser for application/xml is org.apache.jmeter.protocol.http.parser.LagartoBasedHtmlParser
2020-10-25 22:05:15,933 INFO o.a.j.p.h.s.HTTPSamplerBase: Parser for text/xml is org.apache.jmeter.protocol.http.parser.LagartoBasedHtmlParser
2020-10-25 22:05:15,934 INFO o.a.j.p.h.s.HTTPSamplerBase: Parser for text/vnd.wap.wml is org.apache.jmeter.protocol.http.parser.RegexpHTMLParser
2020-10-25 22:05:15,934 INFO o.a.j.p.h.s.HTTPSamplerBase: Parser for text/css is org.apache.jmeter.protocol.http.parser.CssParser
2020-10-25 22:05:16,005 INFO o.a.j.JMeter: Creating summariser <summary>
2020-10-25 22:05:16,015 INFO o.a.j.e.StandardJMeterEngine: Running the test!
2020-10-25 22:05:16,020 INFO o.a.j.s.SampleEvent: List of sample_variables: [uuid]
2020-10-25 22:05:16,020 INFO o.a.j.s.SampleEvent: List of sample_variables: [uuid]
2020-10-25 22:05:16,031 INFO o.a.j.e.u.CompoundVariable: Note: Function class names must contain the string: '.functions.'
2020-10-25 22:05:16,031 INFO o.a.j.e.u.CompoundVariable: Note: Function class names must not contain the string: '.gui.'
2020-10-25 22:05:16,653 INFO o.a.j.JMeter: Running test (1603659916653)
2020-10-25 22:05:16,697 INFO o.a.j.e.StandardJMeterEngine: Starting ThreadGroup: 1 : UC5
2020-10-25 22:05:16,697 INFO o.a.j.e.StandardJMeterEngine: Starting 1 threads for group UC5.
2020-10-25 22:05:16,697 INFO o.a.j.e.StandardJMeterEngine: Thread will continue on error
2020-10-25 22:05:16,698 INFO o.a.j.t.ThreadGroup: Starting thread group... number=1 threads=1 ramp-up=0 delayedStart=false
2020-10-25 22:05:16,710 INFO o.a.j.t.ThreadGroup: Started thread group number 1
2020-10-25 22:05:16,710 INFO o.a.j.e.StandardJMeterEngine: Starting ThreadGroup: 2 : UC7
2020-10-25 22:05:16,710 INFO o.a.j.e.StandardJMeterEngine: Starting 1 threads for group UC7.
2020-10-25 22:05:16,710 INFO o.a.j.e.StandardJMeterEngine: Thread will continue on error
2020-10-25 22:05:16,711 INFO o.a.j.t.ThreadGroup: Starting thread group... number=2 threads=1 ramp-up=0 delayedStart=false
2020-10-25 22:05:16,713 INFO o.a.j.t.ThreadGroup: Started thread group number 2
2020-10-25 22:05:16,713 INFO o.a.j.e.StandardJMeterEngine: Starting ThreadGroup: 3 : UC3
2020-10-25 22:05:16,714 INFO o.a.j.e.StandardJMeterEngine: Starting 1 threads for group UC3.
2020-10-25 22:05:16,714 INFO o.a.j.e.StandardJMeterEngine: Thread will continue on error
2020-10-25 22:05:16,714 INFO o.a.j.t.ThreadGroup: Starting thread group... number=3 threads=1 ramp-up=0 delayedStart=false
2020-10-25 22:05:16,716 INFO o.a.j.t.ThreadGroup: Started thread group number 3
2020-10-25 22:05:16,716 INFO o.a.j.e.StandardJMeterEngine: Starting ThreadGroup: 4 : UC4
2020-10-25 22:05:16,716 INFO o.a.j.e.StandardJMeterEngine: Starting 1 threads for group UC4.
2020-10-25 22:05:16,716 INFO o.a.j.e.StandardJMeterEngine: Thread will continue on error
2020-10-25 22:05:16,716 INFO o.a.j.t.ThreadGroup: Starting thread group... number=4 threads=1 ramp-up=0 delayedStart=false
2020-10-25 22:05:16,718 INFO o.a.j.t.ThreadGroup: Started thread group number 4
2020-10-25 22:05:16,718 INFO o.a.j.e.StandardJMeterEngine: Starting ThreadGroup: 5 : UC6
2020-10-25 22:05:16,718 INFO o.a.j.e.StandardJMeterEngine: Starting 1 threads for group UC6.
2020-10-25 22:05:16,718 INFO o.a.j.e.StandardJMeterEngine: Thread will continue on error
2020-10-25 22:05:16,718 INFO o.a.j.t.ThreadGroup: Starting thread group... number=5 threads=1 ramp-up=0 delayedStart=false
2020-10-25 22:05:16,726 INFO o.a.j.t.ThreadGroup: Started thread group number 5
2020-10-25 22:05:16,730 INFO o.a.j.e.StandardJMeterEngine: All thread groups have been started
2020-10-25 22:05:16,732 INFO o.a.j.t.JMeterThread: Thread started: UC5 1-1
2020-10-25 22:05:16,734 INFO o.a.j.t.JMeterThread: Thread started: UC7 2-1
2020-10-25 22:05:16,740 INFO o.a.j.t.JMeterThread: Thread started: UC3 3-1
2020-10-25 22:05:16,741 INFO o.a.j.t.JMeterThread: Thread started: UC6 5-1
2020-10-25 22:05:16,741 INFO o.a.j.t.JMeterThread: Thread started: UC4 4-1
2020-10-25 22:05:17,046 INFO o.a.j.p.h.s.HTTPJavaImpl: Maximum connection retries = 0
2020-10-25 22:05:17,048 INFO o.a.j.s.SampleResult: Note: Sample TimeStamps are START times
2020-10-25 22:05:17,048 INFO o.a.j.s.SampleResult: sampleresult.default.encoding is set to ISO-8859-1
2020-10-25 22:05:17,049 INFO o.a.j.s.SampleResult: sampleresult.useNanoTime=true
2020-10-25 22:05:17,049 INFO o.a.j.s.SampleResult: sampleresult.nanoThreadSleep=5000
2020-10-25 22:05:30,045 INFO o.a.j.r.Summariser: summary +    209 in 00:00:13 =   15.6/s Avg:    12 Min:     6 Max:    32 Err:     0 (0.00%) Active: 5 Started: 5 Finished: 0
2020-10-25 22:06:00,206 INFO o.a.j.r.Summariser: summary +    481 in 00:00:30 =   15.9/s Avg:    12 Min:     4 Max:    45 Err:     0 (0.00%) Active: 5 Started: 5 Finished: 0
2020-10-25 22:06:00,208 INFO o.a.j.r.Summariser: summary =    690 in 00:00:44 =   15.8/s Avg:    12 Min:     4 Max:    45 Err:     0 (0.00%)
2020-10-25 22:06:30,031 INFO o.a.j.r.Summariser: summary +    477 in 00:00:30 =   16.0/s Avg:    12 Min:     4 Max:    43 Err:     0 (0.00%) Active: 5 Started: 5 Finished: 0
2020-10-25 22:06:30,031 INFO o.a.j.r.Summariser: summary =   1167 in 00:01:13 =   15.9/s Avg:    12 Min:     4 Max:    45 Err:     0 (0.00%)
2020-10-25 22:06:49,152 INFO o.a.j.t.JMeterThread: Thread is done: UC5 1-1
2020-10-25 22:06:49,152 INFO o.a.j.t.JMeterThread: Thread finished: UC5 1-1
2020-10-25 22:06:49,154 INFO o.a.j.t.JMeterThread: Thread is done: UC7 2-1
2020-10-25 22:06:49,154 INFO o.a.j.t.JMeterThread: Thread finished: UC7 2-1
2020-10-25 22:06:49,966 INFO o.a.j.t.JMeterThread: Thread is done: UC3 3-1
2020-10-25 22:06:49,967 INFO o.a.j.t.JMeterThread: Thread finished: UC3 3-1
2020-10-25 22:06:51,883 INFO o.a.j.t.JMeterThread: Thread is done: UC4 4-1
2020-10-25 22:06:51,883 INFO o.a.j.t.JMeterThread: Thread finished: UC4 4-1
2020-10-25 22:06:53,300 INFO o.a.j.t.JMeterThread: Thread is done: UC6 5-1
2020-10-25 22:06:53,301 INFO o.a.j.t.JMeterThread: Thread finished: UC6 5-1
2020-10-25 22:06:53,301 INFO o.a.j.e.StandardJMeterEngine: Notifying test listeners of end of test
2020-10-25 22:06:53,302 INFO o.a.j.r.Summariser: summary +    333 in 00:00:23 =   14.3/s Avg:    12 Min:     4 Max:    54 Err:     0 (0.00%) Active: 0 Started: 5 Finished: 5
2020-10-25 22:06:53,303 INFO o.a.j.r.Summariser: summary =   1500 in 00:01:37 =   15.5/s Avg:    12 Min:     4 Max:    54 Err:     0 (0.00%)
