2020-10-25 18:30:40,815 INFO o.a.j.u.JMeterUtils: Setting Locale to en_US
2020-10-25 18:30:40,858 INFO o.a.j.JMeter: Loading user properties from: /home/gabrielkovacs/jmeter/apache-jmeter-5.3/bin/user.properties
2020-10-25 18:30:40,858 INFO o.a.j.JMeter: Loading system properties from: /home/gabrielkovacs/jmeter/apache-jmeter-5.3/bin/system.properties
2020-10-25 18:30:40,861 INFO o.a.j.JMeter: Copyright (c) 1998-2020 The Apache Software Foundation
2020-10-25 18:30:40,861 INFO o.a.j.JMeter: Version 5.3
2020-10-25 18:30:40,861 INFO o.a.j.JMeter: java.version=11.0.8
2020-10-25 18:30:40,861 INFO o.a.j.JMeter: java.vm.name=OpenJDK 64-Bit Server VM
2020-10-25 18:30:40,861 INFO o.a.j.JMeter: os.name=Linux
2020-10-25 18:30:40,861 INFO o.a.j.JMeter: os.arch=amd64
2020-10-25 18:30:40,862 INFO o.a.j.JMeter: os.version=5.3.0-59-generic
2020-10-25 18:30:40,862 INFO o.a.j.JMeter: file.encoding=UTF-8
2020-10-25 18:30:40,862 INFO o.a.j.JMeter: java.awt.headless=true
2020-10-25 18:30:40,862 INFO o.a.j.JMeter: Max memory     =4198498304
2020-10-25 18:30:40,862 INFO o.a.j.JMeter: Available Processors =2
2020-10-25 18:30:40,877 INFO o.a.j.JMeter: Default Locale=English (United States)
2020-10-25 18:30:40,877 INFO o.a.j.JMeter: JMeter  Locale=English (United States)
2020-10-25 18:30:40,877 INFO o.a.j.JMeter: JMeterHome=/home/gabrielkovacs/jmeter/apache-jmeter-5.3
2020-10-25 18:30:40,878 INFO o.a.j.JMeter: user.dir  =/home/gabrielkovacs/jmeter/message_bus_1_to_1_db_distributed
2020-10-25 18:30:40,878 INFO o.a.j.JMeter: PWD       =/home/gabrielkovacs/jmeter/message_bus_1_to_1_db_distributed
2020-10-25 18:30:40,878 INFO o.a.j.JMeter: IP: 127.0.1.1 Name: swa-gabrielkovacs FullName: swa-gabrielkovacs
2020-10-25 18:30:40,889 INFO o.a.j.s.FileServer: Default base='/home/gabrielkovacs/jmeter/message_bus_1_to_1_db_distributed'
2020-10-25 18:30:40,892 INFO o.a.j.s.FileServer: Set new base='/home/gabrielkovacs/jmeter/message_bus_1_to_1_db_distributed'
2020-10-25 18:30:41,189 INFO o.a.j.s.SaveService: Testplan (JMX) version: 2.2. Testlog (JTL) version: 2.2
2020-10-25 18:30:41,221 INFO o.a.j.s.SaveService: Using SaveService properties version 5.0
2020-10-25 18:30:41,226 INFO o.a.j.s.SaveService: Using SaveService properties file encoding UTF-8
2020-10-25 18:30:41,231 INFO o.a.j.s.SaveService: Loading file: SR_OP&ROP_DR_1_0_300.jmx
2020-10-25 18:30:41,294 INFO o.a.j.p.h.s.HTTPSamplerBase: Parser for text/html is org.apache.jmeter.protocol.http.parser.LagartoBasedHtmlParser
2020-10-25 18:30:41,294 INFO o.a.j.p.h.s.HTTPSamplerBase: Parser for application/xhtml+xml is org.apache.jmeter.protocol.http.parser.LagartoBasedHtmlParser
2020-10-25 18:30:41,294 INFO o.a.j.p.h.s.HTTPSamplerBase: Parser for application/xml is org.apache.jmeter.protocol.http.parser.LagartoBasedHtmlParser
2020-10-25 18:30:41,294 INFO o.a.j.p.h.s.HTTPSamplerBase: Parser for text/xml is org.apache.jmeter.protocol.http.parser.LagartoBasedHtmlParser
2020-10-25 18:30:41,295 INFO o.a.j.p.h.s.HTTPSamplerBase: Parser for text/vnd.wap.wml is org.apache.jmeter.protocol.http.parser.RegexpHTMLParser
2020-10-25 18:30:41,295 INFO o.a.j.p.h.s.HTTPSamplerBase: Parser for text/css is org.apache.jmeter.protocol.http.parser.CssParser
2020-10-25 18:30:41,358 INFO o.a.j.JMeter: Creating summariser <summary>
2020-10-25 18:30:41,373 INFO o.a.j.e.StandardJMeterEngine: Running the test!
2020-10-25 18:30:41,384 INFO o.a.j.s.SampleEvent: List of sample_variables: [uuid]
2020-10-25 18:30:41,385 INFO o.a.j.s.SampleEvent: List of sample_variables: [uuid]
2020-10-25 18:30:41,397 INFO o.a.j.e.u.CompoundVariable: Note: Function class names must contain the string: '.functions.'
2020-10-25 18:30:41,397 INFO o.a.j.e.u.CompoundVariable: Note: Function class names must not contain the string: '.gui.'
2020-10-25 18:30:42,023 INFO o.a.j.JMeter: Running test (1603647042023)
2020-10-25 18:30:42,072 INFO o.a.j.e.StandardJMeterEngine: Starting ThreadGroup: 1 : UC5
2020-10-25 18:30:42,072 INFO o.a.j.e.StandardJMeterEngine: Starting 1 threads for group UC5.
2020-10-25 18:30:42,072 INFO o.a.j.e.StandardJMeterEngine: Thread will continue on error
2020-10-25 18:30:42,073 INFO o.a.j.t.ThreadGroup: Starting thread group... number=1 threads=1 ramp-up=0 delayedStart=false
2020-10-25 18:30:42,079 INFO o.a.j.t.ThreadGroup: Started thread group number 1
2020-10-25 18:30:42,080 INFO o.a.j.e.StandardJMeterEngine: Starting ThreadGroup: 2 : UC7
2020-10-25 18:30:42,080 INFO o.a.j.e.StandardJMeterEngine: Starting 1 threads for group UC7.
2020-10-25 18:30:42,080 INFO o.a.j.e.StandardJMeterEngine: Thread will continue on error
2020-10-25 18:30:42,080 INFO o.a.j.t.ThreadGroup: Starting thread group... number=2 threads=1 ramp-up=0 delayedStart=false
2020-10-25 18:30:42,083 INFO o.a.j.t.ThreadGroup: Started thread group number 2
2020-10-25 18:30:42,083 INFO o.a.j.e.StandardJMeterEngine: Starting ThreadGroup: 3 : UC3
2020-10-25 18:30:42,084 INFO o.a.j.e.StandardJMeterEngine: Starting 1 threads for group UC3.
2020-10-25 18:30:42,084 INFO o.a.j.e.StandardJMeterEngine: Thread will continue on error
2020-10-25 18:30:42,084 INFO o.a.j.t.ThreadGroup: Starting thread group... number=3 threads=1 ramp-up=0 delayedStart=false
2020-10-25 18:30:42,086 INFO o.a.j.t.ThreadGroup: Started thread group number 3
2020-10-25 18:30:42,086 INFO o.a.j.e.StandardJMeterEngine: Starting ThreadGroup: 4 : UC4
2020-10-25 18:30:42,087 INFO o.a.j.e.StandardJMeterEngine: Starting 1 threads for group UC4.
2020-10-25 18:30:42,088 INFO o.a.j.e.StandardJMeterEngine: Thread will continue on error
2020-10-25 18:30:42,088 INFO o.a.j.t.ThreadGroup: Starting thread group... number=4 threads=1 ramp-up=0 delayedStart=false
2020-10-25 18:30:42,094 INFO o.a.j.t.ThreadGroup: Started thread group number 4
2020-10-25 18:30:42,094 INFO o.a.j.e.StandardJMeterEngine: Starting ThreadGroup: 5 : UC6
2020-10-25 18:30:42,094 INFO o.a.j.e.StandardJMeterEngine: Starting 1 threads for group UC6.
2020-10-25 18:30:42,094 INFO o.a.j.e.StandardJMeterEngine: Thread will continue on error
2020-10-25 18:30:42,094 INFO o.a.j.t.ThreadGroup: Starting thread group... number=5 threads=1 ramp-up=0 delayedStart=false
2020-10-25 18:30:42,105 INFO o.a.j.t.JMeterThread: Thread started: UC5 1-1
2020-10-25 18:30:42,107 INFO o.a.j.t.JMeterThread: Thread started: UC7 2-1
2020-10-25 18:30:42,108 INFO o.a.j.t.JMeterThread: Thread started: UC3 3-1
2020-10-25 18:30:42,102 INFO o.a.j.t.ThreadGroup: Started thread group number 5
2020-10-25 18:30:42,113 INFO o.a.j.e.StandardJMeterEngine: All thread groups have been started
2020-10-25 18:30:42,114 INFO o.a.j.t.JMeterThread: Thread started: UC4 4-1
2020-10-25 18:30:42,112 INFO o.a.j.t.JMeterThread: Thread started: UC6 5-1
2020-10-25 18:30:42,420 INFO o.a.j.p.h.s.HTTPJavaImpl: Maximum connection retries = 0
2020-10-25 18:30:42,423 INFO o.a.j.s.SampleResult: Note: Sample TimeStamps are START times
2020-10-25 18:30:42,423 INFO o.a.j.s.SampleResult: sampleresult.default.encoding is set to ISO-8859-1
2020-10-25 18:30:42,423 INFO o.a.j.s.SampleResult: sampleresult.useNanoTime=true
2020-10-25 18:30:42,423 INFO o.a.j.s.SampleResult: sampleresult.nanoThreadSleep=5000
2020-10-25 18:31:00,037 INFO o.a.j.r.Summariser: summary +    276 in 00:00:18 =   15.3/s Avg:    21 Min:    12 Max:    69 Err:     0 (0.00%) Active: 5 Started: 5 Finished: 0
2020-10-25 18:31:30,107 INFO o.a.j.r.Summariser: summary +    469 in 00:00:30 =   15.6/s Avg:    19 Min:    12 Max:   113 Err:     0 (0.00%) Active: 5 Started: 5 Finished: 0
2020-10-25 18:31:30,108 INFO o.a.j.r.Summariser: summary =    745 in 00:00:48 =   15.5/s Avg:    19 Min:    12 Max:   113 Err:     0 (0.00%)
2020-10-25 18:32:00,013 INFO o.a.j.r.Summariser: summary +    471 in 00:00:30 =   15.7/s Avg:    17 Min:    12 Max:   110 Err:     0 (0.00%) Active: 5 Started: 5 Finished: 0
2020-10-25 18:32:00,013 INFO o.a.j.r.Summariser: summary =   1216 in 00:01:18 =   15.6/s Avg:    19 Min:    12 Max:   113 Err:     0 (0.00%)
2020-10-25 18:32:17,942 INFO o.a.j.t.JMeterThread: Thread is done: UC3 3-1
2020-10-25 18:32:17,942 INFO o.a.j.t.JMeterThread: Thread finished: UC3 3-1
2020-10-25 18:32:18,101 INFO o.a.j.t.JMeterThread: Thread is done: UC7 2-1
2020-10-25 18:32:18,101 INFO o.a.j.t.JMeterThread: Thread finished: UC7 2-1
2020-10-25 18:32:18,106 INFO o.a.j.t.JMeterThread: Thread is done: UC4 4-1
2020-10-25 18:32:18,106 INFO o.a.j.t.JMeterThread: Thread finished: UC4 4-1
2020-10-25 18:32:18,284 INFO o.a.j.t.JMeterThread: Thread is done: UC5 1-1
2020-10-25 18:32:18,285 INFO o.a.j.t.JMeterThread: Thread finished: UC5 1-1
2020-10-25 18:32:18,550 INFO o.a.j.t.JMeterThread: Thread is done: UC6 5-1
2020-10-25 18:32:18,551 INFO o.a.j.t.JMeterThread: Thread finished: UC6 5-1
2020-10-25 18:32:18,551 INFO o.a.j.e.StandardJMeterEngine: Notifying test listeners of end of test
2020-10-25 18:32:18,552 INFO o.a.j.r.Summariser: summary +    284 in 00:00:19 =   15.3/s Avg:    21 Min:    12 Max:   283 Err:     0 (0.00%) Active: 0 Started: 5 Finished: 5
2020-10-25 18:32:18,553 INFO o.a.j.r.Summariser: summary =   1500 in 00:01:37 =   15.5/s Avg:    19 Min:    12 Max:   283 Err:     0 (0.00%)
